#
# There is insufficient memory for the Java Runtime Environment to continue.
# Native memory allocation (malloc) failed to allocate 1036304 bytes. Error detail: Chunk::new
# Possible reasons:
#   The system is out of physical RAM or swap space
#   This process is running with CompressedOops enabled, and the Java Heap may be blocking the growth of the native heap
# Possible solutions:
#   Reduce memory load on the system
#   Increase physical memory or swap space
#   Check if swap backing store is full
#   Decrease Java heap size (-Xmx/-Xms)
#   Decrease number of Java threads
#   Decrease Java thread stack sizes (-Xss)
#   Set larger code cache with -XX:ReservedCodeCacheSize=
#   JVM is running with Unscaled Compressed Oops mode in which the Java heap is
#     placed in the first 4GB address space. The Java Heap base address is the
#     maximum limit for the native heap growth. Please use -XX:HeapBaseMinAddress
#     to set the Java Heap base and to place the Java Heap above 4GB virtual address.
# This output file may be truncated or incomplete.
#
#  Out of Memory Error (arena.cpp:168), pid=16416, tid=10160
#
# JRE version: OpenJDK Runtime Environment (21.0.3) (build 21.0.3+-12282718-b509.11)
# Java VM: OpenJDK 64-Bit Server VM (21.0.3+-12282718-b509.11, mixed mode, tiered, compressed oops, compressed class ptrs, g1 gc, windows-amd64)
# No core dump will be written. Minidumps are not enabled by default on client versions of Windows
#

---------------  S U M M A R Y ------------

Command Line: --add-opens=java.base/java.util=ALL-UNNAMED --add-opens=java.base/java.lang=ALL-UNNAMED --add-opens=java.base/java.lang.invoke=ALL-UNNAMED --add-opens=java.prefs/java.util.prefs=ALL-UNNAMED --add-exports=jdk.compiler/com.sun.tools.javac.api=ALL-UNNAMED --add-exports=jdk.compiler/com.sun.tools.javac.util=ALL-UNNAMED --add-opens=java.base/java.nio.charset=ALL-UNNAMED --add-opens=java.base/java.net=ALL-UNNAMED --add-opens=java.base/java.util.concurrent.atomic=ALL-UNNAMED -Xmx2048m -Dfile.encoding=UTF-8 -Duser.country=GB -Duser.language=en -Duser.variant -javaagent:C:\Users\DELL\.gradle\wrapper\dists\gradle-8.9-bin\90cnw93cvbtalezasaz0blq0a\gradle-8.9\lib\agents\gradle-instrumentation-agent-8.9.jar org.gradle.launcher.daemon.bootstrap.GradleDaemon 8.9

Host: 11th Gen Intel(R) Core(TM) i5-1135G7 @ 2.40GHz, 8 cores, 7G,  Windows 11 , 64 bit Build 22621 (10.0.22621.4974)
Time: Wed Apr  2 14:32:41 2025 SE Asia Standard Time elapsed time: 8.131527 seconds (0d 0h 0m 8s)

---------------  T H R E A D  ---------------

Current thread (0x00000196f50d25c0):  JavaThread "C2 CompilerThread1" daemon [_thread_in_native, id=10160, stack(0x0000006467b00000,0x0000006467c00000) (1024K)]


Current CompileTask:
C2:   8131 8031       4       org.gradle.internal.io.StreamByteBuffer$StreamByteBufferChunk::readFrom (30 bytes)

Stack: [0x0000006467b00000,0x0000006467c00000]
Native frames: (J=compiled Java code, j=interpreted, Vv=VM code, C=native code)
V  [jvm.dll+0x6cafb9]
V  [jvm.dll+0x858523]
V  [jvm.dll+0x85aa7e]
V  [jvm.dll+0x85b163]
V  [jvm.dll+0x27d356]
V  [jvm.dll+0xbf93d]
V  [jvm.dll+0xbfe73]
V  [jvm.dll+0x3b1ceb]
V  [jvm.dll+0x37e787]
V  [jvm.dll+0x37dbfa]
V  [jvm.dll+0x246b02]
V  [jvm.dll+0x2460d1]
V  [jvm.dll+0x1c5804]
V  [jvm.dll+0x25575c]
V  [jvm.dll+0x253c36]
V  [jvm.dll+0x3ec996]
V  [jvm.dll+0x800d78]
V  [jvm.dll+0x6c98cd]
C  [ucrtbase.dll+0x29333]
C  [KERNEL32.DLL+0x1259d]
C  [ntdll.dll+0x5af38]


---------------  P R O C E S S  ---------------

Threads class SMR info:
_java_thread_list=0x00000196f6975900, length=54, elements={
0x00000196d8f9ad30, 0x00000196f0823cd0, 0x00000196f0824bf0, 0x00000196f0839cd0,
0x00000196f0855b10, 0x00000196f0857190, 0x00000196f0857bf0, 0x00000196f08308d0,
0x00000196f0834950, 0x00000196f0988f70, 0x00000196f0b598e0, 0x00000196f50d25c0,
0x00000196f681bf40, 0x00000196f69937c0, 0x00000196f6d62940, 0x00000196f6a44f50,
0x00000196f68b6ef0, 0x00000196f6a43920, 0x00000196f6a43f90, 0x00000196f69392e0,
0x00000196f693c0d0, 0x00000196f693a000, 0x00000196f693b3b0, 0x00000196f693c760,
0x00000196f6939970, 0x00000196f693ad20, 0x00000196f693ba40, 0x00000196f8be8ca0,
0x00000196f8be99c0, 0x00000196f8bec120, 0x00000196f8bead70, 0x00000196f8bea050,
0x00000196f8be9330, 0x00000196f8bee880, 0x00000196f8bee1f0, 0x00000196f8be78f0,
0x00000196f8beef10, 0x00000196f8be7f80, 0x00000196f8a92080, 0x00000196f8a92da0,
0x00000196f8a94150, 0x00000196f8a91360, 0x00000196f8a95b90, 0x00000196f8a93ac0,
0x00000196f8a92710, 0x00000196f8a93430, 0x00000196f8a94e70, 0x00000196f8a947e0,
0x00000196f8a95500, 0x00000196f8a96f40, 0x00000196f8a96220, 0x00000196f8a968b0,
0x00000196f8a975d0, 0x00000196f8a97c60
}

Java Threads: ( => current thread )
  0x00000196d8f9ad30 JavaThread "main"                              [_thread_blocked, id=11520, stack(0x0000006466900000,0x0000006466a00000) (1024K)]
  0x00000196f0823cd0 JavaThread "Reference Handler"          daemon [_thread_blocked, id=15164, stack(0x0000006467100000,0x0000006467200000) (1024K)]
  0x00000196f0824bf0 JavaThread "Finalizer"                  daemon [_thread_blocked, id=15984, stack(0x0000006467200000,0x0000006467300000) (1024K)]
  0x00000196f0839cd0 JavaThread "Signal Dispatcher"          daemon [_thread_blocked, id=13532, stack(0x0000006467300000,0x0000006467400000) (1024K)]
  0x00000196f0855b10 JavaThread "Attach Listener"            daemon [_thread_blocked, id=6624, stack(0x0000006467400000,0x0000006467500000) (1024K)]
  0x00000196f0857190 JavaThread "Service Thread"             daemon [_thread_blocked, id=11928, stack(0x0000006467500000,0x0000006467600000) (1024K)]
  0x00000196f0857bf0 JavaThread "Monitor Deflation Thread"   daemon [_thread_blocked, id=1852, stack(0x0000006467600000,0x0000006467700000) (1024K)]
  0x00000196f08308d0 JavaThread "C2 CompilerThread0"         daemon [_thread_in_native, id=6472, stack(0x0000006467700000,0x0000006467800000) (1024K)]
  0x00000196f0834950 JavaThread "C1 CompilerThread0"         daemon [_thread_blocked, id=3156, stack(0x0000006467800000,0x0000006467900000) (1024K)]
  0x00000196f0988f70 JavaThread "Common-Cleaner"             daemon [_thread_blocked, id=9996, stack(0x0000006467900000,0x0000006467a00000) (1024K)]
  0x00000196f0b598e0 JavaThread "Notification Thread"        daemon [_thread_blocked, id=16700, stack(0x0000006467a00000,0x0000006467b00000) (1024K)]
=>0x00000196f50d25c0 JavaThread "C2 CompilerThread1"         daemon [_thread_in_native, id=10160, stack(0x0000006467b00000,0x0000006467c00000) (1024K)]
  0x00000196f681bf40 JavaThread "Daemon health stats"               [_thread_blocked, id=3516, stack(0x0000006468000000,0x0000006468100000) (1024K)]
  0x00000196f69937c0 JavaThread "Incoming local TCP Connector on port 50538"        [_thread_in_native, id=16584, stack(0x0000006468100000,0x0000006468200000) (1024K)]
  0x00000196f6d62940 JavaThread "Daemon periodic checks"            [_thread_blocked, id=8968, stack(0x0000006468200000,0x0000006468300000) (1024K)]
  0x00000196f6a44f50 JavaThread "Daemon"                            [_thread_blocked, id=1176, stack(0x0000006468300000,0x0000006468400000) (1024K)]
  0x00000196f68b6ef0 JavaThread "Handler for socket connection from /127.0.0.1:50538 to /127.0.0.1:50539"        [_thread_in_native, id=7172, stack(0x0000006468400000,0x0000006468500000) (1024K)]
  0x00000196f6a43920 JavaThread "Cancel handler"                    [_thread_blocked, id=2212, stack(0x0000006468500000,0x0000006468600000) (1024K)]
  0x00000196f6a43f90 JavaThread "Daemon worker"                     [_thread_in_vm, id=3016, stack(0x0000006468600000,0x0000006468700000) (1024K)]
  0x00000196f69392e0 JavaThread "Asynchronous log dispatcher for DefaultDaemonConnection: socket connection from /127.0.0.1:50538 to /127.0.0.1:50539"        [_thread_blocked, id=12108, stack(0x0000006468700000,0x0000006468800000) (1024K)]
  0x00000196f693c0d0 JavaThread "Stdin handler"                     [_thread_blocked, id=5024, stack(0x0000006468800000,0x0000006468900000) (1024K)]
  0x00000196f693a000 JavaThread "Daemon client event forwarder"        [_thread_blocked, id=14140, stack(0x0000006468900000,0x0000006468a00000) (1024K)]
  0x00000196f693b3b0 JavaThread "Cache worker for journal cache (C:\Users\DELL\.gradle\caches\journal-1)"        [_thread_blocked, id=3980, stack(0x0000006468e00000,0x0000006468f00000) (1024K)]
  0x00000196f693c760 JavaThread "File lock request listener"        [_thread_in_native, id=9616, stack(0x0000006468f00000,0x0000006469000000) (1024K)]
  0x00000196f6939970 JavaThread "Cache worker for file hash cache (C:\Users\DELL\.gradle\caches\8.9\fileHashes)"        [_thread_blocked, id=5792, stack(0x0000006469000000,0x0000006469100000) (1024K)]
  0x00000196f693ad20 JavaThread "Cache worker for file hash cache (E:\HocTap\BaiTap\.gradle\8.9\fileHashes)"        [_thread_blocked, id=7512, stack(0x0000006469100000,0x0000006469200000) (1024K)]
  0x00000196f693ba40 JavaThread "Cache worker for Build Output Cleanup Cache (E:\HocTap\BaiTap\.gradle\buildOutputCleanup)"        [_thread_blocked, id=16836, stack(0x0000006469200000,0x0000006469300000) (1024K)]
  0x00000196f8be8ca0 JavaThread "File watcher server"        daemon [_thread_in_native, id=4736, stack(0x0000006469300000,0x0000006469400000) (1024K)]
  0x00000196f8be99c0 JavaThread "File watcher consumer"      daemon [_thread_blocked, id=11800, stack(0x0000006469400000,0x0000006469500000) (1024K)]
  0x00000196f8bec120 JavaThread "Cache worker for checksums cache (E:\HocTap\BaiTap\.gradle\8.9\checksums)"        [_thread_blocked, id=10124, stack(0x0000006469500000,0x0000006469600000) (1024K)]
  0x00000196f8bead70 JavaThread "Cache worker for file content cache (C:\Users\DELL\.gradle\caches\8.9\fileContent)"        [_thread_blocked, id=4600, stack(0x0000006469600000,0x0000006469700000) (1024K)]
  0x00000196f8bea050 JavaThread "Cache worker for cache directory md-rule (C:\Users\DELL\.gradle\caches\8.9\md-rule)"        [_thread_blocked, id=16716, stack(0x0000006469700000,0x0000006469800000) (1024K)]
  0x00000196f8be9330 JavaThread "Cache worker for cache directory md-supplier (C:\Users\DELL\.gradle\caches\8.9\md-supplier)"        [_thread_blocked, id=4576, stack(0x0000006469800000,0x0000006469900000) (1024K)]
  0x00000196f8bee880 JavaThread "Unconstrained build operations"        [_thread_blocked, id=17392, stack(0x0000006469900000,0x0000006469a00000) (1024K)]
  0x00000196f8bee1f0 JavaThread "Unconstrained build operations Thread 2"        [_thread_blocked, id=16864, stack(0x0000006469a00000,0x0000006469b00000) (1024K)]
  0x00000196f8be78f0 JavaThread "Unconstrained build operations Thread 3"        [_thread_blocked, id=1636, stack(0x0000006469b00000,0x0000006469c00000) (1024K)]
  0x00000196f8beef10 JavaThread "Unconstrained build operations Thread 4"        [_thread_blocked, id=1648, stack(0x0000006469c00000,0x0000006469d00000) (1024K)]
  0x00000196f8be7f80 JavaThread "Unconstrained build operations Thread 5"        [_thread_blocked, id=9044, stack(0x0000006469d00000,0x0000006469e00000) (1024K)]
  0x00000196f8a92080 JavaThread "Unconstrained build operations Thread 6"        [_thread_blocked, id=5636, stack(0x0000006469e00000,0x0000006469f00000) (1024K)]
  0x00000196f8a92da0 JavaThread "Unconstrained build operations Thread 7"        [_thread_blocked, id=8056, stack(0x0000006469f00000,0x000000646a000000) (1024K)]
  0x00000196f8a94150 JavaThread "Unconstrained build operations Thread 8"        [_thread_blocked, id=15420, stack(0x000000646a000000,0x000000646a100000) (1024K)]
  0x00000196f8a91360 JavaThread "Unconstrained build operations Thread 9"        [_thread_blocked, id=14352, stack(0x000000646a100000,0x000000646a200000) (1024K)]
  0x00000196f8a95b90 JavaThread "Unconstrained build operations Thread 10"        [_thread_blocked, id=11492, stack(0x000000646a200000,0x000000646a300000) (1024K)]
  0x00000196f8a93ac0 JavaThread "Unconstrained build operations Thread 11"        [_thread_blocked, id=1744, stack(0x000000646a300000,0x000000646a400000) (1024K)]
  0x00000196f8a92710 JavaThread "Unconstrained build operations Thread 12"        [_thread_blocked, id=4732, stack(0x000000646a400000,0x000000646a500000) (1024K)]
  0x00000196f8a93430 JavaThread "Unconstrained build operations Thread 13"        [_thread_blocked, id=7216, stack(0x000000646a500000,0x000000646a600000) (1024K)]
  0x00000196f8a94e70 JavaThread "Unconstrained build operations Thread 14"        [_thread_blocked, id=13836, stack(0x000000646a600000,0x000000646a700000) (1024K)]
  0x00000196f8a947e0 JavaThread "Unconstrained build operations Thread 15"        [_thread_blocked, id=776, stack(0x000000646a700000,0x000000646a800000) (1024K)]
  0x00000196f8a95500 JavaThread "Unconstrained build operations Thread 16"        [_thread_blocked, id=2156, stack(0x000000646a800000,0x000000646a900000) (1024K)]
  0x00000196f8a96f40 JavaThread "Unconstrained build operations Thread 17"        [_thread_blocked, id=668, stack(0x000000646a900000,0x000000646aa00000) (1024K)]
  0x00000196f8a96220 JavaThread "Unconstrained build operations Thread 18"        [_thread_blocked, id=17312, stack(0x000000646aa00000,0x000000646ab00000) (1024K)]
  0x00000196f8a968b0 JavaThread "Unconstrained build operations Thread 19"        [_thread_blocked, id=16740, stack(0x000000646ab00000,0x000000646ac00000) (1024K)]
  0x00000196f8a975d0 JavaThread "Unconstrained build operations Thread 20"        [_thread_blocked, id=9828, stack(0x000000646ac00000,0x000000646ad00000) (1024K)]
  0x00000196f8a97c60 JavaThread "Unconstrained build operations Thread 21"        [_thread_blocked, id=11992, stack(0x000000646ad00000,0x000000646ae00000) (1024K)]
Total: 54

Other Threads:
  0x00000196f0608690 VMThread "VM Thread"                           [id=3228, stack(0x0000006467000000,0x0000006467100000) (1024K)]
  0x00000196f05fbb20 WatcherThread "VM Periodic Task Thread"        [id=11704, stack(0x0000006466f00000,0x0000006467000000) (1024K)]
  0x00000196d8ff6e70 WorkerThread "GC Thread#0"                     [id=9040, stack(0x0000006466a00000,0x0000006466b00000) (1024K)]
  0x00000196f0607f50 WorkerThread "GC Thread#1"                     [id=10684, stack(0x0000006467c00000,0x0000006467d00000) (1024K)]
  0x00000196f0607810 WorkerThread "GC Thread#2"                     [id=4172, stack(0x0000006467d00000,0x0000006467e00000) (1024K)]
  0x00000196f0607bb0 WorkerThread "GC Thread#3"                     [id=1400, stack(0x0000006467e00000,0x0000006467f00000) (1024K)]
  0x00000196f06082f0 WorkerThread "GC Thread#4"                     [id=12924, stack(0x0000006467f00000,0x0000006468000000) (1024K)]
  0x00000196f6aa17e0 WorkerThread "GC Thread#5"                     [id=14928, stack(0x0000006468a00000,0x0000006468b00000) (1024K)]
  0x00000196f6aa10a0 WorkerThread "GC Thread#6"                     [id=16320, stack(0x0000006468b00000,0x0000006468c00000) (1024K)]
  0x00000196f6aa0220 WorkerThread "GC Thread#7"                     [id=11600, stack(0x0000006468c00000,0x0000006468d00000) (1024K)]
  0x00000196d9007e50 ConcurrentGCThread "G1 Main Marker"            [id=5772, stack(0x0000006466b00000,0x0000006466c00000) (1024K)]
  0x00000196d9009a70 WorkerThread "G1 Conc#0"                       [id=9056, stack(0x0000006466c00000,0x0000006466d00000) (1024K)]
  0x00000196f6aa2a00 WorkerThread "G1 Conc#1"                       [id=17348, stack(0x0000006468d00000,0x0000006468e00000) (1024K)]
  0x00000196d905e810 ConcurrentGCThread "G1 Refine#0"               [id=15868, stack(0x0000006466d00000,0x0000006466e00000) (1024K)]
  0x00000196f04cc520 ConcurrentGCThread "G1 Service"                [id=7868, stack(0x0000006466e00000,0x0000006466f00000) (1024K)]
Total: 15

Threads with active compile tasks:
C2 CompilerThread0     8157 8042       4       jdk.internal.org.objectweb.asm.MethodWriter::visitInsn (115 bytes)
C2 CompilerThread1     8157 8031       4       org.gradle.internal.io.StreamByteBuffer$StreamByteBufferChunk::readFrom (30 bytes)
Total: 2

VM state: not at safepoint (normal execution)

VM Mutex/Monitor currently owned by a thread: None

Heap address: 0x0000000080000000, size: 2048 MB, Compressed Oops mode: 32-bit

CDS archive(s) not mapped
Compressed class space mapped at: 0x0000000100000000-0x0000000140000000, reserved size: 1073741824
Narrow klass base: 0x0000000000000000, Narrow klass shift: 3, Narrow klass range: 0x140000000

GC Precious Log:
 CardTable entry size: 512
 Card Set container configuration: InlinePtr #cards 5 size 8 Array Of Cards #cards 12 size 40 Howl #buckets 4 coarsen threshold 1843 Howl Bitmap #cards 512 size 80 coarsen threshold 460 Card regions per heap region 1 cards per card region 2048
 CPUs: 8 total, 8 available
 Memory: 7914M
 Large Page Support: Disabled
 NUMA Support: Disabled
 Compressed Oops: Enabled (32-bit)
 Heap Region Size: 1M
 Heap Min Capacity: 8M
 Heap Initial Capacity: 124M
 Heap Max Capacity: 2G
 Pre-touch: Disabled
 Parallel Workers: 8
 Concurrent Workers: 2
 Concurrent Refinement Workers: 8
 Periodic GC: Disabled

Heap:
 garbage-first heap   total 140288K, used 64895K [0x0000000080000000, 0x0000000100000000)
  region size 1024K, 11 young (11264K), 7 survivors (7168K)
 Metaspace       used 69974K, committed 71680K, reserved 1114112K
  class space    used 9605K, committed 10432K, reserved 1048576K

Heap Regions: E=young(eden), S=young(survivor), O=old, HS=humongous(starts), HC=humongous(continues), CS=collection set, F=free, TAMS=top-at-mark-start, PB=parsable bottom
|   0|0x0000000080000000, 0x0000000080100000, 0x0000000080100000|100%|HS|  |TAMS 0x0000000080000000| PB 0x0000000080000000| Complete 
|   1|0x0000000080100000, 0x0000000080200000, 0x0000000080200000|100%|HC|  |TAMS 0x0000000080100000| PB 0x0000000080100000| Complete 
|   2|0x0000000080200000, 0x0000000080300000, 0x0000000080300000|100%|HC|  |TAMS 0x0000000080200000| PB 0x0000000080200000| Complete 
|   3|0x0000000080300000, 0x0000000080400000, 0x0000000080400000|100%|HC|  |TAMS 0x0000000080300000| PB 0x0000000080300000| Complete 
|   4|0x0000000080400000, 0x0000000080500000, 0x0000000080500000|100%| O|  |TAMS 0x0000000080400000| PB 0x0000000080400000| Untracked 
|   5|0x0000000080500000, 0x0000000080600000, 0x0000000080600000|100%| O|  |TAMS 0x0000000080500000| PB 0x0000000080500000| Untracked 
|   6|0x0000000080600000, 0x0000000080700000, 0x0000000080700000|100%| O|  |TAMS 0x0000000080600000| PB 0x0000000080600000| Untracked 
|   7|0x0000000080700000, 0x0000000080800000, 0x0000000080800000|100%| O|  |TAMS 0x0000000080700000| PB 0x0000000080700000| Untracked 
|   8|0x0000000080800000, 0x0000000080900000, 0x0000000080900000|100%| O|  |TAMS 0x0000000080800000| PB 0x0000000080800000| Untracked 
|   9|0x0000000080900000, 0x0000000080a00000, 0x0000000080a00000|100%| O|  |TAMS 0x0000000080900000| PB 0x0000000080900000| Untracked 
|  10|0x0000000080a00000, 0x0000000080b00000, 0x0000000080b00000|100%| O|  |TAMS 0x0000000080a00000| PB 0x0000000080a00000| Untracked 
|  11|0x0000000080b00000, 0x0000000080c00000, 0x0000000080c00000|100%|HS|  |TAMS 0x0000000080b00000| PB 0x0000000080b00000| Complete 
|  12|0x0000000080c00000, 0x0000000080d00000, 0x0000000080d00000|100%| O|  |TAMS 0x0000000080c00000| PB 0x0000000080c00000| Untracked 
|  13|0x0000000080d00000, 0x0000000080e00000, 0x0000000080e00000|100%| O|  |TAMS 0x0000000080d00000| PB 0x0000000080d00000| Untracked 
|  14|0x0000000080e00000, 0x0000000080f00000, 0x0000000080f00000|100%| O|  |TAMS 0x0000000080e00000| PB 0x0000000080e00000| Untracked 
|  15|0x0000000080f00000, 0x0000000081000000, 0x0000000081000000|100%| O|  |TAMS 0x0000000080f00000| PB 0x0000000080f00000| Untracked 
|  16|0x0000000081000000, 0x0000000081100000, 0x0000000081100000|100%| O|  |TAMS 0x0000000081000000| PB 0x0000000081000000| Untracked 
|  17|0x0000000081100000, 0x0000000081200000, 0x0000000081200000|100%| O|  |TAMS 0x0000000081100000| PB 0x0000000081100000| Untracked 
|  18|0x0000000081200000, 0x0000000081300000, 0x0000000081300000|100%| O|  |TAMS 0x0000000081200000| PB 0x0000000081200000| Untracked 
|  19|0x0000000081300000, 0x0000000081400000, 0x0000000081400000|100%| O|  |TAMS 0x0000000081300000| PB 0x0000000081300000| Untracked 
|  20|0x0000000081400000, 0x0000000081500000, 0x0000000081500000|100%| O|  |TAMS 0x0000000081400000| PB 0x0000000081400000| Untracked 
|  21|0x0000000081500000, 0x0000000081600000, 0x0000000081600000|100%| O|  |TAMS 0x0000000081500000| PB 0x0000000081500000| Untracked 
|  22|0x0000000081600000, 0x0000000081700000, 0x0000000081700000|100%| O|  |TAMS 0x0000000081600000| PB 0x0000000081600000| Untracked 
|  23|0x0000000081700000, 0x0000000081800000, 0x0000000081800000|100%| O|  |TAMS 0x0000000081700000| PB 0x0000000081700000| Untracked 
|  24|0x0000000081800000, 0x0000000081900000, 0x0000000081900000|100%| O|  |TAMS 0x0000000081800000| PB 0x0000000081800000| Untracked 
|  25|0x0000000081900000, 0x0000000081a00000, 0x0000000081a00000|100%| O|  |TAMS 0x0000000081900000| PB 0x0000000081900000| Untracked 
|  26|0x0000000081a00000, 0x0000000081b00000, 0x0000000081b00000|100%| O|  |TAMS 0x0000000081a00000| PB 0x0000000081a00000| Untracked 
|  27|0x0000000081b00000, 0x0000000081c00000, 0x0000000081c00000|100%| O|  |TAMS 0x0000000081b00000| PB 0x0000000081b00000| Untracked 
|  28|0x0000000081c00000, 0x0000000081d00000, 0x0000000081d00000|100%| O|  |TAMS 0x0000000081c00000| PB 0x0000000081c00000| Untracked 
|  29|0x0000000081d00000, 0x0000000081e00000, 0x0000000081e00000|100%|HS|  |TAMS 0x0000000081d00000| PB 0x0000000081d00000| Complete 
|  30|0x0000000081e00000, 0x0000000081f00000, 0x0000000081f00000|100%|HS|  |TAMS 0x0000000081e00000| PB 0x0000000081e00000| Complete 
|  31|0x0000000081f00000, 0x0000000082000000, 0x0000000082000000|100%|HS|  |TAMS 0x0000000081f00000| PB 0x0000000081f00000| Complete 
|  32|0x0000000082000000, 0x0000000082100000, 0x0000000082100000|100%|HS|  |TAMS 0x0000000082000000| PB 0x0000000082000000| Complete 
|  33|0x0000000082100000, 0x0000000082100000, 0x0000000082200000|  0%| F|  |TAMS 0x0000000082100000| PB 0x0000000082100000| Untracked 
|  34|0x0000000082200000, 0x0000000082300000, 0x0000000082300000|100%|HS|  |TAMS 0x0000000082200000| PB 0x0000000082200000| Complete 
|  35|0x0000000082300000, 0x0000000082400000, 0x0000000082400000|100%|HS|  |TAMS 0x0000000082300000| PB 0x0000000082300000| Complete 
|  36|0x0000000082400000, 0x0000000082500000, 0x0000000082500000|100%| O|  |TAMS 0x0000000082400000| PB 0x0000000082400000| Untracked 
|  37|0x0000000082500000, 0x0000000082600000, 0x0000000082600000|100%| O|  |TAMS 0x0000000082500000| PB 0x0000000082500000| Untracked 
|  38|0x0000000082600000, 0x0000000082700000, 0x0000000082700000|100%| O|  |TAMS 0x0000000082600000| PB 0x0000000082600000| Untracked 
|  39|0x0000000082700000, 0x0000000082800000, 0x0000000082800000|100%| O|  |TAMS 0x0000000082700000| PB 0x0000000082700000| Untracked 
|  40|0x0000000082800000, 0x0000000082900000, 0x0000000082900000|100%| O|  |TAMS 0x0000000082800000| PB 0x0000000082800000| Untracked 
|  41|0x0000000082900000, 0x0000000082a00000, 0x0000000082a00000|100%| O|  |TAMS 0x0000000082900000| PB 0x0000000082900000| Untracked 
|  42|0x0000000082a00000, 0x0000000082b00000, 0x0000000082b00000|100%| O|Cm|TAMS 0x0000000082a00000| PB 0x0000000082a00000| Complete 
|  43|0x0000000082b00000, 0x0000000082c00000, 0x0000000082c00000|100%| O|  |TAMS 0x0000000082b00000| PB 0x0000000082b00000| Untracked 
|  44|0x0000000082c00000, 0x0000000082d00000, 0x0000000082d00000|100%| S|CS|TAMS 0x0000000082c00000| PB 0x0000000082c00000| Complete 
|  45|0x0000000082d00000, 0x0000000082e00000, 0x0000000082e00000|100%| S|CS|TAMS 0x0000000082d00000| PB 0x0000000082d00000| Complete 
|  46|0x0000000082e00000, 0x0000000082f00000, 0x0000000082f00000|100%| S|CS|TAMS 0x0000000082e00000| PB 0x0000000082e00000| Complete 
|  47|0x0000000082f00000, 0x0000000082f00000, 0x0000000083000000|  0%| F|  |TAMS 0x0000000082f00000| PB 0x0000000082f00000| Untracked 
|  48|0x0000000083000000, 0x0000000083000000, 0x0000000083100000|  0%| F|  |TAMS 0x0000000083000000| PB 0x0000000083000000| Untracked 
|  49|0x0000000083100000, 0x0000000083200000, 0x0000000083200000|100%| S|CS|TAMS 0x0000000083100000| PB 0x0000000083100000| Complete 
|  50|0x0000000083200000, 0x0000000083200000, 0x0000000083300000|  0%| F|  |TAMS 0x0000000083200000| PB 0x0000000083200000| Untracked 
|  51|0x0000000083300000, 0x0000000083300000, 0x0000000083400000|  0%| F|  |TAMS 0x0000000083300000| PB 0x0000000083300000| Untracked 
|  52|0x0000000083400000, 0x0000000083400000, 0x0000000083500000|  0%| F|  |TAMS 0x0000000083400000| PB 0x0000000083400000| Untracked 
|  53|0x0000000083500000, 0x0000000083500000, 0x0000000083600000|  0%| F|  |TAMS 0x0000000083500000| PB 0x0000000083500000| Untracked 
|  54|0x0000000083600000, 0x0000000083600000, 0x0000000083700000|  0%| F|  |TAMS 0x0000000083600000| PB 0x0000000083600000| Untracked 
|  55|0x0000000083700000, 0x0000000083700000, 0x0000000083800000|  0%| F|  |TAMS 0x0000000083700000| PB 0x0000000083700000| Untracked 
|  56|0x0000000083800000, 0x0000000083800000, 0x0000000083900000|  0%| F|  |TAMS 0x0000000083800000| PB 0x0000000083800000| Untracked 
|  57|0x0000000083900000, 0x0000000083900000, 0x0000000083a00000|  0%| F|  |TAMS 0x0000000083900000| PB 0x0000000083900000| Untracked 
|  58|0x0000000083a00000, 0x0000000083a00000, 0x0000000083b00000|  0%| F|  |TAMS 0x0000000083a00000| PB 0x0000000083a00000| Untracked 
|  59|0x0000000083b00000, 0x0000000083b00000, 0x0000000083c00000|  0%| F|  |TAMS 0x0000000083b00000| PB 0x0000000083b00000| Untracked 
|  60|0x0000000083c00000, 0x0000000083c00000, 0x0000000083d00000|  0%| F|  |TAMS 0x0000000083c00000| PB 0x0000000083c00000| Untracked 
|  61|0x0000000083d00000, 0x0000000083d00000, 0x0000000083e00000|  0%| F|  |TAMS 0x0000000083d00000| PB 0x0000000083d00000| Untracked 
|  62|0x0000000083e00000, 0x0000000083e00000, 0x0000000083f00000|  0%| F|  |TAMS 0x0000000083e00000| PB 0x0000000083e00000| Untracked 
|  63|0x0000000083f00000, 0x0000000083f00000, 0x0000000084000000|  0%| F|  |TAMS 0x0000000083f00000| PB 0x0000000083f00000| Untracked 
|  64|0x0000000084000000, 0x0000000084000000, 0x0000000084100000|  0%| F|  |TAMS 0x0000000084000000| PB 0x0000000084000000| Untracked 
|  65|0x0000000084100000, 0x0000000084100000, 0x0000000084200000|  0%| F|  |TAMS 0x0000000084100000| PB 0x0000000084100000| Untracked 
|  66|0x0000000084200000, 0x0000000084200000, 0x0000000084300000|  0%| F|  |TAMS 0x0000000084200000| PB 0x0000000084200000| Untracked 
|  67|0x0000000084300000, 0x0000000084300000, 0x0000000084400000|  0%| F|  |TAMS 0x0000000084300000| PB 0x0000000084300000| Untracked 
|  68|0x0000000084400000, 0x0000000084400000, 0x0000000084500000|  0%| F|  |TAMS 0x0000000084400000| PB 0x0000000084400000| Untracked 
|  69|0x0000000084500000, 0x0000000084500000, 0x0000000084600000|  0%| F|  |TAMS 0x0000000084500000| PB 0x0000000084500000| Untracked 
|  70|0x0000000084600000, 0x0000000084600000, 0x0000000084700000|  0%| F|  |TAMS 0x0000000084600000| PB 0x0000000084600000| Untracked 
|  71|0x0000000084700000, 0x0000000084700000, 0x0000000084800000|  0%| F|  |TAMS 0x0000000084700000| PB 0x0000000084700000| Untracked 
|  72|0x0000000084800000, 0x0000000084800000, 0x0000000084900000|  0%| F|  |TAMS 0x0000000084800000| PB 0x0000000084800000| Untracked 
|  73|0x0000000084900000, 0x0000000084900000, 0x0000000084a00000|  0%| F|  |TAMS 0x0000000084900000| PB 0x0000000084900000| Untracked 
|  74|0x0000000084a00000, 0x0000000084a00000, 0x0000000084b00000|  0%| F|  |TAMS 0x0000000084a00000| PB 0x0000000084a00000| Untracked 
|  75|0x0000000084b00000, 0x0000000084b00000, 0x0000000084c00000|  0%| F|  |TAMS 0x0000000084b00000| PB 0x0000000084b00000| Untracked 
|  76|0x0000000084c00000, 0x0000000084c00000, 0x0000000084d00000|  0%| F|  |TAMS 0x0000000084c00000| PB 0x0000000084c00000| Untracked 
|  77|0x0000000084d00000, 0x0000000084d00000, 0x0000000084e00000|  0%| F|  |TAMS 0x0000000084d00000| PB 0x0000000084d00000| Untracked 
|  78|0x0000000084e00000, 0x0000000084e00000, 0x0000000084f00000|  0%| F|  |TAMS 0x0000000084e00000| PB 0x0000000084e00000| Untracked 
|  79|0x0000000084f00000, 0x0000000084f00000, 0x0000000085000000|  0%| F|  |TAMS 0x0000000084f00000| PB 0x0000000084f00000| Untracked 
|  80|0x0000000085000000, 0x0000000085000000, 0x0000000085100000|  0%| F|  |TAMS 0x0000000085000000| PB 0x0000000085000000| Untracked 
|  81|0x0000000085100000, 0x0000000085100000, 0x0000000085200000|  0%| F|  |TAMS 0x0000000085100000| PB 0x0000000085100000| Untracked 
|  82|0x0000000085200000, 0x0000000085200000, 0x0000000085300000|  0%| F|  |TAMS 0x0000000085200000| PB 0x0000000085200000| Untracked 
|  83|0x0000000085300000, 0x0000000085300000, 0x0000000085400000|  0%| F|  |TAMS 0x0000000085300000| PB 0x0000000085300000| Untracked 
|  84|0x0000000085400000, 0x0000000085400000, 0x0000000085500000|  0%| F|  |TAMS 0x0000000085400000| PB 0x0000000085400000| Untracked 
|  85|0x0000000085500000, 0x0000000085500000, 0x0000000085600000|  0%| F|  |TAMS 0x0000000085500000| PB 0x0000000085500000| Untracked 
|  86|0x0000000085600000, 0x0000000085600000, 0x0000000085700000|  0%| F|  |TAMS 0x0000000085600000| PB 0x0000000085600000| Untracked 
|  87|0x0000000085700000, 0x0000000085700000, 0x0000000085800000|  0%| F|  |TAMS 0x0000000085700000| PB 0x0000000085700000| Untracked 
|  88|0x0000000085800000, 0x0000000085800000, 0x0000000085900000|  0%| F|  |TAMS 0x0000000085800000| PB 0x0000000085800000| Untracked 
|  89|0x0000000085900000, 0x0000000085900000, 0x0000000085a00000|  0%| F|  |TAMS 0x0000000085900000| PB 0x0000000085900000| Untracked 
|  90|0x0000000085a00000, 0x0000000085a00000, 0x0000000085b00000|  0%| F|  |TAMS 0x0000000085a00000| PB 0x0000000085a00000| Untracked 
|  91|0x0000000085b00000, 0x0000000085b00000, 0x0000000085c00000|  0%| F|  |TAMS 0x0000000085b00000| PB 0x0000000085b00000| Untracked 
|  92|0x0000000085c00000, 0x0000000085c00000, 0x0000000085d00000|  0%| F|  |TAMS 0x0000000085c00000| PB 0x0000000085c00000| Untracked 
|  93|0x0000000085d00000, 0x0000000085d00000, 0x0000000085e00000|  0%| F|  |TAMS 0x0000000085d00000| PB 0x0000000085d00000| Untracked 
|  94|0x0000000085e00000, 0x0000000085e00000, 0x0000000085f00000|  0%| F|  |TAMS 0x0000000085e00000| PB 0x0000000085e00000| Untracked 
|  95|0x0000000085f00000, 0x0000000085f00000, 0x0000000086000000|  0%| F|  |TAMS 0x0000000085f00000| PB 0x0000000085f00000| Untracked 
|  96|0x0000000086000000, 0x0000000086000000, 0x0000000086100000|  0%| F|  |TAMS 0x0000000086000000| PB 0x0000000086000000| Untracked 
|  97|0x0000000086100000, 0x0000000086100000, 0x0000000086200000|  0%| F|  |TAMS 0x0000000086100000| PB 0x0000000086100000| Untracked 
|  98|0x0000000086200000, 0x0000000086300000, 0x0000000086300000|100%| S|CS|TAMS 0x0000000086200000| PB 0x0000000086200000| Complete 
|  99|0x0000000086300000, 0x0000000086400000, 0x0000000086400000|100%| S|CS|TAMS 0x0000000086300000| PB 0x0000000086300000| Complete 
| 100|0x0000000086400000, 0x000000008645ff60, 0x0000000086500000| 37%| S|CS|TAMS 0x0000000086400000| PB 0x0000000086400000| Complete 
| 101|0x0000000086500000, 0x0000000086500000, 0x0000000086600000|  0%| F|  |TAMS 0x0000000086500000| PB 0x0000000086500000| Untracked 
| 102|0x0000000086600000, 0x0000000086600000, 0x0000000086700000|  0%| F|  |TAMS 0x0000000086600000| PB 0x0000000086600000| Untracked 
| 103|0x0000000086700000, 0x0000000086700000, 0x0000000086800000|  0%| F|  |TAMS 0x0000000086700000| PB 0x0000000086700000| Untracked 
| 104|0x0000000086800000, 0x0000000086800000, 0x0000000086900000|  0%| F|  |TAMS 0x0000000086800000| PB 0x0000000086800000| Untracked 
| 105|0x0000000086900000, 0x0000000086900000, 0x0000000086a00000|  0%| F|  |TAMS 0x0000000086900000| PB 0x0000000086900000| Untracked 
| 106|0x0000000086a00000, 0x0000000086a00000, 0x0000000086b00000|  0%| F|  |TAMS 0x0000000086a00000| PB 0x0000000086a00000| Untracked 
| 107|0x0000000086b00000, 0x0000000086b00000, 0x0000000086c00000|  0%| F|  |TAMS 0x0000000086b00000| PB 0x0000000086b00000| Untracked 
| 108|0x0000000086c00000, 0x0000000086c00000, 0x0000000086d00000|  0%| F|  |TAMS 0x0000000086c00000| PB 0x0000000086c00000| Untracked 
| 109|0x0000000086d00000, 0x0000000086d00000, 0x0000000086e00000|  0%| F|  |TAMS 0x0000000086d00000| PB 0x0000000086d00000| Untracked 
| 110|0x0000000086e00000, 0x0000000086e00000, 0x0000000086f00000|  0%| F|  |TAMS 0x0000000086e00000| PB 0x0000000086e00000| Untracked 
| 111|0x0000000086f00000, 0x0000000086f00000, 0x0000000087000000|  0%| F|  |TAMS 0x0000000086f00000| PB 0x0000000086f00000| Untracked 
| 112|0x0000000087000000, 0x0000000087000000, 0x0000000087100000|  0%| F|  |TAMS 0x0000000087000000| PB 0x0000000087000000| Untracked 
| 113|0x0000000087100000, 0x0000000087100000, 0x0000000087200000|  0%| F|  |TAMS 0x0000000087100000| PB 0x0000000087100000| Untracked 
| 114|0x0000000087200000, 0x0000000087200000, 0x0000000087300000|  0%| F|  |TAMS 0x0000000087200000| PB 0x0000000087200000| Untracked 
| 115|0x0000000087300000, 0x0000000087300000, 0x0000000087400000|  0%| F|  |TAMS 0x0000000087300000| PB 0x0000000087300000| Untracked 
| 116|0x0000000087400000, 0x0000000087400000, 0x0000000087500000|  0%| F|  |TAMS 0x0000000087400000| PB 0x0000000087400000| Untracked 
| 117|0x0000000087500000, 0x0000000087500000, 0x0000000087600000|  0%| F|  |TAMS 0x0000000087500000| PB 0x0000000087500000| Untracked 
| 118|0x0000000087600000, 0x0000000087600000, 0x0000000087700000|  0%| F|  |TAMS 0x0000000087600000| PB 0x0000000087600000| Untracked 
| 119|0x0000000087700000, 0x0000000087700000, 0x0000000087800000|  0%| F|  |TAMS 0x0000000087700000| PB 0x0000000087700000| Untracked 
| 120|0x0000000087800000, 0x0000000087800000, 0x0000000087900000|  0%| F|  |TAMS 0x0000000087800000| PB 0x0000000087800000| Untracked 
| 121|0x0000000087900000, 0x0000000087900000, 0x0000000087a00000|  0%| F|  |TAMS 0x0000000087900000| PB 0x0000000087900000| Untracked 
| 122|0x0000000087a00000, 0x0000000087a85908, 0x0000000087b00000| 52%| E|  |TAMS 0x0000000087a00000| PB 0x0000000087a00000| Complete 
| 123|0x0000000087b00000, 0x0000000087c00000, 0x0000000087c00000|100%| E|CS|TAMS 0x0000000087b00000| PB 0x0000000087b00000| Complete 
| 124|0x0000000087c00000, 0x0000000087d00000, 0x0000000087d00000|100%| E|CS|TAMS 0x0000000087c00000| PB 0x0000000087c00000| Complete 
|2036|0x00000000ff400000, 0x00000000ff500000, 0x00000000ff500000|100%| O|  |TAMS 0x00000000ff400000| PB 0x00000000ff400000| Untracked 
|2037|0x00000000ff500000, 0x00000000ff600000, 0x00000000ff600000|100%| O|  |TAMS 0x00000000ff500000| PB 0x00000000ff500000| Untracked 
|2038|0x00000000ff600000, 0x00000000ff700000, 0x00000000ff700000|100%| O|  |TAMS 0x00000000ff600000| PB 0x00000000ff600000| Untracked 
|2039|0x00000000ff700000, 0x00000000ff800000, 0x00000000ff800000|100%| E|CS|TAMS 0x00000000ff700000| PB 0x00000000ff700000| Complete 
|2040|0x00000000ff800000, 0x00000000ff900000, 0x00000000ff900000|100%| O|  |TAMS 0x00000000ff800000| PB 0x00000000ff800000| Untracked 
|2041|0x00000000ff900000, 0x00000000ffa00000, 0x00000000ffa00000|100%| O|  |TAMS 0x00000000ff900000| PB 0x00000000ff900000| Untracked 
|2042|0x00000000ffa00000, 0x00000000ffb00000, 0x00000000ffb00000|100%| O|  |TAMS 0x00000000ffa00000| PB 0x00000000ffa00000| Untracked 
|2043|0x00000000ffb00000, 0x00000000ffc00000, 0x00000000ffc00000|100%| O|  |TAMS 0x00000000ffb00000| PB 0x00000000ffb00000| Untracked 
|2044|0x00000000ffc00000, 0x00000000ffd00000, 0x00000000ffd00000|100%| O|  |TAMS 0x00000000ffc00000| PB 0x00000000ffc00000| Untracked 
|2045|0x00000000ffd00000, 0x00000000ffe00000, 0x00000000ffe00000|100%| O|  |TAMS 0x00000000ffd00000| PB 0x00000000ffd00000| Untracked 
|2046|0x00000000ffe00000, 0x00000000fff00000, 0x00000000fff00000|100%| O|  |TAMS 0x00000000ffe00000| PB 0x00000000ffe00000| Untracked 
|2047|0x00000000fff00000, 0x0000000100000000, 0x0000000100000000|100%| O|  |TAMS 0x00000000fff00000| PB 0x00000000fff00000| Untracked 

Card table byte_map: [0x00000196eb810000,0x00000196ebc10000] _byte_map_base: 0x00000196eb410000

Marking Bits: (CMBitMap*) 0x00000196d8ff7570
 Bits: [0x00000196ebc10000, 0x00000196edc10000)

Polling page: 0x00000196d6f50000

Metaspace:

Usage:
  Non-class:     58.96 MB used.
      Class:      9.38 MB used.
       Both:     68.34 MB used.

Virtual space:
  Non-class space:       64.00 MB reserved,      59.81 MB ( 93%) committed,  1 nodes.
      Class space:        1.00 GB reserved,      10.19 MB ( <1%) committed,  1 nodes.
             Both:        1.06 GB reserved,      70.00 MB (  6%) committed. 

Chunk freelists:
   Non-Class:  3.46 MB
       Class:  5.85 MB
        Both:  9.30 MB

MaxMetaspaceSize: unlimited
CompressedClassSpaceSize: 1.00 GB
Initial GC threshold: 21.00 MB
Current GC threshold: 110.62 MB
CDS: off
 - commit_granule_bytes: 65536.
 - commit_granule_words: 8192.
 - virtual_space_node_default_size: 8388608.
 - enlarge_chunks_in_place: 1.
 - use_allocation_guard: 0.


Internal statistics:

num_allocs_failed_limit: 15.
num_arena_births: 3122.
num_arena_deaths: 0.
num_vsnodes_births: 2.
num_vsnodes_deaths: 0.
num_space_committed: 1120.
num_space_uncommitted: 0.
num_chunks_returned_to_freelist: 15.
num_chunks_taken_from_freelist: 5932.
num_chunk_merges: 15.
num_chunk_splits: 3885.
num_chunks_enlarged: 2444.
num_inconsistent_stats: 0.

CodeHeap 'non-profiled nmethods': size=120000Kb used=3958Kb max_used=4098Kb free=116041Kb
 bounds [0x00000196e3bb0000, 0x00000196e3fc0000, 0x00000196eb0e0000]
CodeHeap 'profiled nmethods': size=120000Kb used=13193Kb max_used=13819Kb free=106807Kb
 bounds [0x00000196dc0e0000, 0x00000196dce60000, 0x00000196e3610000]
CodeHeap 'non-nmethods': size=5760Kb used=2197Kb max_used=2229Kb free=3562Kb
 bounds [0x00000196e3610000, 0x00000196e3880000, 0x00000196e3bb0000]
 total_blobs=7889 nmethods=7130 adapters=662
 compilation: enabled
              stopped_count=0, restarted_count=0
 full_count=0

Compilation events (20 events):
Event: 8.032 Thread 0x00000196f0834950 8024       1       java.util.zip.Inflater::hasPendingOutput (5 bytes)
Event: 8.032 Thread 0x00000196f0834950 nmethod 8024 0x00000196e3cbd610 code [0x00000196e3cbd7a0, 0x00000196e3cbd870]
Event: 8.032 Thread 0x00000196f50d25c0 nmethod 8023 0x00000196e3cbd290 code [0x00000196e3cbd420, 0x00000196e3cbd500]
Event: 8.033 Thread 0x00000196f0834950 8025       3       org.gradle.internal.classloader.TransformReplacer::getLoader (46 bytes)
Event: 8.034 Thread 0x00000196f0834950 nmethod 8025 0x00000196dc7e7690 code [0x00000196dc7e78e0, 0x00000196dc7e8370]
Event: 8.036 Thread 0x00000196f0834950 8026       3       org.gradle.internal.io.StreamByteBuffer::readFully (27 bytes)
Event: 8.036 Thread 0x00000196f0834950 nmethod 8026 0x00000196dc498b10 code [0x00000196dc498ce0, 0x00000196dc498f38]
Event: 8.036 Thread 0x00000196f0834950 8027       3       org.gradle.internal.io.StreamByteBuffer::readAsByteArray (21 bytes)
Event: 8.037 Thread 0x00000196f0834950 nmethod 8027 0x00000196dc40c810 code [0x00000196dc40c9e0, 0x00000196dc40cc20]
Event: 8.037 Thread 0x00000196f0834950 8028   !   3       java.util.zip.InflaterInputStream::read (129 bytes)
Event: 8.038 Thread 0x00000196f50d25c0 8029   !   4       java.util.concurrent.ConcurrentHashMap::computeIfAbsent (576 bytes)
Event: 8.038 Thread 0x00000196f0834950 nmethod 8028 0x00000196dc236d90 code [0x00000196dc237060, 0x00000196dc237da8]
Event: 8.068 Thread 0x00000196f50d25c0 nmethod 8029 0x00000196e3c64e90 code [0x00000196e3c65140, 0x00000196e3c66cb0]
Event: 8.074 Thread 0x00000196f50d25c0 8031       4       org.gradle.internal.io.StreamByteBuffer$StreamByteBufferChunk::readFrom (30 bytes)
Event: 8.114 Thread 0x00000196f0834950 8033       3       com.google.common.collect.MapMakerInternalMap$StrongKeyWeakValueEntry::getValue (10 bytes)
Event: 8.115 Thread 0x00000196f0834950 nmethod 8033 0x00000196dc3daf90 code [0x00000196dc3db140, 0x00000196dc3db310]
Event: 8.119 Thread 0x00000196f0834950 8034       3       com.google.common.collect.MapMakerInternalMap$StrongKeyWeakValueEntry$Helper::copy (17 bytes)
Event: 8.119 Thread 0x00000196f0834950 nmethod 8034 0x00000196dc2a6d10 code [0x00000196dc2a6ee0, 0x00000196dc2a72b8]
Event: 8.119 Thread 0x00000196f0834950 8035       3       com.google.common.collect.MapMakerInternalMap$StrongKeyWeakValueEntry$Helper::copy (49 bytes)
Event: 8.119 Thread 0x00000196f0834950 nmethod 8035 0x00000196dc29ed90 code [0x00000196dc29efa0, 0x00000196dc29f4d0]

GC Heap History (20 events):
Event: 3.287 GC heap before
{Heap before GC invocations=6 (full 0):
 garbage-first heap   total 92160K, used 28551K [0x0000000080000000, 0x0000000100000000)
  region size 1024K, 6 young (6144K), 3 survivors (3072K)
 Metaspace       used 35486K, committed 36288K, reserved 1114112K
  class space    used 4794K, committed 5184K, reserved 1048576K
}
Event: 3.289 GC heap after
{Heap after GC invocations=7 (full 0):
 garbage-first heap   total 92160K, used 26548K [0x0000000080000000, 0x0000000100000000)
  region size 1024K, 3 young (3072K), 3 survivors (3072K)
 Metaspace       used 35486K, committed 36288K, reserved 1114112K
  class space    used 4794K, committed 5184K, reserved 1048576K
}
Event: 3.940 GC heap before
{Heap before GC invocations=8 (full 0):
 garbage-first heap   total 92160K, used 74676K [0x0000000080000000, 0x0000000100000000)
  region size 1024K, 50 young (51200K), 3 survivors (3072K)
 Metaspace       used 44242K, committed 45376K, reserved 1114112K
  class space    used 5990K, committed 6528K, reserved 1048576K
}
Event: 3.945 GC heap after
{Heap after GC invocations=9 (full 0):
 garbage-first heap   total 92160K, used 30612K [0x0000000080000000, 0x0000000100000000)
  region size 1024K, 7 young (7168K), 7 survivors (7168K)
 Metaspace       used 44242K, committed 45376K, reserved 1114112K
  class space    used 5990K, committed 6528K, reserved 1048576K
}
Event: 4.250 GC heap before
{Heap before GC invocations=9 (full 0):
 garbage-first heap   total 92160K, used 75668K [0x0000000080000000, 0x0000000100000000)
  region size 1024K, 52 young (53248K), 7 survivors (7168K)
 Metaspace       used 46338K, committed 47552K, reserved 1114112K
  class space    used 6242K, committed 6848K, reserved 1048576K
}
Event: 4.257 GC heap after
{Heap after GC invocations=10 (full 0):
 garbage-first heap   total 92160K, used 33176K [0x0000000080000000, 0x0000000100000000)
  region size 1024K, 3 young (3072K), 3 survivors (3072K)
 Metaspace       used 46338K, committed 47552K, reserved 1114112K
  class space    used 6242K, committed 6848K, reserved 1048576K
}
Event: 4.801 GC heap before
{Heap before GC invocations=10 (full 0):
 garbage-first heap   total 92160K, used 78232K [0x0000000080000000, 0x0000000100000000)
  region size 1024K, 47 young (48128K), 3 survivors (3072K)
 Metaspace       used 51658K, committed 53056K, reserved 1114112K
  class space    used 7121K, committed 7808K, reserved 1048576K
}
Event: 4.805 GC heap after
{Heap after GC invocations=11 (full 0):
 garbage-first heap   total 110592K, used 35595K [0x0000000080000000, 0x0000000100000000)
  region size 1024K, 6 young (6144K), 6 survivors (6144K)
 Metaspace       used 51658K, committed 53056K, reserved 1114112K
  class space    used 7121K, committed 7808K, reserved 1048576K
}
Event: 5.493 GC heap before
{Heap before GC invocations=11 (full 0):
 garbage-first heap   total 110592K, used 87819K [0x0000000080000000, 0x0000000100000000)
  region size 1024K, 56 young (57344K), 6 survivors (6144K)
 Metaspace       used 59327K, committed 60736K, reserved 1114112K
  class space    used 8103K, committed 8832K, reserved 1048576K
}
Event: 5.498 GC heap after
{Heap after GC invocations=12 (full 0):
 garbage-first heap   total 110592K, used 38188K [0x0000000080000000, 0x0000000100000000)
  region size 1024K, 6 young (6144K), 6 survivors (6144K)
 Metaspace       used 59327K, committed 60736K, reserved 1114112K
  class space    used 8103K, committed 8832K, reserved 1048576K
}
Event: 6.624 GC heap before
{Heap before GC invocations=13 (full 0):
 garbage-first heap   total 110592K, used 97580K [0x0000000080000000, 0x0000000100000000)
  region size 1024K, 64 young (65536K), 6 survivors (6144K)
 Metaspace       used 65174K, committed 66688K, reserved 1114112K
  class space    used 9026K, committed 9792K, reserved 1048576K
}
Event: 6.634 GC heap after
{Heap after GC invocations=14 (full 0):
 garbage-first heap   total 110592K, used 43824K [0x0000000080000000, 0x0000000100000000)
  region size 1024K, 8 young (8192K), 8 survivors (8192K)
 Metaspace       used 65174K, committed 66688K, reserved 1114112K
  class space    used 9026K, committed 9792K, reserved 1048576K
}
Event: 6.978 GC heap before
{Heap before GC invocations=14 (full 0):
 garbage-first heap   total 110592K, used 96048K [0x0000000080000000, 0x0000000100000000)
  region size 1024K, 59 young (60416K), 8 survivors (8192K)
 Metaspace       used 65781K, committed 67392K, reserved 1114112K
  class space    used 9060K, committed 9856K, reserved 1048576K
}
Event: 6.986 GC heap after
{Heap after GC invocations=15 (full 0):
 garbage-first heap   total 110592K, used 46691K [0x0000000080000000, 0x0000000100000000)
  region size 1024K, 5 young (5120K), 5 survivors (5120K)
 Metaspace       used 65781K, committed 67392K, reserved 1114112K
  class space    used 9060K, committed 9856K, reserved 1048576K
}
Event: 7.208 GC heap before
{Heap before GC invocations=15 (full 0):
 garbage-first heap   total 110592K, used 94819K [0x0000000080000000, 0x0000000100000000)
  region size 1024K, 53 young (54272K), 5 survivors (5120K)
 Metaspace       used 66014K, committed 67584K, reserved 1114112K
  class space    used 9060K, committed 9856K, reserved 1048576K
}
Event: 7.216 GC heap after
{Heap after GC invocations=16 (full 0):
 garbage-first heap   total 110592K, used 48390K [0x0000000080000000, 0x0000000100000000)
  region size 1024K, 5 young (5120K), 5 survivors (5120K)
 Metaspace       used 66014K, committed 67584K, reserved 1114112K
  class space    used 9060K, committed 9856K, reserved 1048576K
}
Event: 7.499 GC heap before
{Heap before GC invocations=16 (full 0):
 garbage-first heap   total 110592K, used 91398K [0x0000000080000000, 0x0000000100000000)
  region size 1024K, 49 young (50176K), 5 survivors (5120K)
 Metaspace       used 66293K, committed 67904K, reserved 1114112K
  class space    used 9099K, committed 9920K, reserved 1048576K
}
Event: 7.504 GC heap after
{Heap after GC invocations=17 (full 0):
 garbage-first heap   total 110592K, used 49393K [0x0000000080000000, 0x0000000100000000)
  region size 1024K, 6 young (6144K), 6 survivors (6144K)
 Metaspace       used 66293K, committed 67904K, reserved 1114112K
  class space    used 9099K, committed 9920K, reserved 1048576K
}
Event: 8.090 GC heap before
{Heap before GC invocations=18 (full 0):
 garbage-first heap   total 110592K, used 102641K [0x0000000080000000, 0x0000000100000000)
  region size 1024K, 52 young (53248K), 6 survivors (6144K)
 Metaspace       used 69702K, committed 71360K, reserved 1114112K
  class space    used 9564K, committed 10368K, reserved 1048576K
}
Event: 8.098 GC heap after
{Heap after GC invocations=19 (full 0):
 garbage-first heap   total 140288K, used 61823K [0x0000000080000000, 0x0000000100000000)
  region size 1024K, 7 young (7168K), 7 survivors (7168K)
 Metaspace       used 69702K, committed 71360K, reserved 1114112K
  class space    used 9564K, committed 10368K, reserved 1048576K
}

Dll operation events (3 events):
Event: 0.007 Loaded shared library C:\Program Files\Android\Android Studio\jbr\bin\java.dll
Event: 0.013 Loaded shared library C:\Program Files\Android\Android Studio\jbr\bin\zip.dll
Event: 0.460 Loaded shared library C:\Program Files\Android\Android Studio\jbr\bin\verify.dll

Deoptimization events (20 events):
Event: 7.763 Thread 0x00000196f6a43f90 DEOPT PACKING pc=0x00000196e3ddca6c sp=0x00000064686f6af0
Event: 7.763 Thread 0x00000196f6a43f90 DEOPT UNPACKING pc=0x00000196e3667da2 sp=0x00000064686f6ad8 mode 2
Event: 7.766 Thread 0x00000196f6a43f90 DEOPT PACKING pc=0x00000196dc19654a sp=0x00000064686f7b70
Event: 7.766 Thread 0x00000196f6a43f90 DEOPT UNPACKING pc=0x00000196e36688e2 sp=0x00000064686f7050 mode 0
Event: 7.812 Thread 0x00000196f6a43f90 Uncommon trap: trap_request=0xffffffde fr.pc=0x00000196e3d39cd0 relative=0x0000000000001ff0
Event: 7.812 Thread 0x00000196f6a43f90 Uncommon trap: reason=class_check action=maybe_recompile pc=0x00000196e3d39cd0 method=java.util.jar.JarFile.getManifestFromReference()Ljava/util/jar/Manifest; @ 152 c2
Event: 7.812 Thread 0x00000196f6a43f90 DEOPT PACKING pc=0x00000196e3d39cd0 sp=0x00000064686f6540
Event: 7.812 Thread 0x00000196f6a43f90 DEOPT UNPACKING pc=0x00000196e3667da2 sp=0x00000064686f64a0 mode 2
Event: 7.915 Thread 0x00000196f6a43f90 Uncommon trap: trap_request=0xffffff45 fr.pc=0x00000196e3d80780 relative=0x00000000000001e0
Event: 7.915 Thread 0x00000196f6a43f90 Uncommon trap: reason=unstable_if action=reinterpret pc=0x00000196e3d80780 method=java.lang.invoke.LambdaFormBuffer.changeName(ILjava/lang/invoke/LambdaForm$Name;)V @ 140 c2
Event: 7.915 Thread 0x00000196f6a43f90 DEOPT PACKING pc=0x00000196e3d80780 sp=0x00000064686f5930
Event: 7.915 Thread 0x00000196f6a43f90 DEOPT UNPACKING pc=0x00000196e3667da2 sp=0x00000064686f58d8 mode 2
Event: 7.981 Thread 0x00000196f6a43f90 Uncommon trap: trap_request=0xffffff45 fr.pc=0x00000196e3ef6be4 relative=0x0000000000005e04
Event: 7.981 Thread 0x00000196f6a43f90 Uncommon trap: reason=unstable_if action=reinterpret pc=0x00000196e3ef6be4 method=java.lang.invoke.InvokerBytecodeGenerator.addMethod()V @ 81 c2
Event: 7.981 Thread 0x00000196f6a43f90 DEOPT PACKING pc=0x00000196e3ef6be4 sp=0x00000064686f5450
Event: 7.981 Thread 0x00000196f6a43f90 DEOPT UNPACKING pc=0x00000196e3667da2 sp=0x00000064686f5470 mode 2
Event: 8.027 Thread 0x00000196f6a43f90 Uncommon trap: trap_request=0xffffff45 fr.pc=0x00000196e3cdaa88 relative=0x0000000000001d28
Event: 8.027 Thread 0x00000196f6a43f90 Uncommon trap: reason=unstable_if action=reinterpret pc=0x00000196e3cdaa88 method=java.util.zip.InflaterInputStream.read([BII)I @ 94 c2
Event: 8.027 Thread 0x00000196f6a43f90 DEOPT PACKING pc=0x00000196e3cdaa88 sp=0x00000064686f4ec0
Event: 8.027 Thread 0x00000196f6a43f90 DEOPT UNPACKING pc=0x00000196e3667da2 sp=0x00000064686f4f20 mode 2

Classes loaded (20 events):
Event: 7.700 Loading class java/lang/ThreadDeath
Event: 7.700 Loading class java/lang/ThreadDeath done
Event: 7.701 Loading class sun/misc/SharedSecrets
Event: 7.701 Loading class sun/misc/SharedSecrets done
Event: 7.704 Loading class sun/invoke/util/ValueConversions$1
Event: 7.704 Loading class sun/invoke/util/ValueConversions$1 done
Event: 7.705 Loading class java/lang/invoke/BoundMethodHandle$Species_LI
Event: 7.705 Loading class java/lang/invoke/BoundMethodHandle$Species_LI done
Event: 7.914 Loading class java/lang/invoke/BoundMethodHandle$Species_LJ
Event: 7.914 Loading class java/lang/invoke/BoundMethodHandle$Species_LJ done
Event: 7.916 Loading class java/lang/invoke/BoundMethodHandle$Species_LLLJ
Event: 7.916 Loading class java/lang/invoke/BoundMethodHandle$Species_LLLJ done
Event: 8.046 Loading class java/io/StringReader
Event: 8.046 Loading class java/io/StringReader done
Event: 8.079 Loading class java/util/concurrent/atomic/AtomicIntegerArray
Event: 8.079 Loading class java/util/concurrent/atomic/AtomicIntegerArray done
Event: 8.081 Loading class java/util/Currency
Event: 8.082 Loading class java/util/Currency done
Event: 8.109 Loading class java/util/concurrent/atomic/AtomicLongArray
Event: 8.110 Loading class java/util/concurrent/atomic/AtomicLongArray done

Classes unloaded (0 events):
No events

Classes redefined (0 events):
No events

Internal exceptions (20 events):
Event: 7.378 Thread 0x00000196f6a43f90 Exception <a 'java/lang/NoSuchMethodError'{0x0000000083da9cc0}: 'void java.lang.invoke.DirectMethodHandle$Holder.invokeInterface(java.lang.Object, java.lang.Object, java.lang.Object, java.lang.Object)'> (0x0000000083da9cc0) 
thrown [s\src\hotspot\share\interpreter\linkResolver.cpp, line 784]
Event: 7.381 Thread 0x00000196f6a43f90 Exception <a 'java/lang/NoSuchMethodError'{0x0000000083dc3138}: 'long java.lang.invoke.DirectMethodHandle$Holder.invokeVirtual(java.lang.Object, java.lang.Object)'> (0x0000000083dc3138) 
thrown [s\src\hotspot\share\interpreter\linkResolver.cpp, line 784]
Event: 7.391 Thread 0x00000196f693a000 Exception <a 'java/lang/NoSuchMethodError'{0x0000000083c07d78}: static Lorg/gradle/internal/build/event/types/DefaultOperationFinishedProgressEvent;.<clinit>()V> (0x0000000083c07d78) 
thrown [s\src\hotspot\share\prims\jni.cpp, line 1126]
Event: 7.394 Thread 0x00000196f693a000 Exception <a 'java/lang/NoSuchMethodError'{0x0000000083c2f910}: static Lorg/gradle/internal/build/event/types/DefaultProjectConfigurationSuccessResult;.<clinit>()V> (0x0000000083c2f910) 
thrown [s\src\hotspot\share\prims\jni.cpp, line 1126]
Event: 7.394 Thread 0x00000196f693a000 Exception <a 'java/lang/NoSuchMethodError'{0x0000000083c30c88}: static Lorg/gradle/internal/build/event/types/AbstractProjectConfigurationResult;.<clinit>()V> (0x0000000083c30c88) 
thrown [s\src\hotspot\share\prims\jni.cpp, line 1126]
Event: 7.394 Thread 0x00000196f693a000 Exception <a 'java/lang/NoSuchMethodError'{0x0000000083c32520}: static Lorg/gradle/internal/build/event/types/AbstractOperationResult;.<clinit>()V> (0x0000000083c32520) 
thrown [s\src\hotspot\share\prims\jni.cpp, line 1126]
Event: 7.394 Thread 0x00000196f693a000 Exception <a 'java/lang/NoSuchMethodError'{0x0000000083c337b0}: static Lorg/gradle/internal/build/event/types/AbstractResult;.<clinit>()V> (0x0000000083c337b0) 
thrown [s\src\hotspot\share\prims\jni.cpp, line 1126]
Event: 7.396 Thread 0x00000196f693a000 Exception <a 'java/lang/NoSuchMethodError'{0x0000000083c4b0e0}: static Lorg/gradle/internal/build/event/types/DefaultPluginApplicationResult;.<clinit>()V> (0x0000000083c4b0e0) 
thrown [s\src\hotspot\share\prims\jni.cpp, line 1126]
Event: 7.397 Thread 0x00000196f693a000 Exception <a 'java/lang/NoSuchMethodError'{0x0000000083c56fd0}: static Lorg/gradle/internal/build/event/types/DefaultBinaryPluginIdentifier;.<clinit>()V> (0x0000000083c56fd0) 
thrown [s\src\hotspot\share\prims\jni.cpp, line 1126]
Event: 7.399 Thread 0x00000196f693a000 Exception <a 'java/lang/NoSuchMethodError'{0x0000000083c6f5b0}: static Lorg/gradle/internal/build/event/types/DefaultScriptPluginIdentifier;.<clinit>()V> (0x0000000083c6f5b0) 
thrown [s\src\hotspot\share\prims\jni.cpp, line 1126]
Event: 7.489 Thread 0x00000196f6a43f90 Implicit null exception at 0x00000196e3ed295d to 0x00000196e3ed2e40
Event: 7.489 Thread 0x00000196f6a43f90 Implicit null exception at 0x00000196e3ed43df to 0x00000196e3ed489c
Event: 7.538 Thread 0x00000196f6a43f90 Exception <a 'java/lang/NoSuchMethodError'{0x0000000087b0e528}: 'void java.lang.invoke.Invokers$Holder.invoke_MT(java.lang.Object, java.lang.Object, java.lang.Object, java.lang.Object)'> (0x0000000087b0e528) 
thrown [s\src\hotspot\share\interpreter\linkResolver.cpp, line 784]
Event: 7.553 Thread 0x00000196f6a43f90 Exception <a 'java/lang/NoSuchMethodError'{0x0000000087b88970}: 'java.lang.Object java.lang.invoke.DirectMethodHandle$Holder.invokeSpecial(java.lang.Object, java.lang.Object, java.lang.Object, int, java.lang.Object, java.lang.Object)'> (0x0000000087b88970) 
thrown [s\src\hotspot\share\interpreter\linkResolver.cpp, line 784]
Event: 7.701 Thread 0x00000196f6a43f90 Exception <a 'java/lang/ClassNotFoundException'{0x0000000085915d90}: sun/misc/SharedSecrets> (0x0000000085915d90) 
thrown [s\src\hotspot\share\classfile\systemDictionary.cpp, line 312]
Event: 7.701 Thread 0x00000196f6a43f90 Exception <a 'java/lang/ClassNotFoundException'{0x00000000859173a8}: org/gradle/api/internal/plugins/DefaultObjectConfigurationActionBeanInfo> (0x00000000859173a8) 
thrown [s\src\hotspot\share\classfile\systemDictionary.cpp, line 312]
Event: 7.702 Thread 0x00000196f6a43f90 Exception <a 'java/lang/ClassNotFoundException'{0x000000008592ad68}: org/gradle/api/internal/plugins/DefaultObjectConfigurationActionCustomizer> (0x000000008592ad68) 
thrown [s\src\hotspot\share\classfile\systemDictionary.cpp, line 312]
Event: 7.704 Thread 0x00000196f6a43f90 Implicit null exception at 0x00000196e3d04b65 to 0x00000196e3d04df0
Event: 7.704 Thread 0x00000196f6a43f90 Exception <a 'java/lang/NoSuchMethodError'{0x0000000085938268}: 'int java.lang.invoke.DirectMethodHandle$Holder.invokeSpecial(java.lang.Object, java.lang.Object, java.lang.Object, int)'> (0x0000000085938268) 
thrown [s\src\hotspot\share\interpreter\linkResolver.cpp, line 784]
Event: 7.705 Thread 0x00000196f6a43f90 Exception <a 'java/lang/NoSuchMethodError'{0x00000000859492b8}: 'java.lang.Object java.lang.invoke.DirectMethodHandle$Holder.invokeStatic(java.lang.Object, java.lang.Object, java.lang.Object, java.lang.Object, int)'> (0x00000000859492b8) 
thrown [s\src\hotspot\share\interpreter\linkResolver.cpp, line 784]

ZGC Phase Switch (0 events):
No events

VM Operations (20 events):
Event: 6.847 Executing VM operation: ICBufferFull
Event: 6.847 Executing VM operation: ICBufferFull done
Event: 6.941 Executing VM operation: ICBufferFull
Event: 6.944 Executing VM operation: ICBufferFull done
Event: 6.978 Executing VM operation: G1CollectForAllocation (G1 Evacuation Pause)
Event: 6.988 Executing VM operation: G1CollectForAllocation (G1 Evacuation Pause) done
Event: 7.208 Executing VM operation: G1CollectForAllocation (G1 Evacuation Pause)
Event: 7.220 Executing VM operation: G1CollectForAllocation (G1 Evacuation Pause) done
Event: 7.432 Executing VM operation: ICBufferFull
Event: 7.432 Executing VM operation: ICBufferFull done
Event: 7.499 Executing VM operation: G1TryInitiateConcMark (G1 Humongous Allocation)
Event: 7.504 Executing VM operation: G1TryInitiateConcMark (G1 Humongous Allocation) done
Event: 7.542 Executing VM operation: G1PauseRemark
Event: 7.546 Executing VM operation: G1PauseRemark done
Event: 7.557 Executing VM operation: G1PauseCleanup
Event: 7.558 Executing VM operation: G1PauseCleanup done
Event: 7.601 Executing VM operation: HandshakeAllThreads (Deoptimize)
Event: 7.601 Executing VM operation: HandshakeAllThreads (Deoptimize) done
Event: 8.090 Executing VM operation: G1CollectForAllocation (G1 Evacuation Pause)
Event: 8.098 Executing VM operation: G1CollectForAllocation (G1 Evacuation Pause) done

Events (20 events):
Event: 7.546 Thread 0x00000196f0608690 flushing nmethod 0x00000196e3cbcc10
Event: 7.546 Thread 0x00000196f0608690 flushing nmethod 0x00000196e3cb3310
Event: 7.546 Thread 0x00000196f0608690 flushing nmethod 0x00000196e3cb1110
Event: 7.546 Thread 0x00000196f0608690 flushing nmethod 0x00000196e3c44610
Event: 7.546 Thread 0x00000196f0608690 flushing nmethod 0x00000196e3c40010
Event: 7.546 Thread 0x00000196f0608690 flushing nmethod 0x00000196e3c13b10
Event: 7.546 Thread 0x00000196f0608690 flushing nmethod 0x00000196e3c64e90
Event: 7.546 Thread 0x00000196f0608690 flushing nmethod 0x00000196e3c6cd90
Event: 7.546 Thread 0x00000196f0608690 flushing nmethod 0x00000196e3c30d10
Event: 7.546 Thread 0x00000196f0608690 flushing nmethod 0x00000196e3c03a10
Event: 7.546 Thread 0x00000196f0608690 flushing nmethod 0x00000196e3c3a490
Event: 7.546 Thread 0x00000196f0608690 flushing nmethod 0x00000196e3bda410
Event: 7.546 Thread 0x00000196f0608690 flushing nmethod 0x00000196e3c29790
Event: 7.546 Thread 0x00000196f0608690 flushing nmethod 0x00000196e3c27f90
Event: 7.546 Thread 0x00000196f0608690 flushing nmethod 0x00000196e3c1cf10
Event: 7.546 Thread 0x00000196f0608690 flushing nmethod 0x00000196e3c19010
Event: 7.546 Thread 0x00000196f0608690 flushing nmethod 0x00000196e3c27010
Event: 7.546 Thread 0x00000196f0608690 flushing nmethod 0x00000196e3be2190
Event: 7.546 Thread 0x00000196f0608690 flushing nmethod 0x00000196e3be0090
Event: 7.546 Thread 0x00000196f0608690 flushing nmethod 0x00000196e3bb0010


Dynamic libraries:
0x00007ff733c40000 - 0x00007ff733c4a000 	C:\Program Files\Android\Android Studio\jbr\bin\java.exe
0x00007ffa92350000 - 0x00007ffa92567000 	C:\WINDOWS\SYSTEM32\ntdll.dll
0x00007ffa91220000 - 0x00007ffa912e4000 	C:\WINDOWS\System32\KERNEL32.DLL
0x00007ffa8f980000 - 0x00007ffa8fd51000 	C:\WINDOWS\System32\KERNELBASE.dll
0x00007ffa8fe10000 - 0x00007ffa8ff21000 	C:\WINDOWS\System32\ucrtbase.dll
0x00007ffa1f4c0000 - 0x00007ffa1f4db000 	C:\Program Files\Android\Android Studio\jbr\bin\VCRUNTIME140.dll
0x00007ffa74180000 - 0x00007ffa74198000 	C:\Program Files\Android\Android Studio\jbr\bin\jli.dll
0x00007ffa91370000 - 0x00007ffa91521000 	C:\WINDOWS\System32\USER32.dll
0x00007ffa8ff30000 - 0x00007ffa8ff56000 	C:\WINDOWS\System32\win32u.dll
0x00007ffa90410000 - 0x00007ffa90439000 	C:\WINDOWS\System32\GDI32.dll
0x00007ffa8f600000 - 0x00007ffa8f71b000 	C:\WINDOWS\System32\gdi32full.dll
0x00007ffa8f860000 - 0x00007ffa8f8fa000 	C:\WINDOWS\System32\msvcp_win.dll
0x00007ffa74620000 - 0x00007ffa748b2000 	C:\WINDOWS\WinSxS\amd64_microsoft.windows.common-controls_6595b64144ccf1df_6.0.22621.4830_none_270fe7d773858e80\COMCTL32.dll
0x00007ffa910b0000 - 0x00007ffa91157000 	C:\WINDOWS\System32\msvcrt.dll
0x00007ffa91530000 - 0x00007ffa91561000 	C:\WINDOWS\System32\IMM32.DLL
0x00007ffa1f4b0000 - 0x00007ffa1f4bc000 	C:\Program Files\Android\Android Studio\jbr\bin\vcruntime140_1.dll
0x00007ffa24580000 - 0x00007ffa2460d000 	C:\Program Files\Android\Android Studio\jbr\bin\msvcp140.dll
0x00007ffa19860000 - 0x00007ffa1a4dd000 	C:\Program Files\Android\Android Studio\jbr\bin\server\jvm.dll
0x00007ffa90530000 - 0x00007ffa905e1000 	C:\WINDOWS\System32\ADVAPI32.dll
0x00007ffa91170000 - 0x00007ffa91217000 	C:\WINDOWS\System32\sechost.dll
0x00007ffa8fde0000 - 0x00007ffa8fe08000 	C:\WINDOWS\System32\bcrypt.dll
0x00007ffa900a0000 - 0x00007ffa901b4000 	C:\WINDOWS\System32\RPCRT4.dll
0x00007ffa91570000 - 0x00007ffa915e1000 	C:\WINDOWS\System32\WS2_32.dll
0x00007ffa8e340000 - 0x00007ffa8e38d000 	C:\WINDOWS\SYSTEM32\POWRPROF.dll
0x00007ffa872d0000 - 0x00007ffa87304000 	C:\WINDOWS\SYSTEM32\WINMM.dll
0x00007ffa871b0000 - 0x00007ffa871ba000 	C:\WINDOWS\SYSTEM32\VERSION.dll
0x00007ffa8e320000 - 0x00007ffa8e333000 	C:\WINDOWS\SYSTEM32\UMPDC.dll
0x00007ffa8e5d0000 - 0x00007ffa8e5e8000 	C:\WINDOWS\SYSTEM32\kernel.appcore.dll
0x00007ffa1f4a0000 - 0x00007ffa1f4aa000 	C:\Program Files\Android\Android Studio\jbr\bin\jimage.dll
0x00007ffa8c8b0000 - 0x00007ffa8cae2000 	C:\WINDOWS\SYSTEM32\DBGHELP.DLL
0x00007ffa905f0000 - 0x00007ffa90980000 	C:\WINDOWS\System32\combase.dll
0x00007ffa90f20000 - 0x00007ffa90ff7000 	C:\WINDOWS\System32\OLEAUT32.dll
0x00007ffa84540000 - 0x00007ffa84572000 	C:\WINDOWS\SYSTEM32\dbgcore.DLL
0x00007ffa8fd60000 - 0x00007ffa8fddb000 	C:\WINDOWS\System32\bcryptPrimitives.dll
0x00007ffa84d00000 - 0x00007ffa84d0e000 	C:\Program Files\Android\Android Studio\jbr\bin\instrument.dll
0x00007ffa1f480000 - 0x00007ffa1f49f000 	C:\Program Files\Android\Android Studio\jbr\bin\java.dll
0x00007ffa19840000 - 0x00007ffa19858000 	C:\Program Files\Android\Android Studio\jbr\bin\zip.dll
0x00007ffa91750000 - 0x00007ffa91fd8000 	C:\WINDOWS\System32\SHELL32.dll
0x00007ffa8f720000 - 0x00007ffa8f85f000 	C:\WINDOWS\System32\wintypes.dll
0x00007ffa8d400000 - 0x00007ffa8dd0d000 	C:\WINDOWS\SYSTEM32\windows.storage.dll
0x00007ffa90e10000 - 0x00007ffa90f1a000 	C:\WINDOWS\System32\SHCORE.dll
0x00007ffa912f0000 - 0x00007ffa9134e000 	C:\WINDOWS\System32\shlwapi.dll
0x00007ffa8f3c0000 - 0x00007ffa8f3eb000 	C:\WINDOWS\SYSTEM32\profapi.dll
0x00007ffa19830000 - 0x00007ffa19840000 	C:\Program Files\Android\Android Studio\jbr\bin\net.dll
0x00007ffa88590000 - 0x00007ffa886bc000 	C:\WINDOWS\SYSTEM32\WINHTTP.dll
0x00007ffa8ea40000 - 0x00007ffa8eaaa000 	C:\WINDOWS\system32\mswsock.dll
0x00007ffa19810000 - 0x00007ffa19826000 	C:\Program Files\Android\Android Studio\jbr\bin\nio.dll
0x00007ffa773d0000 - 0x00007ffa773e0000 	C:\Program Files\Android\Android Studio\jbr\bin\verify.dll
0x00007ffa03fa0000 - 0x00007ffa03fc7000 	C:\Users\DELL\.gradle\native\c067742578af261105cb4f569cf0c3c89f3d7b1fecec35dd04571415982c5e48\windows-amd64\native-platform.dll
0x00007ffa24430000 - 0x00007ffa24574000 	C:\Users\DELL\.gradle\native\100fb08df4bc3b14c8652ba06237920a3bd2aa13389f12d3474272988ae205f9\windows-amd64\native-platform-file-events.dll
0x00007ffa19370000 - 0x00007ffa19379000 	C:\Program Files\Android\Android Studio\jbr\bin\management.dll
0x00007ffa19360000 - 0x00007ffa1936b000 	C:\Program Files\Android\Android Studio\jbr\bin\management_ext.dll
0x00007ffa90090000 - 0x00007ffa90098000 	C:\WINDOWS\System32\PSAPI.DLL
0x00007ffa8ec90000 - 0x00007ffa8ecab000 	C:\WINDOWS\SYSTEM32\CRYPTSP.dll
0x00007ffa8e530000 - 0x00007ffa8e567000 	C:\WINDOWS\system32\rsaenh.dll
0x00007ffa8eb30000 - 0x00007ffa8eb58000 	C:\WINDOWS\SYSTEM32\USERENV.dll
0x00007ffa8ecb0000 - 0x00007ffa8ecbc000 	C:\WINDOWS\SYSTEM32\CRYPTBASE.dll
0x00007ffa8dfe0000 - 0x00007ffa8e00d000 	C:\WINDOWS\SYSTEM32\IPHLPAPI.DLL
0x00007ffa90e00000 - 0x00007ffa90e09000 	C:\WINDOWS\System32\NSI.dll
0x00007ffa193d0000 - 0x00007ffa193d9000 	C:\Program Files\Android\Android Studio\jbr\bin\extnet.dll
0x00007ffa193f0000 - 0x00007ffa193f8000 	C:\WINDOWS\system32\wshunix.dll

dbghelp: loaded successfully - version: 4.0.5 - missing functions: none
symbol engine: initialized successfully - sym options: 0x614 - pdb path: .;C:\Program Files\Android\Android Studio\jbr\bin;C:\WINDOWS\SYSTEM32;C:\WINDOWS\WinSxS\amd64_microsoft.windows.common-controls_6595b64144ccf1df_6.0.22621.4830_none_270fe7d773858e80;C:\Program Files\Android\Android Studio\jbr\bin\server;C:\Users\DELL\.gradle\native\c067742578af261105cb4f569cf0c3c89f3d7b1fecec35dd04571415982c5e48\windows-amd64;C:\Users\DELL\.gradle\native\100fb08df4bc3b14c8652ba06237920a3bd2aa13389f12d3474272988ae205f9\windows-amd64

VM Arguments:
jvm_args: --add-opens=java.base/java.util=ALL-UNNAMED --add-opens=java.base/java.lang=ALL-UNNAMED --add-opens=java.base/java.lang.invoke=ALL-UNNAMED --add-opens=java.prefs/java.util.prefs=ALL-UNNAMED --add-exports=jdk.compiler/com.sun.tools.javac.api=ALL-UNNAMED --add-exports=jdk.compiler/com.sun.tools.javac.util=ALL-UNNAMED --add-opens=java.base/java.nio.charset=ALL-UNNAMED --add-opens=java.base/java.net=ALL-UNNAMED --add-opens=java.base/java.util.concurrent.atomic=ALL-UNNAMED -Xmx2048m -Dfile.encoding=UTF-8 -Duser.country=GB -Duser.language=en -Duser.variant -javaagent:C:\Users\DELL\.gradle\wrapper\dists\gradle-8.9-bin\90cnw93cvbtalezasaz0blq0a\gradle-8.9\lib\agents\gradle-instrumentation-agent-8.9.jar 
java_command: org.gradle.launcher.daemon.bootstrap.GradleDaemon 8.9
java_class_path (initial): C:\Users\DELL\.gradle\wrapper\dists\gradle-8.9-bin\90cnw93cvbtalezasaz0blq0a\gradle-8.9\lib\gradle-daemon-main-8.9.jar
Launcher Type: SUN_STANDARD

[Global flags]
     intx CICompilerCount                          = 4                                         {product} {ergonomic}
     uint ConcGCThreads                            = 2                                         {product} {ergonomic}
     uint G1ConcRefinementThreads                  = 8                                         {product} {ergonomic}
   size_t G1HeapRegionSize                         = 1048576                                   {product} {ergonomic}
    uintx GCDrainStackTargetSize                   = 64                                        {product} {ergonomic}
   size_t InitialHeapSize                          = 130023424                                 {product} {ergonomic}
   size_t MarkStackSize                            = 4194304                                   {product} {ergonomic}
   size_t MaxHeapSize                              = 2147483648                                {product} {command line}
   size_t MaxNewSize                               = 1287651328                                {product} {ergonomic}
   size_t MinHeapDeltaBytes                        = 1048576                                   {product} {ergonomic}
   size_t MinHeapSize                              = 8388608                                   {product} {ergonomic}
    uintx NonNMethodCodeHeapSize                   = 5839372                                {pd product} {ergonomic}
    uintx NonProfiledCodeHeapSize                  = 122909434                              {pd product} {ergonomic}
    uintx ProfiledCodeHeapSize                     = 122909434                              {pd product} {ergonomic}
    uintx ReservedCodeCacheSize                    = 251658240                              {pd product} {ergonomic}
     bool SegmentedCodeCache                       = true                                      {product} {ergonomic}
   size_t SoftMaxHeapSize                          = 2147483648                             {manageable} {ergonomic}
     bool UseCompressedOops                        = true                           {product lp64_product} {ergonomic}
     bool UseG1GC                                  = true                                      {product} {ergonomic}
     bool UseLargePagesIndividualAllocation        = false                                  {pd product} {ergonomic}

Logging:
Log output configuration:
 #0: stdout all=warning uptime,level,tags foldmultilines=false
 #1: stderr all=off uptime,level,tags foldmultilines=false

Environment Variables:
PATH=C:\Program Files\Microsoft MPI\Bin\;C:\Program Files\Python39\Scripts\;C:\Program Files\Python39\;C:\Windows\system32;C:\Windows;C:\Windows\System32\Wbem;C:\Windows\System32\WindowsPowerShell\v1.0\;C:\Windows\System32\OpenSSH\;C:\Program Files\NVIDIA Corporation\NVIDIA NvDLISR;C:\Program Files\dotnet\;C:\WINDOWS\system32;C:\WINDOWS;C:\WINDOWS\System32\Wbem;C:\WINDOWS\System32\WindowsPowerShell\v1.0\;C:\WINDOWS\System32\OpenSSH\;C:\Program Files\Git\cmd;C:\Program Files (x86)\Microsoft SQL Server\130\Tools\Binn\;C:\Program Files\Microsoft SQL Server\130\Tools\Binn\;C:\Program Files (x86)\Microsoft SQL Server\130\DTS\Binn\;C:\Program Files\Microsoft SQL Server\130\DTS\Binn\;C:\Program Files\Microsoft SQL Server\Client SDK\ODBC\130\Tools\Binn\;C:\Program Files (x86)\Microsoft SQL Server\160\DTS\Binn\;C:\Program Files\Azure Data Studio\bin;C:\Program Files\Microsoft SQL Server\Client SDK\ODBC\170\Tools\Binn\;C:\Program Files (x86)\Microsoft SQL Server\150\Tools\Binn\;C:\Program Files\Microsoft SQL Server\150\Tools\Binn\;C:\Program Files\Microsoft SQL Server\150\DTS\Binn\;C:\Program Files (x86)\Microsoft SQL Server\160\Tools\Binn\;C:\Program Files\Microsoft SQL Server\160\Tools\Binn\;C:\Program Files\Microsoft SQL Server\160\DTS\Binn\;C:\Program Files\nodejs\;C:\Users\DELL\AppData\Local\Microsoft\WindowsApps;C:\Program Files\Microsoft VS Code\bin;C:\Users\DELL\.dotnet\tools;C:\Program Files\Azure Data Studio\bin;C:\Users\DELL\AppData\Local\GitHubDesktop\bin;C:\Program Files\JetBrains\PyCharm Community Edition 2024.3.1.1\bin;;C:\Users\DELL\AppData\Roaming\npm;C:\flutter\bin;
USERNAME=DELL
OS=Windows_NT
PROCESSOR_IDENTIFIER=Intel64 Family 6 Model 140 Stepping 1, GenuineIntel
TMP=C:\Users\DELL\AppData\Local\Temp
TEMP=C:\Users\DELL\AppData\Local\Temp




Periodic native trim disabled

JNI global refs:
JNI global refs: 28, weak refs: 0

JNI global refs memory usage: 835, weak refs: 833

Process memory usage:
Resident Set Size: 343108K (4% of 8104744K total physical memory with 342744K free physical memory)

OOME stack traces (most recent first):
Classloader memory used:
Loader org.gradle.internal.classloader.VisitableURLClassLoader                         : 33734K
Loader bootstrap                                                                       : 22951K
Loader org.gradle.initialization.MixInLegacyTypesClassLoader                           : 9395K
Loader org.gradle.internal.classloader.VisitableURLClassLoader$InstrumentingVisitableURLClassLoader: 2947K
Loader jdk.internal.loader.ClassLoaders$PlatformClassLoader                            : 512K
Loader jdk.internal.loader.ClassLoaders$AppClassLoader                                 : 230K
Loader org.gradle.internal.classloader.VisitableURLClassLoader                         : 142K
Loader jdk.internal.reflect.DelegatingClassLoader                                      : 137K

Classes loaded by more than one classloader:
Class Program                                                                         : loaded 4 times (x 71B)
Class org.gradle.internal.classloader.FilteringClassLoader                            : loaded 2 times (x 102B)
Class [Lcom.google.common.base.AbstractIterator$State;                                : loaded 2 times (x 66B)
Class com.google.common.base.CharMatcher$IsEither                                     : loaded 2 times (x 108B)
Class org.gradle.internal.classloader.ClassLoaderHierarchy                            : loaded 2 times (x 67B)
Class com.google.common.collect.ImmutableList$1                                       : loaded 2 times (x 94B)
Class org.gradle.api.internal.classpath.ManifestUtil                                  : loaded 2 times (x 68B)
Class com.google.common.collect.RegularImmutableMap                                   : loaded 2 times (x 118B)
Class com.google.common.collect.ImmutableMap$MapViewOfValuesAsSingletonSets           : loaded 2 times (x 122B)
Class com.google.common.collect.UnmodifiableListIterator                              : loaded 2 times (x 92B)
Class com.google.common.base.Platform$JdkPatternCompiler                              : loaded 2 times (x 72B)
Class org.gradle.internal.classloader.DefaultClassLoaderFactory                       : loaded 2 times (x 79B)
Class com.google.common.base.CharMatcher$None                                         : loaded 2 times (x 109B)
Class org.gradle.internal.classloader.ClassLoaderVisitor                              : loaded 2 times (x 73B)
Class [Lcom.google.common.collect.ImmutableMapEntry;                                  : loaded 2 times (x 66B)
Class org.gradle.api.internal.classpath.EffectiveClassPath                            : loaded 2 times (x 87B)
Class com.google.common.collect.ImmutableEnumMap                                      : loaded 2 times (x 122B)
Class com.google.common.collect.ListMultimap                                          : loaded 2 times (x 67B)
Class com.google.common.base.Splitter                                                 : loaded 2 times (x 69B)
Class org.gradle.api.internal.DefaultClassPathProvider                                : loaded 2 times (x 73B)
Class [Lorg.gradle.api.internal.ClassPathProvider;                                    : loaded 2 times (x 66B)
Class org.gradle.api.internal.ClassPathProvider                                       : loaded 2 times (x 67B)
Class com.google.common.base.AbstractIterator$State                                   : loaded 2 times (x 76B)
Class org.gradle.internal.service.UnknownServiceException                             : loaded 2 times (x 80B)
Class com.google.common.collect.MapDifference                                         : loaded 2 times (x 67B)
Class com.google.common.base.Splitter$1                                               : loaded 2 times (x 74B)
Class org.gradle.internal.classpath.TransformedClassPath                              : loaded 2 times (x 93B)
Class com.google.common.collect.Iterators$ArrayItr                                    : loaded 2 times (x 94B)
Class com.google.common.collect.ImmutableCollection$Builder                           : loaded 2 times (x 73B)
Class com.google.common.collect.Platform                                              : loaded 2 times (x 68B)
Class com.google.common.collect.UnmodifiableIterator                                  : loaded 2 times (x 77B)
Class org.gradle.internal.service.ServiceLocator                                      : loaded 2 times (x 67B)
Class com.google.common.collect.AbstractMapEntry                                      : loaded 2 times (x 78B)
Class com.google.common.collect.AbstractMultimap                                      : loaded 2 times (x 120B)
Class com.google.common.collect.RegularImmutableAsList                                : loaded 2 times (x 213B)
Class com.google.common.collect.Iterators                                             : loaded 2 times (x 68B)
Class com.google.common.base.CharMatcher$RangesMatcher                                : loaded 2 times (x 109B)
Class com.google.common.collect.Lists$StringAsImmutableList                           : loaded 2 times (x 204B)
Class org.gradle.kotlin.dsl.VersionCatalogAccessorsKt                                 : loaded 2 times (x 68B)
Class com.google.common.base.CharMatcher$JavaLetterOrDigit                            : loaded 2 times (x 108B)
Class org.gradle.internal.InternalTransformer                                         : loaded 2 times (x 67B)
Class com.google.common.base.CharMatcher$And                                          : loaded 2 times (x 109B)
Class org.gradle.internal.classloader.ClasspathUtil$1                                 : loaded 2 times (x 73B)
Class com.google.common.collect.IndexedImmutableSet                                   : loaded 2 times (x 147B)
Class com.google.common.collect.ImmutableMap$1                                        : loaded 2 times (x 78B)
Class com.google.common.collect.BiMap                                                 : loaded 2 times (x 67B)
Class org.gradle.api.internal.classpath.DefaultModuleRegistry$DefaultModule           : loaded 2 times (x 83B)
Class com.google.common.collect.AbstractIterator                                      : loaded 2 times (x 79B)
Class com.google.common.math.MathPreconditions                                        : loaded 2 times (x 68B)
Class com.google.common.collect.Multiset                                              : loaded 2 times (x 67B)
Class com.google.common.collect.ArrayListMultimapGwtSerializationDependencies         : loaded 2 times (x 169B)
Class com.google.common.collect.ObjectArrays                                          : loaded 2 times (x 68B)
Class com.google.common.collect.AbstractIndexedListIterator                           : loaded 2 times (x 93B)
Class com.google.common.collect.ImmutableMapEntrySet                                  : loaded 2 times (x 148B)
Class org.gradle.api.internal.classpath.Module                                        : loaded 2 times (x 67B)
Class org.gradle.api.internal.classpath.UnknownModuleException                        : loaded 2 times (x 79B)
Class com.google.common.collect.ImmutableMap$Builder                                  : loaded 2 times (x 79B)
Class com.google.common.base.NullnessCasts                                            : loaded 2 times (x 68B)
Class org.gradle.api.internal.DefaultClassPathRegistry                                : loaded 2 times (x 73B)
Class com.google.common.collect.Multimap                                              : loaded 2 times (x 67B)
Class org.gradle.api.internal.ClassPathRegistry                                       : loaded 2 times (x 67B)
Class org.gradle.internal.classpath.DefaultClassPath$ImmutableUniqueList              : loaded 2 times (x 196B)
Class com.google.common.collect.SingletonImmutableList                                : loaded 2 times (x 204B)
Class com.google.common.collect.RegularImmutableMap$KeySet                            : loaded 2 times (x 147B)
Class Settings_gradle$1                                                               : loaded 2 times (x 71B)
Class org.gradle.internal.classpath.ClassPath                                         : loaded 2 times (x 67B)
Class org.gradle.api.UncheckedIOException                                             : loaded 2 times (x 79B)
Class com.google.common.collect.ImmutableList$ReverseImmutableList                    : loaded 2 times (x 205B)
Class com.google.common.base.JdkPattern                                               : loaded 2 times (x 72B)
Class com.google.common.collect.Iterators$1                                           : loaded 2 times (x 78B)
Class com.google.common.collect.SingletonImmutableSet                                 : loaded 2 times (x 143B)
Class com.google.common.collect.ImmutableMap$IteratorBasedImmutableMap                : loaded 2 times (x 122B)
Class com.google.common.collect.Iterators$4                                           : loaded 2 times (x 79B)
Class com.google.common.collect.ImmutableBiMap                                        : loaded 2 times (x 140B)
Class com.google.common.collect.AbstractListMultimap                                  : loaded 2 times (x 169B)
Class org.gradle.internal.installation.GradleInstallation$1                           : loaded 2 times (x 72B)
Class org.gradle.api.internal.classpath.ModuleRegistry                                : loaded 2 times (x 67B)
Class com.google.common.collect.Iterators$5                                           : loaded 2 times (x 79B)
Class com.google.common.collect.ImmutableSet$JdkBackedSetBuilderImpl                  : loaded 2 times (x 73B)
Class com.google.common.base.Splitter$SplittingIterator                               : loaded 2 times (x 81B)
Class com.google.common.base.CharMatcher$ForPredicate                                 : loaded 2 times (x 109B)
Class com.google.common.collect.ImmutableCollection                                   : loaded 2 times (x 122B)
Class com.google.common.base.CharMatcher$AnyOf                                        : loaded 2 times (x 109B)
Class org.gradle.api.internal.classpath.DefaultModuleRegistry                         : loaded 2 times (x 80B)
Class com.google.common.collect.ImmutableSet$CachingAsList                            : loaded 2 times (x 144B)
Class com.google.common.base.Converter                                                : loaded 2 times (x 87B)
Class com.google.common.collect.Lists                                                 : loaded 2 times (x 68B)
Class com.google.common.base.CharMatcher$Any                                          : loaded 2 times (x 109B)
Class com.google.common.collect.Iterators$9                                           : loaded 2 times (x 78B)
Class com.google.common.collect.AbstractMapBasedMultimap                              : loaded 2 times (x 136B)
Class com.google.common.collect.ImmutableAsList                                       : loaded 2 times (x 206B)
Class com.google.common.collect.Maps$EntryTransformer                                 : loaded 2 times (x 67B)
Class org.gradle.internal.service.ServiceLookupException                              : loaded 2 times (x 79B)
Class com.google.common.base.CharMatcher$JavaLetter                                   : loaded 2 times (x 108B)
Class org.gradle.internal.classloader.ClassLoaderFactory                              : loaded 2 times (x 67B)
Class com.google.common.base.CharMatcher$IsNot                                        : loaded 2 times (x 108B)
Class com.google.common.base.CommonPattern                                            : loaded 2 times (x 71B)
Class org.gradle.internal.service.CachingServiceLocator                               : loaded 2 times (x 79B)
Class com.google.common.math.IntMath                                                  : loaded 2 times (x 68B)
Class com.google.common.collect.Iterators$10                                          : loaded 2 times (x 78B)
Class com.google.common.collect.ImmutableMapEntry                                     : loaded 2 times (x 82B)
Class com.google.common.base.CharMatcher$JavaDigit                                    : loaded 2 times (x 108B)
Class com.google.common.collect.ImmutableMapEntry$NonTerminalImmutableMapEntry        : loaded 2 times (x 82B)
Class com.google.common.base.Function                                                 : loaded 2 times (x 67B)
Class com.google.common.collect.RegularImmutableList                                  : loaded 2 times (x 209B)
Class com.google.common.collect.ImmutableBiMapFauxverideShim                          : loaded 2 times (x 117B)
Class org.gradle.internal.classloader.ClasspathUtil                                   : loaded 2 times (x 68B)
Class com.google.common.collect.Maps                                                  : loaded 2 times (x 68B)
Class com.google.common.base.CharMatcher$JavaUpperCase                                : loaded 2 times (x 108B)
Class org.gradle.api.specs.Spec                                                       : loaded 2 times (x 67B)
Class [Lcom.google.common.collect.ImmutableEntry;                                     : loaded 2 times (x 66B)
Class com.google.common.base.Platform                                                 : loaded 2 times (x 68B)
Class Build_gradle$1                                                                  : loaded 2 times (x 75B)
Class com.google.common.collect.Maps$8                                                : loaded 2 times (x 79B)
Class com.google.common.base.CharMatcher$Invisible                                    : loaded 2 times (x 109B)
Class org.gradle.internal.classloader.VisitableURLClassLoader$InstrumentingVisitableURLClassLoader: loaded 2 times (x 120B)
Class com.google.common.math.IntMath$1                                                : loaded 2 times (x 68B)
Class org.gradle.internal.classloader.VisitableURLClassLoader$Spec                    : loaded 2 times (x 71B)
Class org.gradle.internal.classpath.DefaultClassPath                                  : loaded 2 times (x 87B)
Class com.google.common.base.AbstractIterator                                         : loaded 2 times (x 77B)
Class com.google.common.collect.ImmutableSet                                          : loaded 2 times (x 142B)
Class com.google.common.collect.RegularImmutableMap$Values                            : loaded 2 times (x 204B)
Class com.google.common.base.CharMatcher$BitSetMatcher                                : loaded 2 times (x 109B)
Class com.google.common.base.CharMatcher$Ascii                                        : loaded 2 times (x 109B)
Class org.gradle.internal.classloader.ClassLoaderSpec                                 : loaded 2 times (x 68B)
Class com.google.common.base.CharMatcher$Or                                           : loaded 2 times (x 109B)
Class Settings_gradle$1$1                                                             : loaded 2 times (x 71B)
Class org.gradle.internal.classloader.VisitableURLClassLoader                         : loaded 2 times (x 114B)
Class Settings_gradle                                                                 : loaded 2 times (x 125B)
Class org.gradle.internal.Cast                                                        : loaded 2 times (x 68B)
Class org.gradle.api.Action                                                           : loaded 2 times (x 67B)
Class com.google.common.base.Strings                                                  : loaded 2 times (x 68B)
Class com.google.common.base.CharMatcher$FastMatcher                                  : loaded 2 times (x 108B)
Class org.gradle.internal.agents.InstrumentingClassLoader                             : loaded 2 times (x 67B)
Class com.google.common.collect.ImmutableMap                                          : loaded 2 times (x 117B)
Class com.google.common.base.Predicate                                                : loaded 2 times (x 67B)
Class org.gradle.internal.classpath.DefaultClassPath$ImmutableUniqueList$Builder      : loaded 2 times (x 72B)
Class com.google.common.base.CharMatcher$NegatedFastMatcher                           : loaded 2 times (x 110B)
Class [Lcom.google.common.collect.AbstractMapEntry;                                   : loaded 2 times (x 66B)
Class com.google.common.collect.ImmutableEntry                                        : loaded 2 times (x 79B)
Class com.google.common.collect.ArrayListMultimap                                     : loaded 2 times (x 169B)
Class com.google.common.base.AbstractIterator$1                                       : loaded 2 times (x 68B)
Class com.google.common.base.CharMatcher$Digit                                        : loaded 2 times (x 109B)
Class org.gradle.api.GradleException                                                  : loaded 2 times (x 79B)
Class com.google.common.collect.CollectPreconditions                                  : loaded 2 times (x 68B)
Class com.google.common.base.CharMatcher$JavaIsoControl                               : loaded 2 times (x 109B)
Class com.google.common.collect.SortedMapDifference                                   : loaded 2 times (x 67B)
Class com.google.common.base.CharMatcher$JavaLowerCase                                : loaded 2 times (x 108B)
Class com.google.common.base.Splitter$1$1                                             : loaded 2 times (x 83B)
Class com.google.common.base.CharMatcher$Whitespace                                   : loaded 2 times (x 109B)
Class org.gradle.internal.IoActions                                                   : loaded 2 times (x 68B)
Class com.google.common.collect.ImmutableSet$RegularSetBuilderImpl                    : loaded 2 times (x 74B)
Class com.google.common.base.CharMatcher$SingleWidth                                  : loaded 2 times (x 109B)
Class org.gradle.internal.classloader.SystemClassLoaderSpec                           : loaded 2 times (x 68B)
Class com.google.common.collect.RegularImmutableMap$BucketOverflowException           : loaded 2 times (x 79B)
Class com.google.common.base.CharMatcher$Negated                                      : loaded 2 times (x 110B)
Class com.google.common.base.CharMatcher$Is                                           : loaded 2 times (x 108B)
Class com.google.common.collect.Hashing                                               : loaded 2 times (x 68B)
Class com.google.common.base.PatternCompiler                                          : loaded 2 times (x 67B)
Class com.google.common.base.Preconditions                                            : loaded 2 times (x 68B)
Class com.google.common.collect.PeekingIterator                                       : loaded 2 times (x 67B)
Class com.google.common.base.CharMatcher                                              : loaded 2 times (x 108B)
Class com.google.common.base.CharMatcher$1                                            : loaded 2 times (x 110B)
Class com.google.common.base.CharMatcher$NamedFastMatcher                             : loaded 2 times (x 109B)
Class com.google.common.collect.ImmutableMapEntrySet$RegularEntrySet                  : loaded 2 times (x 148B)
Class com.google.common.collect.Maps$BiMapConverter                                   : loaded 2 times (x 87B)
Class com.google.common.collect.ImmutableSet$Builder                                  : loaded 2 times (x 82B)
Class com.google.common.base.CharMatcher$InRange                                      : loaded 2 times (x 108B)
Class Build_gradle                                                                    : loaded 2 times (x 69B)
Class org.gradle.internal.installation.CurrentGradleInstallationLocator               : loaded 2 times (x 68B)
Class com.google.common.collect.ImmutableSet$EmptySetBuilderImpl                      : loaded 2 times (x 73B)
Class com.google.common.collect.ImmutableList                                         : loaded 2 times (x 203B)
Class org.gradle.internal.service.DefaultServiceLocator                               : loaded 2 times (x 80B)
Class com.google.common.collect.ImmutableSet$SetBuilderImpl                           : loaded 2 times (x 73B)
Class org.gradle.internal.installation.CurrentGradleInstallation                      : loaded 2 times (x 70B)
Class com.google.common.collect.ImmutableList$SubList                                 : loaded 2 times (x 205B)
Class org.gradle.util.internal.GUtil                                                  : loaded 2 times (x 68B)
Class com.google.common.collect.Iterators$MergingIterator                             : loaded 2 times (x 78B)
Class com.google.common.collect.RegularImmutableSet                                   : loaded 2 times (x 145B)
Class org.gradle.internal.installation.GradleInstallation                             : loaded 2 times (x 72B)
Class com.google.common.collect.Iterables                                             : loaded 2 times (x 68B)
Class com.google.common.base.Splitter$Strategy                                        : loaded 2 times (x 67B)

---------------  S Y S T E M  ---------------

OS:
 Windows 11 , 64 bit Build 22621 (10.0.22621.4974)
OS uptime: 0 days 0:54 hours

CPU: total 8 (initial active 8) (4 cores per cpu, 2 threads per core) family 6 model 140 stepping 1 microcode 0xba, cx8, cmov, fxsr, ht, mmx, 3dnowpref, sse, sse2, sse3, ssse3, sse4.1, sse4.2, popcnt, lzcnt, tsc, tscinvbit, avx, avx2, aes, erms, clmul, bmi1, bmi2, adx, avx512f, avx512dq, avx512cd, avx512bw, avx512vl, sha, fma, vzeroupper, avx512_vpopcntdq, avx512_vpclmulqdq, avx512_vaes, avx512_vnni, clflush, clflushopt, clwb, avx512_vbmi2, avx512_vbmi, rdtscp, rdpid, fsrm, gfni, avx512_bitalg, f16c, pku, cet_ibt, cet_ss, avx512_ifma
Processor Information for processor 0
  Max Mhz: 2419, Current Mhz: 2419, Mhz Limit: 2419
Processor Information for processor 1
  Max Mhz: 2419, Current Mhz: 1209, Mhz Limit: 2419
Processor Information for processor 2
  Max Mhz: 2419, Current Mhz: 2419, Mhz Limit: 2419
Processor Information for processor 3
  Max Mhz: 2419, Current Mhz: 1209, Mhz Limit: 2419
Processor Information for processor 4
  Max Mhz: 2419, Current Mhz: 2419, Mhz Limit: 2419
Processor Information for processor 5
  Max Mhz: 2419, Current Mhz: 2419, Mhz Limit: 2419
Processor Information for processor 6
  Max Mhz: 2419, Current Mhz: 2419, Mhz Limit: 2419
Processor Information for processor 7
  Max Mhz: 2419, Current Mhz: 2419, Mhz Limit: 2419

Memory: 4k page, system-wide physical 7914M (334M free)
TotalPageFile size 14844M (AvailPageFile size 8M)
current process WorkingSet (physical memory assigned to process): 335M, peak: 335M
current process commit charge ("private bytes"): 392M, peak: 394M

vm_info: OpenJDK 64-Bit Server VM (21.0.3+-12282718-b509.11) for windows-amd64 JRE (21.0.3+-12282718-b509.11), built on 2024-08-27T17:34:15Z by "builder" with MS VC++ 16.10 / 16.11 (VS2019)

END.
