#
# There is insufficient memory for the Java Runtime Environment to continue.
# Native memory allocation (malloc) failed to allocate 1333936 bytes. Error detail: Chunk::new
# Possible reasons:
#   The system is out of physical RAM or swap space
#   This process is running with CompressedOops enabled, and the Java Heap may be blocking the growth of the native heap
# Possible solutions:
#   Reduce memory load on the system
#   Increase physical memory or swap space
#   Check if swap backing store is full
#   Decrease Java heap size (-Xmx/-Xms)
#   Decrease number of Java threads
#   Decrease Java thread stack sizes (-Xss)
#   Set larger code cache with -XX:ReservedCodeCacheSize=
#   JVM is running with Unscaled Compressed Oops mode in which the Java heap is
#     placed in the first 4GB address space. The Java Heap base address is the
#     maximum limit for the native heap growth. Please use -XX:HeapBaseMinAddress
#     to set the Java Heap base and to place the Java Heap above 4GB virtual address.
# This output file may be truncated or incomplete.
#
#  Out of Memory Error (arena.cpp:168), pid=11508, tid=1468
#
# JRE version: OpenJDK Runtime Environment (21.0.3) (build 21.0.3+-12282718-b509.11)
# Java VM: OpenJDK 64-Bit Server VM (21.0.3+-12282718-b509.11, mixed mode, tiered, compressed oops, compressed class ptrs, g1 gc, windows-amd64)
# No core dump will be written. Minidumps are not enabled by default on client versions of Windows
#

---------------  S U M M A R Y ------------

Command Line: --add-opens=java.base/java.util=ALL-UNNAMED --add-opens=java.base/java.lang=ALL-UNNAMED --add-opens=java.base/java.lang.invoke=ALL-UNNAMED --add-opens=java.prefs/java.util.prefs=ALL-UNNAMED --add-exports=jdk.compiler/com.sun.tools.javac.api=ALL-UNNAMED --add-exports=jdk.compiler/com.sun.tools.javac.util=ALL-UNNAMED --add-opens=java.base/java.nio.charset=ALL-UNNAMED --add-opens=java.base/java.net=ALL-UNNAMED --add-opens=java.base/java.util.concurrent.atomic=ALL-UNNAMED -Xmx2048m -Dfile.encoding=UTF-8 -Duser.country=GB -Duser.language=en -Duser.variant -javaagent:C:\Users\DELL\.gradle\wrapper\dists\gradle-8.9-bin\90cnw93cvbtalezasaz0blq0a\gradle-8.9\lib\agents\gradle-instrumentation-agent-8.9.jar org.gradle.launcher.daemon.bootstrap.GradleDaemon 8.9

Host: 11th Gen Intel(R) Core(TM) i5-1135G7 @ 2.40GHz, 8 cores, 7G,  Windows 11 , 64 bit Build 22621 (10.0.22621.4974)
Time: Wed Apr  2 14:32:47 2025 SE Asia Standard Time elapsed time: 5.971040 seconds (0d 0h 0m 5s)

---------------  T H R E A D  ---------------

Current thread (0x000002f15a219bd0):  JavaThread "C2 CompilerThread0" daemon [_thread_in_native, id=1468, stack(0x000000fcc4a00000,0x000000fcc4b00000) (1024K)]


Current CompileTask:
C2:   5971 5195       4       java.net.URLClassLoader$1::run (5 bytes)

Stack: [0x000000fcc4a00000,0x000000fcc4b00000]
Native frames: (J=compiled Java code, j=interpreted, Vv=VM code, C=native code)
V  [jvm.dll+0x6cafb9]
V  [jvm.dll+0x858523]
V  [jvm.dll+0x85aa7e]
V  [jvm.dll+0x85b163]
V  [jvm.dll+0x27d356]
V  [jvm.dll+0xbf93d]
V  [jvm.dll+0xbfe73]
V  [jvm.dll+0x3b1cb1]
V  [jvm.dll+0x1dde94]
V  [jvm.dll+0x246c54]
V  [jvm.dll+0x2460d1]
V  [jvm.dll+0x1c5804]
V  [jvm.dll+0x25575c]
V  [jvm.dll+0x253c36]
V  [jvm.dll+0x3ec996]
V  [jvm.dll+0x800d78]
V  [jvm.dll+0x6c98cd]
C  [ucrtbase.dll+0x29333]
C  [KERNEL32.DLL+0x1259d]
C  [ntdll.dll+0x5af38]


---------------  P R O C E S S  ---------------

Threads class SMR info:
_java_thread_list=0x000002f1618dc9b0, length=33, elements={
0x000002f1407f35a0, 0x000002f15a210180, 0x000002f15a211350, 0x000002f15a215910,
0x000002f15a2164d0, 0x000002f15a24e880, 0x000002f15a24f2e0, 0x000002f15a219bd0,
0x000002f15a231390, 0x000002f159ff6e60, 0x000002f15a5b9670, 0x000002f15a7558a0,
0x000002f1600ff810, 0x000002f160134c00, 0x000002f160336770, 0x000002f160334040,
0x000002f160272430, 0x000002f1603c1360, 0x000002f1603c1de0, 0x000002f1605d1e50,
0x000002f1605cfd80, 0x000002f1605d0410, 0x000002f1605d17c0, 0x000002f1605d1130,
0x000002f1605d0aa0, 0x000002f1605d2b70, 0x000002f1605cf6f0, 0x000002f162066260,
0x000002f162069d70, 0x000002f162063470, 0x000002f16206a400, 0x000002f162064820,
0x000002f162064eb0
}

Java Threads: ( => current thread )
  0x000002f1407f35a0 JavaThread "main"                              [_thread_blocked, id=7340, stack(0x000000fcc3c00000,0x000000fcc3d00000) (1024K)]
  0x000002f15a210180 JavaThread "Reference Handler"          daemon [_thread_blocked, id=9552, stack(0x000000fcc4400000,0x000000fcc4500000) (1024K)]
  0x000002f15a211350 JavaThread "Finalizer"                  daemon [_thread_blocked, id=9324, stack(0x000000fcc4500000,0x000000fcc4600000) (1024K)]
  0x000002f15a215910 JavaThread "Signal Dispatcher"          daemon [_thread_blocked, id=8932, stack(0x000000fcc4600000,0x000000fcc4700000) (1024K)]
  0x000002f15a2164d0 JavaThread "Attach Listener"            daemon [_thread_blocked, id=13472, stack(0x000000fcc4700000,0x000000fcc4800000) (1024K)]
  0x000002f15a24e880 JavaThread "Service Thread"             daemon [_thread_blocked, id=11408, stack(0x000000fcc4800000,0x000000fcc4900000) (1024K)]
  0x000002f15a24f2e0 JavaThread "Monitor Deflation Thread"   daemon [_thread_blocked, id=7392, stack(0x000000fcc4900000,0x000000fcc4a00000) (1024K)]
=>0x000002f15a219bd0 JavaThread "C2 CompilerThread0"         daemon [_thread_in_native, id=1468, stack(0x000000fcc4a00000,0x000000fcc4b00000) (1024K)]
  0x000002f15a231390 JavaThread "C1 CompilerThread0"         daemon [_thread_in_native, id=12132, stack(0x000000fcc4b00000,0x000000fcc4c00000) (1024K)]
  0x000002f159ff6e60 JavaThread "Common-Cleaner"             daemon [_thread_blocked, id=16216, stack(0x000000fcc4c00000,0x000000fcc4d00000) (1024K)]
  0x000002f15a5b9670 JavaThread "Notification Thread"        daemon [_thread_blocked, id=1988, stack(0x000000fcc4d00000,0x000000fcc4e00000) (1024K)]
  0x000002f15a7558a0 JavaThread "C2 CompilerThread1"         daemon [_thread_in_native, id=3836, stack(0x000000fcc4e00000,0x000000fcc4f00000) (1024K)]
  0x000002f1600ff810 JavaThread "Daemon health stats"               [_thread_blocked, id=13844, stack(0x000000fcc5400000,0x000000fcc5500000) (1024K)]
  0x000002f160134c00 JavaThread "Incoming local TCP Connector on port 50540"        [_thread_in_native, id=16004, stack(0x000000fcc5500000,0x000000fcc5600000) (1024K)]
  0x000002f160336770 JavaThread "Daemon periodic checks"            [_thread_blocked, id=10104, stack(0x000000fcc5600000,0x000000fcc5700000) (1024K)]
  0x000002f160334040 JavaThread "Daemon"                            [_thread_blocked, id=1812, stack(0x000000fcc5700000,0x000000fcc5800000) (1024K)]
  0x000002f160272430 JavaThread "Handler for socket connection from /127.0.0.1:50540 to /127.0.0.1:50541"        [_thread_in_native, id=17280, stack(0x000000fcc5800000,0x000000fcc5900000) (1024K)]
  0x000002f1603c1360 JavaThread "Cancel handler"                    [_thread_blocked, id=3888, stack(0x000000fcc5900000,0x000000fcc5a00000) (1024K)]
  0x000002f1603c1de0 JavaThread "Daemon worker"                     [_thread_in_Java, id=15716, stack(0x000000fcc5a00000,0x000000fcc5b00000) (1024K)]
  0x000002f1605d1e50 JavaThread "Asynchronous log dispatcher for DefaultDaemonConnection: socket connection from /127.0.0.1:50540 to /127.0.0.1:50541"        [_thread_blocked, id=8044, stack(0x000000fcc5b00000,0x000000fcc5c00000) (1024K)]
  0x000002f1605cfd80 JavaThread "Stdin handler"                     [_thread_blocked, id=16792, stack(0x000000fcc5c00000,0x000000fcc5d00000) (1024K)]
  0x000002f1605d0410 JavaThread "Daemon client event forwarder"        [_thread_blocked, id=13404, stack(0x000000fcc5d00000,0x000000fcc5e00000) (1024K)]
  0x000002f1605d17c0 JavaThread "Cache worker for journal cache (C:\Users\DELL\.gradle\caches\journal-1)"        [_thread_blocked, id=16720, stack(0x000000fcc6200000,0x000000fcc6300000) (1024K)]
  0x000002f1605d1130 JavaThread "File lock request listener"        [_thread_in_native, id=17304, stack(0x000000fcc6300000,0x000000fcc6400000) (1024K)]
  0x000002f1605d0aa0 JavaThread "Cache worker for file hash cache (C:\Users\DELL\.gradle\caches\8.9\fileHashes)"        [_thread_blocked, id=16484, stack(0x000000fcc6400000,0x000000fcc6500000) (1024K)]
  0x000002f1605d2b70 JavaThread "Cache worker for file hash cache (E:\HocTap\BaiTap\.gradle\8.9\fileHashes)"        [_thread_in_Java, id=7612, stack(0x000000fcc6500000,0x000000fcc6600000) (1024K)]
  0x000002f1605cf6f0 JavaThread "Cache worker for Build Output Cleanup Cache (E:\HocTap\BaiTap\.gradle\buildOutputCleanup)"        [_thread_blocked, id=9816, stack(0x000000fcc6600000,0x000000fcc6700000) (1024K)]
  0x000002f162066260 JavaThread "File watcher server"        daemon [_thread_in_native, id=1124, stack(0x000000fcc6700000,0x000000fcc6800000) (1024K)]
  0x000002f162069d70 JavaThread "File watcher consumer"      daemon [_thread_blocked, id=14736, stack(0x000000fcc6800000,0x000000fcc6900000) (1024K)]
  0x000002f162063470 JavaThread "Cache worker for checksums cache (E:\HocTap\BaiTap\.gradle\8.9\checksums)"        [_thread_blocked, id=16660, stack(0x000000fcc4f00000,0x000000fcc5000000) (1024K)]
  0x000002f16206a400 JavaThread "Cache worker for file content cache (C:\Users\DELL\.gradle\caches\8.9\fileContent)"        [_thread_blocked, id=3936, stack(0x000000fcc6900000,0x000000fcc6a00000) (1024K)]
  0x000002f162064820 JavaThread "Cache worker for cache directory md-rule (C:\Users\DELL\.gradle\caches\8.9\md-rule)"        [_thread_blocked, id=7572, stack(0x000000fcc6a00000,0x000000fcc6b00000) (1024K)]
  0x000002f162064eb0 JavaThread "Cache worker for cache directory md-supplier (C:\Users\DELL\.gradle\caches\8.9\md-supplier)"        [_thread_blocked, id=17232, stack(0x000000fcc6b00000,0x000000fcc6c00000) (1024K)]
Total: 33

Other Threads:
  0x000002f15a05be20 VMThread "VM Thread"                           [id=3452, stack(0x000000fcc4300000,0x000000fcc4400000) (1024K)]
  0x000002f159ff62a0 WatcherThread "VM Periodic Task Thread"        [id=6352, stack(0x000000fcc4200000,0x000000fcc4300000) (1024K)]
  0x000002f1429f58d0 WorkerThread "GC Thread#0"                     [id=12536, stack(0x000000fcc3d00000,0x000000fcc3e00000) (1024K)]
  0x000002f15ad72cc0 WorkerThread "GC Thread#1"                     [id=16576, stack(0x000000fcc5000000,0x000000fcc5100000) (1024K)]
  0x000002f15a779430 WorkerThread "GC Thread#2"                     [id=10088, stack(0x000000fcc5100000,0x000000fcc5200000) (1024K)]
  0x000002f15f09f9e0 WorkerThread "GC Thread#3"                     [id=16040, stack(0x000000fcc5200000,0x000000fcc5300000) (1024K)]
  0x000002f15f627760 WorkerThread "GC Thread#4"                     [id=8476, stack(0x000000fcc5300000,0x000000fcc5400000) (1024K)]
  0x000002f1602932d0 WorkerThread "GC Thread#5"                     [id=7904, stack(0x000000fcc5e00000,0x000000fcc5f00000) (1024K)]
  0x000002f160293670 WorkerThread "GC Thread#6"                     [id=5724, stack(0x000000fcc5f00000,0x000000fcc6000000) (1024K)]
  0x000002f1603743e0 WorkerThread "GC Thread#7"                     [id=9928, stack(0x000000fcc6000000,0x000000fcc6100000) (1024K)]
  0x000002f142a06a20 ConcurrentGCThread "G1 Main Marker"            [id=6268, stack(0x000000fcc3e00000,0x000000fcc3f00000) (1024K)]
  0x000002f142a07520 WorkerThread "G1 Conc#0"                       [id=13200, stack(0x000000fcc3f00000,0x000000fcc4000000) (1024K)]
  0x000002f160569b70 WorkerThread "G1 Conc#1"                       [id=8680, stack(0x000000fcc6100000,0x000000fcc6200000) (1024K)]
  0x000002f142a5eb40 ConcurrentGCThread "G1 Refine#0"               [id=9480, stack(0x000000fcc4000000,0x000000fcc4100000) (1024K)]
  0x000002f159ecc870 ConcurrentGCThread "G1 Service"                [id=9132, stack(0x000000fcc4100000,0x000000fcc4200000) (1024K)]
Total: 15

Threads with active compile tasks:
C2 CompilerThread0     5984 5195       4       java.net.URLClassLoader$1::run (5 bytes)
C1 CompilerThread0     5984 5305       3       sun.security.provider.ByteArrayAccess::i2bLittle (33 bytes)
C2 CompilerThread1     5984 5196   !   4       java.net.URLClassLoader$1::run (81 bytes)
Total: 3

VM state: not at safepoint (normal execution)

VM Mutex/Monitor currently owned by a thread: None

Heap address: 0x0000000080000000, size: 2048 MB, Compressed Oops mode: 32-bit

CDS archive(s) not mapped
Compressed class space mapped at: 0x0000000100000000-0x0000000140000000, reserved size: 1073741824
Narrow klass base: 0x0000000000000000, Narrow klass shift: 3, Narrow klass range: 0x140000000

GC Precious Log:
 CardTable entry size: 512
 Card Set container configuration: InlinePtr #cards 5 size 8 Array Of Cards #cards 12 size 40 Howl #buckets 4 coarsen threshold 1843 Howl Bitmap #cards 512 size 80 coarsen threshold 460 Card regions per heap region 1 cards per card region 2048
 CPUs: 8 total, 8 available
 Memory: 7914M
 Large Page Support: Disabled
 NUMA Support: Disabled
 Compressed Oops: Enabled (32-bit)
 Heap Region Size: 1M
 Heap Min Capacity: 8M
 Heap Initial Capacity: 124M
 Heap Max Capacity: 2G
 Pre-touch: Disabled
 Parallel Workers: 8
 Concurrent Workers: 2
 Concurrent Refinement Workers: 8
 Periodic GC: Disabled

Heap:
 garbage-first heap   total 110592K, used 64279K [0x0000000080000000, 0x0000000100000000)
  region size 1024K, 31 young (31744K), 5 survivors (5120K)
 Metaspace       used 62572K, committed 64192K, reserved 1114112K
  class space    used 8654K, committed 9472K, reserved 1048576K

Heap Regions: E=young(eden), S=young(survivor), O=old, HS=humongous(starts), HC=humongous(continues), CS=collection set, F=free, TAMS=top-at-mark-start, PB=parsable bottom
|   0|0x0000000080000000, 0x0000000080100000, 0x0000000080100000|100%|HS|  |TAMS 0x0000000080000000| PB 0x0000000080000000| Complete 
|   1|0x0000000080100000, 0x0000000080200000, 0x0000000080200000|100%|HC|  |TAMS 0x0000000080100000| PB 0x0000000080100000| Complete 
|   2|0x0000000080200000, 0x0000000080300000, 0x0000000080300000|100%|HC|  |TAMS 0x0000000080200000| PB 0x0000000080200000| Complete 
|   3|0x0000000080300000, 0x0000000080400000, 0x0000000080400000|100%|HC|  |TAMS 0x0000000080300000| PB 0x0000000080300000| Complete 
|   4|0x0000000080400000, 0x0000000080500000, 0x0000000080500000|100%| O|  |TAMS 0x0000000080400000| PB 0x0000000080400000| Untracked 
|   5|0x0000000080500000, 0x0000000080600000, 0x0000000080600000|100%| O|  |TAMS 0x0000000080500000| PB 0x0000000080500000| Untracked 
|   6|0x0000000080600000, 0x0000000080700000, 0x0000000080700000|100%| O|  |TAMS 0x0000000080600000| PB 0x0000000080600000| Untracked 
|   7|0x0000000080700000, 0x0000000080800000, 0x0000000080800000|100%| O|  |TAMS 0x0000000080700000| PB 0x0000000080700000| Untracked 
|   8|0x0000000080800000, 0x0000000080900000, 0x0000000080900000|100%| O|  |TAMS 0x0000000080800000| PB 0x0000000080800000| Untracked 
|   9|0x0000000080900000, 0x0000000080a00000, 0x0000000080a00000|100%| O|  |TAMS 0x0000000080900000| PB 0x0000000080900000| Untracked 
|  10|0x0000000080a00000, 0x0000000080b00000, 0x0000000080b00000|100%| O|  |TAMS 0x0000000080a00000| PB 0x0000000080a00000| Untracked 
|  11|0x0000000080b00000, 0x0000000080c00000, 0x0000000080c00000|100%|HS|  |TAMS 0x0000000080b00000| PB 0x0000000080b00000| Complete 
|  12|0x0000000080c00000, 0x0000000080d00000, 0x0000000080d00000|100%| O|  |TAMS 0x0000000080c00000| PB 0x0000000080c00000| Untracked 
|  13|0x0000000080d00000, 0x0000000080e00000, 0x0000000080e00000|100%| O|  |TAMS 0x0000000080d00000| PB 0x0000000080d00000| Untracked 
|  14|0x0000000080e00000, 0x0000000080f00000, 0x0000000080f00000|100%| O|  |TAMS 0x0000000080e00000| PB 0x0000000080e00000| Untracked 
|  15|0x0000000080f00000, 0x0000000081000000, 0x0000000081000000|100%| O|  |TAMS 0x0000000080f00000| PB 0x0000000080f00000| Untracked 
|  16|0x0000000081000000, 0x0000000081100000, 0x0000000081100000|100%| O|  |TAMS 0x0000000081000000| PB 0x0000000081000000| Untracked 
|  17|0x0000000081100000, 0x0000000081200000, 0x0000000081200000|100%| O|Cm|TAMS 0x0000000081100000| PB 0x0000000081100000| Complete 
|  18|0x0000000081200000, 0x0000000081300000, 0x0000000081300000|100%| O|  |TAMS 0x0000000081200000| PB 0x0000000081200000| Untracked 
|  19|0x0000000081300000, 0x0000000081400000, 0x0000000081400000|100%| O|  |TAMS 0x0000000081300000| PB 0x0000000081300000| Untracked 
|  20|0x0000000081400000, 0x0000000081500000, 0x0000000081500000|100%| O|  |TAMS 0x0000000081400000| PB 0x0000000081400000| Untracked 
|  21|0x0000000081500000, 0x0000000081600000, 0x0000000081600000|100%| O|  |TAMS 0x0000000081500000| PB 0x0000000081500000| Untracked 
|  22|0x0000000081600000, 0x0000000081700000, 0x0000000081700000|100%| O|  |TAMS 0x0000000081600000| PB 0x0000000081600000| Untracked 
|  23|0x0000000081700000, 0x0000000081800000, 0x0000000081800000|100%| O|  |TAMS 0x0000000081700000| PB 0x0000000081700000| Untracked 
|  24|0x0000000081800000, 0x0000000081900000, 0x0000000081900000|100%| O|  |TAMS 0x0000000081800000| PB 0x0000000081800000| Untracked 
|  25|0x0000000081900000, 0x000000008192b550, 0x0000000081a00000| 16%| O|  |TAMS 0x0000000081900000| PB 0x0000000081900000| Untracked 
|  26|0x0000000081a00000, 0x0000000081a00000, 0x0000000081b00000|  0%| F|  |TAMS 0x0000000081a00000| PB 0x0000000081a00000| Untracked 
|  27|0x0000000081b00000, 0x0000000081b00000, 0x0000000081c00000|  0%| F|  |TAMS 0x0000000081b00000| PB 0x0000000081b00000| Untracked 
|  28|0x0000000081c00000, 0x0000000081c00000, 0x0000000081d00000|  0%| F|  |TAMS 0x0000000081c00000| PB 0x0000000081c00000| Untracked 
|  29|0x0000000081d00000, 0x0000000081d00000, 0x0000000081e00000|  0%| F|  |TAMS 0x0000000081d00000| PB 0x0000000081d00000| Untracked 
|  30|0x0000000081e00000, 0x0000000081e00000, 0x0000000081f00000|  0%| F|  |TAMS 0x0000000081e00000| PB 0x0000000081e00000| Untracked 
|  31|0x0000000081f00000, 0x0000000081f00000, 0x0000000082000000|  0%| F|  |TAMS 0x0000000081f00000| PB 0x0000000081f00000| Untracked 
|  32|0x0000000082000000, 0x0000000082000000, 0x0000000082100000|  0%| F|  |TAMS 0x0000000082000000| PB 0x0000000082000000| Untracked 
|  33|0x0000000082100000, 0x0000000082100000, 0x0000000082200000|  0%| F|  |TAMS 0x0000000082100000| PB 0x0000000082100000| Untracked 
|  34|0x0000000082200000, 0x0000000082200000, 0x0000000082300000|  0%| F|  |TAMS 0x0000000082200000| PB 0x0000000082200000| Untracked 
|  35|0x0000000082300000, 0x0000000082300000, 0x0000000082400000|  0%| F|  |TAMS 0x0000000082300000| PB 0x0000000082300000| Untracked 
|  36|0x0000000082400000, 0x0000000082400000, 0x0000000082500000|  0%| F|  |TAMS 0x0000000082400000| PB 0x0000000082400000| Untracked 
|  37|0x0000000082500000, 0x0000000082500000, 0x0000000082600000|  0%| F|  |TAMS 0x0000000082500000| PB 0x0000000082500000| Untracked 
|  38|0x0000000082600000, 0x0000000082600000, 0x0000000082700000|  0%| F|  |TAMS 0x0000000082600000| PB 0x0000000082600000| Untracked 
|  39|0x0000000082700000, 0x0000000082700000, 0x0000000082800000|  0%| F|  |TAMS 0x0000000082700000| PB 0x0000000082700000| Untracked 
|  40|0x0000000082800000, 0x0000000082800000, 0x0000000082900000|  0%| F|  |TAMS 0x0000000082800000| PB 0x0000000082800000| Untracked 
|  41|0x0000000082900000, 0x0000000082900000, 0x0000000082a00000|  0%| F|  |TAMS 0x0000000082900000| PB 0x0000000082900000| Untracked 
|  42|0x0000000082a00000, 0x0000000082a00000, 0x0000000082b00000|  0%| F|  |TAMS 0x0000000082a00000| PB 0x0000000082a00000| Untracked 
|  43|0x0000000082b00000, 0x0000000082b00000, 0x0000000082c00000|  0%| F|  |TAMS 0x0000000082b00000| PB 0x0000000082b00000| Untracked 
|  44|0x0000000082c00000, 0x0000000082c00000, 0x0000000082d00000|  0%| F|  |TAMS 0x0000000082c00000| PB 0x0000000082c00000| Untracked 
|  45|0x0000000082d00000, 0x0000000082d00000, 0x0000000082e00000|  0%| F|  |TAMS 0x0000000082d00000| PB 0x0000000082d00000| Untracked 
|  46|0x0000000082e00000, 0x0000000082e00000, 0x0000000082f00000|  0%| F|  |TAMS 0x0000000082e00000| PB 0x0000000082e00000| Untracked 
|  47|0x0000000082f00000, 0x0000000082f00000, 0x0000000083000000|  0%| F|  |TAMS 0x0000000082f00000| PB 0x0000000082f00000| Untracked 
|  48|0x0000000083000000, 0x0000000083000000, 0x0000000083100000|  0%| F|  |TAMS 0x0000000083000000| PB 0x0000000083000000| Untracked 
|  49|0x0000000083100000, 0x0000000083100000, 0x0000000083200000|  0%| F|  |TAMS 0x0000000083100000| PB 0x0000000083100000| Untracked 
|  50|0x0000000083200000, 0x0000000083200000, 0x0000000083300000|  0%| F|  |TAMS 0x0000000083200000| PB 0x0000000083200000| Untracked 
|  51|0x0000000083300000, 0x0000000083300000, 0x0000000083400000|  0%| F|  |TAMS 0x0000000083300000| PB 0x0000000083300000| Untracked 
|  52|0x0000000083400000, 0x0000000083400000, 0x0000000083500000|  0%| F|  |TAMS 0x0000000083400000| PB 0x0000000083400000| Untracked 
|  53|0x0000000083500000, 0x0000000083500000, 0x0000000083600000|  0%| F|  |TAMS 0x0000000083500000| PB 0x0000000083500000| Untracked 
|  54|0x0000000083600000, 0x0000000083600000, 0x0000000083700000|  0%| F|  |TAMS 0x0000000083600000| PB 0x0000000083600000| Untracked 
|  55|0x0000000083700000, 0x0000000083700000, 0x0000000083800000|  0%| F|  |TAMS 0x0000000083700000| PB 0x0000000083700000| Untracked 
|  56|0x0000000083800000, 0x0000000083800000, 0x0000000083900000|  0%| F|  |TAMS 0x0000000083800000| PB 0x0000000083800000| Untracked 
|  57|0x0000000083900000, 0x0000000083900000, 0x0000000083a00000|  0%| F|  |TAMS 0x0000000083900000| PB 0x0000000083900000| Untracked 
|  58|0x0000000083a00000, 0x0000000083a00000, 0x0000000083b00000|  0%| F|  |TAMS 0x0000000083a00000| PB 0x0000000083a00000| Untracked 
|  59|0x0000000083b00000, 0x0000000083b00000, 0x0000000083c00000|  0%| F|  |TAMS 0x0000000083b00000| PB 0x0000000083b00000| Untracked 
|  60|0x0000000083c00000, 0x0000000083c00000, 0x0000000083d00000|  0%| F|  |TAMS 0x0000000083c00000| PB 0x0000000083c00000| Untracked 
|  61|0x0000000083d00000, 0x0000000083d00000, 0x0000000083e00000|  0%| F|  |TAMS 0x0000000083d00000| PB 0x0000000083d00000| Untracked 
|  62|0x0000000083e00000, 0x0000000083e00000, 0x0000000083f00000|  0%| F|  |TAMS 0x0000000083e00000| PB 0x0000000083e00000| Untracked 
|  63|0x0000000083f00000, 0x0000000083f00000, 0x0000000084000000|  0%| F|  |TAMS 0x0000000083f00000| PB 0x0000000083f00000| Untracked 
|  64|0x0000000084000000, 0x0000000084000000, 0x0000000084100000|  0%| F|  |TAMS 0x0000000084000000| PB 0x0000000084000000| Untracked 
|  65|0x0000000084100000, 0x0000000084100000, 0x0000000084200000|  0%| F|  |TAMS 0x0000000084100000| PB 0x0000000084100000| Untracked 
|  66|0x0000000084200000, 0x0000000084200000, 0x0000000084300000|  0%| F|  |TAMS 0x0000000084200000| PB 0x0000000084200000| Untracked 
|  67|0x0000000084300000, 0x000000008439a6b8, 0x0000000084400000| 60%| S|CS|TAMS 0x0000000084300000| PB 0x0000000084300000| Complete 
|  68|0x0000000084400000, 0x0000000084500000, 0x0000000084500000|100%| S|CS|TAMS 0x0000000084400000| PB 0x0000000084400000| Complete 
|  69|0x0000000084500000, 0x0000000084600000, 0x0000000084600000|100%| S|CS|TAMS 0x0000000084500000| PB 0x0000000084500000| Complete 
|  70|0x0000000084600000, 0x0000000084700000, 0x0000000084700000|100%| S|CS|TAMS 0x0000000084600000| PB 0x0000000084600000| Complete 
|  71|0x0000000084700000, 0x0000000084800000, 0x0000000084800000|100%| S|CS|TAMS 0x0000000084700000| PB 0x0000000084700000| Complete 
|  72|0x0000000084800000, 0x0000000084800000, 0x0000000084900000|  0%| F|  |TAMS 0x0000000084800000| PB 0x0000000084800000| Untracked 
|  73|0x0000000084900000, 0x0000000084900000, 0x0000000084a00000|  0%| F|  |TAMS 0x0000000084900000| PB 0x0000000084900000| Untracked 
|  74|0x0000000084a00000, 0x0000000084a18178, 0x0000000084b00000|  9%| E|  |TAMS 0x0000000084a00000| PB 0x0000000084a00000| Complete 
|  75|0x0000000084b00000, 0x0000000084c00000, 0x0000000084c00000|100%| E|CS|TAMS 0x0000000084b00000| PB 0x0000000084b00000| Complete 
|  76|0x0000000084c00000, 0x0000000084d00000, 0x0000000084d00000|100%| E|CS|TAMS 0x0000000084c00000| PB 0x0000000084c00000| Complete 
|  77|0x0000000084d00000, 0x0000000084e00000, 0x0000000084e00000|100%| E|CS|TAMS 0x0000000084d00000| PB 0x0000000084d00000| Complete 
|  78|0x0000000084e00000, 0x0000000084f00000, 0x0000000084f00000|100%| E|CS|TAMS 0x0000000084e00000| PB 0x0000000084e00000| Complete 
|  79|0x0000000084f00000, 0x0000000085000000, 0x0000000085000000|100%| E|CS|TAMS 0x0000000084f00000| PB 0x0000000084f00000| Complete 
|  80|0x0000000085000000, 0x0000000085100000, 0x0000000085100000|100%| E|CS|TAMS 0x0000000085000000| PB 0x0000000085000000| Complete 
|  81|0x0000000085100000, 0x0000000085200000, 0x0000000085200000|100%| E|CS|TAMS 0x0000000085100000| PB 0x0000000085100000| Complete 
|  82|0x0000000085200000, 0x0000000085300000, 0x0000000085300000|100%| E|CS|TAMS 0x0000000085200000| PB 0x0000000085200000| Complete 
|  83|0x0000000085300000, 0x0000000085400000, 0x0000000085400000|100%| E|CS|TAMS 0x0000000085300000| PB 0x0000000085300000| Complete 
|  84|0x0000000085400000, 0x0000000085500000, 0x0000000085500000|100%| E|CS|TAMS 0x0000000085400000| PB 0x0000000085400000| Complete 
|  85|0x0000000085500000, 0x0000000085600000, 0x0000000085600000|100%| E|CS|TAMS 0x0000000085500000| PB 0x0000000085500000| Complete 
|  86|0x0000000085600000, 0x0000000085700000, 0x0000000085700000|100%| E|CS|TAMS 0x0000000085600000| PB 0x0000000085600000| Complete 
|  87|0x0000000085700000, 0x0000000085800000, 0x0000000085800000|100%| E|CS|TAMS 0x0000000085700000| PB 0x0000000085700000| Complete 
|  88|0x0000000085800000, 0x0000000085900000, 0x0000000085900000|100%| E|CS|TAMS 0x0000000085800000| PB 0x0000000085800000| Complete 
|  89|0x0000000085900000, 0x0000000085a00000, 0x0000000085a00000|100%| E|CS|TAMS 0x0000000085900000| PB 0x0000000085900000| Complete 
|  90|0x0000000085a00000, 0x0000000085b00000, 0x0000000085b00000|100%| E|CS|TAMS 0x0000000085a00000| PB 0x0000000085a00000| Complete 
|  91|0x0000000085b00000, 0x0000000085c00000, 0x0000000085c00000|100%| E|CS|TAMS 0x0000000085b00000| PB 0x0000000085b00000| Complete 
|  92|0x0000000085c00000, 0x0000000085d00000, 0x0000000085d00000|100%| E|CS|TAMS 0x0000000085c00000| PB 0x0000000085c00000| Complete 
|  93|0x0000000085d00000, 0x0000000085e00000, 0x0000000085e00000|100%| E|CS|TAMS 0x0000000085d00000| PB 0x0000000085d00000| Complete 
|  94|0x0000000085e00000, 0x0000000085f00000, 0x0000000085f00000|100%| E|CS|TAMS 0x0000000085e00000| PB 0x0000000085e00000| Complete 
|  95|0x0000000085f00000, 0x0000000086000000, 0x0000000086000000|100%| E|CS|TAMS 0x0000000085f00000| PB 0x0000000085f00000| Complete 
|  96|0x0000000086000000, 0x0000000086100000, 0x0000000086100000|100%| E|CS|TAMS 0x0000000086000000| PB 0x0000000086000000| Complete 
|  97|0x0000000086100000, 0x0000000086200000, 0x0000000086200000|100%| E|CS|TAMS 0x0000000086100000| PB 0x0000000086100000| Complete 
| 123|0x0000000087b00000, 0x0000000087c00000, 0x0000000087c00000|100%| E|CS|TAMS 0x0000000087b00000| PB 0x0000000087b00000| Complete 
|2039|0x00000000ff700000, 0x00000000ff800000, 0x00000000ff800000|100%| E|CS|TAMS 0x00000000ff700000| PB 0x00000000ff700000| Complete 
|2040|0x00000000ff800000, 0x00000000ff900000, 0x00000000ff900000|100%| O|  |TAMS 0x00000000ff800000| PB 0x00000000ff800000| Untracked 
|2041|0x00000000ff900000, 0x00000000ffa00000, 0x00000000ffa00000|100%| O|  |TAMS 0x00000000ff900000| PB 0x00000000ff900000| Untracked 
|2042|0x00000000ffa00000, 0x00000000ffb00000, 0x00000000ffb00000|100%| O|  |TAMS 0x00000000ffa00000| PB 0x00000000ffa00000| Untracked 
|2043|0x00000000ffb00000, 0x00000000ffc00000, 0x00000000ffc00000|100%| O|  |TAMS 0x00000000ffb00000| PB 0x00000000ffb00000| Untracked 
|2044|0x00000000ffc00000, 0x00000000ffd00000, 0x00000000ffd00000|100%| O|  |TAMS 0x00000000ffc00000| PB 0x00000000ffc00000| Untracked 
|2045|0x00000000ffd00000, 0x00000000ffe00000, 0x00000000ffe00000|100%| O|  |TAMS 0x00000000ffd00000| PB 0x00000000ffd00000| Untracked 
|2046|0x00000000ffe00000, 0x00000000fff00000, 0x00000000fff00000|100%| O|  |TAMS 0x00000000ffe00000| PB 0x00000000ffe00000| Untracked 
|2047|0x00000000fff00000, 0x0000000100000000, 0x0000000100000000|100%| O|  |TAMS 0x00000000fff00000| PB 0x00000000fff00000| Untracked 

Card table byte_map: [0x000002f155210000,0x000002f155610000] _byte_map_base: 0x000002f154e10000

Marking Bits: (CMBitMap*) 0x000002f1429f5fd0
 Bits: [0x000002f155610000, 0x000002f157610000)

Polling page: 0x000002f140930000

Metaspace:

Usage:
  Non-class:     52.66 MB used.
      Class:      8.45 MB used.
       Both:     61.11 MB used.

Virtual space:
  Non-class space:       64.00 MB reserved,      53.44 MB ( 83%) committed,  1 nodes.
      Class space:        1.00 GB reserved,       9.25 MB ( <1%) committed,  1 nodes.
             Both:        1.06 GB reserved,      62.69 MB (  6%) committed. 

Chunk freelists:
   Non-Class:  10.23 MB
       Class:  6.79 MB
        Both:  17.03 MB

MaxMetaspaceSize: unlimited
CompressedClassSpaceSize: 1.00 GB
Initial GC threshold: 21.00 MB
Current GC threshold: 99.62 MB
CDS: off
 - commit_granule_bytes: 65536.
 - commit_granule_words: 8192.
 - virtual_space_node_default_size: 8388608.
 - enlarge_chunks_in_place: 1.
 - use_allocation_guard: 0.


Internal statistics:

num_allocs_failed_limit: 12.
num_arena_births: 2964.
num_arena_deaths: 0.
num_vsnodes_births: 2.
num_vsnodes_deaths: 0.
num_space_committed: 1003.
num_space_uncommitted: 0.
num_chunks_returned_to_freelist: 12.
num_chunks_taken_from_freelist: 5395.
num_chunk_merges: 12.
num_chunk_splits: 3554.
num_chunks_enlarged: 2257.
num_inconsistent_stats: 0.

CodeHeap 'non-profiled nmethods': size=120000Kb used=2810Kb max_used=2906Kb free=117189Kb
 bounds [0x000002f14d5b0000, 0x000002f14d890000, 0x000002f154ae0000]
CodeHeap 'profiled nmethods': size=120000Kb used=9051Kb max_used=9072Kb free=110948Kb
 bounds [0x000002f145ae0000, 0x000002f1463e0000, 0x000002f14d010000]
CodeHeap 'non-nmethods': size=5760Kb used=2161Kb max_used=2209Kb free=3598Kb
 bounds [0x000002f14d010000, 0x000002f14d280000, 0x000002f14d5b0000]
 total_blobs=5451 nmethods=4716 adapters=638
 compilation: enabled
              stopped_count=0, restarted_count=0
 full_count=0

Compilation events (20 events):
Event: 5.951 Thread 0x000002f15a231390 nmethod 5260 0x000002f145f9ee90 code [0x000002f145f9f0e0, 0x000002f145f9f780]
Event: 5.962 Thread 0x000002f15a231390 5264       3       org.gradle.internal.service.DefaultServiceRegistry$CompositeServiceProvider::getAll (43 bytes)
Event: 5.962 Thread 0x000002f15a231390 nmethod 5264 0x000002f145e5b290 code [0x000002f145e5b440, 0x000002f145e5b6f0]
Event: 5.962 Thread 0x000002f15a231390 5265       3       org.gradle.internal.service.DefaultServiceRegistry$ParentServices::getAll (12 bytes)
Event: 5.962 Thread 0x000002f15a231390 nmethod 5265 0x000002f145d13410 code [0x000002f145d135c0, 0x000002f145d13790]
Event: 5.962 Thread 0x000002f15a231390 5266       3       java.lang.reflect.Constructor::getGenericParameterTypes (5 bytes)
Event: 5.963 Thread 0x000002f15a231390 nmethod 5266 0x000002f145b75190 code [0x000002f145b75440, 0x000002f145b763b8]
Event: 5.963 Thread 0x000002f15a231390 5267       3       java.lang.invoke.MethodHandleImpl::checkSpreadArgument (81 bytes)
Event: 5.963 Thread 0x000002f15a231390 nmethod 5267 0x000002f145dfa510 code [0x000002f145dfa7a0, 0x000002f145dfb210]
Event: 5.963 Thread 0x000002f15a231390 5269       3       org.gradle.internal.instantiation.generator.DependencyInjectingInstantiator::newInstance (8 bytes)
Event: 5.964 Thread 0x000002f15a231390 nmethod 5269 0x000002f145b38a10 code [0x000002f145b38bc0, 0x000002f145b38d08]
Event: 5.964 Thread 0x000002f15a231390 5268       1       org.gradle.internal.instantiation.generator.DefaultInstantiationScheme::instantiator (5 bytes)
Event: 5.964 Thread 0x000002f15a231390 nmethod 5268 0x000002f14d706a10 code [0x000002f14d706ba0, 0x000002f14d706c68]
Event: 5.967 Thread 0x000002f15a231390 5270       3       java.security.MessageDigest::digest (12 bytes)
Event: 5.967 Thread 0x000002f15a231390 nmethod 5270 0x000002f145c9ef10 code [0x000002f145c9f0c0, 0x000002f145c9f370]
Event: 5.967 Thread 0x000002f15a231390 5271       3       java.security.MessageDigest$Delegate::engineDigest (8 bytes)
Event: 5.967 Thread 0x000002f15a231390 nmethod 5271 0x000002f145f9ea10 code [0x000002f145f9ebc0, 0x000002f145f9ed90]
Event: 5.967 Thread 0x000002f15a231390 5272   !   3       sun.security.provider.DigestBase::engineDigest (33 bytes)
Event: 5.967 Thread 0x000002f15a231390 nmethod 5272 0x000002f145b45810 code [0x000002f145b459e0, 0x000002f145b45ce0]
Event: 5.969 Thread 0x000002f15a231390 5273       3       com.google.common.cache.LocalCache$EntryFactory$2::newEntry (12 bytes)

GC Heap History (20 events):
Event: 0.709 GC heap before
{Heap before GC invocations=0 (full 0):
 garbage-first heap   total 126976K, used 26624K [0x0000000080000000, 0x0000000100000000)
  region size 1024K, 23 young (23552K), 0 survivors (0K)
 Metaspace       used 8130K, committed 8320K, reserved 1114112K
  class space    used 738K, committed 832K, reserved 1048576K
}
Event: 0.721 GC heap after
{Heap after GC invocations=1 (full 0):
 garbage-first heap   total 126976K, used 10122K [0x0000000080000000, 0x0000000100000000)
  region size 1024K, 3 young (3072K), 3 survivors (3072K)
 Metaspace       used 8130K, committed 8320K, reserved 1114112K
  class space    used 738K, committed 832K, reserved 1048576K
}
Event: 1.250 GC heap before
{Heap before GC invocations=1 (full 0):
 garbage-first heap   total 126976K, used 38794K [0x0000000080000000, 0x0000000100000000)
  region size 1024K, 32 young (32768K), 3 survivors (3072K)
 Metaspace       used 12028K, committed 12224K, reserved 1114112K
  class space    used 1278K, committed 1408K, reserved 1048576K
}
Event: 1.256 GC heap after
{Heap after GC invocations=2 (full 0):
 garbage-first heap   total 126976K, used 11744K [0x0000000080000000, 0x0000000100000000)
  region size 1024K, 2 young (2048K), 2 survivors (2048K)
 Metaspace       used 12028K, committed 12224K, reserved 1114112K
  class space    used 1278K, committed 1408K, reserved 1048576K
}
Event: 2.153 GC heap before
{Heap before GC invocations=2 (full 0):
 garbage-first heap   total 126976K, used 76256K [0x0000000080000000, 0x0000000100000000)
  region size 1024K, 65 young (66560K), 2 survivors (2048K)
 Metaspace       used 21189K, committed 21504K, reserved 1114112K
  class space    used 2456K, committed 2624K, reserved 1048576K
}
Event: 2.159 GC heap after
{Heap after GC invocations=3 (full 0):
 garbage-first heap   total 126976K, used 20881K [0x0000000080000000, 0x0000000100000000)
  region size 1024K, 10 young (10240K), 10 survivors (10240K)
 Metaspace       used 21189K, committed 21504K, reserved 1114112K
  class space    used 2456K, committed 2624K, reserved 1048576K
}
Event: 3.048 GC heap before
{Heap before GC invocations=4 (full 0):
 garbage-first heap   total 78848K, used 76177K [0x0000000080000000, 0x0000000100000000)
  region size 1024K, 65 young (66560K), 10 survivors (10240K)
 Metaspace       used 30377K, committed 30976K, reserved 1114112K
  class space    used 3941K, committed 4224K, reserved 1048576K
}
Event: 3.055 GC heap after
{Heap after GC invocations=5 (full 0):
 garbage-first heap   total 92160K, used 24021K [0x0000000080000000, 0x0000000100000000)
  region size 1024K, 4 young (4096K), 4 survivors (4096K)
 Metaspace       used 30377K, committed 30976K, reserved 1114112K
  class space    used 3941K, committed 4224K, reserved 1048576K
}
Event: 3.545 GC heap before
{Heap before GC invocations=5 (full 0):
 garbage-first heap   total 92160K, used 59861K [0x0000000080000000, 0x0000000100000000)
  region size 1024K, 40 young (40960K), 4 survivors (4096K)
 Metaspace       used 35345K, committed 36096K, reserved 1114112K
  class space    used 4761K, committed 5120K, reserved 1048576K
}
Event: 3.549 GC heap after
{Heap after GC invocations=6 (full 0):
 garbage-first heap   total 92160K, used 26320K [0x0000000080000000, 0x0000000100000000)
  region size 1024K, 3 young (3072K), 3 survivors (3072K)
 Metaspace       used 35345K, committed 36096K, reserved 1114112K
  class space    used 4761K, committed 5120K, reserved 1048576K
}
Event: 3.571 GC heap before
{Heap before GC invocations=6 (full 0):
 garbage-first heap   total 92160K, used 28368K [0x0000000080000000, 0x0000000100000000)
  region size 1024K, 6 young (6144K), 3 survivors (3072K)
 Metaspace       used 35593K, committed 36416K, reserved 1114112K
  class space    used 4814K, committed 5184K, reserved 1048576K
}
Event: 3.574 GC heap after
{Heap after GC invocations=7 (full 0):
 garbage-first heap   total 92160K, used 26212K [0x0000000080000000, 0x0000000100000000)
  region size 1024K, 3 young (3072K), 3 survivors (3072K)
 Metaspace       used 35593K, committed 36416K, reserved 1114112K
  class space    used 4814K, committed 5184K, reserved 1048576K
}
Event: 4.136 GC heap before
{Heap before GC invocations=8 (full 0):
 garbage-first heap   total 92160K, used 72292K [0x0000000080000000, 0x0000000100000000)
  region size 1024K, 49 young (50176K), 3 survivors (3072K)
 Metaspace       used 44165K, committed 45312K, reserved 1114112K
  class space    used 5968K, committed 6528K, reserved 1048576K
}
Event: 4.141 GC heap after
{Heap after GC invocations=9 (full 0):
 garbage-first heap   total 110592K, used 30177K [0x0000000080000000, 0x0000000100000000)
  region size 1024K, 7 young (7168K), 7 survivors (7168K)
 Metaspace       used 44165K, committed 45312K, reserved 1114112K
  class space    used 5968K, committed 6528K, reserved 1048576K
}
Event: 4.592 GC heap before
{Heap before GC invocations=9 (full 0):
 garbage-first heap   total 110592K, used 87521K [0x0000000080000000, 0x0000000100000000)
  region size 1024K, 64 young (65536K), 7 survivors (7168K)
 Metaspace       used 47441K, committed 48704K, reserved 1114112K
  class space    used 6410K, committed 7040K, reserved 1048576K
}
Event: 4.600 GC heap after
{Heap after GC invocations=10 (full 0):
 garbage-first heap   total 110592K, used 34286K [0x0000000080000000, 0x0000000100000000)
  region size 1024K, 8 young (8192K), 8 survivors (8192K)
 Metaspace       used 47441K, committed 48704K, reserved 1114112K
  class space    used 6410K, committed 7040K, reserved 1048576K
}
Event: 5.271 GC heap before
{Heap before GC invocations=10 (full 0):
 garbage-first heap   total 110592K, used 93678K [0x0000000080000000, 0x0000000100000000)
  region size 1024K, 64 young (65536K), 8 survivors (8192K)
 Metaspace       used 55578K, committed 57024K, reserved 1114112K
  class space    used 7546K, committed 8256K, reserved 1048576K
}
Event: 5.278 GC heap after
{Heap after GC invocations=11 (full 0):
 garbage-first heap   total 110592K, used 36849K [0x0000000080000000, 0x0000000100000000)
  region size 1024K, 7 young (7168K), 7 survivors (7168K)
 Metaspace       used 55578K, committed 57024K, reserved 1114112K
  class space    used 7546K, committed 8256K, reserved 1048576K
}
Event: 5.646 GC heap before
{Heap before GC invocations=11 (full 0):
 garbage-first heap   total 110592K, used 63473K [0x0000000080000000, 0x0000000100000000)
  region size 1024K, 35 young (35840K), 7 survivors (7168K)
 Metaspace       used 59468K, committed 60928K, reserved 1114112K
  class space    used 8121K, committed 8896K, reserved 1048576K
}
Event: 5.651 GC heap after
{Heap after GC invocations=12 (full 0):
 garbage-first heap   total 110592K, used 38679K [0x0000000080000000, 0x0000000100000000)
  region size 1024K, 5 young (5120K), 5 survivors (5120K)
 Metaspace       used 59468K, committed 60928K, reserved 1114112K
  class space    used 8121K, committed 8896K, reserved 1048576K
}

Dll operation events (3 events):
Event: 0.010 Loaded shared library C:\Program Files\Android\Android Studio\jbr\bin\java.dll
Event: 0.016 Loaded shared library C:\Program Files\Android\Android Studio\jbr\bin\zip.dll
Event: 0.697 Loaded shared library C:\Program Files\Android\Android Studio\jbr\bin\verify.dll

Deoptimization events (20 events):
Event: 5.856 Thread 0x000002f1603c1de0 Uncommon trap: trap_request=0xffffffc6 fr.pc=0x000002f14d6b51cc relative=0x000000000000026c
Event: 5.856 Thread 0x000002f1603c1de0 Uncommon trap: reason=bimorphic_or_optimized_type_check action=maybe_recompile pc=0x000002f14d6b51cc method=java.util.Spliterators$IteratorSpliterator.tryAdvance(Ljava/util/function/Consumer;)Z @ 50 c2
Event: 5.856 Thread 0x000002f1603c1de0 DEOPT PACKING pc=0x000002f14d6b51cc sp=0x000000fcc5afa050
Event: 5.856 Thread 0x000002f1603c1de0 DEOPT UNPACKING pc=0x000002f14d067da2 sp=0x000000fcc5af9ff0 mode 2
Event: 5.869 Thread 0x000002f1603c1de0 Uncommon trap: trap_request=0xffffff45 fr.pc=0x000002f14d849788 relative=0x0000000000000408
Event: 5.869 Thread 0x000002f1603c1de0 Uncommon trap: reason=unstable_if action=reinterpret pc=0x000002f14d849788 method=org.objectweb.asm.MethodWriter.visitVarInsn(II)V @ 108 c2
Event: 5.869 Thread 0x000002f1603c1de0 DEOPT PACKING pc=0x000002f14d849788 sp=0x000000fcc5af8ee0
Event: 5.869 Thread 0x000002f1603c1de0 DEOPT UNPACKING pc=0x000002f14d067da2 sp=0x000000fcc5af8e98 mode 2
Event: 5.869 Thread 0x000002f1603c1de0 Uncommon trap: trap_request=0xffffff45 fr.pc=0x000002f14d792d28 relative=0x0000000000000108
Event: 5.869 Thread 0x000002f1603c1de0 Uncommon trap: reason=unstable_if action=reinterpret pc=0x000002f14d792d28 method=org.objectweb.asm.ByteVector.putShort(I)Lorg/objectweb/asm/ByteVector; @ 13 c2
Event: 5.869 Thread 0x000002f1603c1de0 DEOPT PACKING pc=0x000002f14d792d28 sp=0x000000fcc5af8e10
Event: 5.869 Thread 0x000002f1603c1de0 DEOPT UNPACKING pc=0x000002f14d067da2 sp=0x000000fcc5af8da8 mode 2
Event: 5.943 Thread 0x000002f1603c1de0 Uncommon trap: trap_request=0xffffffc6 fr.pc=0x000002f14d6b51cc relative=0x000000000000026c
Event: 5.943 Thread 0x000002f1603c1de0 Uncommon trap: reason=bimorphic_or_optimized_type_check action=maybe_recompile pc=0x000002f14d6b51cc method=java.util.Spliterators$IteratorSpliterator.tryAdvance(Ljava/util/function/Consumer;)Z @ 50 c2
Event: 5.943 Thread 0x000002f1603c1de0 DEOPT PACKING pc=0x000002f14d6b51cc sp=0x000000fcc5afa050
Event: 5.943 Thread 0x000002f1603c1de0 DEOPT UNPACKING pc=0x000002f14d067da2 sp=0x000000fcc5af9ff0 mode 2
Event: 5.948 Thread 0x000002f1603c1de0 Uncommon trap: trap_request=0xffffffc6 fr.pc=0x000002f14d6b51cc relative=0x000000000000026c
Event: 5.948 Thread 0x000002f1603c1de0 Uncommon trap: reason=bimorphic_or_optimized_type_check action=maybe_recompile pc=0x000002f14d6b51cc method=java.util.Spliterators$IteratorSpliterator.tryAdvance(Ljava/util/function/Consumer;)Z @ 50 c2
Event: 5.948 Thread 0x000002f1603c1de0 DEOPT PACKING pc=0x000002f14d6b51cc sp=0x000000fcc5afa050
Event: 5.948 Thread 0x000002f1603c1de0 DEOPT UNPACKING pc=0x000002f14d067da2 sp=0x000000fcc5af9ff0 mode 2

Classes loaded (20 events):
Event: 5.748 Loading class java/io/ObjectStreamClass$1
Event: 5.748 Loading class java/io/ObjectStreamClass$1 done
Event: 5.748 Loading class java/io/ObjectStreamClass$MemberSignature
Event: 5.749 Loading class java/io/ObjectStreamClass$MemberSignature done
Event: 5.749 Loading class java/io/ObjectStreamClass$3
Event: 5.749 Loading class java/io/ObjectStreamClass$3 done
Event: 5.749 Loading class java/io/ObjectStreamClass$4
Event: 5.749 Loading class java/io/ObjectStreamClass$4 done
Event: 5.749 Loading class java/io/ObjectStreamClass$5
Event: 5.749 Loading class java/io/ObjectStreamClass$5 done
Event: 5.750 Loading class java/io/ObjectStreamClass$ClassDataSlot
Event: 5.750 Loading class java/io/ObjectStreamClass$ClassDataSlot done
Event: 5.752 Loading class jdk/internal/reflect/MethodHandleLongFieldAccessorImpl
Event: 5.752 Loading class jdk/internal/reflect/MethodHandleLongFieldAccessorImpl done
Event: 5.756 Loading class java/io/SerialCallbackContext
Event: 5.756 Loading class java/io/SerialCallbackContext done
Event: 5.825 Loading class java/util/function/LongUnaryOperator
Event: 5.825 Loading class java/util/function/LongUnaryOperator done
Event: 5.841 Loading class java/util/DualPivotQuicksort
Event: 5.841 Loading class java/util/DualPivotQuicksort done

Classes unloaded (0 events):
No events

Classes redefined (0 events):
No events

Internal exceptions (20 events):
Event: 5.411 Thread 0x000002f1603c1de0 Exception <a 'sun/nio/fs/WindowsException'{0x00000000857dabe0}> (0x00000000857dabe0) 
thrown [s\src\hotspot\share\prims\jni.cpp, line 535]
Event: 5.411 Thread 0x000002f1603c1de0 Exception <a 'sun/nio/fs/WindowsException'{0x00000000857dc310}> (0x00000000857dc310) 
thrown [s\src\hotspot\share\prims\jni.cpp, line 535]
Event: 5.448 Thread 0x000002f1603c1de0 Exception <a 'java/lang/NoSuchMethodError'{0x0000000085417890}: 'java.lang.Object java.lang.invoke.DirectMethodHandle$Holder.newInvokeSpecial(java.lang.Object, java.lang.Object, java.lang.Object, int)'> (0x0000000085417890) 
thrown [s\src\hotspot\share\interpreter\linkResolver.cpp, line 784]
Event: 5.448 Thread 0x000002f1603c1de0 Exception <a 'java/lang/NoSuchMethodError'{0x000000008541c0d0}: 'java.lang.Object java.lang.invoke.DirectMethodHandle$Holder.invokeSpecial(java.lang.Object, java.lang.Object, java.lang.Object, java.lang.Object, int)'> (0x000000008541c0d0) 
thrown [s\src\hotspot\share\interpreter\linkResolver.cpp, line 784]
Event: 5.448 Thread 0x000002f1603c1de0 Exception <a 'java/lang/NoSuchMethodError'{0x0000000085420278}: 'java.lang.Object java.lang.invoke.Invokers$Holder.linkToTargetMethod(java.lang.Object, java.lang.Object, int, java.lang.Object)'> (0x0000000085420278) 
thrown [s\src\hotspot\share\interpreter\linkResolver.cpp, line 784]
Event: 5.462 Thread 0x000002f1603c1de0 Exception <a 'sun/nio/fs/WindowsException'{0x00000000854d41c8}> (0x00000000854d41c8) 
thrown [s\src\hotspot\share\prims\jni.cpp, line 535]
Event: 5.610 Thread 0x000002f1603c1de0 Exception <a 'java/lang/NoSuchMethodError'{0x0000000084a31b78}: 'void java.lang.invoke.DirectMethodHandle$Holder.invokeStatic(java.lang.Object, java.lang.Object, java.lang.Object, java.lang.Object, java.lang.Object, java.lang.Object, java.lang.Object)'> (0x0000000084a31b78) 
thrown [s\src\hotspot\share\interpreter\linkResolver.cpp, line 784]
Event: 5.749 Thread 0x000002f1605d0410 Exception <a 'java/lang/NoSuchMethodError'{0x0000000085b339e8}: static Lorg/gradle/internal/build/event/types/DefaultOperationStartedProgressEvent;.<clinit>()V> (0x0000000085b339e8) 
thrown [s\src\hotspot\share\prims\jni.cpp, line 1126]
Event: 5.749 Thread 0x000002f1605d0410 Exception <a 'java/lang/NoSuchMethodError'{0x0000000085bb5c78}: static Lorg/gradle/internal/build/event/types/AbstractProgressEvent;.<clinit>()V> (0x0000000085bb5c78) 
thrown [s\src\hotspot\share\prims\jni.cpp, line 1126]
Event: 5.751 Thread 0x000002f1605d0410 Exception <a 'java/lang/NoSuchMethodError'{0x0000000085bc7288}: static Lorg/gradle/internal/build/event/types/DefaultProjectConfigurationDescriptor;.<clinit>()V> (0x0000000085bc7288) 
thrown [s\src\hotspot\share\prims\jni.cpp, line 1126]
Event: 5.752 Thread 0x000002f1605d0410 Exception <a 'java/lang/NoSuchMethodError'{0x0000000085bc9810}: static Lorg/gradle/internal/build/event/types/DefaultOperationDescriptor;.<clinit>()V> (0x0000000085bc9810) 
thrown [s\src\hotspot\share\prims\jni.cpp, line 1126]
Event: 5.753 Thread 0x000002f1605d0410 Exception <a 'java/lang/NoSuchMethodError'{0x0000000085bce618}: 'long java.lang.invoke.DirectMethodHandle$Holder.invokeSpecial(java.lang.Object, java.lang.Object)'> (0x0000000085bce618) 
thrown [s\src\hotspot\share\interpreter\linkResolver.cpp, line 784]
Event: 5.753 Thread 0x000002f1605d0410 Exception <a 'java/lang/NoSuchMethodError'{0x0000000085bd17c0}: 'long java.lang.invoke.Invokers$Holder.invokeExact_MT(java.lang.Object, java.lang.Object)'> (0x0000000085bd17c0) 
thrown [s\src\hotspot\share\interpreter\linkResolver.cpp, line 784]
Event: 5.755 Thread 0x000002f1605d0410 Exception <a 'java/lang/NoSuchMethodError'{0x0000000085be8568}: static Lorg/gradle/internal/operations/OperationIdentifier;.<clinit>()V> (0x0000000085be8568) 
thrown [s\src\hotspot\share\prims\jni.cpp, line 1126]
Event: 5.826 Thread 0x000002f1603c1de0 Exception <a 'java/lang/NoSuchMethodError'{0x000000008550de90}: 'long java.lang.invoke.DirectMethodHandle$Holder.invokeStatic(java.lang.Object, long)'> (0x000000008550de90) 
thrown [s\src\hotspot\share\interpreter\linkResolver.cpp, line 784]
Event: 5.869 Thread 0x000002f1603c1de0 Implicit null exception at 0x000002f14d849443 to 0x000002f14d84977c
Event: 5.952 Thread 0x000002f1603c1de0 Exception <a 'java/lang/NoSuchMethodError'{0x0000000084dc8288}: 'java.lang.Object java.lang.invoke.DirectMethodHandle$Holder.invokeVirtual(java.lang.Object, java.lang.Object, java.lang.Object, java.lang.Object, java.lang.Object, java.lang.Object, java.lang.Object, java.lang.Object, java.lang.Object, java.lang.Object, java.lang.Object, java.lang.Object, java.lang.Object, java.lang.Object, java.lang.Object, java.lang.Object, java.lang.Object)'> (0x0000000084dc8288) 
thrown [s\src\hotspot\share\interpreter\li
Event: 5.953 Thread 0x000002f1603c1de0 Exception <a 'java/lang/NoSuchMethodError'{0x0000000084dce240}: 'java.lang.Object java.lang.invoke.DirectMethodHandle$Holder.invokeSpecial(java.lang.Object, java.lang.Object, java.lang.Object, java.lang.Object, java.lang.Object, java.lang.Object, java.lang.Object, java.lang.Object, java.lang.Object, java.lang.Object, java.lang.Object, java.lang.Object, java.lang.Object, java.lang.Object, java.lang.Object, java.lang.Object, java.lang.Object, java.lang.Object)'> (0x0000000084dce240) 
thrown [s\src\hotspot\sh
Event: 5.953 Thread 0x000002f1603c1de0 Exception <a 'java/lang/NoSuchMethodError'{0x0000000084dd3788}: 'java.lang.Object java.lang.invoke.DelegatingMethodHandle$Holder.reinvoke_L(java.lang.Object, java.lang.Object, java.lang.Object, java.lang.Object, java.lang.Object, java.lang.Object, java.lang.Object, java.lang.Object, java.lang.Object, java.lang.Object, java.lang.Object, java.lang.Object, java.lang.Object, java.lang.Object, java.lang.Object, java.lang.Object, java.lang.Object)'> (0x0000000084dd3788) 
thrown [s\src\hotspot\share\interpreter\l
Event: 5.960 Thread 0x000002f1603c1de0 Exception <a 'java/lang/NoSuchMethodError'{0x0000000084c8b058}: 'void java.lang.invoke.DirectMethodHandle$Holder.invokeStatic(java.lang.Object, java.lang.Object, java.lang.Object, java.lang.Object, java.lang.Object, java.lang.Object)'> (0x0000000084c8b058) 
thrown [s\src\hotspot\share\interpreter\linkResolver.cpp, line 784]

ZGC Phase Switch (0 events):
No events

VM Operations (20 events):
Event: 4.592 Executing VM operation: G1CollectForAllocation (G1 Evacuation Pause)
Event: 4.600 Executing VM operation: G1CollectForAllocation (G1 Evacuation Pause) done
Event: 4.660 Executing VM operation: HandshakeAllThreads (Deoptimize)
Event: 4.660 Executing VM operation: HandshakeAllThreads (Deoptimize) done
Event: 4.696 Executing VM operation: HandshakeAllThreads (Deoptimize)
Event: 4.696 Executing VM operation: HandshakeAllThreads (Deoptimize) done
Event: 4.972 Executing VM operation: HandshakeAllThreads (Deoptimize)
Event: 4.972 Executing VM operation: HandshakeAllThreads (Deoptimize) done
Event: 5.271 Executing VM operation: G1CollectForAllocation (G1 Evacuation Pause)
Event: 5.278 Executing VM operation: G1CollectForAllocation (G1 Evacuation Pause) done
Event: 5.626 Executing VM operation: HandshakeAllThreads (Deoptimize)
Event: 5.626 Executing VM operation: HandshakeAllThreads (Deoptimize) done
Event: 5.646 Executing VM operation: CollectForMetadataAllocation (Metadata GC Threshold)
Event: 5.651 Executing VM operation: CollectForMetadataAllocation (Metadata GC Threshold) done
Event: 5.675 Executing VM operation: G1PauseRemark
Event: 5.678 Executing VM operation: G1PauseRemark done
Event: 5.685 Executing VM operation: G1PauseCleanup
Event: 5.685 Executing VM operation: G1PauseCleanup done
Event: 5.697 Executing VM operation: HandshakeAllThreads (Deoptimize)
Event: 5.697 Executing VM operation: HandshakeAllThreads (Deoptimize) done

Events (20 events):
Event: 5.678 Thread 0x000002f15a05be20 flushing nmethod 0x000002f14d6caf10
Event: 5.678 Thread 0x000002f15a05be20 flushing nmethod 0x000002f14d724510
Event: 5.678 Thread 0x000002f15a05be20 flushing nmethod 0x000002f14d74ec90
Event: 5.678 Thread 0x000002f15a05be20 flushing nmethod 0x000002f14d705d90
Event: 5.678 Thread 0x000002f15a05be20 flushing nmethod 0x000002f14d6d0d10
Event: 5.678 Thread 0x000002f15a05be20 flushing nmethod 0x000002f14d699b90
Event: 5.678 Thread 0x000002f15a05be20 flushing nmethod 0x000002f14d69b810
Event: 5.678 Thread 0x000002f15a05be20 flushing nmethod 0x000002f14d624510
Event: 5.678 Thread 0x000002f15a05be20 flushing nmethod 0x000002f14d65bb90
Event: 5.678 Thread 0x000002f15a05be20 flushing nmethod 0x000002f14d679590
Event: 5.678 Thread 0x000002f15a05be20 flushing nmethod 0x000002f14d667710
Event: 5.678 Thread 0x000002f15a05be20 flushing nmethod 0x000002f14d660d10
Event: 5.678 Thread 0x000002f15a05be20 flushing nmethod 0x000002f14d659c10
Event: 5.678 Thread 0x000002f15a05be20 flushing nmethod 0x000002f14d645510
Event: 5.678 Thread 0x000002f15a05be20 flushing nmethod 0x000002f14d644490
Event: 5.678 Thread 0x000002f15a05be20 flushing nmethod 0x000002f14d634f10
Event: 5.678 Thread 0x000002f15a05be20 flushing nmethod 0x000002f14d5d2490
Event: 5.678 Thread 0x000002f15a05be20 flushing nmethod 0x000002f14d5d5e90
Event: 5.678 Thread 0x000002f15a05be20 flushing nmethod 0x000002f14d5e7490
Event: 5.678 Thread 0x000002f15a05be20 flushing nmethod 0x000002f14d5cec10


Dynamic libraries:
0x00007ff733c40000 - 0x00007ff733c4a000 	C:\Program Files\Android\Android Studio\jbr\bin\java.exe
0x00007ffa92350000 - 0x00007ffa92567000 	C:\WINDOWS\SYSTEM32\ntdll.dll
0x00007ffa91220000 - 0x00007ffa912e4000 	C:\WINDOWS\System32\KERNEL32.DLL
0x00007ffa8f980000 - 0x00007ffa8fd51000 	C:\WINDOWS\System32\KERNELBASE.dll
0x00007ffa8fe10000 - 0x00007ffa8ff21000 	C:\WINDOWS\System32\ucrtbase.dll
0x00007ffa74180000 - 0x00007ffa74198000 	C:\Program Files\Android\Android Studio\jbr\bin\jli.dll
0x00007ffa1f4c0000 - 0x00007ffa1f4db000 	C:\Program Files\Android\Android Studio\jbr\bin\VCRUNTIME140.dll
0x00007ffa91370000 - 0x00007ffa91521000 	C:\WINDOWS\System32\USER32.dll
0x00007ffa8ff30000 - 0x00007ffa8ff56000 	C:\WINDOWS\System32\win32u.dll
0x00007ffa90410000 - 0x00007ffa90439000 	C:\WINDOWS\System32\GDI32.dll
0x00007ffa74620000 - 0x00007ffa748b2000 	C:\WINDOWS\WinSxS\amd64_microsoft.windows.common-controls_6595b64144ccf1df_6.0.22621.4830_none_270fe7d773858e80\COMCTL32.dll
0x00007ffa8f600000 - 0x00007ffa8f71b000 	C:\WINDOWS\System32\gdi32full.dll
0x00007ffa910b0000 - 0x00007ffa91157000 	C:\WINDOWS\System32\msvcrt.dll
0x00007ffa8f860000 - 0x00007ffa8f8fa000 	C:\WINDOWS\System32\msvcp_win.dll
0x00007ffa91530000 - 0x00007ffa91561000 	C:\WINDOWS\System32\IMM32.DLL
0x00007ffa1f4b0000 - 0x00007ffa1f4bc000 	C:\Program Files\Android\Android Studio\jbr\bin\vcruntime140_1.dll
0x00007ffa24580000 - 0x00007ffa2460d000 	C:\Program Files\Android\Android Studio\jbr\bin\msvcp140.dll
0x00007ffa19860000 - 0x00007ffa1a4dd000 	C:\Program Files\Android\Android Studio\jbr\bin\server\jvm.dll
0x00007ffa90530000 - 0x00007ffa905e1000 	C:\WINDOWS\System32\ADVAPI32.dll
0x00007ffa91170000 - 0x00007ffa91217000 	C:\WINDOWS\System32\sechost.dll
0x00007ffa8fde0000 - 0x00007ffa8fe08000 	C:\WINDOWS\System32\bcrypt.dll
0x00007ffa900a0000 - 0x00007ffa901b4000 	C:\WINDOWS\System32\RPCRT4.dll
0x00007ffa91570000 - 0x00007ffa915e1000 	C:\WINDOWS\System32\WS2_32.dll
0x00007ffa8e340000 - 0x00007ffa8e38d000 	C:\WINDOWS\SYSTEM32\POWRPROF.dll
0x00007ffa872d0000 - 0x00007ffa87304000 	C:\WINDOWS\SYSTEM32\WINMM.dll
0x00007ffa871b0000 - 0x00007ffa871ba000 	C:\WINDOWS\SYSTEM32\VERSION.dll
0x00007ffa8e320000 - 0x00007ffa8e333000 	C:\WINDOWS\SYSTEM32\UMPDC.dll
0x00007ffa8e5d0000 - 0x00007ffa8e5e8000 	C:\WINDOWS\SYSTEM32\kernel.appcore.dll
0x00007ffa1f4a0000 - 0x00007ffa1f4aa000 	C:\Program Files\Android\Android Studio\jbr\bin\jimage.dll
0x00007ffa8c8b0000 - 0x00007ffa8cae2000 	C:\WINDOWS\SYSTEM32\DBGHELP.DLL
0x00007ffa905f0000 - 0x00007ffa90980000 	C:\WINDOWS\System32\combase.dll
0x00007ffa90f20000 - 0x00007ffa90ff7000 	C:\WINDOWS\System32\OLEAUT32.dll
0x00007ffa84540000 - 0x00007ffa84572000 	C:\WINDOWS\SYSTEM32\dbgcore.DLL
0x00007ffa8fd60000 - 0x00007ffa8fddb000 	C:\WINDOWS\System32\bcryptPrimitives.dll
0x00007ffa84d00000 - 0x00007ffa84d0e000 	C:\Program Files\Android\Android Studio\jbr\bin\instrument.dll
0x00007ffa1f480000 - 0x00007ffa1f49f000 	C:\Program Files\Android\Android Studio\jbr\bin\java.dll
0x00007ffa19840000 - 0x00007ffa19858000 	C:\Program Files\Android\Android Studio\jbr\bin\zip.dll
0x00007ffa91750000 - 0x00007ffa91fd8000 	C:\WINDOWS\System32\SHELL32.dll
0x00007ffa8f720000 - 0x00007ffa8f85f000 	C:\WINDOWS\System32\wintypes.dll
0x00007ffa8d400000 - 0x00007ffa8dd0d000 	C:\WINDOWS\SYSTEM32\windows.storage.dll
0x00007ffa90e10000 - 0x00007ffa90f1a000 	C:\WINDOWS\System32\SHCORE.dll
0x00007ffa912f0000 - 0x00007ffa9134e000 	C:\WINDOWS\System32\shlwapi.dll
0x00007ffa8f3c0000 - 0x00007ffa8f3eb000 	C:\WINDOWS\SYSTEM32\profapi.dll
0x00007ffa19830000 - 0x00007ffa19840000 	C:\Program Files\Android\Android Studio\jbr\bin\net.dll
0x00007ffa88590000 - 0x00007ffa886bc000 	C:\WINDOWS\SYSTEM32\WINHTTP.dll
0x00007ffa8ea40000 - 0x00007ffa8eaaa000 	C:\WINDOWS\system32\mswsock.dll
0x00007ffa19810000 - 0x00007ffa19826000 	C:\Program Files\Android\Android Studio\jbr\bin\nio.dll
0x00007ffa773d0000 - 0x00007ffa773e0000 	C:\Program Files\Android\Android Studio\jbr\bin\verify.dll
0x00007ffa03fa0000 - 0x00007ffa03fc7000 	C:\Users\DELL\.gradle\native\c067742578af261105cb4f569cf0c3c89f3d7b1fecec35dd04571415982c5e48\windows-amd64\native-platform.dll
0x00007ffa24430000 - 0x00007ffa24574000 	C:\Users\DELL\.gradle\native\100fb08df4bc3b14c8652ba06237920a3bd2aa13389f12d3474272988ae205f9\windows-amd64\native-platform-file-events.dll
0x00007ffa19370000 - 0x00007ffa19379000 	C:\Program Files\Android\Android Studio\jbr\bin\management.dll
0x00007ffa19360000 - 0x00007ffa1936b000 	C:\Program Files\Android\Android Studio\jbr\bin\management_ext.dll
0x00007ffa90090000 - 0x00007ffa90098000 	C:\WINDOWS\System32\PSAPI.DLL
0x00007ffa8ec90000 - 0x00007ffa8ecab000 	C:\WINDOWS\SYSTEM32\CRYPTSP.dll
0x00007ffa8e530000 - 0x00007ffa8e567000 	C:\WINDOWS\system32\rsaenh.dll
0x00007ffa8eb30000 - 0x00007ffa8eb58000 	C:\WINDOWS\SYSTEM32\USERENV.dll
0x00007ffa8ecb0000 - 0x00007ffa8ecbc000 	C:\WINDOWS\SYSTEM32\CRYPTBASE.dll
0x00007ffa8dfe0000 - 0x00007ffa8e00d000 	C:\WINDOWS\SYSTEM32\IPHLPAPI.DLL
0x00007ffa90e00000 - 0x00007ffa90e09000 	C:\WINDOWS\System32\NSI.dll
0x00007ffa193d0000 - 0x00007ffa193d9000 	C:\Program Files\Android\Android Studio\jbr\bin\extnet.dll
0x00007ffa193f0000 - 0x00007ffa193f8000 	C:\WINDOWS\system32\wshunix.dll

dbghelp: loaded successfully - version: 4.0.5 - missing functions: none
symbol engine: initialized successfully - sym options: 0x614 - pdb path: .;C:\Program Files\Android\Android Studio\jbr\bin;C:\WINDOWS\SYSTEM32;C:\WINDOWS\WinSxS\amd64_microsoft.windows.common-controls_6595b64144ccf1df_6.0.22621.4830_none_270fe7d773858e80;C:\Program Files\Android\Android Studio\jbr\bin\server;C:\Users\DELL\.gradle\native\c067742578af261105cb4f569cf0c3c89f3d7b1fecec35dd04571415982c5e48\windows-amd64;C:\Users\DELL\.gradle\native\100fb08df4bc3b14c8652ba06237920a3bd2aa13389f12d3474272988ae205f9\windows-amd64

VM Arguments:
jvm_args: --add-opens=java.base/java.util=ALL-UNNAMED --add-opens=java.base/java.lang=ALL-UNNAMED --add-opens=java.base/java.lang.invoke=ALL-UNNAMED --add-opens=java.prefs/java.util.prefs=ALL-UNNAMED --add-exports=jdk.compiler/com.sun.tools.javac.api=ALL-UNNAMED --add-exports=jdk.compiler/com.sun.tools.javac.util=ALL-UNNAMED --add-opens=java.base/java.nio.charset=ALL-UNNAMED --add-opens=java.base/java.net=ALL-UNNAMED --add-opens=java.base/java.util.concurrent.atomic=ALL-UNNAMED -Xmx2048m -Dfile.encoding=UTF-8 -Duser.country=GB -Duser.language=en -Duser.variant -javaagent:C:\Users\DELL\.gradle\wrapper\dists\gradle-8.9-bin\90cnw93cvbtalezasaz0blq0a\gradle-8.9\lib\agents\gradle-instrumentation-agent-8.9.jar 
java_command: org.gradle.launcher.daemon.bootstrap.GradleDaemon 8.9
java_class_path (initial): C:\Users\DELL\.gradle\wrapper\dists\gradle-8.9-bin\90cnw93cvbtalezasaz0blq0a\gradle-8.9\lib\gradle-daemon-main-8.9.jar
Launcher Type: SUN_STANDARD

[Global flags]
     intx CICompilerCount                          = 4                                         {product} {ergonomic}
     uint ConcGCThreads                            = 2                                         {product} {ergonomic}
     uint G1ConcRefinementThreads                  = 8                                         {product} {ergonomic}
   size_t G1HeapRegionSize                         = 1048576                                   {product} {ergonomic}
    uintx GCDrainStackTargetSize                   = 64                                        {product} {ergonomic}
   size_t InitialHeapSize                          = 130023424                                 {product} {ergonomic}
   size_t MarkStackSize                            = 4194304                                   {product} {ergonomic}
   size_t MaxHeapSize                              = 2147483648                                {product} {command line}
   size_t MaxNewSize                               = 1287651328                                {product} {ergonomic}
   size_t MinHeapDeltaBytes                        = 1048576                                   {product} {ergonomic}
   size_t MinHeapSize                              = 8388608                                   {product} {ergonomic}
    uintx NonNMethodCodeHeapSize                   = 5839372                                {pd product} {ergonomic}
    uintx NonProfiledCodeHeapSize                  = 122909434                              {pd product} {ergonomic}
    uintx ProfiledCodeHeapSize                     = 122909434                              {pd product} {ergonomic}
    uintx ReservedCodeCacheSize                    = 251658240                              {pd product} {ergonomic}
     bool SegmentedCodeCache                       = true                                      {product} {ergonomic}
   size_t SoftMaxHeapSize                          = 2147483648                             {manageable} {ergonomic}
     bool UseCompressedOops                        = true                           {product lp64_product} {ergonomic}
     bool UseG1GC                                  = true                                      {product} {ergonomic}
     bool UseLargePagesIndividualAllocation        = false                                  {pd product} {ergonomic}

Logging:
Log output configuration:
 #0: stdout all=warning uptime,level,tags foldmultilines=false
 #1: stderr all=off uptime,level,tags foldmultilines=false

Environment Variables:
PATH=C:\Program Files\Microsoft MPI\Bin\;C:\Program Files\Python39\Scripts\;C:\Program Files\Python39\;C:\Windows\system32;C:\Windows;C:\Windows\System32\Wbem;C:\Windows\System32\WindowsPowerShell\v1.0\;C:\Windows\System32\OpenSSH\;C:\Program Files\NVIDIA Corporation\NVIDIA NvDLISR;C:\Program Files\dotnet\;C:\WINDOWS\system32;C:\WINDOWS;C:\WINDOWS\System32\Wbem;C:\WINDOWS\System32\WindowsPowerShell\v1.0\;C:\WINDOWS\System32\OpenSSH\;C:\Program Files\Git\cmd;C:\Program Files (x86)\Microsoft SQL Server\130\Tools\Binn\;C:\Program Files\Microsoft SQL Server\130\Tools\Binn\;C:\Program Files (x86)\Microsoft SQL Server\130\DTS\Binn\;C:\Program Files\Microsoft SQL Server\130\DTS\Binn\;C:\Program Files\Microsoft SQL Server\Client SDK\ODBC\130\Tools\Binn\;C:\Program Files (x86)\Microsoft SQL Server\160\DTS\Binn\;C:\Program Files\Azure Data Studio\bin;C:\Program Files\Microsoft SQL Server\Client SDK\ODBC\170\Tools\Binn\;C:\Program Files (x86)\Microsoft SQL Server\150\Tools\Binn\;C:\Program Files\Microsoft SQL Server\150\Tools\Binn\;C:\Program Files\Microsoft SQL Server\150\DTS\Binn\;C:\Program Files (x86)\Microsoft SQL Server\160\Tools\Binn\;C:\Program Files\Microsoft SQL Server\160\Tools\Binn\;C:\Program Files\Microsoft SQL Server\160\DTS\Binn\;C:\Program Files\nodejs\;C:\Users\DELL\AppData\Local\Microsoft\WindowsApps;C:\Program Files\Microsoft VS Code\bin;C:\Users\DELL\.dotnet\tools;C:\Program Files\Azure Data Studio\bin;C:\Users\DELL\AppData\Local\GitHubDesktop\bin;C:\Program Files\JetBrains\PyCharm Community Edition 2024.3.1.1\bin;;C:\Users\DELL\AppData\Roaming\npm;C:\flutter\bin;
USERNAME=DELL
OS=Windows_NT
PROCESSOR_IDENTIFIER=Intel64 Family 6 Model 140 Stepping 1, GenuineIntel
TMP=C:\Users\DELL\AppData\Local\Temp
TEMP=C:\Users\DELL\AppData\Local\Temp




Periodic native trim disabled

JNI global refs:
JNI global refs: 27, weak refs: 7

JNI global refs memory usage: 835, weak refs: 833

Process memory usage:
Resident Set Size: 319196K (3% of 8104744K total physical memory with 542484K free physical memory)

OOME stack traces (most recent first):
Classloader memory used:
Loader org.gradle.internal.classloader.VisitableURLClassLoader                         : 31859K
Loader bootstrap                                                                       : 22252K
Loader org.gradle.initialization.MixInLegacyTypesClassLoader                           : 7640K
Loader jdk.internal.loader.ClassLoaders$PlatformClassLoader                            : 513K
Loader jdk.internal.loader.ClassLoaders$AppClassLoader                                 : 230K
Loader org.gradle.internal.classloader.VisitableURLClassLoader                         : 73552B
Loader jdk.internal.reflect.DelegatingClassLoader                                      : 24032B

Classes loaded by more than one classloader:
Class org.gradle.internal.classloader.FilteringClassLoader                            : loaded 2 times (x 102B)
Class org.gradle.internal.classloader.ClassLoaderHierarchy                            : loaded 2 times (x 67B)
Class org.gradle.api.internal.classpath.ManifestUtil                                  : loaded 2 times (x 68B)
Class org.gradle.internal.classloader.DefaultClassLoaderFactory                       : loaded 2 times (x 79B)
Class org.gradle.internal.classloader.ClassLoaderVisitor                              : loaded 2 times (x 73B)
Class org.gradle.api.internal.classpath.EffectiveClassPath                            : loaded 2 times (x 87B)
Class org.gradle.api.internal.DefaultClassPathProvider                                : loaded 2 times (x 73B)
Class [Lorg.gradle.api.internal.ClassPathProvider;                                    : loaded 2 times (x 66B)
Class org.gradle.api.internal.ClassPathProvider                                       : loaded 2 times (x 67B)
Class org.gradle.internal.service.UnknownServiceException                             : loaded 2 times (x 80B)
Class org.gradle.internal.classpath.TransformedClassPath                              : loaded 2 times (x 93B)
Class org.gradle.internal.service.ServiceLocator                                      : loaded 2 times (x 67B)
Class org.gradle.internal.InternalTransformer                                         : loaded 2 times (x 67B)
Class org.gradle.internal.classloader.ClasspathUtil$1                                 : loaded 2 times (x 73B)
Class org.gradle.api.internal.classpath.DefaultModuleRegistry$DefaultModule           : loaded 2 times (x 83B)
Class org.gradle.api.internal.classpath.Module                                        : loaded 2 times (x 67B)
Class org.gradle.api.internal.classpath.UnknownModuleException                        : loaded 2 times (x 79B)
Class org.gradle.api.internal.DefaultClassPathRegistry                                : loaded 2 times (x 73B)
Class org.gradle.api.internal.ClassPathRegistry                                       : loaded 2 times (x 67B)
Class org.gradle.internal.classpath.DefaultClassPath$ImmutableUniqueList              : loaded 2 times (x 196B)
Class Settings_gradle$1                                                               : loaded 2 times (x 71B)
Class Program                                                                         : loaded 2 times (x 69B)
Class org.gradle.internal.classpath.ClassPath                                         : loaded 2 times (x 67B)
Class org.gradle.api.UncheckedIOException                                             : loaded 2 times (x 79B)
Class org.gradle.internal.installation.GradleInstallation$1                           : loaded 2 times (x 72B)
Class org.gradle.api.internal.classpath.ModuleRegistry                                : loaded 2 times (x 67B)
Class org.gradle.api.internal.classpath.DefaultModuleRegistry                         : loaded 2 times (x 80B)
Class org.gradle.internal.service.ServiceLookupException                              : loaded 2 times (x 79B)
Class org.gradle.internal.classloader.ClassLoaderFactory                              : loaded 2 times (x 67B)
Class org.gradle.internal.service.CachingServiceLocator                               : loaded 2 times (x 79B)
Class org.gradle.internal.classloader.ClasspathUtil                                   : loaded 2 times (x 68B)
Class org.gradle.api.specs.Spec                                                       : loaded 2 times (x 67B)
Class org.gradle.internal.classloader.VisitableURLClassLoader$InstrumentingVisitableURLClassLoader: loaded 2 times (x 120B)
Class org.gradle.internal.classloader.VisitableURLClassLoader$Spec                    : loaded 2 times (x 71B)
Class org.gradle.internal.classpath.DefaultClassPath                                  : loaded 2 times (x 87B)
Class org.gradle.internal.classloader.ClassLoaderSpec                                 : loaded 2 times (x 68B)
Class Settings_gradle$1$1                                                             : loaded 2 times (x 71B)
Class org.gradle.internal.classloader.VisitableURLClassLoader                         : loaded 2 times (x 114B)
Class Settings_gradle                                                                 : loaded 2 times (x 125B)
Class org.gradle.internal.Cast                                                        : loaded 2 times (x 68B)
Class org.gradle.api.Action                                                           : loaded 2 times (x 67B)
Class org.gradle.internal.agents.InstrumentingClassLoader                             : loaded 2 times (x 67B)
Class org.gradle.internal.classpath.DefaultClassPath$ImmutableUniqueList$Builder      : loaded 2 times (x 72B)
Class org.gradle.api.GradleException                                                  : loaded 2 times (x 79B)
Class org.gradle.internal.IoActions                                                   : loaded 2 times (x 68B)
Class org.gradle.internal.classloader.SystemClassLoaderSpec                           : loaded 2 times (x 68B)
Class org.gradle.internal.installation.CurrentGradleInstallationLocator               : loaded 2 times (x 68B)
Class org.gradle.internal.service.DefaultServiceLocator                               : loaded 2 times (x 80B)
Class org.gradle.internal.installation.CurrentGradleInstallation                      : loaded 2 times (x 70B)
Class org.gradle.util.internal.GUtil                                                  : loaded 2 times (x 68B)
Class org.gradle.internal.installation.GradleInstallation                             : loaded 2 times (x 72B)

---------------  S Y S T E M  ---------------

OS:
 Windows 11 , 64 bit Build 22621 (10.0.22621.4974)
OS uptime: 0 days 0:54 hours

CPU: total 8 (initial active 8) (4 cores per cpu, 2 threads per core) family 6 model 140 stepping 1 microcode 0xba, cx8, cmov, fxsr, ht, mmx, 3dnowpref, sse, sse2, sse3, ssse3, sse4.1, sse4.2, popcnt, lzcnt, tsc, tscinvbit, avx, avx2, aes, erms, clmul, bmi1, bmi2, adx, avx512f, avx512dq, avx512cd, avx512bw, avx512vl, sha, fma, vzeroupper, avx512_vpopcntdq, avx512_vpclmulqdq, avx512_vaes, avx512_vnni, clflush, clflushopt, clwb, avx512_vbmi2, avx512_vbmi, rdtscp, rdpid, fsrm, gfni, avx512_bitalg, f16c, pku, cet_ibt, cet_ss, avx512_ifma
Processor Information for processor 0
  Max Mhz: 2419, Current Mhz: 1209, Mhz Limit: 2419
Processor Information for processor 1
  Max Mhz: 2419, Current Mhz: 1209, Mhz Limit: 2419
Processor Information for processor 2
  Max Mhz: 2419, Current Mhz: 2419, Mhz Limit: 2419
Processor Information for processor 3
  Max Mhz: 2419, Current Mhz: 2419, Mhz Limit: 2419
Processor Information for processor 4
  Max Mhz: 2419, Current Mhz: 2419, Mhz Limit: 2419
Processor Information for processor 5
  Max Mhz: 2419, Current Mhz: 2419, Mhz Limit: 2419
Processor Information for processor 6
  Max Mhz: 2419, Current Mhz: 1209, Mhz Limit: 2419
Processor Information for processor 7
  Max Mhz: 2419, Current Mhz: 1209, Mhz Limit: 2419

Memory: 4k page, system-wide physical 7914M (530M free)
TotalPageFile size 14844M (AvailPageFile size 13M)
current process WorkingSet (physical memory assigned to process): 312M, peak: 312M
current process commit charge ("private bytes"): 347M, peak: 349M

vm_info: OpenJDK 64-Bit Server VM (21.0.3+-12282718-b509.11) for windows-amd64 JRE (21.0.3+-12282718-b509.11), built on 2024-08-27T17:34:15Z by "builder" with MS VC++ 16.10 / 16.11 (VS2019)

END.
