#
# There is insufficient memory for the Java Runtime Environment to continue.
# Native memory allocation (mmap) failed to map 1048576 bytes. Error detail: G1 virtual space
# Possible reasons:
#   The system is out of physical RAM or swap space
#   This process is running with CompressedOops enabled, and the Java Heap may be blocking the growth of the native heap
# Possible solutions:
#   Reduce memory load on the system
#   Increase physical memory or swap space
#   Check if swap backing store is full
#   Decrease Java heap size (-Xmx/-Xms)
#   Decrease number of Java threads
#   Decrease Java thread stack sizes (-Xss)
#   Set larger code cache with -XX:ReservedCodeCacheSize=
#   JVM is running with Unscaled Compressed Oops mode in which the Java heap is
#     placed in the first 4GB address space. The Java Heap base address is the
#     maximum limit for the native heap growth. Please use -XX:HeapBaseMinAddress
#     to set the Java Heap base and to place the Java Heap above 4GB virtual address.
# This output file may be truncated or incomplete.
#
#  Out of Memory Error (os_windows.cpp:3815), pid=12596, tid=9688
#
# JRE version: OpenJDK Runtime Environment (21.0.3) (build 21.0.3+-12282718-b509.11)
# Java VM: OpenJDK 64-Bit Server VM (21.0.3+-12282718-b509.11, mixed mode, tiered, compressed oops, compressed class ptrs, g1 gc, windows-amd64)
# No core dump will be written. Minidumps are not enabled by default on client versions of Windows
#

---------------  S U M M A R Y ------------

Command Line: --add-opens=java.base/java.util=ALL-UNNAMED --add-opens=java.base/java.lang=ALL-UNNAMED --add-opens=java.base/java.lang.invoke=ALL-UNNAMED --add-opens=java.prefs/java.util.prefs=ALL-UNNAMED --add-exports=jdk.compiler/com.sun.tools.javac.api=ALL-UNNAMED --add-exports=jdk.compiler/com.sun.tools.javac.util=ALL-UNNAMED --add-opens=java.base/java.nio.charset=ALL-UNNAMED --add-opens=java.base/java.net=ALL-UNNAMED --add-opens=java.base/java.util.concurrent.atomic=ALL-UNNAMED -Xmx2048m -Dfile.encoding=UTF-8 -Duser.country=GB -Duser.language=en -Duser.variant -javaagent:C:\Users\DELL\.gradle\wrapper\dists\gradle-8.9-bin\90cnw93cvbtalezasaz0blq0a\gradle-8.9\lib\agents\gradle-instrumentation-agent-8.9.jar org.gradle.launcher.daemon.bootstrap.GradleDaemon 8.9

Host: 11th Gen Intel(R) Core(TM) i5-1135G7 @ 2.40GHz, 8 cores, 7G,  Windows 11 , 64 bit Build 22621 (10.0.22621.4974)
Time: Fri Mar 28 18:06:17 2025 SE Asia Standard Time elapsed time: 7.903526 seconds (0d 0h 0m 7s)

---------------  T H R E A D  ---------------

Current thread (0x00000216fdb32830):  WorkerThread "GC Thread#2"    [id=9688, stack(0x000000edd5700000,0x000000edd5800000) (1024K)]

Stack: [0x000000edd5700000,0x000000edd5800000]
Native frames: (J=compiled Java code, j=interpreted, Vv=VM code, C=native code)
V  [jvm.dll+0x6cafb9]
V  [jvm.dll+0x858523]
V  [jvm.dll+0x85aa7e]
V  [jvm.dll+0x85b163]
V  [jvm.dll+0x27d356]
V  [jvm.dll+0x6c7865]
V  [jvm.dll+0x6bbd3a]
V  [jvm.dll+0x35199b]
V  [jvm.dll+0x3595d6]
V  [jvm.dll+0x3aa52b]
V  [jvm.dll+0x3aabe4]
V  [jvm.dll+0x3aacad]
V  [jvm.dll+0x32586c]
V  [jvm.dll+0x3255c8]
V  [jvm.dll+0x315e36]
V  [jvm.dll+0x316cca]
V  [jvm.dll+0x317177]
V  [jvm.dll+0x316b2e]
V  [jvm.dll+0x35380a]
V  [jvm.dll+0x353b86]
V  [jvm.dll+0x354cca]
V  [jvm.dll+0x354944]
V  [jvm.dll+0x368fa9]
V  [jvm.dll+0x36966a]
V  [jvm.dll+0x369767]
V  [jvm.dll+0x36a64b]
V  [jvm.dll+0x885984]
V  [jvm.dll+0x800d78]
V  [jvm.dll+0x6c98cd]
C  [ucrtbase.dll+0x29333]
C  [KERNEL32.DLL+0x1259d]
C  [ntdll.dll+0x5af38]


---------------  P R O C E S S  ---------------

Threads class SMR info:
_java_thread_list=0x0000021688f7df00, length=55, elements={
0x00000216e43c4a00, 0x00000216fdd490b0, 0x00000216fdd4a670, 0x00000216fdd60a70,
0x00000216fdd63800, 0x00000216fdd64260, 0x00000216fdd7df70, 0x00000216fdd7f100,
0x00000216fdd80a10, 0x00000216fdeb9180, 0x00000216fe08e940, 0x00000216844028c0,
0x0000021684446060, 0x00000216843500d0, 0x00000216843d8700, 0x0000021684325210,
0x0000021684414490, 0x0000021684414b20, 0x00000216844151b0, 0x0000021684415840,
0x0000021684417910, 0x0000021684416560, 0x0000021684417280, 0x0000021684416bf0,
0x00000216845e8b90, 0x00000216845e2fb0, 0x00000216845e9220, 0x00000216845ea5d0,
0x00000216845e5080, 0x00000216845e5da0, 0x00000216845e5710, 0x00000216845e98b0,
0x00000216845e49f0, 0x00000216845e77e0, 0x00000216845e7e70, 0x00000216863803e0,
0x000002168637e9a0, 0x000002168637cf60, 0x000002168637c8d0, 0x0000021686381e20,
0x0000021686380a70, 0x00000216863831d0, 0x0000021686381100, 0x000002168637f6c0,
0x0000021686381790, 0x00000216863824b0, 0x000002168637dc80, 0x000002168637e310,
0x0000021686382b40, 0x000002168637f030, 0x0000021686383860, 0x000002168637d5f0,
0x000002168637fd50, 0x0000021688e6dba0, 0x00000216843fd760
}

Java Threads: ( => current thread )
  0x00000216e43c4a00 JavaThread "main"                              [_thread_blocked, id=2232, stack(0x000000edd4200000,0x000000edd4300000) (1024K)]
  0x00000216fdd490b0 JavaThread "Reference Handler"          daemon [_thread_blocked, id=17664, stack(0x000000edd4a00000,0x000000edd4b00000) (1024K)]
  0x00000216fdd4a670 JavaThread "Finalizer"                  daemon [_thread_blocked, id=21416, stack(0x000000edd4b00000,0x000000edd4c00000) (1024K)]
  0x00000216fdd60a70 JavaThread "Signal Dispatcher"          daemon [_thread_blocked, id=16440, stack(0x000000edd4c00000,0x000000edd4d00000) (1024K)]
  0x00000216fdd63800 JavaThread "Attach Listener"            daemon [_thread_blocked, id=2720, stack(0x000000edd4d00000,0x000000edd4e00000) (1024K)]
  0x00000216fdd64260 JavaThread "Service Thread"             daemon [_thread_blocked, id=19676, stack(0x000000edd4e00000,0x000000edd4f00000) (1024K)]
  0x00000216fdd7df70 JavaThread "Monitor Deflation Thread"   daemon [_thread_blocked, id=18156, stack(0x000000edd4f00000,0x000000edd5000000) (1024K)]
  0x00000216fdd7f100 JavaThread "C2 CompilerThread0"         daemon [_thread_blocked, id=6136, stack(0x000000edd5000000,0x000000edd5100000) (1024K)]
  0x00000216fdd80a10 JavaThread "C1 CompilerThread0"         daemon [_thread_blocked, id=9836, stack(0x000000edd5100000,0x000000edd5200000) (1024K)]
  0x00000216fdeb9180 JavaThread "Common-Cleaner"             daemon [_thread_blocked, id=3376, stack(0x000000edd5200000,0x000000edd5300000) (1024K)]
  0x00000216fe08e940 JavaThread "Notification Thread"        daemon [_thread_blocked, id=18216, stack(0x000000edd5300000,0x000000edd5400000) (1024K)]
  0x00000216844028c0 JavaThread "Daemon health stats"               [_thread_blocked, id=20240, stack(0x000000edd5a00000,0x000000edd5b00000) (1024K)]
  0x0000021684446060 JavaThread "Incoming local TCP Connector on port 58976"        [_thread_in_native, id=6548, stack(0x000000edd5b00000,0x000000edd5c00000) (1024K)]
  0x00000216843500d0 JavaThread "Daemon periodic checks"            [_thread_blocked, id=10344, stack(0x000000edd5c00000,0x000000edd5d00000) (1024K)]
  0x00000216843d8700 JavaThread "Daemon"                            [_thread_blocked, id=10184, stack(0x000000edd5d00000,0x000000edd5e00000) (1024K)]
  0x0000021684325210 JavaThread "Handler for socket connection from /127.0.0.1:58976 to /127.0.0.1:58977"        [_thread_in_native, id=2832, stack(0x000000edd5e00000,0x000000edd5f00000) (1024K)]
  0x0000021684414490 JavaThread "Cancel handler"                    [_thread_blocked, id=13732, stack(0x000000edd5f00000,0x000000edd6000000) (1024K)]
  0x0000021684414b20 JavaThread "Daemon worker"                     [_thread_blocked, id=17824, stack(0x000000edd6000000,0x000000edd6100000) (1024K)]
  0x00000216844151b0 JavaThread "Asynchronous log dispatcher for DefaultDaemonConnection: socket connection from /127.0.0.1:58976 to /127.0.0.1:58977"        [_thread_blocked, id=5084, stack(0x000000edd6100000,0x000000edd6200000) (1024K)]
  0x0000021684415840 JavaThread "Stdin handler"                     [_thread_blocked, id=14228, stack(0x000000edd6200000,0x000000edd6300000) (1024K)]
  0x0000021684417910 JavaThread "Daemon client event forwarder"        [_thread_blocked, id=16092, stack(0x000000edd6300000,0x000000edd6400000) (1024K)]
  0x0000021684416560 JavaThread "Cache worker for journal cache (C:\Users\DELL\.gradle\caches\journal-1)"        [_thread_blocked, id=3448, stack(0x000000edd6800000,0x000000edd6900000) (1024K)]
  0x0000021684417280 JavaThread "File lock request listener"        [_thread_in_native, id=2844, stack(0x000000edd6900000,0x000000edd6a00000) (1024K)]
  0x0000021684416bf0 JavaThread "Cache worker for file hash cache (C:\Users\DELL\.gradle\caches\8.9\fileHashes)"        [_thread_blocked, id=5220, stack(0x000000edd6a00000,0x000000edd6b00000) (1024K)]
  0x00000216845e8b90 JavaThread "Cache worker for file hash cache (E:\HocTap\BaiTap\.gradle\8.9\fileHashes)"        [_thread_blocked, id=16768, stack(0x000000edd6b00000,0x000000edd6c00000) (1024K)]
  0x00000216845e2fb0 JavaThread "Cache worker for Build Output Cleanup Cache (E:\HocTap\BaiTap\.gradle\buildOutputCleanup)"        [_thread_blocked, id=15032, stack(0x000000edd6c00000,0x000000edd6d00000) (1024K)]
  0x00000216845e9220 JavaThread "File watcher server"        daemon [_thread_blocked, id=20144, stack(0x000000edd6d00000,0x000000edd6e00000) (1024K)]
  0x00000216845ea5d0 JavaThread "File watcher consumer"      daemon [_thread_blocked, id=10776, stack(0x000000edd6e00000,0x000000edd6f00000) (1024K)]
  0x00000216845e5080 JavaThread "Cache worker for checksums cache (E:\HocTap\BaiTap\.gradle\8.9\checksums)"        [_thread_blocked, id=7076, stack(0x000000edd6f00000,0x000000edd7000000) (1024K)]
  0x00000216845e5da0 JavaThread "Cache worker for file content cache (C:\Users\DELL\.gradle\caches\8.9\fileContent)"        [_thread_blocked, id=17268, stack(0x000000edd7000000,0x000000edd7100000) (1024K)]
  0x00000216845e5710 JavaThread "Cache worker for cache directory md-rule (C:\Users\DELL\.gradle\caches\8.9\md-rule)"        [_thread_blocked, id=10032, stack(0x000000edd7100000,0x000000edd7200000) (1024K)]
  0x00000216845e98b0 JavaThread "Cache worker for cache directory md-supplier (C:\Users\DELL\.gradle\caches\8.9\md-supplier)"        [_thread_blocked, id=17708, stack(0x000000edd7200000,0x000000edd7300000) (1024K)]
  0x00000216845e49f0 JavaThread "Unconstrained build operations"        [_thread_blocked, id=18228, stack(0x000000edd7300000,0x000000edd7400000) (1024K)]
  0x00000216845e77e0 JavaThread "Unconstrained build operations Thread 2"        [_thread_blocked, id=8920, stack(0x000000edd7400000,0x000000edd7500000) (1024K)]
  0x00000216845e7e70 JavaThread "Unconstrained build operations Thread 3"        [_thread_blocked, id=4460, stack(0x000000edd7500000,0x000000edd7600000) (1024K)]
  0x00000216863803e0 JavaThread "Unconstrained build operations Thread 4"        [_thread_blocked, id=2976, stack(0x000000edd7600000,0x000000edd7700000) (1024K)]
  0x000002168637e9a0 JavaThread "Unconstrained build operations Thread 5"        [_thread_blocked, id=10712, stack(0x000000edd7700000,0x000000edd7800000) (1024K)]
  0x000002168637cf60 JavaThread "Unconstrained build operations Thread 6"        [_thread_blocked, id=13520, stack(0x000000edd7800000,0x000000edd7900000) (1024K)]
  0x000002168637c8d0 JavaThread "Unconstrained build operations Thread 7"        [_thread_blocked, id=20036, stack(0x000000edd7900000,0x000000edd7a00000) (1024K)]
  0x0000021686381e20 JavaThread "Unconstrained build operations Thread 8"        [_thread_blocked, id=18916, stack(0x000000edd7a00000,0x000000edd7b00000) (1024K)]
  0x0000021686380a70 JavaThread "Unconstrained build operations Thread 9"        [_thread_blocked, id=17548, stack(0x000000edd7b00000,0x000000edd7c00000) (1024K)]
  0x00000216863831d0 JavaThread "Unconstrained build operations Thread 10"        [_thread_blocked, id=20052, stack(0x000000edd7c00000,0x000000edd7d00000) (1024K)]
  0x0000021686381100 JavaThread "Unconstrained build operations Thread 11"        [_thread_blocked, id=9980, stack(0x000000edd7d00000,0x000000edd7e00000) (1024K)]
  0x000002168637f6c0 JavaThread "Unconstrained build operations Thread 12"        [_thread_blocked, id=17848, stack(0x000000edd7e00000,0x000000edd7f00000) (1024K)]
  0x0000021686381790 JavaThread "Unconstrained build operations Thread 13"        [_thread_blocked, id=20452, stack(0x000000edd7f00000,0x000000edd8000000) (1024K)]
  0x00000216863824b0 JavaThread "Unconstrained build operations Thread 14"        [_thread_blocked, id=18768, stack(0x000000edd8000000,0x000000edd8100000) (1024K)]
  0x000002168637dc80 JavaThread "Unconstrained build operations Thread 15"        [_thread_blocked, id=20884, stack(0x000000edd8100000,0x000000edd8200000) (1024K)]
  0x000002168637e310 JavaThread "Unconstrained build operations Thread 16"        [_thread_blocked, id=11388, stack(0x000000edd8200000,0x000000edd8300000) (1024K)]
  0x0000021686382b40 JavaThread "Unconstrained build operations Thread 17"        [_thread_blocked, id=20436, stack(0x000000edd8300000,0x000000edd8400000) (1024K)]
  0x000002168637f030 JavaThread "Unconstrained build operations Thread 18"        [_thread_blocked, id=11100, stack(0x000000edd8400000,0x000000edd8500000) (1024K)]
  0x0000021686383860 JavaThread "Unconstrained build operations Thread 19"        [_thread_blocked, id=3340, stack(0x000000edd8500000,0x000000edd8600000) (1024K)]
  0x000002168637d5f0 JavaThread "Unconstrained build operations Thread 20"        [_thread_blocked, id=18040, stack(0x000000edd8600000,0x000000edd8700000) (1024K)]
  0x000002168637fd50 JavaThread "Unconstrained build operations Thread 21"        [_thread_blocked, id=8956, stack(0x000000edd8700000,0x000000edd8800000) (1024K)]
  0x0000021688e6dba0 JavaThread "C2 CompilerThread1"         daemon [_thread_blocked, id=10272, stack(0x000000edd5400000,0x000000edd5500000) (1024K)]
  0x00000216843fd760 JavaThread "C2 CompilerThread2"         daemon [_thread_blocked, id=15420, stack(0x000000edd5500000,0x000000edd5600000) (1024K)]
Total: 55

Other Threads:
  0x00000216fdb33a50 VMThread "VM Thread"                           [id=19044, stack(0x000000edd4900000,0x000000edd4a00000) (1024K)]
  0x00000216fdb26770 WatcherThread "VM Periodic Task Thread"        [id=17456, stack(0x000000edd4800000,0x000000edd4900000) (1024K)]
  0x00000216e6526000 WorkerThread "GC Thread#0"                     [id=5028, stack(0x000000edd4300000,0x000000edd4400000) (1024K)]
  0x00000216fdb33df0 WorkerThread "GC Thread#1"                     [id=21136, stack(0x000000edd5600000,0x000000edd5700000) (1024K)]
=>0x00000216fdb32830 WorkerThread "GC Thread#2"                     [id=9688, stack(0x000000edd5700000,0x000000edd5800000) (1024K)]
  0x00000216fdb336b0 WorkerThread "GC Thread#3"                     [id=7692, stack(0x000000edd5800000,0x000000edd5900000) (1024K)]
  0x00000216fdb34190 WorkerThread "GC Thread#4"                     [id=19788, stack(0x000000edd5900000,0x000000edd5a00000) (1024K)]
  0x000002168411af50 WorkerThread "GC Thread#5"                     [id=19488, stack(0x000000edd6400000,0x000000edd6500000) (1024K)]
  0x000002168411a470 WorkerThread "GC Thread#6"                     [id=18376, stack(0x000000edd6500000,0x000000edd6600000) (1024K)]
  0x000002168411abb0 WorkerThread "GC Thread#7"                     [id=21304, stack(0x000000edd6600000,0x000000edd6700000) (1024K)]
  0x00000216e6537150 ConcurrentGCThread "G1 Main Marker"            [id=4728, stack(0x000000edd4400000,0x000000edd4500000) (1024K)]
  0x00000216e65383f0 WorkerThread "G1 Conc#0"                       [id=9032, stack(0x000000edd4500000,0x000000edd4600000) (1024K)]
  0x0000021684117550 WorkerThread "G1 Conc#1"                       [id=2484, stack(0x000000edd6700000,0x000000edd6800000) (1024K)]
  0x00000216e658e420 ConcurrentGCThread "G1 Refine#0"               [id=14608, stack(0x000000edd4600000,0x000000edd4700000) (1024K)]
  0x00000216fd9fc530 ConcurrentGCThread "G1 Service"                [id=10628, stack(0x000000edd4700000,0x000000edd4800000) (1024K)]
Total: 15

Threads with active compile tasks:
C2 CompilerThread2     7923 8249       4       org.jetbrains.kotlin.com.intellij.openapi.vfs.impl.ArchiveHandler::processEntry (225 bytes)
Total: 1

VM state: at safepoint (normal execution)

VM Mutex/Monitor currently owned by a thread:  ([mutex/lock_event])
[0x00007ffaa439f9c8] FreeList_lock - owner thread: 0x00000216fdb32830
[0x00007ffaa43a20c8] Threads_lock - owner thread: 0x00000216fdb33a50
[0x00007ffaa43a21c8] Heap_lock - owner thread: 0x0000021684414b20

Heap address: 0x0000000080000000, size: 2048 MB, Compressed Oops mode: 32-bit

CDS archive(s) not mapped
Compressed class space mapped at: 0x0000000100000000-0x0000000140000000, reserved size: 1073741824
Narrow klass base: 0x0000000000000000, Narrow klass shift: 3, Narrow klass range: 0x140000000

GC Precious Log:
 CardTable entry size: 512
 Card Set container configuration: InlinePtr #cards 5 size 8 Array Of Cards #cards 12 size 40 Howl #buckets 4 coarsen threshold 1843 Howl Bitmap #cards 512 size 80 coarsen threshold 460 Card regions per heap region 1 cards per card region 2048
 CPUs: 8 total, 8 available
 Memory: 7914M
 Large Page Support: Disabled
 NUMA Support: Disabled
 Compressed Oops: Enabled (32-bit)
 Heap Region Size: 1M
 Heap Min Capacity: 8M
 Heap Initial Capacity: 124M
 Heap Max Capacity: 2G
 Pre-touch: Disabled
 Parallel Workers: 8
 Concurrent Workers: 2
 Concurrent Refinement Workers: 8
 Periodic GC: Disabled

Heap:
 garbage-first heap   total 123904K, used 113908K [0x0000000080000000, 0x0000000100000000)
  region size 1024K, 60 young (61440K), 7 survivors (7168K)
 Metaspace       used 81477K, committed 83264K, reserved 1179648K
  class space    used 11437K, committed 12288K, reserved 1048576K

Heap Regions: E=young(eden), S=young(survivor), O=old, HS=humongous(starts), HC=humongous(continues), CS=collection set, F=free, TAMS=top-at-mark-start, PB=parsable bottom
|   0|0x0000000080000000, 0x0000000080100000, 0x0000000080100000|100%|HS|  |TAMS 0x0000000080000000| PB 0x0000000080000000| Complete 
|   1|0x0000000080100000, 0x0000000080200000, 0x0000000080200000|100%|HC|  |TAMS 0x0000000080100000| PB 0x0000000080100000| Complete 
|   2|0x0000000080200000, 0x0000000080300000, 0x0000000080300000|100%|HC|  |TAMS 0x0000000080200000| PB 0x0000000080200000| Complete 
|   3|0x0000000080300000, 0x0000000080400000, 0x0000000080400000|100%|HC|  |TAMS 0x0000000080300000| PB 0x0000000080300000| Complete 
|   4|0x0000000080400000, 0x0000000080500000, 0x0000000080500000|100%| O|  |TAMS 0x0000000080400000| PB 0x0000000080400000| Untracked 
|   5|0x0000000080500000, 0x0000000080600000, 0x0000000080600000|100%| O|  |TAMS 0x0000000080500000| PB 0x0000000080500000| Untracked 
|   6|0x0000000080600000, 0x0000000080700000, 0x0000000080700000|100%| O|  |TAMS 0x0000000080600000| PB 0x0000000080600000| Untracked 
|   7|0x0000000080700000, 0x0000000080800000, 0x0000000080800000|100%| O|  |TAMS 0x0000000080700000| PB 0x0000000080700000| Untracked 
|   8|0x0000000080800000, 0x0000000080900000, 0x0000000080900000|100%| O|  |TAMS 0x0000000080800000| PB 0x0000000080800000| Untracked 
|   9|0x0000000080900000, 0x0000000080a00000, 0x0000000080a00000|100%| O|  |TAMS 0x0000000080900000| PB 0x0000000080900000| Untracked 
|  10|0x0000000080a00000, 0x0000000080b00000, 0x0000000080b00000|100%| O|  |TAMS 0x0000000080a00000| PB 0x0000000080a00000| Untracked 
|  11|0x0000000080b00000, 0x0000000080c00000, 0x0000000080c00000|100%|HS|  |TAMS 0x0000000080b00000| PB 0x0000000080b00000| Complete 
|  12|0x0000000080c00000, 0x0000000080d00000, 0x0000000080d00000|100%| O|  |TAMS 0x0000000080c00000| PB 0x0000000080c00000| Untracked 
|  13|0x0000000080d00000, 0x0000000080e00000, 0x0000000080e00000|100%| O|  |TAMS 0x0000000080d00000| PB 0x0000000080d00000| Untracked 
|  14|0x0000000080e00000, 0x0000000080f00000, 0x0000000080f00000|100%| O|  |TAMS 0x0000000080e00000| PB 0x0000000080e00000| Untracked 
|  15|0x0000000080f00000, 0x0000000081000000, 0x0000000081000000|100%| O|  |TAMS 0x0000000080f00000| PB 0x0000000080f00000| Untracked 
|  16|0x0000000081000000, 0x0000000081100000, 0x0000000081100000|100%| O|  |TAMS 0x0000000081000000| PB 0x0000000081000000| Untracked 
|  17|0x0000000081100000, 0x0000000081200000, 0x0000000081200000|100%| O|  |TAMS 0x0000000081100000| PB 0x0000000081100000| Untracked 
|  18|0x0000000081200000, 0x0000000081300000, 0x0000000081300000|100%| O|  |TAMS 0x0000000081200000| PB 0x0000000081200000| Untracked 
|  19|0x0000000081300000, 0x0000000081400000, 0x0000000081400000|100%| O|  |TAMS 0x0000000081300000| PB 0x0000000081300000| Untracked 
|  20|0x0000000081400000, 0x0000000081500000, 0x0000000081500000|100%| O|  |TAMS 0x0000000081400000| PB 0x0000000081400000| Untracked 
|  21|0x0000000081500000, 0x0000000081600000, 0x0000000081600000|100%| O|  |TAMS 0x0000000081500000| PB 0x0000000081500000| Untracked 
|  22|0x0000000081600000, 0x0000000081700000, 0x0000000081700000|100%| O|  |TAMS 0x0000000081600000| PB 0x0000000081600000| Untracked 
|  23|0x0000000081700000, 0x0000000081800000, 0x0000000081800000|100%| O|  |TAMS 0x0000000081700000| PB 0x0000000081700000| Untracked 
|  24|0x0000000081800000, 0x0000000081900000, 0x0000000081900000|100%| O|  |TAMS 0x0000000081800000| PB 0x0000000081800000| Untracked 
|  25|0x0000000081900000, 0x0000000081a00000, 0x0000000081a00000|100%| O|  |TAMS 0x0000000081900000| PB 0x0000000081900000| Untracked 
|  26|0x0000000081a00000, 0x0000000081b00000, 0x0000000081b00000|100%| O|  |TAMS 0x0000000081a00000| PB 0x0000000081a00000| Untracked 
|  27|0x0000000081b00000, 0x0000000081c00000, 0x0000000081c00000|100%| O|  |TAMS 0x0000000081b00000| PB 0x0000000081b00000| Untracked 
|  28|0x0000000081c00000, 0x0000000081d00000, 0x0000000081d00000|100%| O|  |TAMS 0x0000000081c00000| PB 0x0000000081c00000| Untracked 
|  29|0x0000000081d00000, 0x0000000081e00000, 0x0000000081e00000|100%| O|  |TAMS 0x0000000081d00000| PB 0x0000000081d00000| Untracked 
|  30|0x0000000081e00000, 0x0000000081f00000, 0x0000000081f00000|100%| O|  |TAMS 0x0000000081e00000| PB 0x0000000081e00000| Untracked 
|  31|0x0000000081f00000, 0x0000000082000000, 0x0000000082000000|100%| O|  |TAMS 0x0000000081f00000| PB 0x0000000081f00000| Untracked 
|  32|0x0000000082000000, 0x0000000082100000, 0x0000000082100000|100%| O|  |TAMS 0x0000000082000000| PB 0x0000000082000000| Untracked 
|  33|0x0000000082100000, 0x0000000082200000, 0x0000000082200000|100%| O|  |TAMS 0x0000000082100000| PB 0x0000000082100000| Untracked 
|  34|0x0000000082200000, 0x0000000082300000, 0x0000000082300000|100%|HS|  |TAMS 0x0000000082200000| PB 0x0000000082200000| Complete 
|  35|0x0000000082300000, 0x0000000082400000, 0x0000000082400000|100%| O|  |TAMS 0x0000000082300000| PB 0x0000000082300000| Untracked 
|  36|0x0000000082400000, 0x0000000082500000, 0x0000000082500000|100%| O|  |TAMS 0x0000000082400000| PB 0x0000000082400000| Untracked 
|  37|0x0000000082500000, 0x0000000082600000, 0x0000000082600000|100%| O|  |TAMS 0x0000000082500000| PB 0x0000000082500000| Untracked 
|  38|0x0000000082600000, 0x0000000082700000, 0x0000000082700000|100%| O|  |TAMS 0x0000000082600000| PB 0x0000000082600000| Untracked 
|  39|0x0000000082700000, 0x0000000082800000, 0x0000000082800000|100%| O|  |TAMS 0x0000000082700000| PB 0x0000000082700000| Untracked 
|  40|0x0000000082800000, 0x0000000082900000, 0x0000000082900000|100%| O|  |TAMS 0x0000000082800000| PB 0x0000000082800000| Untracked 
|  41|0x0000000082900000, 0x0000000082a00000, 0x0000000082a00000|100%| O|  |TAMS 0x0000000082900000| PB 0x0000000082900000| Untracked 
|  42|0x0000000082a00000, 0x0000000082b00000, 0x0000000082b00000|100%| O|  |TAMS 0x0000000082a00000| PB 0x0000000082a00000| Untracked 
|  43|0x0000000082b00000, 0x0000000082c00000, 0x0000000082c00000|100%| O|  |TAMS 0x0000000082b00000| PB 0x0000000082b00000| Untracked 
|  44|0x0000000082c00000, 0x0000000082d00000, 0x0000000082d00000|100%| O|  |TAMS 0x0000000082c00000| PB 0x0000000082c00000| Untracked 
|  45|0x0000000082d00000, 0x0000000082e00000, 0x0000000082e00000|100%| O|Cm|TAMS 0x0000000082d00000| PB 0x0000000082d00000| Complete 
|  46|0x0000000082e00000, 0x0000000082f00000, 0x0000000082f00000|100%| O|  |TAMS 0x0000000082e00000| PB 0x0000000082e00000| Untracked 
|  47|0x0000000082f00000, 0x0000000083000000, 0x0000000083000000|100%|HS|  |TAMS 0x0000000082f00000| PB 0x0000000082f00000| Complete 
|  48|0x0000000083000000, 0x0000000083100000, 0x0000000083100000|100%|HS|  |TAMS 0x0000000083000000| PB 0x0000000083000000| Complete 
|  49|0x0000000083100000, 0x0000000083200000, 0x0000000083200000|100%|HS|  |TAMS 0x0000000083100000| PB 0x0000000083100000| Complete 
|  50|0x0000000083200000, 0x0000000083300000, 0x0000000083300000|100%| O|  |TAMS 0x0000000083200000| PB 0x0000000083200000| Untracked 
|  51|0x0000000083300000, 0x0000000083400000, 0x0000000083400000|100%|HS|  |TAMS 0x0000000083300000| PB 0x0000000083300000| Complete 
|  52|0x0000000083400000, 0x0000000083500000, 0x0000000083500000|100%|HC|  |TAMS 0x0000000083400000| PB 0x0000000083400000| Complete 
|  53|0x0000000083500000, 0x0000000083600000, 0x0000000083600000|100%|HC|  |TAMS 0x0000000083500000| PB 0x0000000083500000| Complete 
|  54|0x0000000083600000, 0x0000000083700000, 0x0000000083700000|100%|HC|  |TAMS 0x0000000083600000| PB 0x0000000083600000| Complete 
|  55|0x0000000083700000, 0x0000000083800000, 0x0000000083800000|100%|HC|  |TAMS 0x0000000083700000| PB 0x0000000083700000| Complete 
|  56|0x0000000083800000, 0x0000000083900000, 0x0000000083900000|100%|HC|  |TAMS 0x0000000083800000| PB 0x0000000083800000| Complete 
|  57|0x0000000083900000, 0x0000000083a00000, 0x0000000083a00000|100%| E|CS|TAMS 0x0000000083900000| PB 0x0000000083900000| Complete 
|  58|0x0000000083a00000, 0x0000000083b00000, 0x0000000083b00000|100%| E|CS|TAMS 0x0000000083a00000| PB 0x0000000083a00000| Complete 
|  59|0x0000000083b00000, 0x0000000083c00000, 0x0000000083c00000|100%| E|CS|TAMS 0x0000000083b00000| PB 0x0000000083b00000| Complete 
|  60|0x0000000083c00000, 0x0000000083d00000, 0x0000000083d00000|100%| E|CS|TAMS 0x0000000083c00000| PB 0x0000000083c00000| Complete 
|  61|0x0000000083d00000, 0x0000000083e00000, 0x0000000083e00000|100%| E|CS|TAMS 0x0000000083d00000| PB 0x0000000083d00000| Complete 
|  62|0x0000000083e00000, 0x0000000083f00000, 0x0000000083f00000|100%| E|CS|TAMS 0x0000000083e00000| PB 0x0000000083e00000| Complete 
|  63|0x0000000083f00000, 0x0000000084000000, 0x0000000084000000|100%| E|CS|TAMS 0x0000000083f00000| PB 0x0000000083f00000| Complete 
|  64|0x0000000084000000, 0x0000000084100000, 0x0000000084100000|100%| E|CS|TAMS 0x0000000084000000| PB 0x0000000084000000| Complete 
|  65|0x0000000084100000, 0x0000000084200000, 0x0000000084200000|100%| E|CS|TAMS 0x0000000084100000| PB 0x0000000084100000| Complete 
|  66|0x0000000084200000, 0x0000000084300000, 0x0000000084300000|100%| E|CS|TAMS 0x0000000084200000| PB 0x0000000084200000| Complete 
|  67|0x0000000084300000, 0x0000000084400000, 0x0000000084400000|100%| E|CS|TAMS 0x0000000084300000| PB 0x0000000084300000| Complete 
|  68|0x0000000084400000, 0x0000000084500000, 0x0000000084500000|100%| E|CS|TAMS 0x0000000084400000| PB 0x0000000084400000| Complete 
|  69|0x0000000084500000, 0x0000000084600000, 0x0000000084600000|100%| E|CS|TAMS 0x0000000084500000| PB 0x0000000084500000| Complete 
|  70|0x0000000084600000, 0x0000000084700000, 0x0000000084700000|100%| E|CS|TAMS 0x0000000084600000| PB 0x0000000084600000| Complete 
|  71|0x0000000084700000, 0x0000000084800000, 0x0000000084800000|100%| E|CS|TAMS 0x0000000084700000| PB 0x0000000084700000| Complete 
|  72|0x0000000084800000, 0x0000000084900000, 0x0000000084900000|100%| E|CS|TAMS 0x0000000084800000| PB 0x0000000084800000| Complete 
|  73|0x0000000084900000, 0x0000000084a00000, 0x0000000084a00000|100%| E|CS|TAMS 0x0000000084900000| PB 0x0000000084900000| Complete 
|  74|0x0000000084a00000, 0x0000000084b00000, 0x0000000084b00000|100%| E|CS|TAMS 0x0000000084a00000| PB 0x0000000084a00000| Complete 
|  75|0x0000000084b00000, 0x0000000084c00000, 0x0000000084c00000|100%| E|CS|TAMS 0x0000000084b00000| PB 0x0000000084b00000| Complete 
|  76|0x0000000084c00000, 0x0000000084d00000, 0x0000000084d00000|100%| E|CS|TAMS 0x0000000084c00000| PB 0x0000000084c00000| Complete 
|  77|0x0000000084d00000, 0x0000000084e00000, 0x0000000084e00000|100%| E|CS|TAMS 0x0000000084d00000| PB 0x0000000084d00000| Complete 
|  78|0x0000000084e00000, 0x0000000084f00000, 0x0000000084f00000|100%| E|CS|TAMS 0x0000000084e00000| PB 0x0000000084e00000| Complete 
|  79|0x0000000084f00000, 0x0000000085000000, 0x0000000085000000|100%| E|CS|TAMS 0x0000000084f00000| PB 0x0000000084f00000| Complete 
|  80|0x0000000085000000, 0x0000000085100000, 0x0000000085100000|100%| E|CS|TAMS 0x0000000085000000| PB 0x0000000085000000| Complete 
|  81|0x0000000085100000, 0x0000000085200000, 0x0000000085200000|100%| E|CS|TAMS 0x0000000085100000| PB 0x0000000085100000| Complete 
|  82|0x0000000085200000, 0x0000000085300000, 0x0000000085300000|100%| E|CS|TAMS 0x0000000085200000| PB 0x0000000085200000| Complete 
|  83|0x0000000085300000, 0x0000000085400000, 0x0000000085400000|100%| E|CS|TAMS 0x0000000085300000| PB 0x0000000085300000| Complete 
|  84|0x0000000085400000, 0x0000000085500000, 0x0000000085500000|100%| E|CS|TAMS 0x0000000085400000| PB 0x0000000085400000| Complete 
|  85|0x0000000085500000, 0x0000000085600000, 0x0000000085600000|100%| E|CS|TAMS 0x0000000085500000| PB 0x0000000085500000| Complete 
|  86|0x0000000085600000, 0x0000000085700000, 0x0000000085700000|100%| E|CS|TAMS 0x0000000085600000| PB 0x0000000085600000| Complete 
|  87|0x0000000085700000, 0x0000000085800000, 0x0000000085800000|100%| E|CS|TAMS 0x0000000085700000| PB 0x0000000085700000| Complete 
|  88|0x0000000085800000, 0x0000000085900000, 0x0000000085900000|100%| E|CS|TAMS 0x0000000085800000| PB 0x0000000085800000| Complete 
|  89|0x0000000085900000, 0x0000000085a00000, 0x0000000085a00000|100%| E|CS|TAMS 0x0000000085900000| PB 0x0000000085900000| Complete 
|  90|0x0000000085a00000, 0x0000000085b00000, 0x0000000085b00000|100%| E|CS|TAMS 0x0000000085a00000| PB 0x0000000085a00000| Complete 
|  91|0x0000000085b00000, 0x0000000085c00000, 0x0000000085c00000|100%| E|CS|TAMS 0x0000000085b00000| PB 0x0000000085b00000| Complete 
|  92|0x0000000085c00000, 0x0000000085d00000, 0x0000000085d00000|100%| E|CS|TAMS 0x0000000085c00000| PB 0x0000000085c00000| Complete 
|  93|0x0000000085d00000, 0x0000000085e00000, 0x0000000085e00000|100%| E|CS|TAMS 0x0000000085d00000| PB 0x0000000085d00000| Complete 
|  94|0x0000000085e00000, 0x0000000085f00000, 0x0000000085f00000|100%| E|CS|TAMS 0x0000000085e00000| PB 0x0000000085e00000| Complete 
|  95|0x0000000085f00000, 0x0000000086000000, 0x0000000086000000|100%| E|CS|TAMS 0x0000000085f00000| PB 0x0000000085f00000| Complete 
|  96|0x0000000086000000, 0x0000000086100000, 0x0000000086100000|100%| E|CS|TAMS 0x0000000086000000| PB 0x0000000086000000| Complete 
|  97|0x0000000086100000, 0x0000000086200000, 0x0000000086200000|100%| E|CS|TAMS 0x0000000086100000| PB 0x0000000086100000| Complete 
|  98|0x0000000086200000, 0x0000000086300000, 0x0000000086300000|100%| E|CS|TAMS 0x0000000086200000| PB 0x0000000086200000| Complete 
|  99|0x0000000086300000, 0x0000000086400000, 0x0000000086400000|100%| E|CS|TAMS 0x0000000086300000| PB 0x0000000086300000| Complete 
| 100|0x0000000086400000, 0x0000000086500000, 0x0000000086500000|100%| E|CS|TAMS 0x0000000086400000| PB 0x0000000086400000| Complete 
| 101|0x0000000086500000, 0x0000000086600000, 0x0000000086600000|100%| E|CS|TAMS 0x0000000086500000| PB 0x0000000086500000| Complete 
| 102|0x0000000086600000, 0x0000000086700000, 0x0000000086700000|100%| E|CS|TAMS 0x0000000086600000| PB 0x0000000086600000| Complete 
| 103|0x0000000086700000, 0x0000000086800000, 0x0000000086800000|100%| E|CS|TAMS 0x0000000086700000| PB 0x0000000086700000| Complete 
| 104|0x0000000086800000, 0x0000000086900000, 0x0000000086900000|100%| E|CS|TAMS 0x0000000086800000| PB 0x0000000086800000| Complete 
| 105|0x0000000086900000, 0x0000000086a00000, 0x0000000086a00000|100%| E|CS|TAMS 0x0000000086900000| PB 0x0000000086900000| Complete 
| 106|0x0000000086a00000, 0x0000000086b00000, 0x0000000086b00000|100%| E|CS|TAMS 0x0000000086a00000| PB 0x0000000086a00000| Complete 
| 107|0x0000000086b00000, 0x0000000086c00000, 0x0000000086c00000|100%| E|CS|TAMS 0x0000000086b00000| PB 0x0000000086b00000| Complete 
| 108|0x0000000086c00000, 0x0000000086c6e300, 0x0000000086d00000| 43%| E|CS|TAMS 0x0000000086c00000| PB 0x0000000086c00000| Complete 
| 109|0x0000000086d00000, 0x0000000086e00000, 0x0000000086e00000|100%| E|CS|TAMS 0x0000000086d00000| PB 0x0000000086d00000| Complete 
| 110|0x0000000086e00000, 0x0000000086f00000, 0x0000000086f00000|100%| E|CS|TAMS 0x0000000086e00000| PB 0x0000000086e00000| Complete 
| 111|0x0000000086f00000, 0x0000000087000000, 0x0000000087000000|100%| S|  |TAMS 0x0000000086f00000| PB 0x0000000086f00000| Complete 
| 112|0x0000000087000000, 0x0000000087100000, 0x0000000087100000|100%| S|  |TAMS 0x0000000087000000| PB 0x0000000087000000| Complete 
| 113|0x0000000087100000, 0x0000000087200000, 0x0000000087200000|100%| S|  |TAMS 0x0000000087100000| PB 0x0000000087100000| Complete 
| 114|0x0000000087200000, 0x0000000087300000, 0x0000000087300000|100%| S|  |TAMS 0x0000000087200000| PB 0x0000000087200000| Complete 
| 115|0x0000000087300000, 0x0000000087400000, 0x0000000087400000|100%| S|  |TAMS 0x0000000087300000| PB 0x0000000087300000| Complete 
| 116|0x0000000087400000, 0x0000000087500000, 0x0000000087500000|100%| S|  |TAMS 0x0000000087400000| PB 0x0000000087400000| Complete 
| 117|0x0000000087500000, 0x0000000087600000, 0x0000000087600000|100%| S|  |TAMS 0x0000000087500000| PB 0x0000000087500000| Complete 
| 123|0x0000000087b00000, 0x0000000087c00000, 0x0000000087c00000|100%| E|CS|TAMS 0x0000000087b00000| PB 0x0000000087b00000| Complete 
|2046|0x00000000ffe00000, 0x00000000fff00000, 0x00000000fff00000|100%| O|  |TAMS 0x00000000ffe00000| PB 0x00000000ffe00000| Untracked 
|2047|0x00000000fff00000, 0x0000000100000000, 0x0000000100000000|100%| O|  |TAMS 0x00000000fff00000| PB 0x00000000fff00000| Untracked 

Card table byte_map: [0x00000216f8d40000,0x00000216f9140000] _byte_map_base: 0x00000216f8940000

Marking Bits: (CMBitMap*) 0x00000216e6526700
 Bits: [0x00000216f9140000, 0x00000216fb140000)

Polling page: 0x00000216e5c90000

Metaspace:

Usage:
  Non-class:     68.40 MB used.
      Class:     11.17 MB used.
       Both:     79.57 MB used.

Virtual space:
  Non-class space:      128.00 MB reserved,      69.31 MB ( 54%) committed,  2 nodes.
      Class space:        1.00 GB reserved,      12.00 MB (  1%) committed,  1 nodes.
             Both:        1.12 GB reserved,      81.31 MB (  7%) committed. 

Chunk freelists:
   Non-Class:  10.03 MB
       Class:  3.84 MB
        Both:  13.88 MB

MaxMetaspaceSize: unlimited
CompressedClassSpaceSize: 1.00 GB
Initial GC threshold: 21.00 MB
Current GC threshold: 135.31 MB
CDS: off
 - commit_granule_bytes: 65536.
 - commit_granule_words: 8192.
 - virtual_space_node_default_size: 8388608.
 - enlarge_chunks_in_place: 1.
 - use_allocation_guard: 0.


Internal statistics:

num_allocs_failed_limit: 9.
num_arena_births: 3128.
num_arena_deaths: 0.
num_vsnodes_births: 3.
num_vsnodes_deaths: 0.
num_space_committed: 1299.
num_space_uncommitted: 0.
num_chunks_returned_to_freelist: 9.
num_chunks_taken_from_freelist: 6256.
num_chunk_merges: 9.
num_chunk_splits: 4228.
num_chunks_enlarged: 2812.
num_inconsistent_stats: 0.

CodeHeap 'non-profiled nmethods': size=120000Kb used=4143Kb max_used=4361Kb free=115856Kb
 bounds [0x00000216f10e0000, 0x00000216f1530000, 0x00000216f8610000]
CodeHeap 'profiled nmethods': size=120000Kb used=12313Kb max_used=13600Kb free=107686Kb
 bounds [0x00000216e9610000, 0x00000216ea370000, 0x00000216f0b40000]
CodeHeap 'non-nmethods': size=5760Kb used=2243Kb max_used=2272Kb free=3516Kb
 bounds [0x00000216f0b40000, 0x00000216f0db0000, 0x00000216f10e0000]
 total_blobs=7760 nmethods=6971 adapters=692
 compilation: enabled
              stopped_count=0, restarted_count=0
 full_count=0

Compilation events (20 events):
Event: 7.851 Thread 0x0000021688e6dba0 nmethod 8223 0x00000216f1318a90 code [0x00000216f1318de0, 0x00000216f131b238]
Event: 7.851 Thread 0x0000021688e6dba0 8246       4       org.jetbrains.kotlin.com.intellij.openapi.vfs.impl.ArchiveHandler::normalizeName (33 bytes)
Event: 7.856 Thread 0x00000216843fd760 nmethod 8245 0x00000216f127a890 code [0x00000216f127aae0, 0x00000216f127bd70]
Event: 7.856 Thread 0x00000216843fd760 8249       4       org.jetbrains.kotlin.com.intellij.openapi.vfs.impl.ArchiveHandler::processEntry (225 bytes)
Event: 7.860 Thread 0x00000216fdd80a10 8250       3       org.jetbrains.kotlin.com.intellij.util.containers.hash.HashUtil::hash (27 bytes)
Event: 7.861 Thread 0x00000216fdd80a10 nmethod 8250 0x00000216e9765d90 code [0x00000216e9765f60, 0x00000216e97662f0]
Event: 7.861 Thread 0x00000216fdd80a10 8251       3       org.jetbrains.kotlin.com.intellij.util.io.FileAccessorCache::getHashCode (5 bytes)
Event: 7.861 Thread 0x00000216fdd80a10 nmethod 8251 0x00000216e9ee7310 code [0x00000216e9ee74c0, 0x00000216e9ee7690]
Event: 7.861 Thread 0x00000216fdd80a10 8252       3       java.lang.ref.SoftReference::get (29 bytes)
Event: 7.861 Thread 0x00000216fdd80a10 nmethod 8252 0x00000216e9926d10 code [0x00000216e9926ec0, 0x00000216e9927088]
Event: 7.861 Thread 0x00000216fdd80a10 8253       3       java.util.zip.ZipFile::<init> (7 bytes)
Event: 7.862 Thread 0x00000216fdd80a10 nmethod 8253 0x00000216e9fae990 code [0x00000216e9faeb40, 0x00000216e9faece8]
Event: 7.867 Thread 0x0000021688e6dba0 nmethod 8246 0x00000216f1279190 code [0x00000216f12793e0, 0x00000216f1279fc8]
Event: 7.877 Thread 0x00000216fdd80a10 8254       1       org.jetbrains.kotlin.com.intellij.util.containers.hash.LinkedHashMap$Entry::access$200 (5 bytes)
Event: 7.877 Thread 0x00000216fdd80a10 nmethod 8254 0x00000216f1318790 code [0x00000216f1318920, 0x00000216f13189d0]
Event: 7.877 Thread 0x00000216fdd80a10 8255       1       org.jetbrains.kotlin.com.intellij.util.containers.hash.LinkedHashMap$Entry::access$100 (5 bytes)
Event: 7.878 Thread 0x00000216fdd80a10 nmethod 8255 0x00000216f1318490 code [0x00000216f1318620, 0x00000216f13186d0]
Event: 7.878 Thread 0x00000216fdd80a10 8256       1       org.jetbrains.kotlin.com.intellij.util.containers.hash.LinkedHashMap$Entry::access$000 (5 bytes)
Event: 7.878 Thread 0x00000216fdd80a10 nmethod 8256 0x00000216f1318190 code [0x00000216f1318320, 0x00000216f13183d0]
Event: 7.878 Thread 0x00000216fdd7f100 nmethod 8227% 0x00000216f1274d10 code [0x00000216f12750c0, 0x00000216f1277b30]

GC Heap History (20 events):
Event: 3.617 GC heap after
{Heap after GC invocations=10 (full 0):
 garbage-first heap   total 95232K, used 33043K [0x0000000080000000, 0x0000000100000000)
  region size 1024K, 3 young (3072K), 3 survivors (3072K)
 Metaspace       used 46402K, committed 47616K, reserved 1114112K
  class space    used 6258K, committed 6848K, reserved 1048576K
}
Event: 4.226 GC heap before
{Heap before GC invocations=10 (full 0):
 garbage-first heap   total 95232K, used 83219K [0x0000000080000000, 0x0000000100000000)
  region size 1024K, 50 young (51200K), 3 survivors (3072K)
 Metaspace       used 53237K, committed 54656K, reserved 1114112K
  class space    used 7242K, committed 7936K, reserved 1048576K
}
Event: 4.230 GC heap after
{Heap after GC invocations=11 (full 0):
 garbage-first heap   total 95232K, used 35706K [0x0000000080000000, 0x0000000100000000)
  region size 1024K, 6 young (6144K), 6 survivors (6144K)
 Metaspace       used 53237K, committed 54656K, reserved 1114112K
  class space    used 7242K, committed 7936K, reserved 1048576K
}
Event: 4.675 GC heap before
{Heap before GC invocations=11 (full 0):
 garbage-first heap   total 95232K, used 74618K [0x0000000080000000, 0x0000000100000000)
  region size 1024K, 45 young (46080K), 6 survivors (6144K)
 Metaspace       used 59010K, committed 60416K, reserved 1114112K
  class space    used 8059K, committed 8768K, reserved 1048576K
}
Event: 4.679 GC heap after
{Heap after GC invocations=12 (full 0):
 garbage-first heap   total 95232K, used 37645K [0x0000000080000000, 0x0000000100000000)
  region size 1024K, 6 young (6144K), 6 survivors (6144K)
 Metaspace       used 59010K, committed 60416K, reserved 1114112K
  class space    used 8059K, committed 8768K, reserved 1048576K
}
Event: 5.452 GC heap before
{Heap before GC invocations=13 (full 0):
 garbage-first heap   total 95232K, used 81677K [0x0000000080000000, 0x0000000100000000)
  region size 1024K, 49 young (50176K), 6 survivors (6144K)
 Metaspace       used 64359K, committed 65920K, reserved 1114112K
  class space    used 8918K, committed 9728K, reserved 1048576K
}
Event: 5.459 GC heap after
{Heap after GC invocations=14 (full 0):
 garbage-first heap   total 95232K, used 40948K [0x0000000080000000, 0x0000000100000000)
  region size 1024K, 6 young (6144K), 6 survivors (6144K)
 Metaspace       used 64359K, committed 65920K, reserved 1114112K
  class space    used 8918K, committed 9728K, reserved 1048576K
}
Event: 5.920 GC heap before
{Heap before GC invocations=14 (full 0):
 garbage-first heap   total 95232K, used 80884K [0x0000000080000000, 0x0000000100000000)
  region size 1024K, 46 young (47104K), 6 survivors (6144K)
 Metaspace       used 65415K, committed 66944K, reserved 1114112K
  class space    used 9030K, committed 9792K, reserved 1048576K
}
Event: 5.928 GC heap after
{Heap after GC invocations=15 (full 0):
 garbage-first heap   total 95232K, used 45391K [0x0000000080000000, 0x0000000100000000)
  region size 1024K, 6 young (6144K), 6 survivors (6144K)
 Metaspace       used 65415K, committed 66944K, reserved 1114112K
  class space    used 9030K, committed 9792K, reserved 1048576K
}
Event: 6.194 GC heap before
{Heap before GC invocations=15 (full 0):
 garbage-first heap   total 95232K, used 81231K [0x0000000080000000, 0x0000000100000000)
  region size 1024K, 42 young (43008K), 6 survivors (6144K)
 Metaspace       used 65892K, committed 67456K, reserved 1114112K
  class space    used 9058K, committed 9856K, reserved 1048576K
}
Event: 6.203 GC heap after
{Heap after GC invocations=16 (full 0):
 garbage-first heap   total 114688K, used 46589K [0x0000000080000000, 0x0000000100000000)
  region size 1024K, 4 young (4096K), 4 survivors (4096K)
 Metaspace       used 65892K, committed 67456K, reserved 1114112K
  class space    used 9058K, committed 9856K, reserved 1048576K
}
Event: 6.495 GC heap before
{Heap before GC invocations=16 (full 0):
 garbage-first heap   total 114688K, used 99837K [0x0000000080000000, 0x0000000100000000)
  region size 1024K, 57 young (58368K), 4 survivors (4096K)
 Metaspace       used 66038K, committed 67584K, reserved 1114112K
  class space    used 9059K, committed 9856K, reserved 1048576K
}
Event: 6.501 GC heap after
{Heap after GC invocations=17 (full 0):
 garbage-first heap   total 114688K, used 47506K [0x0000000080000000, 0x0000000100000000)
  region size 1024K, 5 young (5120K), 5 survivors (5120K)
 Metaspace       used 66038K, committed 67584K, reserved 1114112K
  class space    used 9059K, committed 9856K, reserved 1048576K
}
Event: 7.099 GC heap before
{Heap before GC invocations=18 (full 0):
 garbage-first heap   total 114688K, used 101778K [0x0000000080000000, 0x0000000100000000)
  region size 1024K, 58 young (59392K), 5 survivors (5120K)
 Metaspace       used 72370K, committed 73984K, reserved 1114112K
  class space    used 10342K, committed 11136K, reserved 1048576K
}
Event: 7.103 GC heap after
{Heap after GC invocations=19 (full 0):
 garbage-first heap   total 114688K, used 49246K [0x0000000080000000, 0x0000000100000000)
  region size 1024K, 7 young (7168K), 7 survivors (7168K)
 Metaspace       used 72370K, committed 73984K, reserved 1114112K
  class space    used 10342K, committed 11136K, reserved 1048576K
}
Event: 7.571 GC heap before
{Heap before GC invocations=19 (full 0):
 garbage-first heap   total 114688K, used 98398K [0x0000000080000000, 0x0000000100000000)
  region size 1024K, 56 young (57344K), 7 survivors (7168K)
 Metaspace       used 80796K, committed 82496K, reserved 1179648K
  class space    used 11379K, committed 12224K, reserved 1048576K
}
Event: 7.576 GC heap after
{Heap after GC invocations=20 (full 0):
 garbage-first heap   total 114688K, used 49762K [0x0000000080000000, 0x0000000100000000)
  region size 1024K, 2 young (2048K), 2 survivors (2048K)
 Metaspace       used 80796K, committed 82496K, reserved 1179648K
  class space    used 11379K, committed 12224K, reserved 1048576K
}
Event: 7.600 GC heap before
{Heap before GC invocations=20 (full 0):
 garbage-first heap   total 114688K, used 50786K [0x0000000080000000, 0x0000000100000000)
  region size 1024K, 4 young (4096K), 2 survivors (2048K)
 Metaspace       used 81157K, committed 82880K, reserved 1179648K
  class space    used 11428K, committed 12288K, reserved 1048576K
}
Event: 7.602 GC heap after
{Heap after GC invocations=21 (full 0):
 garbage-first heap   total 114688K, used 49396K [0x0000000080000000, 0x0000000100000000)
  region size 1024K, 2 young (2048K), 2 survivors (2048K)
 Metaspace       used 81157K, committed 82880K, reserved 1179648K
  class space    used 11428K, committed 12288K, reserved 1048576K
}
Event: 7.894 GC heap before
{Heap before GC invocations=22 (full 0):
 garbage-first heap   total 114688K, used 113908K [0x0000000080000000, 0x0000000100000000)
  region size 1024K, 55 young (56320K), 2 survivors (2048K)
 Metaspace       used 81477K, committed 83264K, reserved 1179648K
  class space    used 11437K, committed 12288K, reserved 1048576K
}

Dll operation events (3 events):
Event: 0.010 Loaded shared library C:\Program Files\Android\Android Studio\jbr\bin\java.dll
Event: 0.016 Loaded shared library C:\Program Files\Android\Android Studio\jbr\bin\zip.dll
Event: 0.386 Loaded shared library C:\Program Files\Android\Android Studio\jbr\bin\verify.dll

Deoptimization events (20 events):
Event: 7.786 Thread 0x0000021684414b20 DEOPT PACKING pc=0x00000216f11944ac sp=0x000000edd60f5810
Event: 7.786 Thread 0x0000021684414b20 DEOPT UNPACKING pc=0x00000216f0b97da2 sp=0x000000edd60f57d0 mode 2
Event: 7.787 Thread 0x0000021684414b20 Uncommon trap: trap_request=0xffffff45 fr.pc=0x00000216f12b3a2c relative=0x00000000000006cc
Event: 7.787 Thread 0x0000021684414b20 Uncommon trap: reason=unstable_if action=reinterpret pc=0x00000216f12b3a2c method=org.jetbrains.kotlin.com.intellij.util.containers.FactoryMap.getMap()Ljava/util/Map; @ 6 c2
Event: 7.787 Thread 0x0000021684414b20 DEOPT PACKING pc=0x00000216f12b3a2c sp=0x000000edd60f5980
Event: 7.787 Thread 0x0000021684414b20 DEOPT UNPACKING pc=0x00000216f0b97da2 sp=0x000000edd60f58c0 mode 2
Event: 7.790 Thread 0x0000021684414b20 Uncommon trap: trap_request=0xffffffdc fr.pc=0x00000216f12e1038 relative=0x0000000000000278
Event: 7.790 Thread 0x0000021684414b20 Uncommon trap: reason=class_check action=make_not_entrant pc=0x00000216f12e1038 method=java.util.ArrayList.toArray([Ljava/lang/Object;)[Ljava/lang/Object; @ 21 c2
Event: 7.790 Thread 0x0000021684414b20 DEOPT PACKING pc=0x00000216f12e1038 sp=0x000000edd60f5980
Event: 7.790 Thread 0x0000021684414b20 DEOPT UNPACKING pc=0x00000216f0b97da2 sp=0x000000edd60f5940 mode 2
Event: 7.791 Thread 0x0000021684414b20 Uncommon trap: trap_request=0xffffff45 fr.pc=0x00000216f13211ac relative=0x00000000000021cc
Event: 7.791 Thread 0x0000021684414b20 Uncommon trap: reason=unstable_if action=reinterpret pc=0x00000216f13211ac method=org.jetbrains.kotlin.com.intellij.openapi.vfs.impl.jar.CoreJarHandler.getOrCreateFile(Lorg/jetbrains/kotlin/com/intellij/openapi/vfs/impl/ArchiveHandler$EntryInfo;Ljava/util
Event: 7.791 Thread 0x0000021684414b20 DEOPT PACKING pc=0x00000216f13211ac sp=0x000000edd60f5900
Event: 7.791 Thread 0x0000021684414b20 DEOPT UNPACKING pc=0x00000216f0b97da2 sp=0x000000edd60f5900 mode 2
Event: 7.805 Thread 0x0000021684414b20 DEOPT PACKING pc=0x00000216e9679348 sp=0x000000edd60f5880
Event: 7.805 Thread 0x0000021684414b20 DEOPT UNPACKING pc=0x00000216f0b988e2 sp=0x000000edd60f4d60 mode 0
Event: 7.834 Thread 0x0000021684414b20 Uncommon trap: trap_request=0xffffff45 fr.pc=0x00000216f1237848 relative=0x00000000000027a8
Event: 7.834 Thread 0x0000021684414b20 Uncommon trap: reason=unstable_if action=reinterpret pc=0x00000216f1237848 method=org.jetbrains.kotlin.com.intellij.openapi.vfs.impl.ZipEntryMap.isTheOne(Lorg/jetbrains/kotlin/com/intellij/openapi/vfs/impl/ArchiveHandler$EntryInfo;Ljava/lang/CharSequence;
Event: 7.834 Thread 0x0000021684414b20 DEOPT PACKING pc=0x00000216f1237848 sp=0x000000edd60f5640
Event: 7.834 Thread 0x0000021684414b20 DEOPT UNPACKING pc=0x00000216f0b97da2 sp=0x000000edd60f54f0 mode 2

Classes loaded (20 events):
Event: 7.581 Loading class java/nio/channels/FileChannel$MapMode
Event: 7.581 Loading class java/nio/channels/FileChannel$MapMode done
Event: 7.581 Loading class jdk/internal/misc/ExtendedMapMode
Event: 7.581 Loading class jdk/internal/misc/ExtendedMapMode done
Event: 7.582 Loading class sun/nio/ch/FileChannelImpl$DefaultUnmapper
Event: 7.582 Loading class sun/nio/ch/FileChannelImpl$Unmapper
Event: 7.582 Loading class jdk/internal/access/foreign/UnmapperProxy
Event: 7.582 Loading class jdk/internal/access/foreign/UnmapperProxy done
Event: 7.582 Loading class sun/nio/ch/FileChannelImpl$Unmapper done
Event: 7.582 Loading class sun/nio/ch/FileChannelImpl$DefaultUnmapper done
Event: 7.582 Loading class sun/nio/ch/Util$4
Event: 7.582 Loading class sun/nio/ch/Util$4 done
Event: 7.582 Loading class sun/invoke/util/ValueConversions$1
Event: 7.582 Loading class sun/invoke/util/ValueConversions$1 done
Event: 7.583 Loading class java/lang/invoke/BoundMethodHandle$Species_LI
Event: 7.583 Loading class java/lang/invoke/BoundMethodHandle$Species_LI done
Event: 7.586 Loading class java/io/UTFDataFormatException
Event: 7.586 Loading class java/io/UTFDataFormatException done
Event: 7.616 Loading class java/util/zip/ZipFile$ZipEntryIterator
Event: 7.616 Loading class java/util/zip/ZipFile$ZipEntryIterator done

Classes unloaded (0 events):
No events

Classes redefined (0 events):
No events

Internal exceptions (20 events):
Event: 7.057 Thread 0x0000021684414b20 Exception <a 'sun/nio/fs/WindowsException'{0x0000000083f7fef0}> (0x0000000083f7fef0) 
thrown [s\src\hotspot\share\prims\jni.cpp, line 535]
Event: 7.057 Thread 0x0000021684414b20 Exception <a 'sun/nio/fs/WindowsException'{0x0000000083f81a38}> (0x0000000083f81a38) 
thrown [s\src\hotspot\share\prims\jni.cpp, line 535]
Event: 7.146 Thread 0x0000021684414b20 Exception <a 'java/lang/NoSuchMethodError'{0x0000000086a1a6a0}: 'long java.lang.invoke.DirectMethodHandle$Holder.invokeStatic(java.lang.Object)'> (0x0000000086a1a6a0) 
thrown [s\src\hotspot\share\interpreter\linkResolver.cpp, line 784]
Event: 7.146 Thread 0x0000021684414b20 Exception <a 'java/lang/NoSuchMethodError'{0x0000000086a1ef38}: 'long java.lang.invoke.DirectMethodHandle$Holder.invokeStaticInit(java.lang.Object)'> (0x0000000086a1ef38) 
thrown [s\src\hotspot\share\interpreter\linkResolver.cpp, line 784]
Event: 7.184 Thread 0x0000021684414b20 Exception <a 'java/lang/NoSuchMethodError'{0x0000000086511690}: 'long java.lang.invoke.Invokers$Holder.invoke_MT(java.lang.Object, java.lang.Object, java.lang.Object, java.lang.Object)'> (0x0000000086511690) 
thrown [s\src\hotspot\share\interpreter\linkResolver.cpp, line 784]
Event: 7.185 Thread 0x0000021684414b20 Exception <a 'java/lang/NoSuchMethodError'{0x000000008651a368}: 'int java.lang.invoke.Invokers$Holder.invoke_MT(java.lang.Object, java.lang.Object, java.lang.Object, java.lang.Object)'> (0x000000008651a368) 
thrown [s\src\hotspot\share\interpreter\linkResolver.cpp, line 784]
Event: 7.185 Thread 0x0000021684414b20 Exception <a 'java/lang/NoSuchMethodError'{0x0000000086526598}: 'void java.lang.invoke.DelegatingMethodHandle$Holder.reinvoke_L(java.lang.Object, java.lang.Object, java.lang.Object, long, java.lang.Object)'> (0x0000000086526598) 
thrown [s\src\hotspot\share\interpreter\linkResolver.cpp, line 784]
Event: 7.186 Thread 0x0000021684414b20 Exception <a 'java/lang/NoSuchMethodError'{0x0000000086538d00}: 'int java.lang.invoke.DelegatingMethodHandle$Holder.reinvoke_L(java.lang.Object, java.lang.Object, java.lang.Object, long, java.lang.Object, java.lang.Object)'> (0x0000000086538d00) 
thrown [s\src\hotspot\share\interpreter\linkResolver.cpp, line 784]
Event: 7.186 Thread 0x0000021684414b20 Exception <a 'java/lang/NoSuchMethodError'{0x0000000086547fd8}: 'int java.lang.invoke.DelegatingMethodHandle$Holder.reinvoke_L(java.lang.Object, java.lang.Object, java.lang.Object, long, int, int)'> (0x0000000086547fd8) 
thrown [s\src\hotspot\share\interpreter\linkResolver.cpp, line 784]
Event: 7.186 Thread 0x0000021684414b20 Exception <a 'java/lang/NoSuchMethodError'{0x0000000086557060}: 'int java.lang.invoke.DelegatingMethodHandle$Holder.reinvoke_L(java.lang.Object, java.lang.Object, java.lang.Object, long, long, long)'> (0x0000000086557060) 
thrown [s\src\hotspot\share\interpreter\linkResolver.cpp, line 784]
Event: 7.187 Thread 0x0000021684414b20 Exception <a 'java/lang/NoSuchMethodError'{0x0000000086565dc8}: 'int java.lang.invoke.DelegatingMethodHandle$Holder.reinvoke_L(java.lang.Object, java.lang.Object, java.lang.Object, long, int)'> (0x0000000086565dc8) 
thrown [s\src\hotspot\share\interpreter\linkResolver.cpp, line 784]
Event: 7.542 Thread 0x0000021684414b20 Exception <a 'java/lang/NoSuchMethodError'{0x00000000841fe140}: 'java.lang.Object java.lang.invoke.Invokers$Holder.invokeExact_MT(java.lang.Object, java.lang.Object, long, java.lang.Object)'> (0x00000000841fe140) 
thrown [s\src\hotspot\share\interpreter\linkResolver.cpp, line 784]
Event: 7.582 Thread 0x0000021684414b20 Implicit null exception at 0x00000216f1221f72 to 0x00000216f12221f0
Event: 7.583 Thread 0x0000021684414b20 Exception <a 'java/lang/NoSuchMethodError'{0x0000000087b54c60}: 'int java.lang.invoke.DirectMethodHandle$Holder.invokeSpecial(java.lang.Object, java.lang.Object, java.lang.Object, int)'> (0x0000000087b54c60) 
thrown [s\src\hotspot\share\interpreter\linkResolver.cpp, line 784]
Event: 7.583 Thread 0x0000021684414b20 Exception <a 'java/lang/NoSuchMethodError'{0x0000000087b66298}: 'java.lang.Object java.lang.invoke.DirectMethodHandle$Holder.invokeStatic(java.lang.Object, java.lang.Object, java.lang.Object, java.lang.Object, int)'> (0x0000000087b66298) 
thrown [s\src\hotspot\share\interpreter\linkResolver.cpp, line 784]
Event: 7.584 Thread 0x0000021684414b20 Exception <a 'java/lang/NoSuchMethodError'{0x0000000087b6eaf0}: 'long java.lang.invoke.DirectMethodHandle$Holder.invokeStatic(java.lang.Object, java.lang.Object, int)'> (0x0000000087b6eaf0) 
thrown [s\src\hotspot\share\interpreter\linkResolver.cpp, line 784]
Event: 7.584 Thread 0x0000021684414b20 Exception <a 'java/lang/NoSuchMethodError'{0x0000000087b7b088}: 'java.lang.Object java.lang.invoke.DelegatingMethodHandle$Holder.reinvoke_L(java.lang.Object, int, long, java.lang.Object, java.lang.Object, int, java.lang.Object)'> (0x0000000087b7b088) 
thrown [s\src\hotspot\share\interpreter\linkResolver.cpp, line 784]
Event: 7.616 Thread 0x0000021684414b20 Implicit null exception at 0x00000216f12aa766 to 0x00000216f12ab2e4
Event: 7.787 Thread 0x0000021684414b20 Implicit null exception at 0x00000216f12b33a7 to 0x00000216f12b3a18
Event: 7.791 Thread 0x0000021684414b20 Implicit null exception at 0x00000216f131f1a6 to 0x00000216f1321180

ZGC Phase Switch (0 events):
No events

VM Operations (20 events):
Event: 6.788 Executing VM operation: HandshakeAllThreads (Deoptimize) done
Event: 6.790 Executing VM operation: HandshakeAllThreads (Deoptimize)
Event: 6.790 Executing VM operation: HandshakeAllThreads (Deoptimize) done
Event: 7.052 Executing VM operation: HandshakeAllThreads (Deoptimize)
Event: 7.053 Executing VM operation: HandshakeAllThreads (Deoptimize) done
Event: 7.099 Executing VM operation: G1CollectForAllocation (G1 Evacuation Pause)
Event: 7.103 Executing VM operation: G1CollectForAllocation (G1 Evacuation Pause) done
Event: 7.151 Executing VM operation: HandshakeAllThreads (Deoptimize)
Event: 7.151 Executing VM operation: HandshakeAllThreads (Deoptimize) done
Event: 7.468 Executing VM operation: HandshakeAllThreads (Deoptimize)
Event: 7.468 Executing VM operation: HandshakeAllThreads (Deoptimize) done
Event: 7.571 Executing VM operation: G1CollectForAllocation (G1 Evacuation Pause)
Event: 7.576 Executing VM operation: G1CollectForAllocation (G1 Evacuation Pause) done
Event: 7.600 Executing VM operation: G1TryInitiateConcMark (G1 Humongous Allocation)
Event: 7.602 Executing VM operation: G1TryInitiateConcMark (G1 Humongous Allocation) done
Event: 7.642 Executing VM operation: G1PauseRemark
Event: 7.646 Executing VM operation: G1PauseRemark done
Event: 7.666 Executing VM operation: G1PauseCleanup
Event: 7.666 Executing VM operation: G1PauseCleanup done
Event: 7.894 Executing VM operation: G1CollectForAllocation (G1 Evacuation Pause)

Events (20 events):
Event: 7.646 Thread 0x00000216fdb33a50 flushing nmethod 0x00000216f12fae10
Event: 7.646 Thread 0x00000216fdb33a50 flushing nmethod 0x00000216f12b3110
Event: 7.646 Thread 0x00000216fdb33a50 flushing nmethod 0x00000216f12c8910
Event: 7.646 Thread 0x00000216fdb33a50 flushing nmethod 0x00000216f11add10
Event: 7.646 Thread 0x00000216fdb33a50 flushing nmethod 0x00000216f1268690
Event: 7.646 Thread 0x00000216fdb33a50 flushing nmethod 0x00000216f12b0e90
Event: 7.646 Thread 0x00000216fdb33a50 flushing nmethod 0x00000216f129dc90
Event: 7.646 Thread 0x00000216fdb33a50 flushing nmethod 0x00000216f12a7d10
Event: 7.646 Thread 0x00000216fdb33a50 flushing nmethod 0x00000216f12a1690
Event: 7.646 Thread 0x00000216fdb33a50 flushing nmethod 0x00000216f128bf10
Event: 7.646 Thread 0x00000216fdb33a50 flushing nmethod 0x00000216f1232690
Event: 7.646 Thread 0x00000216fdb33a50 flushing nmethod 0x00000216f1210b10
Event: 7.646 Thread 0x00000216fdb33a50 flushing nmethod 0x00000216f1200b90
Event: 7.646 Thread 0x00000216fdb33a50 flushing nmethod 0x00000216f11b4c10
Event: 7.646 Thread 0x00000216fdb33a50 flushing nmethod 0x00000216f1195f10
Event: 7.646 Thread 0x00000216fdb33a50 flushing nmethod 0x00000216f1194010
Event: 7.646 Thread 0x00000216fdb33a50 flushing nmethod 0x00000216f110b810
Event: 7.646 Thread 0x00000216fdb33a50 flushing nmethod 0x00000216f1107a10
Event: 7.646 Thread 0x00000216fdb33a50 flushing nmethod 0x00000216f116ec90
Event: 7.656 Thread 0x00000216843fd760 Thread added: 0x00000216843fd760


Dynamic libraries:
0x00007ff7e8380000 - 0x00007ff7e838a000 	C:\Program Files\Android\Android Studio\jbr\bin\java.exe
0x00007ffb5fcb0000 - 0x00007ffb5fec7000 	C:\WINDOWS\SYSTEM32\ntdll.dll
0x00007ffb5f4b0000 - 0x00007ffb5f574000 	C:\WINDOWS\System32\KERNEL32.DLL
0x00007ffb5ce20000 - 0x00007ffb5d1f1000 	C:\WINDOWS\System32\KERNELBASE.dll
0x00007ffb5d3d0000 - 0x00007ffb5d4e1000 	C:\WINDOWS\System32\ucrtbase.dll
0x00007ffb3ce20000 - 0x00007ffb3ce38000 	C:\Program Files\Android\Android Studio\jbr\bin\jli.dll
0x00007ffad90e0000 - 0x00007ffad90fb000 	C:\Program Files\Android\Android Studio\jbr\bin\VCRUNTIME140.dll
0x00007ffb5e5f0000 - 0x00007ffb5e7a1000 	C:\WINDOWS\System32\USER32.dll
0x00007ffb5d3a0000 - 0x00007ffb5d3c6000 	C:\WINDOWS\System32\win32u.dll
0x00007ffb42550000 - 0x00007ffb427e2000 	C:\WINDOWS\WinSxS\amd64_microsoft.windows.common-controls_6595b64144ccf1df_6.0.22621.4830_none_270fe7d773858e80\COMCTL32.dll
0x00007ffb5f8c0000 - 0x00007ffb5f8e9000 	C:\WINDOWS\System32\GDI32.dll
0x00007ffb5dc10000 - 0x00007ffb5dcb7000 	C:\WINDOWS\System32\msvcrt.dll
0x00007ffb5d200000 - 0x00007ffb5d31b000 	C:\WINDOWS\System32\gdi32full.dll
0x00007ffb5d7a0000 - 0x00007ffb5d83a000 	C:\WINDOWS\System32\msvcp_win.dll
0x00007ffb5f880000 - 0x00007ffb5f8b1000 	C:\WINDOWS\System32\IMM32.DLL
0x00007ffae2ae0000 - 0x00007ffae2aec000 	C:\Program Files\Android\Android Studio\jbr\bin\vcruntime140_1.dll
0x00007ffafd990000 - 0x00007ffafda1d000 	C:\Program Files\Android\Android Studio\jbr\bin\msvcp140.dll
0x00007ffaa3800000 - 0x00007ffaa447d000 	C:\Program Files\Android\Android Studio\jbr\bin\server\jvm.dll
0x00007ffb5d980000 - 0x00007ffb5da31000 	C:\WINDOWS\System32\ADVAPI32.dll
0x00007ffb5f7b0000 - 0x00007ffb5f857000 	C:\WINDOWS\System32\sechost.dll
0x00007ffb5cdf0000 - 0x00007ffb5ce18000 	C:\WINDOWS\System32\bcrypt.dll
0x00007ffb5f690000 - 0x00007ffb5f7a4000 	C:\WINDOWS\System32\RPCRT4.dll
0x00007ffb5e910000 - 0x00007ffb5e981000 	C:\WINDOWS\System32\WS2_32.dll
0x00007ffb5bca0000 - 0x00007ffb5bced000 	C:\WINDOWS\SYSTEM32\POWRPROF.dll
0x00007ffb54ba0000 - 0x00007ffb54bd4000 	C:\WINDOWS\SYSTEM32\WINMM.dll
0x00007ffb54790000 - 0x00007ffb5479a000 	C:\WINDOWS\SYSTEM32\VERSION.dll
0x00007ffb5bc80000 - 0x00007ffb5bc93000 	C:\WINDOWS\SYSTEM32\UMPDC.dll
0x00007ffb5bf30000 - 0x00007ffb5bf48000 	C:\WINDOWS\SYSTEM32\kernel.appcore.dll
0x00007ffad90d0000 - 0x00007ffad90da000 	C:\Program Files\Android\Android Studio\jbr\bin\jimage.dll
0x00007ffb5a200000 - 0x00007ffb5a432000 	C:\WINDOWS\SYSTEM32\DBGHELP.DLL
0x00007ffb5e990000 - 0x00007ffb5ed20000 	C:\WINDOWS\System32\combase.dll
0x00007ffb5ed20000 - 0x00007ffb5edf7000 	C:\WINDOWS\System32\OLEAUT32.dll
0x00007ffb46ac0000 - 0x00007ffb46af2000 	C:\WINDOWS\SYSTEM32\dbgcore.DLL
0x00007ffb5d320000 - 0x00007ffb5d39b000 	C:\WINDOWS\System32\bcryptPrimitives.dll
0x00007ffb540e0000 - 0x00007ffb540ee000 	C:\Program Files\Android\Android Studio\jbr\bin\instrument.dll
0x00007ffad9000000 - 0x00007ffad901f000 	C:\Program Files\Android\Android Studio\jbr\bin\java.dll
0x00007ffad8fc0000 - 0x00007ffad8fd8000 	C:\Program Files\Android\Android Studio\jbr\bin\zip.dll
0x00007ffb5dd60000 - 0x00007ffb5e5e8000 	C:\WINDOWS\System32\SHELL32.dll
0x00007ffb5d660000 - 0x00007ffb5d79f000 	C:\WINDOWS\System32\wintypes.dll
0x00007ffb5ad60000 - 0x00007ffb5b66d000 	C:\WINDOWS\SYSTEM32\windows.storage.dll
0x00007ffb5da40000 - 0x00007ffb5db4a000 	C:\WINDOWS\System32\SHCORE.dll
0x00007ffb5db60000 - 0x00007ffb5dbbe000 	C:\WINDOWS\System32\shlwapi.dll
0x00007ffb5cd20000 - 0x00007ffb5cd4b000 	C:\WINDOWS\SYSTEM32\profapi.dll
0x00007ffad8e60000 - 0x00007ffad8e70000 	C:\Program Files\Android\Android Studio\jbr\bin\net.dll
0x00007ffb55ef0000 - 0x00007ffb5601c000 	C:\WINDOWS\SYSTEM32\WINHTTP.dll
0x00007ffb5c3a0000 - 0x00007ffb5c40a000 	C:\WINDOWS\system32\mswsock.dll
0x00007ffaa3650000 - 0x00007ffaa3666000 	C:\Program Files\Android\Android Studio\jbr\bin\nio.dll
0x00007ffae1710000 - 0x00007ffae1720000 	C:\Program Files\Android\Android Studio\jbr\bin\verify.dll
0x00007ffade6a0000 - 0x00007ffade6c7000 	C:\Users\DELL\.gradle\native\c067742578af261105cb4f569cf0c3c89f3d7b1fecec35dd04571415982c5e48\windows-amd64\native-platform.dll
0x00007ffafd840000 - 0x00007ffafd984000 	C:\Users\DELL\.gradle\native\100fb08df4bc3b14c8652ba06237920a3bd2aa13389f12d3474272988ae205f9\windows-amd64\native-platform-file-events.dll
0x00007ffad99c0000 - 0x00007ffad99c9000 	C:\Program Files\Android\Android Studio\jbr\bin\management.dll
0x00007ffad99b0000 - 0x00007ffad99bb000 	C:\Program Files\Android\Android Studio\jbr\bin\management_ext.dll
0x00007ffb5db50000 - 0x00007ffb5db58000 	C:\WINDOWS\System32\PSAPI.DLL
0x00007ffb5c5f0000 - 0x00007ffb5c60b000 	C:\WINDOWS\SYSTEM32\CRYPTSP.dll
0x00007ffb5be90000 - 0x00007ffb5bec7000 	C:\WINDOWS\system32\rsaenh.dll
0x00007ffb5c490000 - 0x00007ffb5c4b8000 	C:\WINDOWS\SYSTEM32\USERENV.dll
0x00007ffb5c610000 - 0x00007ffb5c61c000 	C:\WINDOWS\SYSTEM32\CRYPTBASE.dll
0x00007ffb5b940000 - 0x00007ffb5b96d000 	C:\WINDOWS\SYSTEM32\IPHLPAPI.DLL
0x00007ffb5f440000 - 0x00007ffb5f449000 	C:\WINDOWS\System32\NSI.dll
0x00007ffad99d0000 - 0x00007ffad99d9000 	C:\Program Files\Android\Android Studio\jbr\bin\extnet.dll
0x00007ffb54be0000 - 0x00007ffb54be8000 	C:\WINDOWS\system32\wshunix.dll

dbghelp: loaded successfully - version: 4.0.5 - missing functions: none
symbol engine: initialized successfully - sym options: 0x614 - pdb path: .;C:\Program Files\Android\Android Studio\jbr\bin;C:\WINDOWS\SYSTEM32;C:\WINDOWS\WinSxS\amd64_microsoft.windows.common-controls_6595b64144ccf1df_6.0.22621.4830_none_270fe7d773858e80;C:\Program Files\Android\Android Studio\jbr\bin\server;C:\Users\DELL\.gradle\native\c067742578af261105cb4f569cf0c3c89f3d7b1fecec35dd04571415982c5e48\windows-amd64;C:\Users\DELL\.gradle\native\100fb08df4bc3b14c8652ba06237920a3bd2aa13389f12d3474272988ae205f9\windows-amd64

VM Arguments:
jvm_args: --add-opens=java.base/java.util=ALL-UNNAMED --add-opens=java.base/java.lang=ALL-UNNAMED --add-opens=java.base/java.lang.invoke=ALL-UNNAMED --add-opens=java.prefs/java.util.prefs=ALL-UNNAMED --add-exports=jdk.compiler/com.sun.tools.javac.api=ALL-UNNAMED --add-exports=jdk.compiler/com.sun.tools.javac.util=ALL-UNNAMED --add-opens=java.base/java.nio.charset=ALL-UNNAMED --add-opens=java.base/java.net=ALL-UNNAMED --add-opens=java.base/java.util.concurrent.atomic=ALL-UNNAMED -Xmx2048m -Dfile.encoding=UTF-8 -Duser.country=GB -Duser.language=en -Duser.variant -javaagent:C:\Users\DELL\.gradle\wrapper\dists\gradle-8.9-bin\90cnw93cvbtalezasaz0blq0a\gradle-8.9\lib\agents\gradle-instrumentation-agent-8.9.jar 
java_command: org.gradle.launcher.daemon.bootstrap.GradleDaemon 8.9
java_class_path (initial): C:\Users\DELL\.gradle\wrapper\dists\gradle-8.9-bin\90cnw93cvbtalezasaz0blq0a\gradle-8.9\lib\gradle-daemon-main-8.9.jar
Launcher Type: SUN_STANDARD

[Global flags]
     intx CICompilerCount                          = 4                                         {product} {ergonomic}
     uint ConcGCThreads                            = 2                                         {product} {ergonomic}
     uint G1ConcRefinementThreads                  = 8                                         {product} {ergonomic}
   size_t G1HeapRegionSize                         = 1048576                                   {product} {ergonomic}
    uintx GCDrainStackTargetSize                   = 64                                        {product} {ergonomic}
   size_t InitialHeapSize                          = 130023424                                 {product} {ergonomic}
   size_t MarkStackSize                            = 4194304                                   {product} {ergonomic}
   size_t MaxHeapSize                              = 2147483648                                {product} {command line}
   size_t MaxNewSize                               = 1287651328                                {product} {ergonomic}
   size_t MinHeapDeltaBytes                        = 1048576                                   {product} {ergonomic}
   size_t MinHeapSize                              = 8388608                                   {product} {ergonomic}
    uintx NonNMethodCodeHeapSize                   = 5839372                                {pd product} {ergonomic}
    uintx NonProfiledCodeHeapSize                  = 122909434                              {pd product} {ergonomic}
    uintx ProfiledCodeHeapSize                     = 122909434                              {pd product} {ergonomic}
    uintx ReservedCodeCacheSize                    = 251658240                              {pd product} {ergonomic}
     bool SegmentedCodeCache                       = true                                      {product} {ergonomic}
   size_t SoftMaxHeapSize                          = 2147483648                             {manageable} {ergonomic}
     bool UseCompressedOops                        = true                           {product lp64_product} {ergonomic}
     bool UseG1GC                                  = true                                      {product} {ergonomic}
     bool UseLargePagesIndividualAllocation        = false                                  {pd product} {ergonomic}

Logging:
Log output configuration:
 #0: stdout all=warning uptime,level,tags foldmultilines=false
 #1: stderr all=off uptime,level,tags foldmultilines=false

Environment Variables:
PATH=C:\Program Files\Microsoft MPI\Bin\;C:\Program Files\Python39\Scripts\;C:\Program Files\Python39\;C:\Windows\system32;C:\Windows;C:\Windows\System32\Wbem;C:\Windows\System32\WindowsPowerShell\v1.0\;C:\Windows\System32\OpenSSH\;C:\Program Files\NVIDIA Corporation\NVIDIA NvDLISR;C:\Program Files\dotnet\;C:\WINDOWS\system32;C:\WINDOWS;C:\WINDOWS\System32\Wbem;C:\WINDOWS\System32\WindowsPowerShell\v1.0\;C:\WINDOWS\System32\OpenSSH\;C:\Program Files\Git\cmd;C:\Program Files (x86)\Microsoft SQL Server\130\Tools\Binn\;C:\Program Files\Microsoft SQL Server\130\Tools\Binn\;C:\Program Files (x86)\Microsoft SQL Server\130\DTS\Binn\;C:\Program Files\Microsoft SQL Server\130\DTS\Binn\;C:\Program Files\Microsoft SQL Server\Client SDK\ODBC\130\Tools\Binn\;C:\Program Files (x86)\Microsoft SQL Server\160\DTS\Binn\;C:\Program Files\Azure Data Studio\bin;C:\Program Files\Microsoft SQL Server\Client SDK\ODBC\170\Tools\Binn\;C:\Program Files (x86)\Microsoft SQL Server\150\Tools\Binn\;C:\Program Files\Microsoft SQL Server\150\Tools\Binn\;C:\Program Files\Microsoft SQL Server\150\DTS\Binn\;C:\Program Files (x86)\Microsoft SQL Server\160\Tools\Binn\;C:\Program Files\Microsoft SQL Server\160\Tools\Binn\;C:\Program Files\Microsoft SQL Server\160\DTS\Binn\;C:\Program Files\nodejs\;C:\Users\DELL\AppData\Local\Microsoft\WindowsApps;C:\Program Files\Microsoft VS Code\bin;C:\Users\DELL\.dotnet\tools;C:\Program Files\Azure Data Studio\bin;C:\Users\DELL\AppData\Local\GitHubDesktop\bin;C:\Program Files\JetBrains\PyCharm Community Edition 2024.3.1.1\bin;;C:\Users\DELL\AppData\Roaming\npm;C:\flutter\bin;
USERNAME=DELL
OS=Windows_NT
PROCESSOR_IDENTIFIER=Intel64 Family 6 Model 140 Stepping 1, GenuineIntel
TMP=C:\Users\DELL\AppData\Local\Temp
TEMP=C:\Users\DELL\AppData\Local\Temp




Periodic native trim disabled

JNI global refs:
JNI global refs: 29, weak refs: 0

JNI global refs memory usage: 835, weak refs: 833

Process memory usage:
Resident Set Size: 375000K (4% of 8104744K total physical memory with 774872K free physical memory)

OOME stack traces (most recent first):
Classloader memory used:
Loader org.gradle.internal.classloader.VisitableURLClassLoader                         : 47892K
Loader bootstrap                                                                       : 23029K
Loader org.gradle.initialization.MixInLegacyTypesClassLoader                           : 9341K
Loader jdk.internal.loader.ClassLoaders$PlatformClassLoader                            : 514K
Loader jdk.internal.loader.ClassLoaders$AppClassLoader                                 : 230K
Loader jdk.internal.jrtfs.JrtFileSystemProvider$JrtFsLoader                            : 215K
Loader jdk.internal.reflect.DelegatingClassLoader                                      : 130K
Loader org.gradle.internal.classloader.VisitableURLClassLoader                         : 123K

Classes loaded by more than one classloader:
Class Program                                                                         : loaded 3 times (x 69B)
Class jdk.internal.jimage.BasicImageReader                                            : loaded 2 times (x 92B)
Class org.gradle.internal.classloader.ClassLoaderHierarchy                            : loaded 2 times (x 67B)
Class org.gradle.api.internal.classpath.ManifestUtil                                  : loaded 2 times (x 68B)
Class org.gradle.internal.classloader.DefaultClassLoaderFactory                       : loaded 2 times (x 79B)
Class org.gradle.internal.classloader.ClassLoaderVisitor                              : loaded 2 times (x 73B)
Class org.gradle.api.internal.classpath.EffectiveClassPath                            : loaded 2 times (x 87B)
Class org.gradle.api.internal.DefaultClassPathProvider                                : loaded 2 times (x 73B)
Class [Lorg.gradle.api.internal.ClassPathProvider;                                    : loaded 2 times (x 66B)
Class org.gradle.api.internal.ClassPathProvider                                       : loaded 2 times (x 67B)
Class jdk.internal.jrtfs.SystemImage                                                  : loaded 2 times (x 71B)
Class org.gradle.internal.service.UnknownServiceException                             : loaded 2 times (x 80B)
Class org.gradle.internal.classpath.TransformedClassPath                              : loaded 2 times (x 93B)
Class jdk.internal.jrtfs.SystemImage$1                                                : loaded 2 times (x 75B)
Class jdk.internal.jrtfs.SystemImage$2                                                : loaded 2 times (x 73B)
Class org.gradle.internal.service.ServiceLocator                                      : loaded 2 times (x 67B)
Class jdk.internal.jrtfs.JrtFileSystemProvider                                        : loaded 2 times (x 98B)
Class jdk.internal.jrtfs.JrtDirectoryStream$1                                         : loaded 2 times (x 80B)
Class org.gradle.internal.InternalTransformer                                         : loaded 2 times (x 67B)
Class org.gradle.internal.classloader.ClasspathUtil$1                                 : loaded 2 times (x 73B)
Class org.gradle.api.internal.classpath.DefaultModuleRegistry$DefaultModule           : loaded 2 times (x 83B)
Class org.gradle.api.internal.classpath.Module                                        : loaded 2 times (x 67B)
Class org.gradle.api.internal.classpath.UnknownModuleException                        : loaded 2 times (x 79B)
Class jdk.internal.jimage.ImageHeader                                                 : loaded 2 times (x 68B)
Class org.gradle.api.internal.DefaultClassPathRegistry                                : loaded 2 times (x 73B)
Class org.gradle.api.internal.ClassPathRegistry                                       : loaded 2 times (x 67B)
Class org.gradle.internal.classpath.DefaultClassPath$ImmutableUniqueList              : loaded 2 times (x 196B)
Class org.gradle.internal.classloader.FilteringClassLoader                            : loaded 2 times (x 102B)
Class Settings_gradle$1                                                               : loaded 2 times (x 71B)
Class org.gradle.internal.classpath.ClassPath                                         : loaded 2 times (x 67B)
Class org.gradle.api.UncheckedIOException                                             : loaded 2 times (x 79B)
Class jdk.internal.jimage.ImageStringsReader                                          : loaded 2 times (x 77B)
Class jdk.internal.jimage.ImageReader                                                 : loaded 2 times (x 72B)
Class jdk.internal.jimage.ImageReader$SharedImageReader                               : loaded 2 times (x 92B)
Class org.gradle.internal.installation.GradleInstallation$1                           : loaded 2 times (x 72B)
Class org.gradle.api.internal.classpath.ModuleRegistry                                : loaded 2 times (x 67B)
Class jdk.internal.jimage.ImageReader$Node                                            : loaded 2 times (x 81B)
Class org.gradle.api.internal.classpath.DefaultModuleRegistry                         : loaded 2 times (x 80B)
Class jdk.internal.jimage.BasicImageReader$1                                          : loaded 2 times (x 74B)
Class jdk.internal.jimage.decompressor.Decompressor                                   : loaded 2 times (x 69B)
Class jdk.internal.jimage.ImageReader$Resource                                        : loaded 2 times (x 81B)
Class org.gradle.internal.service.ServiceLookupException                              : loaded 2 times (x 79B)
Class org.gradle.internal.classloader.ClassLoaderFactory                              : loaded 2 times (x 67B)
Class org.gradle.internal.service.CachingServiceLocator                               : loaded 2 times (x 79B)
Class jdk.internal.jrtfs.JrtPath                                                      : loaded 2 times (x 115B)
Class org.gradle.internal.classloader.ClasspathUtil                                   : loaded 2 times (x 68B)
Class org.gradle.api.specs.Spec                                                       : loaded 2 times (x 67B)
Class jdk.internal.jimage.ImageReader$Directory                                       : loaded 2 times (x 81B)
Class org.gradle.internal.classloader.VisitableURLClassLoader$InstrumentingVisitableURLClassLoader: loaded 2 times (x 120B)
Class org.gradle.internal.classloader.VisitableURLClassLoader$Spec                    : loaded 2 times (x 71B)
Class org.gradle.internal.classpath.DefaultClassPath                                  : loaded 2 times (x 87B)
Class org.gradle.internal.classloader.ClassLoaderSpec                                 : loaded 2 times (x 68B)
Class Settings_gradle$1$1                                                             : loaded 2 times (x 71B)
Class org.gradle.internal.classloader.VisitableURLClassLoader                         : loaded 2 times (x 114B)
Class Settings_gradle                                                                 : loaded 2 times (x 125B)
Class org.gradle.internal.Cast                                                        : loaded 2 times (x 68B)
Class org.gradle.api.Action                                                           : loaded 2 times (x 67B)
Class org.gradle.internal.agents.InstrumentingClassLoader                             : loaded 2 times (x 67B)
Class org.gradle.internal.classpath.DefaultClassPath$ImmutableUniqueList$Builder      : loaded 2 times (x 72B)
Class org.gradle.api.GradleException                                                  : loaded 2 times (x 79B)
Class jdk.internal.jimage.ImageStrings                                                : loaded 2 times (x 67B)
Class org.gradle.internal.IoActions                                                   : loaded 2 times (x 68B)
Class org.gradle.internal.classloader.SystemClassLoaderSpec                           : loaded 2 times (x 68B)
Class jdk.internal.jrtfs.JrtFileSystem                                                : loaded 2 times (x 99B)
Class org.gradle.internal.installation.CurrentGradleInstallationLocator               : loaded 2 times (x 68B)
Class org.gradle.internal.service.DefaultServiceLocator                               : loaded 2 times (x 80B)
Class jdk.internal.jrtfs.JrtDirectoryStream                                           : loaded 2 times (x 86B)
Class org.gradle.internal.installation.CurrentGradleInstallation                      : loaded 2 times (x 70B)
Class org.gradle.util.internal.GUtil                                                  : loaded 2 times (x 68B)
Class org.gradle.internal.installation.GradleInstallation                             : loaded 2 times (x 72B)

---------------  S Y S T E M  ---------------

OS:
 Windows 11 , 64 bit Build 22621 (10.0.22621.4974)
OS uptime: 0 days 1:50 hours

CPU: total 8 (initial active 8) (4 cores per cpu, 2 threads per core) family 6 model 140 stepping 1 microcode 0xba, cx8, cmov, fxsr, ht, mmx, 3dnowpref, sse, sse2, sse3, ssse3, sse4.1, sse4.2, popcnt, lzcnt, tsc, tscinvbit, avx, avx2, aes, erms, clmul, bmi1, bmi2, adx, avx512f, avx512dq, avx512cd, avx512bw, avx512vl, sha, fma, vzeroupper, avx512_vpopcntdq, avx512_vpclmulqdq, avx512_vaes, avx512_vnni, clflush, clflushopt, clwb, avx512_vbmi2, avx512_vbmi, rdtscp, rdpid, fsrm, gfni, avx512_bitalg, f16c, pku, cet_ibt, cet_ss, avx512_ifma
Processor Information for all 8 processors :
  Max Mhz: 2419, Current Mhz: 2419, Mhz Limit: 2419

Memory: 4k page, system-wide physical 7914M (757M free)
TotalPageFile size 19982M (AvailPageFile size 18M)
current process WorkingSet (physical memory assigned to process): 366M, peak: 366M
current process commit charge ("private bytes"): 403M, peak: 405M

vm_info: OpenJDK 64-Bit Server VM (21.0.3+-12282718-b509.11) for windows-amd64 JRE (21.0.3+-12282718-b509.11), built on 2024-08-27T17:34:15Z by "builder" with MS VC++ 16.10 / 16.11 (VS2019)

END.
