#
# There is insufficient memory for the Java Runtime Environment to continue.
# Native memory allocation (mmap) failed to map 26214400 bytes. Error detail: G1 virtual space
# Possible reasons:
#   The system is out of physical RAM or swap space
#   This process is running with CompressedOops enabled, and the Java Heap may be blocking the growth of the native heap
# Possible solutions:
#   Reduce memory load on the system
#   Increase physical memory or swap space
#   Check if swap backing store is full
#   Decrease Java heap size (-Xmx/-Xms)
#   Decrease number of Java threads
#   Decrease Java thread stack sizes (-Xss)
#   Set larger code cache with -XX:ReservedCodeCacheSize=
#   JVM is running with Unscaled Compressed Oops mode in which the Java heap is
#     placed in the first 4GB address space. The Java Heap base address is the
#     maximum limit for the native heap growth. Please use -XX:HeapBaseMinAddress
#     to set the Java Heap base and to place the Java Heap above 4GB virtual address.
# This output file may be truncated or incomplete.
#
#  Out of Memory Error (os_windows.cpp:3815), pid=11540, tid=12904
#
# JRE version: OpenJDK Runtime Environment (21.0.3) (build 21.0.3+-12282718-b509.11)
# Java VM: OpenJDK 64-Bit Server VM (21.0.3+-12282718-b509.11, mixed mode, tiered, compressed oops, compressed class ptrs, g1 gc, windows-amd64)
# No core dump will be written. Minidumps are not enabled by default on client versions of Windows
#

---------------  S U M M A R Y ------------

Command Line: --add-opens=java.base/java.util=ALL-UNNAMED --add-opens=java.base/java.lang=ALL-UNNAMED --add-opens=java.base/java.lang.invoke=ALL-UNNAMED --add-opens=java.prefs/java.util.prefs=ALL-UNNAMED --add-exports=jdk.compiler/com.sun.tools.javac.api=ALL-UNNAMED --add-exports=jdk.compiler/com.sun.tools.javac.util=ALL-UNNAMED --add-opens=java.base/java.nio.charset=ALL-UNNAMED --add-opens=java.base/java.net=ALL-UNNAMED --add-opens=java.base/java.util.concurrent.atomic=ALL-UNNAMED -Xmx2048m -Dfile.encoding=UTF-8 -Duser.country=GB -Duser.language=en -Duser.variant -javaagent:C:\Users\DELL\.gradle\wrapper\dists\gradle-8.9-bin\90cnw93cvbtalezasaz0blq0a\gradle-8.9\lib\agents\gradle-instrumentation-agent-8.9.jar org.gradle.launcher.daemon.bootstrap.GradleDaemon 8.9

Host: 11th Gen Intel(R) Core(TM) i5-1135G7 @ 2.40GHz, 8 cores, 7G,  Windows 11 , 64 bit Build 22621 (10.0.22621.4974)
Time: Fri Mar 28 18:05:59 2025 SE Asia Standard Time elapsed time: 7.804638 seconds (0d 0h 0m 7s)

---------------  T H R E A D  ---------------

Current thread (0x0000020259dce920):  VMThread "VM Thread"          [id=12904, stack(0x0000001d68700000,0x0000001d68800000) (1024K)]

Stack: [0x0000001d68700000,0x0000001d68800000]
Native frames: (J=compiled Java code, j=interpreted, Vv=VM code, C=native code)
V  [jvm.dll+0x6cafb9]
V  [jvm.dll+0x858523]
V  [jvm.dll+0x85aa7e]
V  [jvm.dll+0x85b163]
V  [jvm.dll+0x27d356]
V  [jvm.dll+0x6c7865]
V  [jvm.dll+0x6bbd3a]
V  [jvm.dll+0x35199b]
V  [jvm.dll+0x3595d6]
V  [jvm.dll+0x3aa826]
V  [jvm.dll+0x3aaaf8]
V  [jvm.dll+0x3240bc]
V  [jvm.dll+0x324147]
V  [jvm.dll+0x36a00c]
V  [jvm.dll+0x36879e]
V  [jvm.dll+0x3237c1]
V  [jvm.dll+0x367eb0]
V  [jvm.dll+0x860ac8]
V  [jvm.dll+0x861bc4]
V  [jvm.dll+0x862100]
V  [jvm.dll+0x862393]
V  [jvm.dll+0x800d78]
V  [jvm.dll+0x6c98cd]
C  [ucrtbase.dll+0x29333]
C  [KERNEL32.DLL+0x1259d]
C  [ntdll.dll+0x5af38]

VM_Operation (0x0000001d6a7fdd40): G1CollectForAllocation, mode: safepoint, requested by thread 0x000002025fe581f0


---------------  P R O C E S S  ---------------

Threads class SMR info:
_java_thread_list=0x000002026277c2e0, length=80, elements={
0x0000020240502650, 0x000002025e050580, 0x000002025e0512a0, 0x000002025e06cf60,
0x000002025e06d9c0, 0x000002025e06e420, 0x000002025e0554d0, 0x000002025e056260,
0x000002025e058d10, 0x000002025e1af160, 0x000002025e3da6b0, 0x000002025fc90030,
0x000002025fc9ea10, 0x000002025fdc7470, 0x000002025fcabdb0, 0x000002026018dd30,
0x000002025ff7d510, 0x000002025ff7db80, 0x000002025fe574d0, 0x000002025fe57b60,
0x000002025fe56e40, 0x000002025fe56120, 0x000002025fe58880, 0x000002025fe581f0,
0x000002025fe55a90, 0x000002025fe567b0, 0x00000202609265d0, 0x0000020260926c60,
0x00000202609293c0, 0x000002026092c1b0, 0x00000202609286a0, 0x00000202609272f0,
0x000002026092a770, 0x000002026092a0e0, 0x0000020260929a50, 0x000002026092ced0,
0x0000020260927980, 0x0000020260928010, 0x0000020260928d30, 0x000002026092bb20,
0x000002026404f270, 0x000002026404dec0, 0x00000202640519d0, 0x000002026404f900,
0x000002026404e550, 0x0000020264050620, 0x000002026404cb10, 0x000002026404d1a0,
0x000002026404ebe0, 0x0000020264050cb0, 0x0000020264051340, 0x000002026404d830,
0x000002026404b760, 0x000002026404aa40, 0x000002026404c480, 0x0000020264052060,
0x000002026404bdf0, 0x00000202620ead70, 0x0000020262ed9810, 0x00000202620ec7b0,
0x00000202620ed4d0, 0x00000202620ea050, 0x00000202620ea6e0, 0x00000202620ec120,
0x00000202620ece40, 0x000002026092c840, 0x000002025fd9ff80, 0x000002025fda0ca0,
0x000002025fda4120, 0x000002025fda19c0, 0x000002025fda2d70, 0x000002025fda0610,
0x000002025fda26e0, 0x000002025fd9e540, 0x000002025fd9ebd0, 0x000002025fda1330,
0x000002025fda2050, 0x000002025fd9f260, 0x000002025fd9f8f0, 0x000002025fd9d820
}

Java Threads: ( => current thread )
  0x0000020240502650 JavaThread "main"                              [_thread_blocked, id=21104, stack(0x0000001d68000000,0x0000001d68100000) (1024K)]
  0x000002025e050580 JavaThread "Reference Handler"          daemon [_thread_blocked, id=9048, stack(0x0000001d68800000,0x0000001d68900000) (1024K)]
  0x000002025e0512a0 JavaThread "Finalizer"                  daemon [_thread_blocked, id=4000, stack(0x0000001d68900000,0x0000001d68a00000) (1024K)]
  0x000002025e06cf60 JavaThread "Signal Dispatcher"          daemon [_thread_blocked, id=16428, stack(0x0000001d68a00000,0x0000001d68b00000) (1024K)]
  0x000002025e06d9c0 JavaThread "Attach Listener"            daemon [_thread_blocked, id=2972, stack(0x0000001d68b00000,0x0000001d68c00000) (1024K)]
  0x000002025e06e420 JavaThread "Service Thread"             daemon [_thread_blocked, id=20488, stack(0x0000001d68c00000,0x0000001d68d00000) (1024K)]
  0x000002025e0554d0 JavaThread "Monitor Deflation Thread"   daemon [_thread_blocked, id=17064, stack(0x0000001d68d00000,0x0000001d68e00000) (1024K)]
  0x000002025e056260 JavaThread "C2 CompilerThread0"         daemon [_thread_in_native, id=14996, stack(0x0000001d68e00000,0x0000001d68f00000) (1024K)]
  0x000002025e058d10 JavaThread "C1 CompilerThread0"         daemon [_thread_blocked, id=4688, stack(0x0000001d68f00000,0x0000001d69000000) (1024K)]
  0x000002025e1af160 JavaThread "Common-Cleaner"             daemon [_thread_blocked, id=8116, stack(0x0000001d69000000,0x0000001d69100000) (1024K)]
  0x000002025e3da6b0 JavaThread "Notification Thread"        daemon [_thread_blocked, id=15268, stack(0x0000001d69100000,0x0000001d69200000) (1024K)]
  0x000002025fc90030 JavaThread "Daemon health stats"               [_thread_blocked, id=20812, stack(0x0000001d69700000,0x0000001d69800000) (1024K)]
  0x000002025fc9ea10 JavaThread "Incoming local TCP Connector on port 58969"        [_thread_in_native, id=11192, stack(0x0000001d69800000,0x0000001d69900000) (1024K)]
  0x000002025fdc7470 JavaThread "Daemon periodic checks"            [_thread_blocked, id=5488, stack(0x0000001d69900000,0x0000001d69a00000) (1024K)]
  0x000002025fcabdb0 JavaThread "Daemon"                            [_thread_blocked, id=18740, stack(0x0000001d69a00000,0x0000001d69b00000) (1024K)]
  0x000002026018dd30 JavaThread "Handler for socket connection from /127.0.0.1:58969 to /127.0.0.1:58970"        [_thread_in_native, id=18244, stack(0x0000001d69b00000,0x0000001d69c00000) (1024K)]
  0x000002025ff7d510 JavaThread "Cancel handler"                    [_thread_blocked, id=11484, stack(0x0000001d69c00000,0x0000001d69d00000) (1024K)]
  0x000002025ff7db80 JavaThread "Daemon worker"                     [_thread_blocked, id=7080, stack(0x0000001d69d00000,0x0000001d69e00000) (1024K)]
  0x000002025fe574d0 JavaThread "Asynchronous log dispatcher for DefaultDaemonConnection: socket connection from /127.0.0.1:58969 to /127.0.0.1:58970"        [_thread_blocked, id=2516, stack(0x0000001d69e00000,0x0000001d69f00000) (1024K)]
  0x000002025fe57b60 JavaThread "Stdin handler"                     [_thread_blocked, id=2596, stack(0x0000001d69f00000,0x0000001d6a000000) (1024K)]
  0x000002025fe56e40 JavaThread "Daemon client event forwarder"        [_thread_blocked, id=1812, stack(0x0000001d6a000000,0x0000001d6a100000) (1024K)]
  0x000002025fe56120 JavaThread "Cache worker for journal cache (C:\Users\DELL\.gradle\caches\journal-1)"        [_thread_blocked, id=3640, stack(0x0000001d6a500000,0x0000001d6a600000) (1024K)]
  0x000002025fe58880 JavaThread "File lock request listener"        [_thread_in_native, id=10632, stack(0x0000001d6a600000,0x0000001d6a700000) (1024K)]
  0x000002025fe581f0 JavaThread "Cache worker for file hash cache (C:\Users\DELL\.gradle\caches\8.9\fileHashes)"        [_thread_blocked, id=19028, stack(0x0000001d6a700000,0x0000001d6a800000) (1024K)]
  0x000002025fe55a90 JavaThread "Cache worker for file hash cache (E:\HocTap\BaiTap\.gradle\8.9\fileHashes)"        [_thread_blocked, id=15128, stack(0x0000001d6a800000,0x0000001d6a900000) (1024K)]
  0x000002025fe567b0 JavaThread "Cache worker for Build Output Cleanup Cache (E:\HocTap\BaiTap\.gradle\buildOutputCleanup)"        [_thread_blocked, id=5072, stack(0x0000001d6a900000,0x0000001d6aa00000) (1024K)]
  0x00000202609265d0 JavaThread "File watcher server"        daemon [_thread_blocked, id=18212, stack(0x0000001d6aa00000,0x0000001d6ab00000) (1024K)]
  0x0000020260926c60 JavaThread "File watcher consumer"      daemon [_thread_blocked, id=16496, stack(0x0000001d6ab00000,0x0000001d6ac00000) (1024K)]
  0x00000202609293c0 JavaThread "jar transforms"                    [_thread_blocked, id=12752, stack(0x0000001d6ac00000,0x0000001d6ad00000) (1024K)]
  0x000002026092c1b0 JavaThread "jar transforms Thread 2"           [_thread_blocked, id=19412, stack(0x0000001d6ad00000,0x0000001d6ae00000) (1024K)]
  0x00000202609286a0 JavaThread "jar transforms Thread 3"           [_thread_blocked, id=9052, stack(0x0000001d6ae00000,0x0000001d6af00000) (1024K)]
  0x00000202609272f0 JavaThread "jar transforms Thread 4"           [_thread_blocked, id=10420, stack(0x0000001d6af00000,0x0000001d6b000000) (1024K)]
  0x000002026092a770 JavaThread "jar transforms Thread 5"           [_thread_blocked, id=7684, stack(0x0000001d6b000000,0x0000001d6b100000) (1024K)]
  0x000002026092a0e0 JavaThread "jar transforms Thread 6"           [_thread_blocked, id=18168, stack(0x0000001d6b100000,0x0000001d6b200000) (1024K)]
  0x0000020260929a50 JavaThread "jar transforms Thread 7"           [_thread_blocked, id=17480, stack(0x0000001d6b200000,0x0000001d6b300000) (1024K)]
  0x000002026092ced0 JavaThread "jar transforms Thread 8"           [_thread_blocked, id=17392, stack(0x0000001d6b300000,0x0000001d6b400000) (1024K)]
  0x0000020260927980 JavaThread "Cache worker for checksums cache (E:\HocTap\BaiTap\.gradle\8.9\checksums)"        [_thread_blocked, id=15556, stack(0x0000001d6b500000,0x0000001d6b600000) (1024K)]
  0x0000020260928010 JavaThread "Cache worker for file content cache (C:\Users\DELL\.gradle\caches\8.9\fileContent)"        [_thread_blocked, id=1176, stack(0x0000001d6b600000,0x0000001d6b700000) (1024K)]
  0x0000020260928d30 JavaThread "Cache worker for cache directory md-rule (C:\Users\DELL\.gradle\caches\8.9\md-rule)"        [_thread_blocked, id=10760, stack(0x0000001d6b700000,0x0000001d6b800000) (1024K)]
  0x000002026092bb20 JavaThread "Cache worker for cache directory md-supplier (C:\Users\DELL\.gradle\caches\8.9\md-supplier)"        [_thread_blocked, id=11676, stack(0x0000001d6b800000,0x0000001d6b900000) (1024K)]
  0x000002026404f270 JavaThread "Unconstrained build operations"        [_thread_blocked, id=6152, stack(0x0000001d6b900000,0x0000001d6ba00000) (1024K)]
  0x000002026404dec0 JavaThread "Unconstrained build operations Thread 2"        [_thread_blocked, id=15452, stack(0x0000001d6ba00000,0x0000001d6bb00000) (1024K)]
  0x00000202640519d0 JavaThread "Unconstrained build operations Thread 3"        [_thread_blocked, id=2492, stack(0x0000001d6bb00000,0x0000001d6bc00000) (1024K)]
  0x000002026404f900 JavaThread "Unconstrained build operations Thread 4"        [_thread_blocked, id=19836, stack(0x0000001d6bc00000,0x0000001d6bd00000) (1024K)]
  0x000002026404e550 JavaThread "Unconstrained build operations Thread 5"        [_thread_blocked, id=7552, stack(0x0000001d6bd00000,0x0000001d6be00000) (1024K)]
  0x0000020264050620 JavaThread "Unconstrained build operations Thread 6"        [_thread_blocked, id=15216, stack(0x0000001d6be00000,0x0000001d6bf00000) (1024K)]
  0x000002026404cb10 JavaThread "Unconstrained build operations Thread 7"        [_thread_blocked, id=21404, stack(0x0000001d6bf00000,0x0000001d6c000000) (1024K)]
  0x000002026404d1a0 JavaThread "Unconstrained build operations Thread 8"        [_thread_blocked, id=20256, stack(0x0000001d6c000000,0x0000001d6c100000) (1024K)]
  0x000002026404ebe0 JavaThread "Unconstrained build operations Thread 9"        [_thread_blocked, id=3520, stack(0x0000001d6c100000,0x0000001d6c200000) (1024K)]
  0x0000020264050cb0 JavaThread "Unconstrained build operations Thread 10"        [_thread_blocked, id=18632, stack(0x0000001d6c200000,0x0000001d6c300000) (1024K)]
  0x0000020264051340 JavaThread "Unconstrained build operations Thread 11"        [_thread_blocked, id=14448, stack(0x0000001d6c300000,0x0000001d6c400000) (1024K)]
  0x000002026404d830 JavaThread "Unconstrained build operations Thread 12"        [_thread_blocked, id=13196, stack(0x0000001d6c400000,0x0000001d6c500000) (1024K)]
  0x000002026404b760 JavaThread "Unconstrained build operations Thread 13"        [_thread_blocked, id=5868, stack(0x0000001d6c500000,0x0000001d6c600000) (1024K)]
  0x000002026404aa40 JavaThread "Unconstrained build operations Thread 14"        [_thread_blocked, id=1240, stack(0x0000001d6c600000,0x0000001d6c700000) (1024K)]
  0x000002026404c480 JavaThread "Unconstrained build operations Thread 15"        [_thread_blocked, id=13860, stack(0x0000001d6c700000,0x0000001d6c800000) (1024K)]
  0x0000020264052060 JavaThread "Unconstrained build operations Thread 16"        [_thread_blocked, id=3464, stack(0x0000001d6c800000,0x0000001d6c900000) (1024K)]
  0x000002026404bdf0 JavaThread "Unconstrained build operations Thread 17"        [_thread_blocked, id=4604, stack(0x0000001d6c900000,0x0000001d6ca00000) (1024K)]
  0x00000202620ead70 JavaThread "Unconstrained build operations Thread 18"        [_thread_blocked, id=12440, stack(0x0000001d6ca00000,0x0000001d6cb00000) (1024K)]
  0x0000020262ed9810 JavaThread "C2 CompilerThread1"         daemon [_thread_in_native, id=18712, stack(0x0000001d69200000,0x0000001d69300000) (1024K)]
  0x00000202620ec7b0 JavaThread "Unconstrained build operations Thread 19"        [_thread_blocked, id=7048, stack(0x0000001d6b400000,0x0000001d6b500000) (1024K)]
  0x00000202620ed4d0 JavaThread "Unconstrained build operations Thread 20"        [_thread_blocked, id=20972, stack(0x0000001d6cb00000,0x0000001d6cc00000) (1024K)]
  0x00000202620ea050 JavaThread "Unconstrained build operations Thread 21"        [_thread_blocked, id=21000, stack(0x0000001d6cc00000,0x0000001d6cd00000) (1024K)]
  0x00000202620ea6e0 JavaThread "Unconstrained build operations Thread 22"        [_thread_blocked, id=9904, stack(0x0000001d6cd00000,0x0000001d6ce00000) (1024K)]
  0x00000202620ec120 JavaThread "Unconstrained build operations Thread 23"        [_thread_blocked, id=11476, stack(0x0000001d6ce00000,0x0000001d6cf00000) (1024K)]
  0x00000202620ece40 JavaThread "Unconstrained build operations Thread 24"        [_thread_blocked, id=17108, stack(0x0000001d6cf00000,0x0000001d6d000000) (1024K)]
  0x000002026092c840 JavaThread "Unconstrained build operations Thread 25"        [_thread_blocked, id=12388, stack(0x0000001d6d000000,0x0000001d6d100000) (1024K)]
  0x000002025fd9ff80 JavaThread "Unconstrained build operations Thread 26"        [_thread_blocked, id=7792, stack(0x0000001d6d100000,0x0000001d6d200000) (1024K)]
  0x000002025fda0ca0 JavaThread "Unconstrained build operations Thread 27"        [_thread_blocked, id=8020, stack(0x0000001d6d200000,0x0000001d6d300000) (1024K)]
  0x000002025fda4120 JavaThread "Unconstrained build operations Thread 28"        [_thread_blocked, id=19868, stack(0x0000001d6d300000,0x0000001d6d400000) (1024K)]
  0x000002025fda19c0 JavaThread "Unconstrained build operations Thread 29"        [_thread_blocked, id=12844, stack(0x0000001d6d400000,0x0000001d6d500000) (1024K)]
  0x000002025fda2d70 JavaThread "Unconstrained build operations Thread 30"        [_thread_blocked, id=11044, stack(0x0000001d6d500000,0x0000001d6d600000) (1024K)]
  0x000002025fda0610 JavaThread "Unconstrained build operations Thread 31"        [_thread_blocked, id=20856, stack(0x0000001d6d600000,0x0000001d6d700000) (1024K)]
  0x000002025fda26e0 JavaThread "Unconstrained build operations Thread 32"        [_thread_blocked, id=17380, stack(0x0000001d6d700000,0x0000001d6d800000) (1024K)]
  0x000002025fd9e540 JavaThread "Unconstrained build operations Thread 33"        [_thread_blocked, id=20948, stack(0x0000001d6d800000,0x0000001d6d900000) (1024K)]
  0x000002025fd9ebd0 JavaThread "Unconstrained build operations Thread 34"        [_thread_blocked, id=11660, stack(0x0000001d6d900000,0x0000001d6da00000) (1024K)]
  0x000002025fda1330 JavaThread "Unconstrained build operations Thread 35"        [_thread_blocked, id=18800, stack(0x0000001d6da00000,0x0000001d6db00000) (1024K)]
  0x000002025fda2050 JavaThread "Unconstrained build operations Thread 36"        [_thread_blocked, id=1396, stack(0x0000001d6db00000,0x0000001d6dc00000) (1024K)]
  0x000002025fd9f260 JavaThread "Unconstrained build operations Thread 37"        [_thread_blocked, id=3096, stack(0x0000001d6dc00000,0x0000001d6dd00000) (1024K)]
  0x000002025fd9f8f0 JavaThread "Unconstrained build operations Thread 38"        [_thread_blocked, id=13212, stack(0x0000001d6dd00000,0x0000001d6de00000) (1024K)]
  0x000002025fd9d820 JavaThread "Unconstrained build operations Thread 39"        [_thread_blocked, id=12680, stack(0x0000001d6de00000,0x0000001d6df00000) (1024K)]
Total: 80

Other Threads:
=>0x0000020259dce920 VMThread "VM Thread"                           [id=12904, stack(0x0000001d68700000,0x0000001d68800000) (1024K)]
  0x0000020259d3d4d0 WatcherThread "VM Periodic Task Thread"        [id=1800, stack(0x0000001d68600000,0x0000001d68700000) (1024K)]
  0x00000202427330c0 WorkerThread "GC Thread#0"                     [id=12208, stack(0x0000001d68100000,0x0000001d68200000) (1024K)]
  0x000002025e9ff620 WorkerThread "GC Thread#1"                     [id=17324, stack(0x0000001d69300000,0x0000001d69400000) (1024K)]
  0x000002025e775740 WorkerThread "GC Thread#2"                     [id=2704, stack(0x0000001d69400000,0x0000001d69500000) (1024K)]
  0x000002025ea2c5f0 WorkerThread "GC Thread#3"                     [id=15968, stack(0x0000001d69500000,0x0000001d69600000) (1024K)]
  0x000002025f0553a0 WorkerThread "GC Thread#4"                     [id=2828, stack(0x0000001d69600000,0x0000001d69700000) (1024K)]
  0x000002025fe5d5c0 WorkerThread "GC Thread#5"                     [id=10644, stack(0x0000001d6a100000,0x0000001d6a200000) (1024K)]
  0x000002025fd8c5c0 WorkerThread "GC Thread#6"                     [id=9588, stack(0x0000001d6a200000,0x0000001d6a300000) (1024K)]
  0x000002025fd8c960 WorkerThread "GC Thread#7"                     [id=20244, stack(0x0000001d6a300000,0x0000001d6a400000) (1024K)]
  0x0000020242744210 ConcurrentGCThread "G1 Main Marker"            [id=15908, stack(0x0000001d68200000,0x0000001d68300000) (1024K)]
  0x00000202427454b0 WorkerThread "G1 Conc#0"                       [id=18968, stack(0x0000001d68300000,0x0000001d68400000) (1024K)]
  0x000002025ff49700 WorkerThread "G1 Conc#1"                       [id=11084, stack(0x0000001d6a400000,0x0000001d6a500000) (1024K)]
  0x000002024279e6c0 ConcurrentGCThread "G1 Refine#0"               [id=9996, stack(0x0000001d68400000,0x0000001d68500000) (1024K)]
  0x0000020259c136d0 ConcurrentGCThread "G1 Service"                [id=2876, stack(0x0000001d68500000,0x0000001d68600000) (1024K)]
Total: 15

Threads with active compile tasks:
C2 CompilerThread0     7831 7897       4       org.gradle.cache.internal.btree.FreeListBlockStore::read (12 bytes)
C1 CompilerThread0     7831 8121       3       java.nio.charset.CharsetDecoder::<init> (100 bytes)
C2 CompilerThread1     7831 7883       4       org.gradle.cache.internal.btree.CachingBlockStore::read (56 bytes)
Total: 3

VM state: at safepoint (normal execution)

VM Mutex/Monitor currently owned by a thread:  ([mutex/lock_event])
[0x00007ffaa43a20c8] Threads_lock - owner thread: 0x0000020259dce920
[0x00007ffaa43a21c8] Heap_lock - owner thread: 0x000002025fe581f0

Heap address: 0x0000000080000000, size: 2048 MB, Compressed Oops mode: 32-bit

CDS archive(s) not mapped
Compressed class space mapped at: 0x0000000100000000-0x0000000140000000, reserved size: 1073741824
Narrow klass base: 0x0000000000000000, Narrow klass shift: 3, Narrow klass range: 0x140000000

GC Precious Log:
 CardTable entry size: 512
 Card Set container configuration: InlinePtr #cards 5 size 8 Array Of Cards #cards 12 size 40 Howl #buckets 4 coarsen threshold 1843 Howl Bitmap #cards 512 size 80 coarsen threshold 460 Card regions per heap region 1 cards per card region 2048
 CPUs: 8 total, 8 available
 Memory: 7914M
 Large Page Support: Disabled
 NUMA Support: Disabled
 Compressed Oops: Enabled (32-bit)
 Heap Region Size: 1M
 Heap Min Capacity: 8M
 Heap Initial Capacity: 124M
 Heap Max Capacity: 2G
 Pre-touch: Disabled
 Parallel Workers: 8
 Concurrent Workers: 2
 Concurrent Refinement Workers: 8
 Periodic GC: Disabled

Heap:
 garbage-first heap   total 143360K, used 85330K [0x0000000080000000, 0x0000000100000000)
  region size 1024K, 4 young (4096K), 4 survivors (4096K)
 Metaspace       used 72323K, committed 74176K, reserved 1114112K
  class space    used 9940K, committed 10880K, reserved 1048576K

Heap Regions: E=young(eden), S=young(survivor), O=old, HS=humongous(starts), HC=humongous(continues), CS=collection set, F=free, TAMS=top-at-mark-start, PB=parsable bottom
|   0|0x0000000080000000, 0x0000000080100000, 0x0000000080100000|100%|HS|  |TAMS 0x0000000080000000| PB 0x0000000080000000| Complete 
|   1|0x0000000080100000, 0x0000000080200000, 0x0000000080200000|100%|HC|  |TAMS 0x0000000080100000| PB 0x0000000080100000| Complete 
|   2|0x0000000080200000, 0x0000000080300000, 0x0000000080300000|100%|HC|  |TAMS 0x0000000080200000| PB 0x0000000080200000| Complete 
|   3|0x0000000080300000, 0x0000000080400000, 0x0000000080400000|100%|HC|  |TAMS 0x0000000080300000| PB 0x0000000080300000| Complete 
|   4|0x0000000080400000, 0x0000000080500000, 0x0000000080500000|100%| O|  |TAMS 0x0000000080400000| PB 0x0000000080400000| Untracked 
|   5|0x0000000080500000, 0x0000000080600000, 0x0000000080600000|100%| O|  |TAMS 0x0000000080500000| PB 0x0000000080500000| Untracked 
|   6|0x0000000080600000, 0x0000000080700000, 0x0000000080700000|100%| O|  |TAMS 0x0000000080600000| PB 0x0000000080600000| Untracked 
|   7|0x0000000080700000, 0x0000000080800000, 0x0000000080800000|100%| O|  |TAMS 0x0000000080700000| PB 0x0000000080700000| Untracked 
|   8|0x0000000080800000, 0x0000000080900000, 0x0000000080900000|100%| O|  |TAMS 0x0000000080800000| PB 0x0000000080800000| Untracked 
|   9|0x0000000080900000, 0x00000000809f8ec0, 0x0000000080a00000| 97%| O|  |TAMS 0x0000000080900000| PB 0x0000000080900000| Untracked 
|  10|0x0000000080a00000, 0x0000000080b00000, 0x0000000080b00000|100%|HS|  |TAMS 0x0000000080a00000| PB 0x0000000080a00000| Complete 
|  11|0x0000000080b00000, 0x0000000080c00000, 0x0000000080c00000|100%|HS|  |TAMS 0x0000000080b00000| PB 0x0000000080b00000| Complete 
|  12|0x0000000080c00000, 0x0000000080d00000, 0x0000000080d00000|100%|HC|  |TAMS 0x0000000080c00000| PB 0x0000000080c00000| Complete 
|  13|0x0000000080d00000, 0x0000000080e00000, 0x0000000080e00000|100%|HC|  |TAMS 0x0000000080d00000| PB 0x0000000080d00000| Complete 
|  14|0x0000000080e00000, 0x0000000080f00000, 0x0000000080f00000|100%|HC|  |TAMS 0x0000000080e00000| PB 0x0000000080e00000| Complete 
|  15|0x0000000080f00000, 0x0000000081000000, 0x0000000081000000|100%|HC|  |TAMS 0x0000000080f00000| PB 0x0000000080f00000| Complete 
|  16|0x0000000081000000, 0x0000000081100000, 0x0000000081100000|100%|HC|  |TAMS 0x0000000081000000| PB 0x0000000081000000| Complete 
|  17|0x0000000081100000, 0x0000000081200000, 0x0000000081200000|100%|HS|  |TAMS 0x0000000081100000| PB 0x0000000081100000| Complete 
|  18|0x0000000081200000, 0x0000000081300000, 0x0000000081300000|100%|HC|  |TAMS 0x0000000081200000| PB 0x0000000081200000| Complete 
|  19|0x0000000081300000, 0x0000000081400000, 0x0000000081400000|100%|HC|  |TAMS 0x0000000081300000| PB 0x0000000081300000| Complete 
|  20|0x0000000081400000, 0x0000000081500000, 0x0000000081500000|100%|HS|  |TAMS 0x0000000081400000| PB 0x0000000081400000| Complete 
|  21|0x0000000081500000, 0x0000000081600000, 0x0000000081600000|100%|HC|  |TAMS 0x0000000081500000| PB 0x0000000081500000| Complete 
|  22|0x0000000081600000, 0x0000000081700000, 0x0000000081700000|100%| O|  |TAMS 0x0000000081600000| PB 0x0000000081600000| Untracked 
|  23|0x0000000081700000, 0x0000000081800000, 0x0000000081800000|100%| O|  |TAMS 0x0000000081700000| PB 0x0000000081700000| Untracked 
|  24|0x0000000081800000, 0x0000000081900000, 0x0000000081900000|100%| O|  |TAMS 0x0000000081800000| PB 0x0000000081800000| Untracked 
|  25|0x0000000081900000, 0x0000000081a00000, 0x0000000081a00000|100%| O|  |TAMS 0x0000000081900000| PB 0x0000000081900000| Untracked 
|  26|0x0000000081a00000, 0x0000000081b00000, 0x0000000081b00000|100%|HS|  |TAMS 0x0000000081a00000| PB 0x0000000081a00000| Complete 
|  27|0x0000000081b00000, 0x0000000081c00000, 0x0000000081c00000|100%| O|  |TAMS 0x0000000081b00000| PB 0x0000000081b00000| Untracked 
|  28|0x0000000081c00000, 0x0000000081d00000, 0x0000000081d00000|100%| O|  |TAMS 0x0000000081c00000| PB 0x0000000081c00000| Untracked 
|  29|0x0000000081d00000, 0x0000000081e00000, 0x0000000081e00000|100%| O|  |TAMS 0x0000000081d00000| PB 0x0000000081d00000| Untracked 
|  30|0x0000000081e00000, 0x0000000081f00000, 0x0000000081f00000|100%| O|  |TAMS 0x0000000081e00000| PB 0x0000000081e00000| Untracked 
|  31|0x0000000081f00000, 0x0000000082000000, 0x0000000082000000|100%| O|  |TAMS 0x0000000081f00000| PB 0x0000000081f00000| Untracked 
|  32|0x0000000082000000, 0x0000000082100000, 0x0000000082100000|100%| O|  |TAMS 0x0000000082000000| PB 0x0000000082000000| Untracked 
|  33|0x0000000082100000, 0x0000000082200000, 0x0000000082200000|100%| O|  |TAMS 0x0000000082100000| PB 0x0000000082100000| Untracked 
|  34|0x0000000082200000, 0x0000000082300000, 0x0000000082300000|100%| O|  |TAMS 0x0000000082200000| PB 0x0000000082200000| Untracked 
|  35|0x0000000082300000, 0x0000000082400000, 0x0000000082400000|100%|HS|  |TAMS 0x0000000082300000| PB 0x0000000082300000| Complete 
|  36|0x0000000082400000, 0x0000000082500000, 0x0000000082500000|100%|HC|  |TAMS 0x0000000082400000| PB 0x0000000082400000| Complete 
|  37|0x0000000082500000, 0x0000000082600000, 0x0000000082600000|100%| O|  |TAMS 0x0000000082500000| PB 0x0000000082500000| Untracked 
|  38|0x0000000082600000, 0x0000000082700000, 0x0000000082700000|100%| O|  |TAMS 0x0000000082600000| PB 0x0000000082600000| Untracked 
|  39|0x0000000082700000, 0x0000000082800000, 0x0000000082800000|100%| O|  |TAMS 0x0000000082700000| PB 0x0000000082700000| Untracked 
|  40|0x0000000082800000, 0x0000000082900000, 0x0000000082900000|100%| O|  |TAMS 0x0000000082800000| PB 0x0000000082800000| Untracked 
|  41|0x0000000082900000, 0x0000000082a00000, 0x0000000082a00000|100%|HS|  |TAMS 0x0000000082900000| PB 0x0000000082900000| Complete 
|  42|0x0000000082a00000, 0x0000000082b00000, 0x0000000082b00000|100%|HC|  |TAMS 0x0000000082a00000| PB 0x0000000082a00000| Complete 
|  43|0x0000000082b00000, 0x0000000082c00000, 0x0000000082c00000|100%|HC|  |TAMS 0x0000000082b00000| PB 0x0000000082b00000| Complete 
|  44|0x0000000082c00000, 0x0000000082d00000, 0x0000000082d00000|100%|HC|  |TAMS 0x0000000082c00000| PB 0x0000000082c00000| Complete 
|  45|0x0000000082d00000, 0x0000000082e00000, 0x0000000082e00000|100%|HC|  |TAMS 0x0000000082d00000| PB 0x0000000082d00000| Complete 
|  46|0x0000000082e00000, 0x0000000082f00000, 0x0000000082f00000|100%|HC|  |TAMS 0x0000000082e00000| PB 0x0000000082e00000| Complete 
|  47|0x0000000082f00000, 0x0000000083000000, 0x0000000083000000|100%| O|  |TAMS 0x0000000082f00000| PB 0x0000000082f00000| Untracked 
|  48|0x0000000083000000, 0x0000000083100000, 0x0000000083100000|100%| O|  |TAMS 0x0000000083000000| PB 0x0000000083000000| Untracked 
|  49|0x0000000083100000, 0x0000000083200000, 0x0000000083200000|100%| O|  |TAMS 0x0000000083100000| PB 0x0000000083100000| Untracked 
|  50|0x0000000083200000, 0x0000000083300000, 0x0000000083300000|100%| O|  |TAMS 0x0000000083200000| PB 0x0000000083200000| Untracked 
|  51|0x0000000083300000, 0x0000000083400000, 0x0000000083400000|100%| O|  |TAMS 0x0000000083300000| PB 0x0000000083300000| Untracked 
|  52|0x0000000083400000, 0x0000000083500000, 0x0000000083500000|100%| O|  |TAMS 0x0000000083400000| PB 0x0000000083400000| Untracked 
|  53|0x0000000083500000, 0x0000000083600000, 0x0000000083600000|100%| O|  |TAMS 0x0000000083500000| PB 0x0000000083500000| Untracked 
|  54|0x0000000083600000, 0x0000000083700000, 0x0000000083700000|100%| O|  |TAMS 0x0000000083600000| PB 0x0000000083600000| Untracked 
|  55|0x0000000083700000, 0x0000000083800000, 0x0000000083800000|100%| O|  |TAMS 0x0000000083700000| PB 0x0000000083700000| Untracked 
|  56|0x0000000083800000, 0x0000000083900000, 0x0000000083900000|100%| O|  |TAMS 0x0000000083800000| PB 0x0000000083800000| Untracked 
|  57|0x0000000083900000, 0x0000000083a00000, 0x0000000083a00000|100%| O|  |TAMS 0x0000000083900000| PB 0x0000000083900000| Untracked 
|  58|0x0000000083a00000, 0x0000000083b00000, 0x0000000083b00000|100%| O|  |TAMS 0x0000000083a00000| PB 0x0000000083a00000| Untracked 
|  59|0x0000000083b00000, 0x0000000083c00000, 0x0000000083c00000|100%| O|  |TAMS 0x0000000083b00000| PB 0x0000000083b00000| Untracked 
|  60|0x0000000083c00000, 0x0000000083c856c0, 0x0000000083d00000| 52%| O|  |TAMS 0x0000000083c00000| PB 0x0000000083c00000| Untracked 
|  61|0x0000000083d00000, 0x0000000083d00000, 0x0000000083e00000|  0%| F|  |TAMS 0x0000000083d00000| PB 0x0000000083d00000| Untracked 
|  62|0x0000000083e00000, 0x0000000083e00000, 0x0000000083f00000|  0%| F|  |TAMS 0x0000000083e00000| PB 0x0000000083e00000| Untracked 
|  63|0x0000000083f00000, 0x0000000083f00000, 0x0000000084000000|  0%| F|  |TAMS 0x0000000083f00000| PB 0x0000000083f00000| Untracked 
|  64|0x0000000084000000, 0x0000000084000000, 0x0000000084100000|  0%| F|  |TAMS 0x0000000084000000| PB 0x0000000084000000| Untracked 
|  65|0x0000000084100000, 0x00000000841d6470, 0x0000000084200000| 83%| S|CS|TAMS 0x0000000084100000| PB 0x0000000084100000| Complete 
|  66|0x0000000084200000, 0x0000000084300000, 0x0000000084300000|100%| S|CS|TAMS 0x0000000084200000| PB 0x0000000084200000| Complete 
|  67|0x0000000084300000, 0x0000000084400000, 0x0000000084400000|100%| S|CS|TAMS 0x0000000084300000| PB 0x0000000084300000| Complete 
|  68|0x0000000084400000, 0x0000000084500000, 0x0000000084500000|100%| S|CS|TAMS 0x0000000084400000| PB 0x0000000084400000| Complete 
|  69|0x0000000084500000, 0x0000000084500000, 0x0000000084600000|  0%| F|  |TAMS 0x0000000084500000| PB 0x0000000084500000| Untracked 
|  70|0x0000000084600000, 0x0000000084600000, 0x0000000084700000|  0%| F|  |TAMS 0x0000000084600000| PB 0x0000000084600000| Untracked 
|  71|0x0000000084700000, 0x0000000084700000, 0x0000000084800000|  0%| F|  |TAMS 0x0000000084700000| PB 0x0000000084700000| Untracked 
|  72|0x0000000084800000, 0x0000000084800000, 0x0000000084900000|  0%| F|  |TAMS 0x0000000084800000| PB 0x0000000084800000| Untracked 
|  73|0x0000000084900000, 0x0000000084900000, 0x0000000084a00000|  0%| F|  |TAMS 0x0000000084900000| PB 0x0000000084900000| Untracked 
|  74|0x0000000084a00000, 0x0000000084a00000, 0x0000000084b00000|  0%| F|  |TAMS 0x0000000084a00000| PB 0x0000000084a00000| Untracked 
|  75|0x0000000084b00000, 0x0000000084b00000, 0x0000000084c00000|  0%| F|  |TAMS 0x0000000084b00000| PB 0x0000000084b00000| Untracked 
|  76|0x0000000084c00000, 0x0000000084c00000, 0x0000000084d00000|  0%| F|  |TAMS 0x0000000084c00000| PB 0x0000000084c00000| Untracked 
|  77|0x0000000084d00000, 0x0000000084d00000, 0x0000000084e00000|  0%| F|  |TAMS 0x0000000084d00000| PB 0x0000000084d00000| Untracked 
|  78|0x0000000084e00000, 0x0000000084e00000, 0x0000000084f00000|  0%| F|  |TAMS 0x0000000084e00000| PB 0x0000000084e00000| Untracked 
|  79|0x0000000084f00000, 0x0000000084f00000, 0x0000000085000000|  0%| F|  |TAMS 0x0000000084f00000| PB 0x0000000084f00000| Untracked 
|  80|0x0000000085000000, 0x0000000085000000, 0x0000000085100000|  0%| F|  |TAMS 0x0000000085000000| PB 0x0000000085000000| Untracked 
|  81|0x0000000085100000, 0x0000000085100000, 0x0000000085200000|  0%| F|  |TAMS 0x0000000085100000| PB 0x0000000085100000| Untracked 
|  82|0x0000000085200000, 0x0000000085200000, 0x0000000085300000|  0%| F|  |TAMS 0x0000000085200000| PB 0x0000000085200000| Untracked 
|  83|0x0000000085300000, 0x0000000085300000, 0x0000000085400000|  0%| F|  |TAMS 0x0000000085300000| PB 0x0000000085300000| Untracked 
|  84|0x0000000085400000, 0x0000000085400000, 0x0000000085500000|  0%| F|  |TAMS 0x0000000085400000| PB 0x0000000085400000| Untracked 
|  85|0x0000000085500000, 0x0000000085500000, 0x0000000085600000|  0%| F|  |TAMS 0x0000000085500000| PB 0x0000000085500000| Untracked 
|  86|0x0000000085600000, 0x0000000085600000, 0x0000000085700000|  0%| F|  |TAMS 0x0000000085600000| PB 0x0000000085600000| Untracked 
|  87|0x0000000085700000, 0x0000000085700000, 0x0000000085800000|  0%| F|  |TAMS 0x0000000085700000| PB 0x0000000085700000| Untracked 
|  88|0x0000000085800000, 0x0000000085800000, 0x0000000085900000|  0%| F|  |TAMS 0x0000000085800000| PB 0x0000000085800000| Untracked 
|  89|0x0000000085900000, 0x0000000085900000, 0x0000000085a00000|  0%| F|  |TAMS 0x0000000085900000| PB 0x0000000085900000| Untracked 
|  90|0x0000000085a00000, 0x0000000085b00000, 0x0000000085b00000|100%|HS|  |TAMS 0x0000000085a00000| PB 0x0000000085a00000| Complete 
|  91|0x0000000085b00000, 0x0000000085c00000, 0x0000000085c00000|100%|HC|  |TAMS 0x0000000085b00000| PB 0x0000000085b00000| Complete 
|  92|0x0000000085c00000, 0x0000000085d00000, 0x0000000085d00000|100%|HC|  |TAMS 0x0000000085c00000| PB 0x0000000085c00000| Complete 
|  93|0x0000000085d00000, 0x0000000085e00000, 0x0000000085e00000|100%|HC|  |TAMS 0x0000000085d00000| PB 0x0000000085d00000| Complete 
|  94|0x0000000085e00000, 0x0000000085f00000, 0x0000000085f00000|100%|HC|  |TAMS 0x0000000085e00000| PB 0x0000000085e00000| Complete 
|  95|0x0000000085f00000, 0x0000000086000000, 0x0000000086000000|100%|HC|  |TAMS 0x0000000085f00000| PB 0x0000000085f00000| Complete 
|  96|0x0000000086000000, 0x0000000086000000, 0x0000000086100000|  0%| F|  |TAMS 0x0000000086000000| PB 0x0000000086000000| Untracked 
|  97|0x0000000086100000, 0x0000000086100000, 0x0000000086200000|  0%| F|  |TAMS 0x0000000086100000| PB 0x0000000086100000| Untracked 
|  98|0x0000000086200000, 0x0000000086200000, 0x0000000086300000|  0%| F|  |TAMS 0x0000000086200000| PB 0x0000000086200000| Untracked 
|  99|0x0000000086300000, 0x0000000086300000, 0x0000000086400000|  0%| F|  |TAMS 0x0000000086300000| PB 0x0000000086300000| Untracked 
| 100|0x0000000086400000, 0x0000000086400000, 0x0000000086500000|  0%| F|  |TAMS 0x0000000086400000| PB 0x0000000086400000| Untracked 
| 101|0x0000000086500000, 0x0000000086500000, 0x0000000086600000|  0%| F|  |TAMS 0x0000000086500000| PB 0x0000000086500000| Untracked 
| 102|0x0000000086600000, 0x0000000086600000, 0x0000000086700000|  0%| F|  |TAMS 0x0000000086600000| PB 0x0000000086600000| Untracked 
| 103|0x0000000086700000, 0x0000000086700000, 0x0000000086800000|  0%| F|  |TAMS 0x0000000086700000| PB 0x0000000086700000| Untracked 
| 104|0x0000000086800000, 0x0000000086800000, 0x0000000086900000|  0%| F|  |TAMS 0x0000000086800000| PB 0x0000000086800000| Untracked 
| 105|0x0000000086900000, 0x0000000086900000, 0x0000000086a00000|  0%| F|  |TAMS 0x0000000086900000| PB 0x0000000086900000| Untracked 
| 106|0x0000000086a00000, 0x0000000086a00000, 0x0000000086b00000|  0%| F|  |TAMS 0x0000000086a00000| PB 0x0000000086a00000| Untracked 
| 107|0x0000000086b00000, 0x0000000086b00000, 0x0000000086c00000|  0%| F|  |TAMS 0x0000000086b00000| PB 0x0000000086b00000| Untracked 
| 108|0x0000000086c00000, 0x0000000086c00000, 0x0000000086d00000|  0%| F|  |TAMS 0x0000000086c00000| PB 0x0000000086c00000| Untracked 
| 109|0x0000000086d00000, 0x0000000086d00000, 0x0000000086e00000|  0%| F|  |TAMS 0x0000000086d00000| PB 0x0000000086d00000| Untracked 
| 110|0x0000000086e00000, 0x0000000086e00000, 0x0000000086f00000|  0%| F|  |TAMS 0x0000000086e00000| PB 0x0000000086e00000| Untracked 
| 111|0x0000000086f00000, 0x0000000086f00000, 0x0000000087000000|  0%| F|  |TAMS 0x0000000086f00000| PB 0x0000000086f00000| Untracked 
| 112|0x0000000087000000, 0x0000000087000000, 0x0000000087100000|  0%| F|  |TAMS 0x0000000087000000| PB 0x0000000087000000| Untracked 
| 113|0x0000000087100000, 0x0000000087100000, 0x0000000087200000|  0%| F|  |TAMS 0x0000000087100000| PB 0x0000000087100000| Untracked 
| 114|0x0000000087200000, 0x0000000087200000, 0x0000000087300000|  0%| F|  |TAMS 0x0000000087200000| PB 0x0000000087200000| Untracked 
| 115|0x0000000087300000, 0x0000000087300000, 0x0000000087400000|  0%| F|  |TAMS 0x0000000087300000| PB 0x0000000087300000| Untracked 
| 116|0x0000000087400000, 0x0000000087400000, 0x0000000087500000|  0%| F|  |TAMS 0x0000000087400000| PB 0x0000000087400000| Untracked 
| 117|0x0000000087500000, 0x0000000087500000, 0x0000000087600000|  0%| F|  |TAMS 0x0000000087500000| PB 0x0000000087500000| Untracked 
| 118|0x0000000087600000, 0x0000000087600000, 0x0000000087700000|  0%| F|  |TAMS 0x0000000087600000| PB 0x0000000087600000| Untracked 
| 119|0x0000000087700000, 0x0000000087700000, 0x0000000087800000|  0%| F|  |TAMS 0x0000000087700000| PB 0x0000000087700000| Untracked 
| 120|0x0000000087800000, 0x0000000087800000, 0x0000000087900000|  0%| F|  |TAMS 0x0000000087800000| PB 0x0000000087800000| Untracked 
| 121|0x0000000087900000, 0x0000000087900000, 0x0000000087a00000|  0%| F|  |TAMS 0x0000000087900000| PB 0x0000000087900000| Untracked 
| 122|0x0000000087a00000, 0x0000000087a00000, 0x0000000087b00000|  0%| F|  |TAMS 0x0000000087a00000| PB 0x0000000087a00000| Untracked 
| 123|0x0000000087b00000, 0x0000000087b00000, 0x0000000087c00000|  0%| F|  |TAMS 0x0000000087b00000| PB 0x0000000087b00000| Untracked 
|2032|0x00000000ff000000, 0x00000000ff100000, 0x00000000ff100000|100%| O|  |TAMS 0x00000000ff000000| PB 0x00000000ff000000| Untracked 
|2033|0x00000000ff100000, 0x00000000ff100000, 0x00000000ff200000|  0%| F|  |TAMS 0x00000000ff100000| PB 0x00000000ff100000| Untracked 
|2034|0x00000000ff200000, 0x00000000ff300000, 0x00000000ff300000|100%| O|  |TAMS 0x00000000ff200000| PB 0x00000000ff200000| Untracked 
|2035|0x00000000ff300000, 0x00000000ff300000, 0x00000000ff400000|  0%| F|  |TAMS 0x00000000ff300000| PB 0x00000000ff300000| Untracked 
|2036|0x00000000ff400000, 0x00000000ff500000, 0x00000000ff500000|100%| O|  |TAMS 0x00000000ff400000| PB 0x00000000ff400000| Untracked 
|2037|0x00000000ff500000, 0x00000000ff600000, 0x00000000ff600000|100%| O|  |TAMS 0x00000000ff500000| PB 0x00000000ff500000| Untracked 
|2038|0x00000000ff600000, 0x00000000ff700000, 0x00000000ff700000|100%| O|  |TAMS 0x00000000ff600000| PB 0x00000000ff600000| Untracked 
|2039|0x00000000ff700000, 0x00000000ff700000, 0x00000000ff800000|  0%| F|  |TAMS 0x00000000ff700000| PB 0x00000000ff700000| Untracked 
|2040|0x00000000ff800000, 0x00000000ff900000, 0x00000000ff900000|100%| O|  |TAMS 0x00000000ff800000| PB 0x00000000ff800000| Untracked 
|2041|0x00000000ff900000, 0x00000000ffa00000, 0x00000000ffa00000|100%| O|  |TAMS 0x00000000ff900000| PB 0x00000000ff900000| Untracked 
|2042|0x00000000ffa00000, 0x00000000ffb00000, 0x00000000ffb00000|100%| O|  |TAMS 0x00000000ffa00000| PB 0x00000000ffa00000| Untracked 
|2043|0x00000000ffb00000, 0x00000000ffc00000, 0x00000000ffc00000|100%| O|  |TAMS 0x00000000ffb00000| PB 0x00000000ffb00000| Untracked 
|2044|0x00000000ffc00000, 0x00000000ffd00000, 0x00000000ffd00000|100%| O|  |TAMS 0x00000000ffc00000| PB 0x00000000ffc00000| Untracked 
|2045|0x00000000ffd00000, 0x00000000ffe00000, 0x00000000ffe00000|100%| O|  |TAMS 0x00000000ffd00000| PB 0x00000000ffd00000| Untracked 
|2046|0x00000000ffe00000, 0x00000000fff00000, 0x00000000fff00000|100%| O|  |TAMS 0x00000000ffe00000| PB 0x00000000ffe00000| Untracked 
|2047|0x00000000fff00000, 0x0000000100000000, 0x0000000100000000|100%| O|  |TAMS 0x00000000fff00000| PB 0x00000000fff00000| Untracked 

Card table byte_map: [0x0000020254f50000,0x0000020255350000] _byte_map_base: 0x0000020254b50000

Marking Bits: (CMBitMap*) 0x00000202427337c0
 Bits: [0x0000020255350000, 0x0000020257350000)

Polling page: 0x0000020241ea0000

Metaspace:

Usage:
  Non-class:     60.92 MB used.
      Class:      9.71 MB used.
       Both:     70.63 MB used.

Virtual space:
  Non-class space:       64.00 MB reserved,      61.81 MB ( 97%) committed,  1 nodes.
      Class space:        1.00 GB reserved,      10.62 MB (  1%) committed,  1 nodes.
             Both:        1.06 GB reserved,      72.44 MB (  7%) committed. 

Chunk freelists:
   Non-Class:  1.95 MB
       Class:  5.42 MB
        Both:  7.38 MB

MaxMetaspaceSize: unlimited
CompressedClassSpaceSize: 1.00 GB
Initial GC threshold: 21.00 MB
Current GC threshold: 116.56 MB
CDS: off
 - commit_granule_bytes: 65536.
 - commit_granule_words: 8192.
 - virtual_space_node_default_size: 8388608.
 - enlarge_chunks_in_place: 1.
 - use_allocation_guard: 0.


Internal statistics:

num_allocs_failed_limit: 6.
num_arena_births: 3278.
num_arena_deaths: 0.
num_vsnodes_births: 2.
num_vsnodes_deaths: 0.
num_space_committed: 1159.
num_space_uncommitted: 0.
num_chunks_returned_to_freelist: 6.
num_chunks_taken_from_freelist: 6291.
num_chunk_merges: 6.
num_chunk_splits: 4064.
num_chunks_enlarged: 2529.
num_inconsistent_stats: 0.

CodeHeap 'non-profiled nmethods': size=120000Kb used=3753Kb max_used=3753Kb free=116246Kb
 bounds [0x000002024d2f0000, 0x000002024d6a0000, 0x0000020254820000]
CodeHeap 'profiled nmethods': size=120000Kb used=13203Kb max_used=13203Kb free=106796Kb
 bounds [0x0000020245820000, 0x0000020246510000, 0x000002024cd50000]
CodeHeap 'non-nmethods': size=5760Kb used=2987Kb max_used=3023Kb free=2772Kb
 bounds [0x000002024cd50000, 0x000002024d050000, 0x000002024d2f0000]
 total_blobs=7986 nmethods=7096 adapters=794
 compilation: enabled
              stopped_count=0, restarted_count=0
 full_count=0

Compilation events (20 events):
Event: 7.774 Thread 0x000002025e058d10 nmethod 8109 0x00000202464fbd10 code [0x00000202464fc060, 0x00000202464fd1e0]
Event: 7.778 Thread 0x000002025e058d10 8110       3       java.nio.ByteBuffer::put (124 bytes)
Event: 7.779 Thread 0x000002025e058d10 nmethod 8110 0x00000202464fdb90 code [0x00000202464fdde0, 0x00000202464fe5f8]
Event: 7.779 Thread 0x000002025e058d10 8112   !   3       org.gradle.internal.Deferrable$3::completeAndGet (46 bytes)
Event: 7.779 Thread 0x000002025e058d10 nmethod 8112 0x00000202464fe890 code [0x00000202464fea40, 0x00000202464fede0]
Event: 7.779 Thread 0x000002025e058d10 8111   !   3       java.nio.ByteBuffer::putBuffer (142 bytes)
Event: 7.780 Thread 0x000002025e058d10 nmethod 8111 0x00000202464fef10 code [0x00000202464ff1e0, 0x0000020246500068]
Event: 7.782 Thread 0x000002025e058d10 8113   !   3       org.gradle.cache.internal.DefaultFileLockManager$DefaultFileLock::doWriteAction (66 bytes)
Event: 7.783 Thread 0x000002025e058d10 nmethod 8113 0x0000020246500890 code [0x0000020246500ae0, 0x00000202465012b0]
Event: 7.783 Thread 0x000002025e058d10 8114   !   3       sun.nio.ch.FileChannelImpl::size (261 bytes)
Event: 7.784 Thread 0x000002025e058d10 nmethod 8114 0x0000020246501710 code [0x0000020246501a40, 0x0000020246502ab8]
Event: 7.784 Thread 0x000002025e058d10 8115       3       sun.nio.ch.FileDispatcherImpl::size (5 bytes)
Event: 7.784 Thread 0x000002025e058d10 nmethod 8115 0x0000020246503390 code [0x0000020246503540, 0x0000020246503678]
Event: 7.784 Thread 0x000002025e058d10 8118       3       java.nio.HeapByteBuffer::put (12 bytes)
Event: 7.785 Thread 0x000002025e058d10 nmethod 8118 0x0000020246503710 code [0x0000020246503900, 0x0000020246503db0]
Event: 7.788 Thread 0x000002025e058d10 8119       3       org.gradle.internal.execution.impl.DefaultFileNormalizationSpec::equals (71 bytes)
Event: 7.789 Thread 0x000002025e058d10 nmethod 8119 0x0000020246503f90 code [0x0000020246504160, 0x0000020246504648]
Event: 7.789 Thread 0x000002025e058d10 8120       3       org.gradle.internal.execution.impl.DefaultFileNormalizationSpec::from (11 bytes)
Event: 7.789 Thread 0x000002025e058d10 nmethod 8120 0x0000020246504790 code [0x0000020246504940, 0x0000020246504c50]
Event: 7.792 Thread 0x000002025e058d10 8121       3       java.nio.charset.CharsetDecoder::<init> (100 bytes)

GC Heap History (20 events):
Event: 4.401 GC heap after
{Heap after GC invocations=10 (full 0):
 garbage-first heap   total 103424K, used 46089K [0x0000000080000000, 0x0000000100000000)
  region size 1024K, 6 young (6144K), 6 survivors (6144K)
 Metaspace       used 44124K, committed 45440K, reserved 1114112K
  class space    used 6208K, committed 6848K, reserved 1048576K
}
Event: 4.713 GC heap before
{Heap before GC invocations=10 (full 0):
 garbage-first heap   total 103424K, used 83977K [0x0000000080000000, 0x0000000100000000)
  region size 1024K, 44 young (45056K), 6 survivors (6144K)
 Metaspace       used 48974K, committed 50240K, reserved 1114112K
  class space    used 6678K, committed 7360K, reserved 1048576K
}
Event: 4.720 GC heap after
{Heap after GC invocations=11 (full 0):
 garbage-first heap   total 103424K, used 49829K [0x0000000080000000, 0x0000000100000000)
  region size 1024K, 6 young (6144K), 6 survivors (6144K)
 Metaspace       used 48974K, committed 50240K, reserved 1114112K
  class space    used 6678K, committed 7360K, reserved 1048576K
}
Event: 4.808 GC heap before
{Heap before GC invocations=11 (full 0):
 garbage-first heap   total 103424K, used 59045K [0x0000000080000000, 0x0000000100000000)
  region size 1024K, 14 young (14336K), 6 survivors (6144K)
 Metaspace       used 49457K, committed 50752K, reserved 1114112K
  class space    used 6728K, committed 7360K, reserved 1048576K
}
Event: 4.812 GC heap after
{Heap after GC invocations=12 (full 0):
 garbage-first heap   total 103424K, used 53174K [0x0000000080000000, 0x0000000100000000)
  region size 1024K, 2 young (2048K), 2 survivors (2048K)
 Metaspace       used 49457K, committed 50752K, reserved 1114112K
  class space    used 6728K, committed 7360K, reserved 1048576K
}
Event: 5.259 GC heap before
{Heap before GC invocations=13 (full 0):
 garbage-first heap   total 103424K, used 91062K [0x0000000080000000, 0x0000000100000000)
  region size 1024K, 37 young (37888K), 2 survivors (2048K)
 Metaspace       used 54441K, committed 55936K, reserved 1114112K
  class space    used 7433K, committed 8192K, reserved 1048576K
}
Event: 5.262 GC heap after
{Heap after GC invocations=14 (full 0):
 garbage-first heap   total 103424K, used 53094K [0x0000000080000000, 0x0000000100000000)
  region size 1024K, 4 young (4096K), 4 survivors (4096K)
 Metaspace       used 54441K, committed 55936K, reserved 1114112K
  class space    used 7433K, committed 8192K, reserved 1048576K
}
Event: 5.712 GC heap before
{Heap before GC invocations=14 (full 0):
 garbage-first heap   total 109568K, used 103270K [0x0000000080000000, 0x0000000100000000)
  region size 1024K, 40 young (40960K), 4 survivors (4096K)
 Metaspace       used 56471K, committed 58048K, reserved 1114112K
  class space    used 7750K, committed 8512K, reserved 1048576K
}
Event: 5.719 GC heap after
{Heap after GC invocations=15 (full 0):
 garbage-first heap   total 116736K, used 74030K [0x0000000080000000, 0x0000000100000000)
  region size 1024K, 5 young (5120K), 5 survivors (5120K)
 Metaspace       used 56471K, committed 58048K, reserved 1114112K
  class space    used 7750K, committed 8512K, reserved 1048576K
}
Event: 5.730 GC heap before
{Heap before GC invocations=15 (full 0):
 garbage-first heap   total 116736K, used 75054K [0x0000000080000000, 0x0000000100000000)
  region size 1024K, 8 young (8192K), 5 survivors (5120K)
 Metaspace       used 56675K, committed 58240K, reserved 1114112K
  class space    used 7758K, committed 8512K, reserved 1048576K
}
Event: 5.733 GC heap after
{Heap after GC invocations=16 (full 0):
 garbage-first heap   total 116736K, used 75364K [0x0000000080000000, 0x0000000100000000)
  region size 1024K, 1 young (1024K), 1 survivors (1024K)
 Metaspace       used 56675K, committed 58240K, reserved 1114112K
  class space    used 7758K, committed 8512K, reserved 1048576K
}
Event: 5.888 GC heap before
{Heap before GC invocations=17 (full 0):
 garbage-first heap   total 133120K, used 107108K [0x0000000080000000, 0x0000000100000000)
  region size 1024K, 30 young (30720K), 1 survivors (1024K)
 Metaspace       used 58499K, committed 60096K, reserved 1114112K
  class space    used 7912K, committed 8704K, reserved 1048576K
}
Event: 5.890 GC heap after
{Heap after GC invocations=18 (full 0):
 garbage-first heap   total 133120K, used 75496K [0x0000000080000000, 0x0000000100000000)
  region size 1024K, 2 young (2048K), 2 survivors (2048K)
 Metaspace       used 58499K, committed 60096K, reserved 1114112K
  class space    used 7912K, committed 8704K, reserved 1048576K
}
Event: 6.387 GC heap before
{Heap before GC invocations=18 (full 0):
 garbage-first heap   total 133120K, used 119528K [0x0000000080000000, 0x0000000100000000)
  region size 1024K, 45 young (46080K), 2 survivors (2048K)
 Metaspace       used 64320K, committed 65856K, reserved 1114112K
  class space    used 8767K, committed 9536K, reserved 1048576K
}
Event: 6.391 GC heap after
{Heap after GC invocations=19 (full 0):
 garbage-first heap   total 133120K, used 76685K [0x0000000080000000, 0x0000000100000000)
  region size 1024K, 3 young (3072K), 3 survivors (3072K)
 Metaspace       used 64320K, committed 65856K, reserved 1114112K
  class space    used 8767K, committed 9536K, reserved 1048576K
}
Event: 6.913 GC heap before
{Heap before GC invocations=19 (full 0):
 garbage-first heap   total 133120K, used 120717K [0x0000000080000000, 0x0000000100000000)
  region size 1024K, 46 young (47104K), 3 survivors (3072K)
 Metaspace       used 69613K, committed 71360K, reserved 1114112K
  class space    used 9618K, committed 10496K, reserved 1048576K
}
Event: 6.918 GC heap after
{Heap after GC invocations=20 (full 0):
 garbage-first heap   total 133120K, used 79525K [0x0000000080000000, 0x0000000100000000)
  region size 1024K, 6 young (6144K), 6 survivors (6144K)
 Metaspace       used 69613K, committed 71360K, reserved 1114112K
  class space    used 9618K, committed 10496K, reserved 1048576K
}
Event: 7.560 GC heap before
{Heap before GC invocations=21 (full 0):
 garbage-first heap   total 140288K, used 116389K [0x0000000080000000, 0x0000000100000000)
  region size 1024K, 43 young (44032K), 6 survivors (6144K)
 Metaspace       used 72045K, committed 73856K, reserved 1114112K
  class space    used 9940K, committed 10880K, reserved 1048576K
}
Event: 7.568 GC heap after
{Heap after GC invocations=22 (full 0):
 garbage-first heap   total 140288K, used 83673K [0x0000000080000000, 0x0000000100000000)
  region size 1024K, 6 young (6144K), 6 survivors (6144K)
 Metaspace       used 72045K, committed 73856K, reserved 1114112K
  class space    used 9940K, committed 10880K, reserved 1048576K
}
Event: 7.792 GC heap before
{Heap before GC invocations=22 (full 0):
 garbage-first heap   total 140288K, used 124633K [0x0000000080000000, 0x0000000100000000)
  region size 1024K, 47 young (48128K), 6 survivors (6144K)
 Metaspace       used 72323K, committed 74176K, reserved 1114112K
  class space    used 9940K, committed 10880K, reserved 1048576K
}

Dll operation events (3 events):
Event: 0.009 Loaded shared library C:\Program Files\Android\Android Studio\jbr\bin\java.dll
Event: 0.014 Loaded shared library C:\Program Files\Android\Android Studio\jbr\bin\zip.dll
Event: 0.473 Loaded shared library C:\Program Files\Android\Android Studio\jbr\bin\verify.dll

Deoptimization events (20 events):
Event: 7.388 Thread 0x000002025ff7db80 DEOPT PACKING pc=0x000002024d64206c sp=0x0000001d69df5630
Event: 7.388 Thread 0x000002025ff7db80 DEOPT UNPACKING pc=0x000002024cda7da2 sp=0x0000001d69df55f8 mode 2
Event: 7.489 Thread 0x000002025fe56120 DEOPT PACKING pc=0x0000020245ef3fe1 sp=0x0000001d6a5fe8d0
Event: 7.489 Thread 0x000002025fe56120 DEOPT UNPACKING pc=0x000002024cda88e2 sp=0x0000001d6a5fdd58 mode 0
Event: 7.518 Thread 0x000002025ff7db80 Uncommon trap: trap_request=0xffffff45 fr.pc=0x000002024d58c028 relative=0x0000000000000228
Event: 7.518 Thread 0x000002025ff7db80 Uncommon trap: reason=unstable_if action=reinterpret pc=0x000002024d58c028 method=org.gradle.internal.snapshot.PathUtil.equalChars(CCLorg/gradle/internal/snapshot/CaseSensitivity;)Z @ 11 c2
Event: 7.518 Thread 0x000002025ff7db80 DEOPT PACKING pc=0x000002024d58c028 sp=0x0000001d69df23a0
Event: 7.518 Thread 0x000002025ff7db80 DEOPT UNPACKING pc=0x000002024cda7da2 sp=0x0000001d69df2328 mode 2
Event: 7.518 Thread 0x000002025ff7db80 Uncommon trap: trap_request=0xffffff45 fr.pc=0x000002024d5b2f08 relative=0x0000000000000068
Event: 7.518 Thread 0x000002025ff7db80 Uncommon trap: reason=unstable_if action=reinterpret pc=0x000002024d5b2f08 method=org.gradle.internal.snapshot.PathUtil.compareCharsIgnoringCase(CC)I @ 11 c2
Event: 7.518 Thread 0x000002025ff7db80 DEOPT PACKING pc=0x000002024d5b2f08 sp=0x0000001d69df2170
Event: 7.518 Thread 0x000002025ff7db80 DEOPT UNPACKING pc=0x000002024cda7da2 sp=0x0000001d69df2110 mode 2
Event: 7.527 Thread 0x000002025ff7db80 Uncommon trap: trap_request=0xffffff45 fr.pc=0x000002024d5ad150 relative=0x0000000000000770
Event: 7.527 Thread 0x000002025ff7db80 Uncommon trap: reason=unstable_if action=reinterpret pc=0x000002024d5ad150 method=org.gradle.internal.snapshot.VfsRelativePath.isPrefix(Ljava/lang/String;ILjava/lang/String;ILorg/gradle/internal/snapshot/CaseSensitivity;)Z @ 101 c2
Event: 7.527 Thread 0x000002025ff7db80 DEOPT PACKING pc=0x000002024d5ad150 sp=0x0000001d69df2da0
Event: 7.527 Thread 0x000002025ff7db80 DEOPT UNPACKING pc=0x000002024cda7da2 sp=0x0000001d69df2d28 mode 2
Event: 7.691 Thread 0x000002025fd9d820 Uncommon trap: trap_request=0xffffff45 fr.pc=0x000002024d4cff48 relative=0x0000000000001028
Event: 7.691 Thread 0x000002025fd9d820 Uncommon trap: reason=unstable_if action=reinterpret pc=0x000002024d4cff48 method=java.util.concurrent.ConcurrentHashMap.addCount(JI)V @ 260 c2
Event: 7.691 Thread 0x000002025fd9d820 DEOPT PACKING pc=0x000002024d4cff48 sp=0x0000001d6defde50
Event: 7.691 Thread 0x000002025fd9d820 DEOPT UNPACKING pc=0x000002024cda7da2 sp=0x0000001d6defdd20 mode 2

Classes loaded (20 events):
Event: 6.728 Loading class java/util/IdentityHashMap$EntryIterator$Entry
Event: 6.728 Loading class java/util/IdentityHashMap$EntryIterator$Entry done
Event: 6.746 Loading class java/util/concurrent/RecursiveAction
Event: 6.746 Loading class java/util/concurrent/RecursiveAction done
Event: 6.768 Loading class java/lang/invoke/SerializedLambda$1
Event: 6.768 Loading class java/lang/invoke/SerializedLambda$1 done
Event: 6.787 Loading class org/xml/sax/Locator
Event: 6.787 Loading class org/xml/sax/Locator done
Event: 6.788 Loading class org/xml/sax/SAXParseException
Event: 6.788 Loading class org/xml/sax/SAXParseException done
Event: 6.789 Loading class org/xml/sax/Attributes
Event: 6.789 Loading class org/xml/sax/Attributes done
Event: 6.839 Loading class java/util/DualPivotQuicksort
Event: 6.840 Loading class java/util/DualPivotQuicksort done
Event: 6.881 Loading class java/util/function/LongUnaryOperator
Event: 6.881 Loading class java/util/function/LongUnaryOperator done
Event: 7.376 Loading class java/util/Collections$ReverseComparator
Event: 7.376 Loading class java/util/Collections$ReverseComparator done
Event: 7.376 Loading class java/util/Collections$ReverseComparator2
Event: 7.376 Loading class java/util/Collections$ReverseComparator2 done

Classes unloaded (0 events):
No events

Classes redefined (0 events):
No events

Internal exceptions (20 events):
Event: 6.770 Thread 0x000002025ff7db80 Exception <a 'java/lang/NoSuchMethodError'{0x0000000084e96fd0}: 'void java.lang.invoke.Invokers$Holder.invokeExact_MT(java.lang.Object, java.lang.Object, long, java.lang.Object)'> (0x0000000084e96fd0) 
thrown [s\src\hotspot\share\interpreter\linkResolver.cpp, line 784]
Event: 6.780 Thread 0x000002025ff7db80 Exception <a 'java/lang/ClassNotFoundException'{0x0000000084dbf5d8}: org/gradle/api/internal/project/DefaultProject_DecoratedBeanInfo> (0x0000000084dbf5d8) 
thrown [s\src\hotspot\share\classfile\systemDictionary.cpp, line 312]
Event: 6.780 Thread 0x000002025ff7db80 Exception <a 'java/lang/ClassNotFoundException'{0x0000000084dcb138}: org/gradle/api/internal/project/DefaultProjectBeanInfo> (0x0000000084dcb138) 
thrown [s\src\hotspot\share\classfile\systemDictionary.cpp, line 312]
Event: 6.781 Thread 0x000002025ff7db80 Exception <a 'java/lang/ClassNotFoundException'{0x0000000084dd6d10}: org/gradle/api/internal/project/DefaultProjectCustomizer> (0x0000000084dd6d10) 
thrown [s\src\hotspot\share\classfile\systemDictionary.cpp, line 312]
Event: 6.785 Thread 0x000002025ff7db80 Exception <a 'java/lang/ClassNotFoundException'{0x0000000084c907a0}: org/gradle/api/internal/project/DefaultProject_DecoratedCustomizer> (0x0000000084c907a0) 
thrown [s\src\hotspot\share\classfile\systemDictionary.cpp, line 312]
Event: 6.881 Thread 0x000002025ff7db80 Exception <a 'java/lang/NoSuchMethodError'{0x0000000084483b28}: 'long java.lang.invoke.DirectMethodHandle$Holder.invokeStatic(java.lang.Object, long)'> (0x0000000084483b28) 
thrown [s\src\hotspot\share\interpreter\linkResolver.cpp, line 784]
Event: 6.963 Thread 0x000002025ff7db80 Exception <a 'java/lang/NoSuchMethodError'{0x000000008704c408}: 'java.lang.Object java.lang.invoke.DirectMethodHandle$Holder.invokeVirtual(java.lang.Object, java.lang.Object, java.lang.Object, java.lang.Object, java.lang.Object, java.lang.Object, java.lang.Object, java.lang.Object, java.lang.Object, java.lang.Object, java.lang.Object, java.lang.Object, java.lang.Object, java.lang.Object, java.lang.Object, java.lang.Object, java.lang.Object)'> (0x000000008704c408) 
thrown [s\src\hotspot\share\interpreter\li
Event: 6.964 Thread 0x000002025ff7db80 Exception <a 'java/lang/NoSuchMethodError'{0x00000000870523c0}: 'java.lang.Object java.lang.invoke.DirectMethodHandle$Holder.invokeSpecial(java.lang.Object, java.lang.Object, java.lang.Object, java.lang.Object, java.lang.Object, java.lang.Object, java.lang.Object, java.lang.Object, java.lang.Object, java.lang.Object, java.lang.Object, java.lang.Object, java.lang.Object, java.lang.Object, java.lang.Object, java.lang.Object, java.lang.Object, java.lang.Object)'> (0x00000000870523c0) 
thrown [s\src\hotspot\sh
Event: 6.964 Thread 0x000002025ff7db80 Exception <a 'java/lang/NoSuchMethodError'{0x0000000087057bb8}: 'java.lang.Object java.lang.invoke.DelegatingMethodHandle$Holder.reinvoke_L(java.lang.Object, java.lang.Object, java.lang.Object, java.lang.Object, java.lang.Object, java.lang.Object, java.lang.Object, java.lang.Object, java.lang.Object, java.lang.Object, java.lang.Object, java.lang.Object, java.lang.Object, java.lang.Object, java.lang.Object, java.lang.Object, java.lang.Object)'> (0x0000000087057bb8) 
thrown [s\src\hotspot\share\interpreter\l
Event: 6.969 Thread 0x000002025ff7db80 Exception <a 'java/lang/NoSuchMethodError'{0x00000000870e4840}: 'void java.lang.invoke.DirectMethodHandle$Holder.invokeStatic(java.lang.Object, java.lang.Object, java.lang.Object, java.lang.Object, java.lang.Object, java.lang.Object)'> (0x00000000870e4840) 
thrown [s\src\hotspot\share\interpreter\linkResolver.cpp, line 784]
Event: 7.049 Thread 0x000002025ff7db80 Exception <a 'java/lang/NoSuchMethodError'{0x0000000087462830}: static Lorg/gradle/api/internal/catalog/DefaultVersionCatalog;.<clinit>()V> (0x0000000087462830) 
thrown [s\src\hotspot\share\prims\jni.cpp, line 1126]
Event: 7.053 Thread 0x000002025ff7db80 Exception <a 'java/lang/NoSuchMethodError'{0x00000000874b6088}: static [Ljava/lang/Object;.<clinit>()V> (0x00000000874b6088) 
thrown [s\src\hotspot\share\prims\jni.cpp, line 1126]
Event: 7.053 Thread 0x000002025ff7db80 Exception <a 'java/lang/NoSuchMethodError'{0x00000000874deb48}: static Lorg/gradle/api/internal/catalog/DependencyModel;.<clinit>()V> (0x00000000874deb48) 
thrown [s\src\hotspot\share\prims\jni.cpp, line 1126]
Event: 7.054 Thread 0x000002025ff7db80 Exception <a 'java/lang/NoSuchMethodError'{0x00000000874e2790}: static Lorg/gradle/api/internal/catalog/AbstractContextAwareModel;.<clinit>()V> (0x00000000874e2790) 
thrown [s\src\hotspot\share\prims\jni.cpp, line 1126]
Event: 7.054 Thread 0x000002025ff7db80 Exception <a 'java/lang/NoSuchMethodError'{0x00000000874fbf80}: static Lorg/gradle/api/internal/artifacts/dependencies/AbstractVersionConstraint;.<clinit>()V> (0x00000000874fbf80) 
thrown [s\src\hotspot\share\prims\jni.cpp, line 1126]
Event: 7.059 Thread 0x000002025ff7db80 Exception <a 'java/lang/NoSuchMethodError'{0x00000000873a6408}: static Lorg/gradle/api/internal/catalog/PluginModel;.<clinit>()V> (0x00000000873a6408) 
thrown [s\src\hotspot\share\prims\jni.cpp, line 1126]
Event: 7.060 Thread 0x000002025ff7db80 Exception <a 'java/lang/NoSuchMethodError'{0x00000000873bd588}: static Lorg/gradle/api/internal/catalog/VersionModel;.<clinit>()V> (0x00000000873bd588) 
thrown [s\src\hotspot\share\prims\jni.cpp, line 1126]
Event: 7.107 Thread 0x000002025ff7db80 Exception <a 'java/lang/NoSuchMethodError'{0x0000000086e64438}: 'int java.lang.invoke.DirectMethodHandle$Holder.invokeSpecialIFC(java.lang.Object, java.lang.Object, java.lang.Object)'> (0x0000000086e64438) 
thrown [s\src\hotspot\share\interpreter\linkResolver.cpp, line 784]
Event: 7.152 Thread 0x000002025ff7db80 Exception <a 'java/lang/NoSuchMethodError'{0x0000000086a0bcb0}: 'java.lang.Object java.lang.invoke.DirectMethodHandle$Holder.invokeSpecial(java.lang.Object, java.lang.Object, java.lang.Object, java.lang.Object, java.lang.Object, long)'> (0x0000000086a0bcb0) 
thrown [s\src\hotspot\share\interpreter\linkResolver.cpp, line 784]
Event: 7.153 Thread 0x000002025ff7db80 Exception <a 'java/lang/NoSuchMethodError'{0x0000000086a2b960}: 'void java.lang.invoke.DirectMethodHandle$Holder.invokeStatic(java.lang.Object, java.lang.Object, java.lang.Object, int, java.lang.Object)'> (0x0000000086a2b960) 
thrown [s\src\hotspot\share\interpreter\linkResolver.cpp, line 784]

ZGC Phase Switch (0 events):
No events

VM Operations (20 events):
Event: 6.918 Executing VM operation: G1CollectForAllocation (G1 Evacuation Pause) done
Event: 6.953 Executing VM operation: G1PauseRemark
Event: 6.957 Executing VM operation: G1PauseRemark done
Event: 6.970 Executing VM operation: G1PauseCleanup
Event: 6.970 Executing VM operation: G1PauseCleanup done
Event: 7.051 Executing VM operation: HandshakeAllThreads (Deoptimize)
Event: 7.051 Executing VM operation: HandshakeAllThreads (Deoptimize) done
Event: 7.161 Executing VM operation: HandshakeAllThreads (Deoptimize)
Event: 7.161 Executing VM operation: HandshakeAllThreads (Deoptimize) done
Event: 7.355 Executing VM operation: ICBufferFull
Event: 7.356 Executing VM operation: ICBufferFull done
Event: 7.436 Executing VM operation: HandshakeAllThreads (Deoptimize)
Event: 7.436 Executing VM operation: HandshakeAllThreads (Deoptimize) done
Event: 7.509 Executing VM operation: ICBufferFull
Event: 7.509 Executing VM operation: ICBufferFull done
Event: 7.560 Executing VM operation: G1CollectForAllocation (G1 Evacuation Pause)
Event: 7.568 Executing VM operation: G1CollectForAllocation (G1 Evacuation Pause) done
Event: 7.693 Executing VM operation: ICBufferFull
Event: 7.694 Executing VM operation: ICBufferFull done
Event: 7.792 Executing VM operation: G1CollectForAllocation (G1 Evacuation Pause)

Events (20 events):
Event: 7.477 Thread 0x00000202620ed4d0 Thread added: 0x00000202620ed4d0
Event: 7.477 Thread 0x00000202620ea050 Thread added: 0x00000202620ea050
Event: 7.477 Thread 0x00000202620ea6e0 Thread added: 0x00000202620ea6e0
Event: 7.478 Thread 0x00000202620ec120 Thread added: 0x00000202620ec120
Event: 7.478 Thread 0x00000202620ece40 Thread added: 0x00000202620ece40
Event: 7.478 Thread 0x000002026092c840 Thread added: 0x000002026092c840
Event: 7.517 Thread 0x000002025fd9ff80 Thread added: 0x000002025fd9ff80
Event: 7.518 Thread 0x000002025fda0ca0 Thread added: 0x000002025fda0ca0
Event: 7.519 Thread 0x000002025fda4120 Thread added: 0x000002025fda4120
Event: 7.521 Thread 0x000002025fda19c0 Thread added: 0x000002025fda19c0
Event: 7.522 Thread 0x000002025fda2d70 Thread added: 0x000002025fda2d70
Event: 7.525 Thread 0x000002025fda0610 Thread added: 0x000002025fda0610
Event: 7.526 Thread 0x000002025fda26e0 Thread added: 0x000002025fda26e0
Event: 7.683 Thread 0x000002025fd9e540 Thread added: 0x000002025fd9e540
Event: 7.683 Thread 0x000002025fd9ebd0 Thread added: 0x000002025fd9ebd0
Event: 7.684 Thread 0x000002025fda1330 Thread added: 0x000002025fda1330
Event: 7.684 Thread 0x000002025fda2050 Thread added: 0x000002025fda2050
Event: 7.684 Thread 0x000002025fd9f260 Thread added: 0x000002025fd9f260
Event: 7.684 Thread 0x000002025fd9f8f0 Thread added: 0x000002025fd9f8f0
Event: 7.685 Thread 0x000002025fd9d820 Thread added: 0x000002025fd9d820


Dynamic libraries:
0x00007ff7e8380000 - 0x00007ff7e838a000 	C:\Program Files\Android\Android Studio\jbr\bin\java.exe
0x00007ffb5fcb0000 - 0x00007ffb5fec7000 	C:\WINDOWS\SYSTEM32\ntdll.dll
0x00007ffb5f4b0000 - 0x00007ffb5f574000 	C:\WINDOWS\System32\KERNEL32.DLL
0x00007ffb5ce20000 - 0x00007ffb5d1f1000 	C:\WINDOWS\System32\KERNELBASE.dll
0x00007ffb5d3d0000 - 0x00007ffb5d4e1000 	C:\WINDOWS\System32\ucrtbase.dll
0x00007ffad90e0000 - 0x00007ffad90fb000 	C:\Program Files\Android\Android Studio\jbr\bin\VCRUNTIME140.dll
0x00007ffb3ce20000 - 0x00007ffb3ce38000 	C:\Program Files\Android\Android Studio\jbr\bin\jli.dll
0x00007ffb5e5f0000 - 0x00007ffb5e7a1000 	C:\WINDOWS\System32\USER32.dll
0x00007ffb5d3a0000 - 0x00007ffb5d3c6000 	C:\WINDOWS\System32\win32u.dll
0x00007ffb5f8c0000 - 0x00007ffb5f8e9000 	C:\WINDOWS\System32\GDI32.dll
0x00007ffb5d200000 - 0x00007ffb5d31b000 	C:\WINDOWS\System32\gdi32full.dll
0x00007ffb5d7a0000 - 0x00007ffb5d83a000 	C:\WINDOWS\System32\msvcp_win.dll
0x00007ffb42550000 - 0x00007ffb427e2000 	C:\WINDOWS\WinSxS\amd64_microsoft.windows.common-controls_6595b64144ccf1df_6.0.22621.4830_none_270fe7d773858e80\COMCTL32.dll
0x00007ffb5dc10000 - 0x00007ffb5dcb7000 	C:\WINDOWS\System32\msvcrt.dll
0x00007ffb5f880000 - 0x00007ffb5f8b1000 	C:\WINDOWS\System32\IMM32.DLL
0x00007ffae2ae0000 - 0x00007ffae2aec000 	C:\Program Files\Android\Android Studio\jbr\bin\vcruntime140_1.dll
0x00007ffafd990000 - 0x00007ffafda1d000 	C:\Program Files\Android\Android Studio\jbr\bin\msvcp140.dll
0x00007ffaa3800000 - 0x00007ffaa447d000 	C:\Program Files\Android\Android Studio\jbr\bin\server\jvm.dll
0x00007ffb5d980000 - 0x00007ffb5da31000 	C:\WINDOWS\System32\ADVAPI32.dll
0x00007ffb5f7b0000 - 0x00007ffb5f857000 	C:\WINDOWS\System32\sechost.dll
0x00007ffb5cdf0000 - 0x00007ffb5ce18000 	C:\WINDOWS\System32\bcrypt.dll
0x00007ffb5f690000 - 0x00007ffb5f7a4000 	C:\WINDOWS\System32\RPCRT4.dll
0x00007ffb5e910000 - 0x00007ffb5e981000 	C:\WINDOWS\System32\WS2_32.dll
0x00007ffb5bca0000 - 0x00007ffb5bced000 	C:\WINDOWS\SYSTEM32\POWRPROF.dll
0x00007ffb54ba0000 - 0x00007ffb54bd4000 	C:\WINDOWS\SYSTEM32\WINMM.dll
0x00007ffb54790000 - 0x00007ffb5479a000 	C:\WINDOWS\SYSTEM32\VERSION.dll
0x00007ffb5bc80000 - 0x00007ffb5bc93000 	C:\WINDOWS\SYSTEM32\UMPDC.dll
0x00007ffb5bf30000 - 0x00007ffb5bf48000 	C:\WINDOWS\SYSTEM32\kernel.appcore.dll
0x00007ffad90d0000 - 0x00007ffad90da000 	C:\Program Files\Android\Android Studio\jbr\bin\jimage.dll
0x00007ffb5a200000 - 0x00007ffb5a432000 	C:\WINDOWS\SYSTEM32\DBGHELP.DLL
0x00007ffb5e990000 - 0x00007ffb5ed20000 	C:\WINDOWS\System32\combase.dll
0x00007ffb5ed20000 - 0x00007ffb5edf7000 	C:\WINDOWS\System32\OLEAUT32.dll
0x00007ffb46ac0000 - 0x00007ffb46af2000 	C:\WINDOWS\SYSTEM32\dbgcore.DLL
0x00007ffb5d320000 - 0x00007ffb5d39b000 	C:\WINDOWS\System32\bcryptPrimitives.dll
0x00007ffb540e0000 - 0x00007ffb540ee000 	C:\Program Files\Android\Android Studio\jbr\bin\instrument.dll
0x00007ffad9000000 - 0x00007ffad901f000 	C:\Program Files\Android\Android Studio\jbr\bin\java.dll
0x00007ffad8fc0000 - 0x00007ffad8fd8000 	C:\Program Files\Android\Android Studio\jbr\bin\zip.dll
0x00007ffb5dd60000 - 0x00007ffb5e5e8000 	C:\WINDOWS\System32\SHELL32.dll
0x00007ffb5d660000 - 0x00007ffb5d79f000 	C:\WINDOWS\System32\wintypes.dll
0x00007ffb5ad60000 - 0x00007ffb5b66d000 	C:\WINDOWS\SYSTEM32\windows.storage.dll
0x00007ffb5da40000 - 0x00007ffb5db4a000 	C:\WINDOWS\System32\SHCORE.dll
0x00007ffb5db60000 - 0x00007ffb5dbbe000 	C:\WINDOWS\System32\shlwapi.dll
0x00007ffb5cd20000 - 0x00007ffb5cd4b000 	C:\WINDOWS\SYSTEM32\profapi.dll
0x00007ffad8e60000 - 0x00007ffad8e70000 	C:\Program Files\Android\Android Studio\jbr\bin\net.dll
0x00007ffb55ef0000 - 0x00007ffb5601c000 	C:\WINDOWS\SYSTEM32\WINHTTP.dll
0x00007ffb5c3a0000 - 0x00007ffb5c40a000 	C:\WINDOWS\system32\mswsock.dll
0x00007ffaa3650000 - 0x00007ffaa3666000 	C:\Program Files\Android\Android Studio\jbr\bin\nio.dll
0x00007ffae1710000 - 0x00007ffae1720000 	C:\Program Files\Android\Android Studio\jbr\bin\verify.dll
0x00007ffade6a0000 - 0x00007ffade6c7000 	C:\Users\DELL\.gradle\native\c067742578af261105cb4f569cf0c3c89f3d7b1fecec35dd04571415982c5e48\windows-amd64\native-platform.dll
0x00007ffafd840000 - 0x00007ffafd984000 	C:\Users\DELL\.gradle\native\100fb08df4bc3b14c8652ba06237920a3bd2aa13389f12d3474272988ae205f9\windows-amd64\native-platform-file-events.dll
0x00007ffad99c0000 - 0x00007ffad99c9000 	C:\Program Files\Android\Android Studio\jbr\bin\management.dll
0x00007ffad99b0000 - 0x00007ffad99bb000 	C:\Program Files\Android\Android Studio\jbr\bin\management_ext.dll
0x00007ffb5db50000 - 0x00007ffb5db58000 	C:\WINDOWS\System32\PSAPI.DLL
0x00007ffb5c5f0000 - 0x00007ffb5c60b000 	C:\WINDOWS\SYSTEM32\CRYPTSP.dll
0x00007ffb5be90000 - 0x00007ffb5bec7000 	C:\WINDOWS\system32\rsaenh.dll
0x00007ffb5c490000 - 0x00007ffb5c4b8000 	C:\WINDOWS\SYSTEM32\USERENV.dll
0x00007ffb5c610000 - 0x00007ffb5c61c000 	C:\WINDOWS\SYSTEM32\CRYPTBASE.dll
0x00007ffb5b940000 - 0x00007ffb5b96d000 	C:\WINDOWS\SYSTEM32\IPHLPAPI.DLL
0x00007ffb5f440000 - 0x00007ffb5f449000 	C:\WINDOWS\System32\NSI.dll
0x00007ffad99d0000 - 0x00007ffad99d9000 	C:\Program Files\Android\Android Studio\jbr\bin\extnet.dll
0x00007ffb54be0000 - 0x00007ffb54be8000 	C:\WINDOWS\system32\wshunix.dll

dbghelp: loaded successfully - version: 4.0.5 - missing functions: none
symbol engine: initialized successfully - sym options: 0x614 - pdb path: .;C:\Program Files\Android\Android Studio\jbr\bin;C:\WINDOWS\SYSTEM32;C:\WINDOWS\WinSxS\amd64_microsoft.windows.common-controls_6595b64144ccf1df_6.0.22621.4830_none_270fe7d773858e80;C:\Program Files\Android\Android Studio\jbr\bin\server;C:\Users\DELL\.gradle\native\c067742578af261105cb4f569cf0c3c89f3d7b1fecec35dd04571415982c5e48\windows-amd64;C:\Users\DELL\.gradle\native\100fb08df4bc3b14c8652ba06237920a3bd2aa13389f12d3474272988ae205f9\windows-amd64

VM Arguments:
jvm_args: --add-opens=java.base/java.util=ALL-UNNAMED --add-opens=java.base/java.lang=ALL-UNNAMED --add-opens=java.base/java.lang.invoke=ALL-UNNAMED --add-opens=java.prefs/java.util.prefs=ALL-UNNAMED --add-exports=jdk.compiler/com.sun.tools.javac.api=ALL-UNNAMED --add-exports=jdk.compiler/com.sun.tools.javac.util=ALL-UNNAMED --add-opens=java.base/java.nio.charset=ALL-UNNAMED --add-opens=java.base/java.net=ALL-UNNAMED --add-opens=java.base/java.util.concurrent.atomic=ALL-UNNAMED -Xmx2048m -Dfile.encoding=UTF-8 -Duser.country=GB -Duser.language=en -Duser.variant -javaagent:C:\Users\DELL\.gradle\wrapper\dists\gradle-8.9-bin\90cnw93cvbtalezasaz0blq0a\gradle-8.9\lib\agents\gradle-instrumentation-agent-8.9.jar 
java_command: org.gradle.launcher.daemon.bootstrap.GradleDaemon 8.9
java_class_path (initial): C:\Users\DELL\.gradle\wrapper\dists\gradle-8.9-bin\90cnw93cvbtalezasaz0blq0a\gradle-8.9\lib\gradle-daemon-main-8.9.jar
Launcher Type: SUN_STANDARD

[Global flags]
     intx CICompilerCount                          = 4                                         {product} {ergonomic}
     uint ConcGCThreads                            = 2                                         {product} {ergonomic}
     uint G1ConcRefinementThreads                  = 8                                         {product} {ergonomic}
   size_t G1HeapRegionSize                         = 1048576                                   {product} {ergonomic}
    uintx GCDrainStackTargetSize                   = 64                                        {product} {ergonomic}
   size_t InitialHeapSize                          = 130023424                                 {product} {ergonomic}
   size_t MarkStackSize                            = 4194304                                   {product} {ergonomic}
   size_t MaxHeapSize                              = 2147483648                                {product} {command line}
   size_t MaxNewSize                               = 1287651328                                {product} {ergonomic}
   size_t MinHeapDeltaBytes                        = 1048576                                   {product} {ergonomic}
   size_t MinHeapSize                              = 8388608                                   {product} {ergonomic}
    uintx NonNMethodCodeHeapSize                   = 5839372                                {pd product} {ergonomic}
    uintx NonProfiledCodeHeapSize                  = 122909434                              {pd product} {ergonomic}
    uintx ProfiledCodeHeapSize                     = 122909434                              {pd product} {ergonomic}
    uintx ReservedCodeCacheSize                    = 251658240                              {pd product} {ergonomic}
     bool SegmentedCodeCache                       = true                                      {product} {ergonomic}
   size_t SoftMaxHeapSize                          = 2147483648                             {manageable} {ergonomic}
     bool UseCompressedOops                        = true                           {product lp64_product} {ergonomic}
     bool UseG1GC                                  = true                                      {product} {ergonomic}
     bool UseLargePagesIndividualAllocation        = false                                  {pd product} {ergonomic}

Logging:
Log output configuration:
 #0: stdout all=warning uptime,level,tags foldmultilines=false
 #1: stderr all=off uptime,level,tags foldmultilines=false

Environment Variables:
PATH=C:\Program Files\Microsoft MPI\Bin\;C:\Program Files\Python39\Scripts\;C:\Program Files\Python39\;C:\Windows\system32;C:\Windows;C:\Windows\System32\Wbem;C:\Windows\System32\WindowsPowerShell\v1.0\;C:\Windows\System32\OpenSSH\;C:\Program Files\NVIDIA Corporation\NVIDIA NvDLISR;C:\Program Files\dotnet\;C:\WINDOWS\system32;C:\WINDOWS;C:\WINDOWS\System32\Wbem;C:\WINDOWS\System32\WindowsPowerShell\v1.0\;C:\WINDOWS\System32\OpenSSH\;C:\Program Files\Git\cmd;C:\Program Files (x86)\Microsoft SQL Server\130\Tools\Binn\;C:\Program Files\Microsoft SQL Server\130\Tools\Binn\;C:\Program Files (x86)\Microsoft SQL Server\130\DTS\Binn\;C:\Program Files\Microsoft SQL Server\130\DTS\Binn\;C:\Program Files\Microsoft SQL Server\Client SDK\ODBC\130\Tools\Binn\;C:\Program Files (x86)\Microsoft SQL Server\160\DTS\Binn\;C:\Program Files\Azure Data Studio\bin;C:\Program Files\Microsoft SQL Server\Client SDK\ODBC\170\Tools\Binn\;C:\Program Files (x86)\Microsoft SQL Server\150\Tools\Binn\;C:\Program Files\Microsoft SQL Server\150\Tools\Binn\;C:\Program Files\Microsoft SQL Server\150\DTS\Binn\;C:\Program Files (x86)\Microsoft SQL Server\160\Tools\Binn\;C:\Program Files\Microsoft SQL Server\160\Tools\Binn\;C:\Program Files\Microsoft SQL Server\160\DTS\Binn\;C:\Program Files\nodejs\;C:\Users\DELL\AppData\Local\Microsoft\WindowsApps;C:\Program Files\Microsoft VS Code\bin;C:\Users\DELL\.dotnet\tools;C:\Program Files\Azure Data Studio\bin;C:\Users\DELL\AppData\Local\GitHubDesktop\bin;C:\Program Files\JetBrains\PyCharm Community Edition 2024.3.1.1\bin;;C:\Users\DELL\AppData\Roaming\npm;C:\flutter\bin;
USERNAME=DELL
OS=Windows_NT
PROCESSOR_IDENTIFIER=Intel64 Family 6 Model 140 Stepping 1, GenuineIntel
TMP=C:\Users\DELL\AppData\Local\Temp
TEMP=C:\Users\DELL\AppData\Local\Temp




Periodic native trim disabled

JNI global refs:
JNI global refs: 28, weak refs: 4

JNI global refs memory usage: 835, weak refs: 833

Process memory usage:
Resident Set Size: 366388K (4% of 8104744K total physical memory with 492068K free physical memory)

OOME stack traces (most recent first):
Classloader memory used:
Loader org.gradle.internal.classloader.VisitableURLClassLoader                         : 35754K
Loader bootstrap                                                                       : 23153K
Loader org.gradle.initialization.MixInLegacyTypesClassLoader                           : 10652K
Loader org.gradle.internal.classloader.VisitableURLClassLoader                         : 928K
Loader org.gradle.internal.classloader.VisitableURLClassLoader$InstrumentingVisitableURLClassLoader: 690K
Loader jdk.internal.loader.ClassLoaders$PlatformClassLoader                            : 511K
Loader jdk.internal.reflect.DelegatingClassLoader                                      : 264K
Loader jdk.internal.loader.ClassLoaders$AppClassLoader                                 : 230K
Loader org.gradle.groovy.scripts.internal.DefaultScriptCompilationHandler$ScriptClassLoader: 89128B
Loader org.codehaus.groovy.runtime.callsite.CallSiteClassLoader                        : 49672B

Classes loaded by more than one classloader:
Class org.gradle.api.GradleException                                                  : loaded 3 times (x 79B)
Class Program                                                                         : loaded 3 times (x 69B)
Class org.gradle.api.internal.classpath.ManifestUtil                                  : loaded 2 times (x 68B)
Class org.jetbrains.plugins.gradle.model.GradleExtensions                             : loaded 2 times (x 67B)
Class org.jetbrains.plugins.gradle.model.AnnotationProcessingModel                    : loaded 2 times (x 67B)
Class org.gradle.internal.operations.MultipleBuildOperationFailures                   : loaded 2 times (x 92B)
Class org.jetbrains.kotlin.idea.gradleTooling.model.noarg.NoArgModel                  : loaded 2 times (x 67B)
Class org.gradle.internal.classloader.DefaultClassLoaderFactory                       : loaded 2 times (x 79B)
Class kotlin.collections.AbstractList$Companion                                       : loaded 2 times (x 68B)
Class org.gradle.internal.classloader.ClassLoaderVisitor                              : loaded 2 times (x 73B)
Class org.gradle.api.internal.classpath.EffectiveClassPath                            : loaded 2 times (x 87B)
Class org.gradle.tooling.internal.gradle.DefaultProjectIdentifier                     : loaded 2 times (x 83B)
Class org.jetbrains.kotlin.idea.gradleTooling.model.allopen.AllOpenModel              : loaded 2 times (x 67B)
Class org.gradle.api.internal.DefaultClassPathProvider                                : loaded 2 times (x 73B)
Class [Lorg.gradle.api.internal.ClassPathProvider;                                    : loaded 2 times (x 66B)
Class org.gradle.api.internal.ClassPathProvider                                       : loaded 2 times (x 67B)
Class org.gradle.internal.service.UnknownServiceException                             : loaded 2 times (x 80B)
Class org.jetbrains.kotlin.idea.gradleTooling.KotlinDslScriptAdditionalTask           : loaded 2 times (x 67B)
Class org.gradle.internal.classpath.TransformedClassPath                              : loaded 2 times (x 93B)
Class kotlin.enums.EnumEntriesList                                                    : loaded 2 times (x 220B)
Class org.gradle.internal.classloader.ClassLoaderHierarchy                            : loaded 2 times (x 67B)
Class org.jetbrains.kotlin.idea.gradleTooling.KotlinSourceSetContainer                : loaded 2 times (x 67B)
Class org.gradle.internal.service.ServiceLocator                                      : loaded 2 times (x 67B)
Class org.jetbrains.kotlin.android.synthetic.idea.AndroidExtensionsGradleModel        : loaded 2 times (x 67B)
Class org.gradle.tooling.model.UnsupportedMethodException                             : loaded 2 times (x 79B)
Class org.gradle.internal.InternalTransformer                                         : loaded 2 times (x 67B)
Class org.gradle.internal.time.DefaultTimer                                           : loaded 2 times (x 77B)
Class org.gradle.internal.classloader.ClasspathUtil$1                                 : loaded 2 times (x 73B)
Class org.gradle.api.internal.classpath.DefaultModuleRegistry$DefaultModule           : loaded 2 times (x 83B)
Class org.jetbrains.kotlin.idea.gradleTooling.model.lombok.LombokModel                : loaded 2 times (x 67B)
Class org.gradle.internal.time.DefaultCountdownTimer                                  : loaded 2 times (x 85B)
Class org.gradle.tooling.internal.gradle.DefaultBuildIdentifier                       : loaded 2 times (x 76B)
Class kotlin.Function                                                                 : loaded 2 times (x 67B)
Class org.gradle.api.internal.classpath.Module                                        : loaded 2 times (x 67B)
Class org.gradle.api.internal.classpath.UnknownModuleException                        : loaded 2 times (x 79B)
Class com.intellij.openapi.externalSystem.model.project.dependencies.ProjectDependencies: loaded 2 times (x 67B)
Class org.gradle.tooling.internal.gradle.GradleProjectIdentity                        : loaded 2 times (x 67B)
Class org.gradle.api.internal.DefaultClassPathRegistry                                : loaded 2 times (x 73B)
Class org.gradle.api.internal.ClassPathRegistry                                       : loaded 2 times (x 67B)
Class org.gradle.internal.classpath.DefaultClassPath$ImmutableUniqueList              : loaded 2 times (x 196B)
Class org.jetbrains.plugins.gradle.model.IntelliJSettings                             : loaded 2 times (x 67B)
Class Settings_gradle$1                                                               : loaded 2 times (x 71B)
Class org.gradle.internal.classpath.ClassPath                                         : loaded 2 times (x 67B)
Class org.gradle.api.UncheckedIOException                                             : loaded 2 times (x 79B)
Class org.jetbrains.kotlin.idea.gradleTooling.KotlinGradleModel                       : loaded 2 times (x 67B)
Class org.gradle.tooling.model.Model                                                  : loaded 2 times (x 67B)
Class kotlin.UninitializedPropertyAccessException                                     : loaded 2 times (x 79B)
Class org.jetbrains.plugins.gradle.model.IntelliJProjectSettings                      : loaded 2 times (x 67B)
Class org.jetbrains.kotlin.idea.gradleTooling.model.annotation.AnnotationBasedPluginModel: loaded 2 times (x 67B)
Class org.gradle.internal.installation.GradleInstallation$1                           : loaded 2 times (x 72B)
Class org.gradle.api.internal.classpath.ModuleRegistry                                : loaded 2 times (x 67B)
Class org.jetbrains.plugins.gradle.model.VersionCatalogsModel                         : loaded 2 times (x 67B)
Class org.gradle.api.internal.classpath.DefaultModuleRegistry                         : loaded 2 times (x 80B)
Class org.gradle.internal.time.MonotonicClock                                         : loaded 2 times (x 74B)
Class org.gradle.internal.service.ServiceLookupException                              : loaded 2 times (x 79B)
Class org.gradle.internal.classloader.ClassLoaderFactory                              : loaded 2 times (x 67B)
Class org.gradle.internal.service.CachingServiceLocator                               : loaded 2 times (x 79B)
Class org.jetbrains.plugins.gradle.model.RepositoryModels                             : loaded 2 times (x 67B)
Class org.gradle.internal.time.TimeSource                                             : loaded 2 times (x 67B)
Class org.gradle.tooling.internal.gradle.GradleBuildIdentity                          : loaded 2 times (x 67B)
Class kotlin.enums.EnumEntries                                                        : loaded 2 times (x 67B)
Class org.gradle.internal.exceptions.ResolutionProvider                               : loaded 2 times (x 67B)
Class org.gradle.tooling.model.ProjectIdentifier                                      : loaded 2 times (x 67B)
Class org.gradle.internal.classloader.ClasspathUtil                                   : loaded 2 times (x 68B)
Class org.gradle.internal.time.TimeSource$1                                           : loaded 2 times (x 74B)
Class kotlin.jvm.internal.DefaultConstructorMarker                                    : loaded 2 times (x 68B)
Class org.gradle.api.specs.Spec                                                       : loaded 2 times (x 67B)
Class org.gradle.internal.time.Clock                                                  : loaded 2 times (x 67B)
Class org.jetbrains.plugins.gradle.model.jar.JarTaskManifestConfiguration             : loaded 2 times (x 67B)
Class kotlin.collections.AbstractList                                                 : loaded 2 times (x 194B)
Class kotlin.collections.AbstractCollection                                           : loaded 2 times (x 114B)
Class org.gradle.internal.classloader.VisitableURLClassLoader$InstrumentingVisitableURLClassLoader: loaded 2 times (x 120B)
Class org.gradle.internal.classloader.VisitableURLClassLoader$Spec                    : loaded 2 times (x 71B)
Class org.gradle.internal.classpath.DefaultClassPath                                  : loaded 2 times (x 87B)
Class org.gradle.internal.classloader.ClassLoaderSpec                                 : loaded 2 times (x 68B)
Class sync_studio_tooling3917_87sa7a0nmvnp75lkhvavulk7m                               : loaded 2 times (x 176B)
Class Settings_gradle$1$1                                                             : loaded 2 times (x 71B)
Class org.gradle.internal.classloader.VisitableURLClassLoader                         : loaded 2 times (x 114B)
Class Settings_gradle                                                                 : loaded 2 times (x 125B)
Class org.gradle.internal.Cast                                                        : loaded 2 times (x 68B)
Class org.gradle.api.Action                                                           : loaded 2 times (x 67B)
Class kotlin.jvm.functions.Function1                                                  : loaded 2 times (x 67B)
Class org.gradle.internal.agents.InstrumentingClassLoader                             : loaded 2 times (x 67B)
Class org.gradle.internal.classpath.DefaultClassPath$ImmutableUniqueList$Builder      : loaded 2 times (x 72B)
Class ijInit2_9hn902at7yp0gx89jp2aigspk                                               : loaded 2 times (x 176B)
Class org.jetbrains.kotlin.idea.gradleTooling.model.samWithReceiver.SamWithReceiverModel: loaded 2 times (x 67B)
Class org.gradle.internal.classloader.FilteringClassLoader                            : loaded 2 times (x 102B)
Class org.gradle.internal.exceptions.NonGradleCauseExceptionsHolder                   : loaded 2 times (x 67B)
Class org.jetbrains.kotlin.idea.gradleTooling.model.assignment.AssignmentModel        : loaded 2 times (x 67B)
Class kotlin.enums.EnumEntriesKt                                                      : loaded 2 times (x 68B)
Class org.gradle.internal.IoActions                                                   : loaded 2 times (x 68B)
Class org.gradle.internal.classloader.SystemClassLoaderSpec                           : loaded 2 times (x 68B)
Class org.gradle.internal.exceptions.MultiCauseException                              : loaded 2 times (x 67B)
Class org.gradle.internal.time.CountdownTimer                                         : loaded 2 times (x 67B)
Class kotlin.jvm.internal.Intrinsics                                                  : loaded 2 times (x 68B)
Class org.jetbrains.kotlin.idea.gradleTooling.model.parcelize.ParcelizeGradleModel    : loaded 2 times (x 67B)
Class org.gradle.tooling.model.ProjectModel                                           : loaded 2 times (x 67B)
Class kotlin.KotlinNullPointerException                                               : loaded 2 times (x 80B)
Class org.jetbrains.plugins.gradle.model.tests.ExternalTestsModel                     : loaded 2 times (x 67B)
Class org.gradle.internal.exceptions.DefaultMultiCauseException                       : loaded 2 times (x 92B)
Class org.gradle.internal.time.Time                                                   : loaded 2 times (x 68B)
Class org.jetbrains.plugins.gradle.model.DependencyAccessorsModel                     : loaded 2 times (x 67B)
Class org.jetbrains.kotlin.idea.gradleTooling.KotlinMPPGradleModel                    : loaded 2 times (x 67B)
Class org.gradle.tooling.model.BuildIdentifier                                        : loaded 2 times (x 67B)
Class org.jetbrains.kotlin.idea.gradleTooling.PrepareKotlinIdeImportTaskModel         : loaded 2 times (x 67B)
Class org.gradle.internal.time.Timer                                                  : loaded 2 times (x 67B)
Class kotlin.jvm.internal.markers.KMappedMarker                                       : loaded 2 times (x 67B)
Class org.gradle.internal.installation.CurrentGradleInstallationLocator               : loaded 2 times (x 68B)
Class org.gradle.internal.service.DefaultServiceLocator                               : loaded 2 times (x 80B)
Class org.gradle.util.GradleVersion                                                   : loaded 2 times (x 80B)
Class org.gradle.internal.installation.CurrentGradleInstallation                      : loaded 2 times (x 70B)
Class org.gradle.util.internal.GUtil                                                  : loaded 2 times (x 68B)
Class org.gradle.internal.installation.GradleInstallation                             : loaded 2 times (x 72B)

---------------  S Y S T E M  ---------------

OS:
 Windows 11 , 64 bit Build 22621 (10.0.22621.4974)
OS uptime: 0 days 1:49 hours

CPU: total 8 (initial active 8) (4 cores per cpu, 2 threads per core) family 6 model 140 stepping 1 microcode 0xba, cx8, cmov, fxsr, ht, mmx, 3dnowpref, sse, sse2, sse3, ssse3, sse4.1, sse4.2, popcnt, lzcnt, tsc, tscinvbit, avx, avx2, aes, erms, clmul, bmi1, bmi2, adx, avx512f, avx512dq, avx512cd, avx512bw, avx512vl, sha, fma, vzeroupper, avx512_vpopcntdq, avx512_vpclmulqdq, avx512_vaes, avx512_vnni, clflush, clflushopt, clwb, avx512_vbmi2, avx512_vbmi, rdtscp, rdpid, fsrm, gfni, avx512_bitalg, f16c, pku, cet_ibt, cet_ss, avx512_ifma
Processor Information for all 8 processors :
  Max Mhz: 2419, Current Mhz: 2419, Mhz Limit: 2419

Memory: 4k page, system-wide physical 7914M (481M free)
TotalPageFile size 19982M (AvailPageFile size 46M)
current process WorkingSet (physical memory assigned to process): 357M, peak: 358M
current process commit charge ("private bytes"): 398M, peak: 424M

vm_info: OpenJDK 64-Bit Server VM (21.0.3+-12282718-b509.11) for windows-amd64 JRE (21.0.3+-12282718-b509.11), built on 2024-08-27T17:34:15Z by "builder" with MS VC++ 16.10 / 16.11 (VS2019)

END.
