#
# There is insufficient memory for the Java Runtime Environment to continue.
# Native memory allocation (mmap) failed to map 218103808 bytes. Error detail: G1 virtual space
# Possible reasons:
#   The system is out of physical RAM or swap space
#   This process is running with CompressedOops enabled, and the Java Heap may be blocking the growth of the native heap
# Possible solutions:
#   Reduce memory load on the system
#   Increase physical memory or swap space
#   Check if swap backing store is full
#   Decrease Java heap size (-Xmx/-Xms)
#   Decrease number of Java threads
#   Decrease Java thread stack sizes (-Xss)
#   Set larger code cache with -XX:ReservedCodeCacheSize=
#   JVM is running with Unscaled Compressed Oops mode in which the Java heap is
#     placed in the first 4GB address space. The Java Heap base address is the
#     maximum limit for the native heap growth. Please use -XX:HeapBaseMinAddress
#     to set the Java Heap base and to place the Java Heap above 4GB virtual address.
# This output file may be truncated or incomplete.
#
#  Out of Memory Error (os_windows.cpp:3815), pid=14072, tid=18604
#
# JRE version: OpenJDK Runtime Environment (21.0.3) (build 21.0.3+-12282718-b509.11)
# Java VM: OpenJDK 64-Bit Server VM (21.0.3+-12282718-b509.11, mixed mode, tiered, compressed oops, compressed class ptrs, g1 gc, windows-amd64)
# No core dump will be written. Minidumps are not enabled by default on client versions of Windows
#

---------------  S U M M A R Y ------------

Command Line: --add-exports=jdk.compiler/com.sun.tools.javac.util=ALL-UNNAMED --add-opens=java.base/java.util.concurrent.atomic=ALL-UNNAMED --add-opens=java.base/java.util=ALL-UNNAMED --add-opens=java.base/java.lang=ALL-UNNAMED --add-opens=java.base/java.lang.invoke=ALL-UNNAMED --add-opens=java.prefs/java.util.prefs=ALL-UNNAMED --add-exports=jdk.compiler/com.sun.tools.javac.api=ALL-UNNAMED --add-exports=jdk.compiler/com.sun.tools.javac.util=ALL-UNNAMED --add-opens=java.base/java.nio.charset=ALL-UNNAMED --add-opens=java.base/java.net=ALL-UNNAMED --add-opens=java.base/java.util.concurrent.atomic=ALL-UNNAMED -Xmx2048m -Dfile.encoding=UTF-8 -Duser.country=GB -Duser.language=en -Duser.variant -javaagent:C:\Users\DELL\.gradle\wrapper\dists\gradle-8.9-bin\90cnw93cvbtalezasaz0blq0a\gradle-8.9\lib\agents\gradle-instrumentation-agent-8.9.jar org.gradle.launcher.daemon.bootstrap.GradleDaemon 8.9

Host: 11th Gen Intel(R) Core(TM) i5-1135G7 @ 2.40GHz, 8 cores, 7G,  Windows 11 , 64 bit Build 22621 (10.0.22621.4974)
Time: Fri Mar 28 17:23:55 2025 SE Asia Standard Time elapsed time: 9.972306 seconds (0d 0h 0m 9s)

---------------  T H R E A D  ---------------

Current thread (0x0000022ce88dea50):  VMThread "VM Thread"          [id=18604, stack(0x000000fe28b00000,0x000000fe28c00000) (1024K)]

Stack: [0x000000fe28b00000,0x000000fe28c00000]
Native frames: (J=compiled Java code, j=interpreted, Vv=VM code, C=native code)
V  [jvm.dll+0x6cafb9]
V  [jvm.dll+0x858523]
V  [jvm.dll+0x85aa7e]
V  [jvm.dll+0x85b163]
V  [jvm.dll+0x27d356]
V  [jvm.dll+0x6c7865]
V  [jvm.dll+0x6bbd3a]
V  [jvm.dll+0x35199b]
V  [jvm.dll+0x3595d6]
V  [jvm.dll+0x3aa826]
V  [jvm.dll+0x3aaaf8]
V  [jvm.dll+0x3240bc]
V  [jvm.dll+0x324147]
V  [jvm.dll+0x36a00c]
V  [jvm.dll+0x36879e]
V  [jvm.dll+0x3237c1]
V  [jvm.dll+0x3681c8]
V  [jvm.dll+0x860ac8]
V  [jvm.dll+0x861bc4]
V  [jvm.dll+0x862100]
V  [jvm.dll+0x862393]
V  [jvm.dll+0x800d78]
V  [jvm.dll+0x6c98cd]
C  [ucrtbase.dll+0x29333]
C  [KERNEL32.DLL+0x1259d]
C  [ntdll.dll+0x5af38]

VM_Operation (0x000000fe2cbfa800): G1TryInitiateConcMark, mode: safepoint, requested by thread 0x0000022ceff85b30


---------------  P R O C E S S  ---------------

Threads class SMR info:
_java_thread_list=0x0000022cef057c80, length=58, elements={
0x0000022ccef07050, 0x0000022ce8a80070, 0x0000022ce8a80e90, 0x0000022ce8a69870,
0x0000022ce8a6a3c0, 0x0000022ce8a608d0, 0x0000022ce8a62f50, 0x0000022ce8abd050,
0x0000022ce8abdd50, 0x0000022ce8c12820, 0x0000022ce8df5e00, 0x0000022cee8ed090,
0x0000022cee953700, 0x0000022cee95ed80, 0x0000022cee8c51d0, 0x0000022ceea80a20,
0x0000022ceec07510, 0x0000022ceec0af00, 0x0000022cee9e2530, 0x0000022cee9e1180,
0x0000022cee9e3250, 0x0000022cee9e1ea0, 0x0000022cee9e1810, 0x0000022cee9e38e0,
0x0000022ceed38030, 0x0000022cee9e0460, 0x0000022cee9e0af0, 0x0000022cef768ee0,
0x0000022cef76a290, 0x0000022cef767b30, 0x0000022cef76a920, 0x0000022cef7681c0,
0x0000022cef768850, 0x0000022cef766780, 0x0000022cef769c00, 0x0000022cef765a60,
0x0000022cef76c360, 0x0000022cef769570, 0x0000022cef76c9f0, 0x0000022cef76afb0,
0x0000022cef76b640, 0x0000022cf0cd3790, 0x0000022cf0cd7930, 0x0000022cf0cd44b0,
0x0000022cf0cd23e0, 0x0000022cf0cd4b40, 0x0000022cf0cd2a70, 0x0000022cf0cd6580,
0x0000022cf0cd51d0, 0x0000022cf0cd5860, 0x0000022cf0cd5ef0, 0x0000022cf0cd6c10,
0x0000022cf0cd72a0, 0x0000022cf0cd7fc0, 0x0000022cf0cd16c0, 0x0000022cf0cd8ce0,
0x0000022ceff85b30, 0x0000022ceff89640
}

Java Threads: ( => current thread )
  0x0000022ccef07050 JavaThread "main"                              [_thread_blocked, id=2636, stack(0x000000fe28400000,0x000000fe28500000) (1024K)]
  0x0000022ce8a80070 JavaThread "Reference Handler"          daemon [_thread_blocked, id=8360, stack(0x000000fe28c00000,0x000000fe28d00000) (1024K)]
  0x0000022ce8a80e90 JavaThread "Finalizer"                  daemon [_thread_blocked, id=16412, stack(0x000000fe28d00000,0x000000fe28e00000) (1024K)]
  0x0000022ce8a69870 JavaThread "Signal Dispatcher"          daemon [_thread_blocked, id=18708, stack(0x000000fe28e00000,0x000000fe28f00000) (1024K)]
  0x0000022ce8a6a3c0 JavaThread "Attach Listener"            daemon [_thread_blocked, id=6528, stack(0x000000fe28f00000,0x000000fe29000000) (1024K)]
  0x0000022ce8a608d0 JavaThread "Service Thread"             daemon [_thread_blocked, id=6596, stack(0x000000fe29000000,0x000000fe29100000) (1024K)]
  0x0000022ce8a62f50 JavaThread "Monitor Deflation Thread"   daemon [_thread_blocked, id=10388, stack(0x000000fe29100000,0x000000fe29200000) (1024K)]
  0x0000022ce8abd050 JavaThread "C2 CompilerThread0"         daemon [_thread_blocked, id=9640, stack(0x000000fe29200000,0x000000fe29300000) (1024K)]
  0x0000022ce8abdd50 JavaThread "C1 CompilerThread0"         daemon [_thread_blocked, id=20500, stack(0x000000fe29300000,0x000000fe29400000) (1024K)]
  0x0000022ce8c12820 JavaThread "Common-Cleaner"             daemon [_thread_blocked, id=20604, stack(0x000000fe29400000,0x000000fe29500000) (1024K)]
  0x0000022ce8df5e00 JavaThread "Notification Thread"        daemon [_thread_blocked, id=19992, stack(0x000000fe29500000,0x000000fe29600000) (1024K)]
  0x0000022cee8ed090 JavaThread "Daemon health stats"               [_thread_blocked, id=17216, stack(0x000000fe29b00000,0x000000fe29c00000) (1024K)]
  0x0000022cee953700 JavaThread "Incoming local TCP Connector on port 58128"        [_thread_in_native, id=19892, stack(0x000000fe29c00000,0x000000fe29d00000) (1024K)]
  0x0000022cee95ed80 JavaThread "Daemon periodic checks"            [_thread_blocked, id=16876, stack(0x000000fe29d00000,0x000000fe29e00000) (1024K)]
  0x0000022cee8c51d0 JavaThread "Daemon"                            [_thread_blocked, id=6544, stack(0x000000fe29e00000,0x000000fe29f00000) (1024K)]
  0x0000022ceea80a20 JavaThread "Handler for socket connection from /127.0.0.1:58128 to /127.0.0.1:58129"        [_thread_in_native, id=20124, stack(0x000000fe29f00000,0x000000fe2a000000) (1024K)]
  0x0000022ceec07510 JavaThread "Cancel handler"                    [_thread_blocked, id=13928, stack(0x000000fe2a000000,0x000000fe2a100000) (1024K)]
  0x0000022ceec0af00 JavaThread "Daemon worker"                     [_thread_blocked, id=10368, stack(0x000000fe2a100000,0x000000fe2a200000) (1024K)]
  0x0000022cee9e2530 JavaThread "Asynchronous log dispatcher for DefaultDaemonConnection: socket connection from /127.0.0.1:58128 to /127.0.0.1:58129"        [_thread_blocked, id=20216, stack(0x000000fe2a200000,0x000000fe2a300000) (1024K)]
  0x0000022cee9e1180 JavaThread "Stdin handler"                     [_thread_blocked, id=19308, stack(0x000000fe2a300000,0x000000fe2a400000) (1024K)]
  0x0000022cee9e3250 JavaThread "Daemon client event forwarder"        [_thread_blocked, id=21432, stack(0x000000fe2a400000,0x000000fe2a500000) (1024K)]
  0x0000022cee9e1ea0 JavaThread "Cache worker for journal cache (C:\Users\DELL\.gradle\caches\journal-1)"        [_thread_blocked, id=13816, stack(0x000000fe2a900000,0x000000fe2aa00000) (1024K)]
  0x0000022cee9e1810 JavaThread "File lock request listener"        [_thread_in_native, id=3332, stack(0x000000fe2aa00000,0x000000fe2ab00000) (1024K)]
  0x0000022cee9e38e0 JavaThread "Cache worker for file hash cache (C:\Users\DELL\.gradle\caches\8.9\fileHashes)"        [_thread_blocked, id=6708, stack(0x000000fe29600000,0x000000fe29700000) (1024K)]
  0x0000022ceed38030 JavaThread "C2 CompilerThread1"         daemon [_thread_blocked, id=10756, stack(0x000000fe2ab00000,0x000000fe2ac00000) (1024K)]
  0x0000022cee9e0460 JavaThread "Cache worker for file hash cache (E:\HocTap\BaiTap\.gradle\8.9\fileHashes)"        [_thread_blocked, id=6332, stack(0x000000fe2ac00000,0x000000fe2ad00000) (1024K)]
  0x0000022cee9e0af0 JavaThread "Cache worker for Build Output Cleanup Cache (E:\HocTap\BaiTap\.gradle\buildOutputCleanup)"        [_thread_blocked, id=1852, stack(0x000000fe2ad00000,0x000000fe2ae00000) (1024K)]
  0x0000022cef768ee0 JavaThread "File watcher server"        daemon [_thread_in_native, id=4988, stack(0x000000fe2ae00000,0x000000fe2af00000) (1024K)]
  0x0000022cef76a290 JavaThread "File watcher consumer"      daemon [_thread_blocked, id=15584, stack(0x000000fe2af00000,0x000000fe2b000000) (1024K)]
  0x0000022cef767b30 JavaThread "jar transforms"                    [_thread_blocked, id=12388, stack(0x000000fe2b000000,0x000000fe2b100000) (1024K)]
  0x0000022cef76a920 JavaThread "jar transforms Thread 2"           [_thread_blocked, id=20184, stack(0x000000fe2b100000,0x000000fe2b200000) (1024K)]
  0x0000022cef7681c0 JavaThread "jar transforms Thread 3"           [_thread_blocked, id=13676, stack(0x000000fe2b200000,0x000000fe2b300000) (1024K)]
  0x0000022cef768850 JavaThread "jar transforms Thread 4"           [_thread_blocked, id=9392, stack(0x000000fe2b300000,0x000000fe2b400000) (1024K)]
  0x0000022cef766780 JavaThread "jar transforms Thread 5"           [_thread_blocked, id=6724, stack(0x000000fe2b400000,0x000000fe2b500000) (1024K)]
  0x0000022cef769c00 JavaThread "jar transforms Thread 6"           [_thread_blocked, id=3020, stack(0x000000fe2b500000,0x000000fe2b600000) (1024K)]
  0x0000022cef765a60 JavaThread "jar transforms Thread 7"           [_thread_blocked, id=13532, stack(0x000000fe2b600000,0x000000fe2b700000) (1024K)]
  0x0000022cef76c360 JavaThread "jar transforms Thread 8"           [_thread_blocked, id=1772, stack(0x000000fe2b700000,0x000000fe2b800000) (1024K)]
  0x0000022cef769570 JavaThread "Cache worker for checksums cache (E:\HocTap\BaiTap\.gradle\8.9\checksums)"        [_thread_blocked, id=13844, stack(0x000000fe2b800000,0x000000fe2b900000) (1024K)]
  0x0000022cef76c9f0 JavaThread "Cache worker for file content cache (C:\Users\DELL\.gradle\caches\8.9\fileContent)"        [_thread_blocked, id=11380, stack(0x000000fe2b900000,0x000000fe2ba00000) (1024K)]
  0x0000022cef76afb0 JavaThread "Cache worker for cache directory md-rule (C:\Users\DELL\.gradle\caches\8.9\md-rule)"        [_thread_blocked, id=13280, stack(0x000000fe2ba00000,0x000000fe2bb00000) (1024K)]
  0x0000022cef76b640 JavaThread "Cache worker for cache directory md-supplier (C:\Users\DELL\.gradle\caches\8.9\md-supplier)"        [_thread_blocked, id=13636, stack(0x000000fe2bb00000,0x000000fe2bc00000) (1024K)]
  0x0000022cf0cd3790 JavaThread "Unconstrained build operations"        [_thread_blocked, id=10948, stack(0x000000fe2bc00000,0x000000fe2bd00000) (1024K)]
  0x0000022cf0cd7930 JavaThread "Unconstrained build operations Thread 2"        [_thread_blocked, id=7684, stack(0x000000fe2bd00000,0x000000fe2be00000) (1024K)]
  0x0000022cf0cd44b0 JavaThread "Unconstrained build operations Thread 3"        [_thread_blocked, id=16644, stack(0x000000fe2be00000,0x000000fe2bf00000) (1024K)]
  0x0000022cf0cd23e0 JavaThread "Unconstrained build operations Thread 4"        [_thread_blocked, id=15900, stack(0x000000fe2bf00000,0x000000fe2c000000) (1024K)]
  0x0000022cf0cd4b40 JavaThread "Unconstrained build operations Thread 5"        [_thread_blocked, id=20904, stack(0x000000fe2c000000,0x000000fe2c100000) (1024K)]
  0x0000022cf0cd2a70 JavaThread "Unconstrained build operations Thread 6"        [_thread_blocked, id=4808, stack(0x000000fe2c100000,0x000000fe2c200000) (1024K)]
  0x0000022cf0cd6580 JavaThread "Unconstrained build operations Thread 7"        [_thread_blocked, id=20680, stack(0x000000fe2c200000,0x000000fe2c300000) (1024K)]
  0x0000022cf0cd51d0 JavaThread "Unconstrained build operations Thread 8"        [_thread_blocked, id=16600, stack(0x000000fe2c300000,0x000000fe2c400000) (1024K)]
  0x0000022cf0cd5860 JavaThread "Unconstrained build operations Thread 9"        [_thread_blocked, id=4316, stack(0x000000fe2c400000,0x000000fe2c500000) (1024K)]
  0x0000022cf0cd5ef0 JavaThread "Unconstrained build operations Thread 10"        [_thread_blocked, id=17496, stack(0x000000fe2c500000,0x000000fe2c600000) (1024K)]
  0x0000022cf0cd6c10 JavaThread "Unconstrained build operations Thread 11"        [_thread_blocked, id=9140, stack(0x000000fe2c600000,0x000000fe2c700000) (1024K)]
  0x0000022cf0cd72a0 JavaThread "Unconstrained build operations Thread 12"        [_thread_blocked, id=10616, stack(0x000000fe2c700000,0x000000fe2c800000) (1024K)]
  0x0000022cf0cd7fc0 JavaThread "Unconstrained build operations Thread 13"        [_thread_blocked, id=18984, stack(0x000000fe2c800000,0x000000fe2c900000) (1024K)]
  0x0000022cf0cd16c0 JavaThread "Unconstrained build operations Thread 14"        [_thread_blocked, id=8876, stack(0x000000fe2c900000,0x000000fe2ca00000) (1024K)]
  0x0000022cf0cd8ce0 JavaThread "Unconstrained build operations Thread 15"        [_thread_blocked, id=5868, stack(0x000000fe2ca00000,0x000000fe2cb00000) (1024K)]
  0x0000022ceff85b30 JavaThread "Unconstrained build operations Thread 16"        [_thread_blocked, id=11260, stack(0x000000fe2cb00000,0x000000fe2cc00000) (1024K)]
  0x0000022ceff89640 JavaThread "Unconstrained build operations Thread 17"        [_thread_blocked, id=9052, stack(0x000000fe2cc00000,0x000000fe2cd00000) (1024K)]
Total: 58

Other Threads:
=>0x0000022ce88dea50 VMThread "VM Thread"                           [id=18604, stack(0x000000fe28b00000,0x000000fe28c00000) (1024K)]
  0x0000022ce8849fc0 WatcherThread "VM Periodic Task Thread"        [id=11312, stack(0x000000fe28a00000,0x000000fe28b00000) (1024K)]
  0x0000022cd1234230 WorkerThread "GC Thread#0"                     [id=18228, stack(0x000000fe28500000,0x000000fe28600000) (1024K)]
  0x0000022ced65da10 WorkerThread "GC Thread#1"                     [id=21116, stack(0x000000fe29700000,0x000000fe29800000) (1024K)]
  0x0000022ced4ee670 WorkerThread "GC Thread#2"                     [id=4612, stack(0x000000fe29800000,0x000000fe29900000) (1024K)]
  0x0000022ced4c07b0 WorkerThread "GC Thread#3"                     [id=19752, stack(0x000000fe29900000,0x000000fe29a00000) (1024K)]
  0x0000022cedf48080 WorkerThread "GC Thread#4"                     [id=7692, stack(0x000000fe29a00000,0x000000fe29b00000) (1024K)]
  0x0000022ceec0cd90 WorkerThread "GC Thread#5"                     [id=18276, stack(0x000000fe2a500000,0x000000fe2a600000) (1024K)]
  0x0000022cee9f5750 WorkerThread "GC Thread#6"                     [id=11628, stack(0x000000fe2a600000,0x000000fe2a700000) (1024K)]
  0x0000022cee9f1200 WorkerThread "GC Thread#7"                     [id=2752, stack(0x000000fe2a700000,0x000000fe2a800000) (1024K)]
  0x0000022cd1245380 ConcurrentGCThread "G1 Main Marker"            [id=16584, stack(0x000000fe28600000,0x000000fe28700000) (1024K)]
  0x0000022cd1246620 WorkerThread "G1 Conc#0"                       [id=14972, stack(0x000000fe28700000,0x000000fe28800000) (1024K)]
  0x0000022ceeb28290 WorkerThread "G1 Conc#1"                       [id=7824, stack(0x000000fe2a800000,0x000000fe2a900000) (1024K)]
  0x0000022cd129e8b0 ConcurrentGCThread "G1 Refine#0"               [id=1668, stack(0x000000fe28800000,0x000000fe28900000) (1024K)]
  0x0000022ce871d680 ConcurrentGCThread "G1 Service"                [id=1168, stack(0x000000fe28900000,0x000000fe28a00000) (1024K)]
Total: 15

Threads with active compile tasks:
C2 CompilerThread0    10013 6986       4       com.google.common.collect.RegularImmutableMap::get (13 bytes)
C2 CompilerThread1    10013 7008       4       org.gradle.internal.classpath.types.ExternalPluginsInstrumentationTypeRegistry::computeSuperTypesWithRecursiveCaching (80 bytes)
Total: 2

VM state: at safepoint (normal execution)

VM Mutex/Monitor currently owned by a thread:  ([mutex/lock_event])
[0x00007ffaa43a20c8] Threads_lock - owner thread: 0x0000022ce88dea50
[0x00007ffaa43a21c8] Heap_lock - owner thread: 0x0000022ceff85b30

Heap address: 0x0000000080000000, size: 2048 MB, Compressed Oops mode: 32-bit

CDS archive(s) not mapped
Compressed class space mapped at: 0x0000000100000000-0x0000000140000000, reserved size: 1073741824
Narrow klass base: 0x0000000000000000, Narrow klass shift: 3, Narrow klass range: 0x140000000

GC Precious Log:
 CardTable entry size: 512
 Card Set container configuration: InlinePtr #cards 5 size 8 Array Of Cards #cards 12 size 40 Howl #buckets 4 coarsen threshold 1843 Howl Bitmap #cards 512 size 80 coarsen threshold 460 Card regions per heap region 1 cards per card region 2048
 CPUs: 8 total, 8 available
 Memory: 7914M
 Large Page Support: Disabled
 NUMA Support: Disabled
 Compressed Oops: Enabled (32-bit)
 Heap Region Size: 1M
 Heap Min Capacity: 8M
 Heap Initial Capacity: 124M
 Heap Max Capacity: 2G
 Pre-touch: Disabled
 Parallel Workers: 8
 Concurrent Workers: 2
 Concurrent Refinement Workers: 8
 Periodic GC: Disabled

Heap:
 garbage-first heap   total 193536K, used 150528K [0x0000000080000000, 0x0000000100000000)
  region size 1024K, 4 young (4096K), 4 survivors (4096K)
 Metaspace       used 62229K, committed 63744K, reserved 1114112K
  class space    used 8538K, committed 9280K, reserved 1048576K

Heap Regions: E=young(eden), S=young(survivor), O=old, HS=humongous(starts), HC=humongous(continues), CS=collection set, F=free, TAMS=top-at-mark-start, PB=parsable bottom
|   0|0x0000000080000000, 0x0000000080100000, 0x0000000080100000|100%|HS|  |TAMS 0x0000000080100000| PB 0x0000000080000000| Complete 
|   1|0x0000000080100000, 0x0000000080200000, 0x0000000080200000|100%|HC|  |TAMS 0x0000000080200000| PB 0x0000000080100000| Complete 
|   2|0x0000000080200000, 0x0000000080300000, 0x0000000080300000|100%|HC|  |TAMS 0x0000000080300000| PB 0x0000000080200000| Complete 
|   3|0x0000000080300000, 0x0000000080400000, 0x0000000080400000|100%|HC|  |TAMS 0x0000000080400000| PB 0x0000000080300000| Complete 
|   4|0x0000000080400000, 0x0000000080500000, 0x0000000080500000|100%| O|  |TAMS 0x0000000080500000| PB 0x0000000080400000| Untracked 
|   5|0x0000000080500000, 0x0000000080600000, 0x0000000080600000|100%| O|  |TAMS 0x0000000080600000| PB 0x0000000080500000| Untracked 
|   6|0x0000000080600000, 0x0000000080700000, 0x0000000080700000|100%| O|  |TAMS 0x0000000080700000| PB 0x0000000080600000| Untracked 
|   7|0x0000000080700000, 0x0000000080800000, 0x0000000080800000|100%| O|  |TAMS 0x0000000080800000| PB 0x0000000080700000| Untracked 
|   8|0x0000000080800000, 0x0000000080900000, 0x0000000080900000|100%| O|  |TAMS 0x0000000080900000| PB 0x0000000080800000| Untracked 
|   9|0x0000000080900000, 0x0000000080a00000, 0x0000000080a00000|100%| O|  |TAMS 0x0000000080a00000| PB 0x0000000080900000| Untracked 
|  10|0x0000000080a00000, 0x0000000080b00000, 0x0000000080b00000|100%|HS|  |TAMS 0x0000000080b00000| PB 0x0000000080a00000| Complete 
|  11|0x0000000080b00000, 0x0000000080c00000, 0x0000000080c00000|100%| O|  |TAMS 0x0000000080c00000| PB 0x0000000080b00000| Untracked 
|  12|0x0000000080c00000, 0x0000000080d00000, 0x0000000080d00000|100%| O|  |TAMS 0x0000000080d00000| PB 0x0000000080c00000| Untracked 
|  13|0x0000000080d00000, 0x0000000080e00000, 0x0000000080e00000|100%| O|  |TAMS 0x0000000080e00000| PB 0x0000000080d00000| Untracked 
|  14|0x0000000080e00000, 0x0000000080f00000, 0x0000000080f00000|100%| O|  |TAMS 0x0000000080f00000| PB 0x0000000080e00000| Untracked 
|  15|0x0000000080f00000, 0x0000000081000000, 0x0000000081000000|100%| O|  |TAMS 0x0000000081000000| PB 0x0000000080f00000| Untracked 
|  16|0x0000000081000000, 0x0000000081100000, 0x0000000081100000|100%| O|  |TAMS 0x0000000081100000| PB 0x0000000081000000| Untracked 
|  17|0x0000000081100000, 0x0000000081200000, 0x0000000081200000|100%| O|  |TAMS 0x0000000081200000| PB 0x0000000081100000| Untracked 
|  18|0x0000000081200000, 0x0000000081300000, 0x0000000081300000|100%| O|  |TAMS 0x0000000081300000| PB 0x0000000081200000| Untracked 
|  19|0x0000000081300000, 0x0000000081400000, 0x0000000081400000|100%| O|  |TAMS 0x0000000081400000| PB 0x0000000081300000| Untracked 
|  20|0x0000000081400000, 0x0000000081500000, 0x0000000081500000|100%|HS|  |TAMS 0x0000000081500000| PB 0x0000000081400000| Complete 
|  21|0x0000000081500000, 0x0000000081600000, 0x0000000081600000|100%|HC|  |TAMS 0x0000000081600000| PB 0x0000000081500000| Complete 
|  22|0x0000000081600000, 0x0000000081700000, 0x0000000081700000|100%|HC|  |TAMS 0x0000000081700000| PB 0x0000000081600000| Complete 
|  23|0x0000000081700000, 0x0000000081800000, 0x0000000081800000|100%|HC|  |TAMS 0x0000000081800000| PB 0x0000000081700000| Complete 
|  24|0x0000000081800000, 0x0000000081900000, 0x0000000081900000|100%|HC|  |TAMS 0x0000000081900000| PB 0x0000000081800000| Complete 
|  25|0x0000000081900000, 0x0000000081a00000, 0x0000000081a00000|100%|HC|  |TAMS 0x0000000081a00000| PB 0x0000000081900000| Complete 
|  26|0x0000000081a00000, 0x0000000081b00000, 0x0000000081b00000|100%|HS|  |TAMS 0x0000000081b00000| PB 0x0000000081a00000| Complete 
|  27|0x0000000081b00000, 0x0000000081c00000, 0x0000000081c00000|100%|HC|  |TAMS 0x0000000081c00000| PB 0x0000000081b00000| Complete 
|  28|0x0000000081c00000, 0x0000000081d00000, 0x0000000081d00000|100%|HC|  |TAMS 0x0000000081d00000| PB 0x0000000081c00000| Complete 
|  29|0x0000000081d00000, 0x0000000081e00000, 0x0000000081e00000|100%|HS|  |TAMS 0x0000000081e00000| PB 0x0000000081d00000| Complete 
|  30|0x0000000081e00000, 0x0000000081f00000, 0x0000000081f00000|100%|HC|  |TAMS 0x0000000081f00000| PB 0x0000000081e00000| Complete 
|  31|0x0000000081f00000, 0x0000000082000000, 0x0000000082000000|100%| O|  |TAMS 0x0000000082000000| PB 0x0000000081f00000| Untracked 
|  32|0x0000000082000000, 0x0000000082100000, 0x0000000082100000|100%| O|  |TAMS 0x0000000082100000| PB 0x0000000082000000| Untracked 
|  33|0x0000000082100000, 0x0000000082200000, 0x0000000082200000|100%| O|  |TAMS 0x0000000082200000| PB 0x0000000082100000| Untracked 
|  34|0x0000000082200000, 0x0000000082300000, 0x0000000082300000|100%| O|  |TAMS 0x0000000082300000| PB 0x0000000082200000| Untracked 
|  35|0x0000000082300000, 0x0000000082400000, 0x0000000082400000|100%| O|  |TAMS 0x0000000082400000| PB 0x0000000082300000| Untracked 
|  36|0x0000000082400000, 0x0000000082500000, 0x0000000082500000|100%| O|  |TAMS 0x0000000082500000| PB 0x0000000082400000| Untracked 
|  37|0x0000000082500000, 0x0000000082600000, 0x0000000082600000|100%| O|  |TAMS 0x0000000082600000| PB 0x0000000082500000| Untracked 
|  38|0x0000000082600000, 0x0000000082700000, 0x0000000082700000|100%| O|  |TAMS 0x0000000082700000| PB 0x0000000082600000| Untracked 
|  39|0x0000000082700000, 0x0000000082800000, 0x0000000082800000|100%| O|  |TAMS 0x0000000082800000| PB 0x0000000082700000| Untracked 
|  40|0x0000000082800000, 0x0000000082900000, 0x0000000082900000|100%| O|  |TAMS 0x0000000082900000| PB 0x0000000082800000| Untracked 
|  41|0x0000000082900000, 0x0000000082a00000, 0x0000000082a00000|100%| O|  |TAMS 0x0000000082a00000| PB 0x0000000082900000| Untracked 
|  42|0x0000000082a00000, 0x0000000082b00000, 0x0000000082b00000|100%| O|  |TAMS 0x0000000082b00000| PB 0x0000000082a00000| Untracked 
|  43|0x0000000082b00000, 0x0000000082c00000, 0x0000000082c00000|100%| O|  |TAMS 0x0000000082c00000| PB 0x0000000082b00000| Untracked 
|  44|0x0000000082c00000, 0x0000000082d00000, 0x0000000082d00000|100%| O|  |TAMS 0x0000000082d00000| PB 0x0000000082c00000| Untracked 
|  45|0x0000000082d00000, 0x0000000082e00000, 0x0000000082e00000|100%| O|  |TAMS 0x0000000082e00000| PB 0x0000000082d00000| Untracked 
|  46|0x0000000082e00000, 0x0000000082f00000, 0x0000000082f00000|100%| O|  |TAMS 0x0000000082f00000| PB 0x0000000082e00000| Untracked 
|  47|0x0000000082f00000, 0x0000000083000000, 0x0000000083000000|100%|HS|  |TAMS 0x0000000083000000| PB 0x0000000082f00000| Complete 
|  48|0x0000000083000000, 0x0000000083100000, 0x0000000083100000|100%|HC|  |TAMS 0x0000000083100000| PB 0x0000000083000000| Complete 
|  49|0x0000000083100000, 0x0000000083200000, 0x0000000083200000|100%| O|  |TAMS 0x0000000083200000| PB 0x0000000083100000| Untracked 
|  50|0x0000000083200000, 0x0000000083300000, 0x0000000083300000|100%| O|  |TAMS 0x0000000083300000| PB 0x0000000083200000| Untracked 
|  51|0x0000000083300000, 0x0000000083400000, 0x0000000083400000|100%| O|  |TAMS 0x0000000083400000| PB 0x0000000083300000| Untracked 
|  52|0x0000000083400000, 0x0000000083500000, 0x0000000083500000|100%| O|  |TAMS 0x0000000083500000| PB 0x0000000083400000| Untracked 
|  53|0x0000000083500000, 0x0000000083600000, 0x0000000083600000|100%| O|  |TAMS 0x0000000083600000| PB 0x0000000083500000| Untracked 
|  54|0x0000000083600000, 0x0000000083700000, 0x0000000083700000|100%| O|  |TAMS 0x0000000083700000| PB 0x0000000083600000| Untracked 
|  55|0x0000000083700000, 0x0000000083800000, 0x0000000083800000|100%| O|  |TAMS 0x0000000083800000| PB 0x0000000083700000| Untracked 
|  56|0x0000000083800000, 0x0000000083900000, 0x0000000083900000|100%| O|  |TAMS 0x0000000083900000| PB 0x0000000083800000| Untracked 
|  57|0x0000000083900000, 0x0000000083a00000, 0x0000000083a00000|100%|HS|  |TAMS 0x0000000083a00000| PB 0x0000000083900000| Complete 
|  58|0x0000000083a00000, 0x0000000083b00000, 0x0000000083b00000|100%| O|  |TAMS 0x0000000083b00000| PB 0x0000000083a00000| Untracked 
|  59|0x0000000083b00000, 0x0000000083c00000, 0x0000000083c00000|100%|HS|  |TAMS 0x0000000083c00000| PB 0x0000000083b00000| Complete 
|  60|0x0000000083c00000, 0x0000000083d00000, 0x0000000083d00000|100%| O|  |TAMS 0x0000000083d00000| PB 0x0000000083c00000| Untracked 
|  61|0x0000000083d00000, 0x0000000083e00000, 0x0000000083e00000|100%| O|  |TAMS 0x0000000083e00000| PB 0x0000000083d00000| Untracked 
|  62|0x0000000083e00000, 0x0000000083f00000, 0x0000000083f00000|100%| O|  |TAMS 0x0000000083f00000| PB 0x0000000083e00000| Untracked 
|  63|0x0000000083f00000, 0x0000000084000000, 0x0000000084000000|100%| O|  |TAMS 0x0000000084000000| PB 0x0000000083f00000| Untracked 
|  64|0x0000000084000000, 0x0000000084100000, 0x0000000084100000|100%| O|  |TAMS 0x0000000084100000| PB 0x0000000084000000| Untracked 
|  65|0x0000000084100000, 0x0000000084200000, 0x0000000084200000|100%| O|  |TAMS 0x0000000084200000| PB 0x0000000084100000| Untracked 
|  66|0x0000000084200000, 0x0000000084300000, 0x0000000084300000|100%| O|  |TAMS 0x0000000084300000| PB 0x0000000084200000| Untracked 
|  67|0x0000000084300000, 0x0000000084400000, 0x0000000084400000|100%| O|  |TAMS 0x0000000084400000| PB 0x0000000084300000| Untracked 
|  68|0x0000000084400000, 0x0000000084500000, 0x0000000084500000|100%| O|  |TAMS 0x0000000084500000| PB 0x0000000084400000| Untracked 
|  69|0x0000000084500000, 0x0000000084600000, 0x0000000084600000|100%| O|  |TAMS 0x0000000084600000| PB 0x0000000084500000| Untracked 
|  70|0x0000000084600000, 0x0000000084700000, 0x0000000084700000|100%| O|  |TAMS 0x0000000084700000| PB 0x0000000084600000| Untracked 
|  71|0x0000000084700000, 0x0000000084800000, 0x0000000084800000|100%| O|  |TAMS 0x0000000084800000| PB 0x0000000084700000| Untracked 
|  72|0x0000000084800000, 0x0000000084900000, 0x0000000084900000|100%| O|  |TAMS 0x0000000084900000| PB 0x0000000084800000| Untracked 
|  73|0x0000000084900000, 0x0000000084a00000, 0x0000000084a00000|100%| O|  |TAMS 0x0000000084900000| PB 0x0000000084900000| Untracked 
|  74|0x0000000084a00000, 0x0000000084b00000, 0x0000000084b00000|100%| O|  |TAMS 0x0000000084a00000| PB 0x0000000084a00000| Untracked 
|  75|0x0000000084b00000, 0x0000000084c00000, 0x0000000084c00000|100%| O|  |TAMS 0x0000000084b00000| PB 0x0000000084b00000| Untracked 
|  76|0x0000000084c00000, 0x0000000084d00000, 0x0000000084d00000|100%| O|  |TAMS 0x0000000084d00000| PB 0x0000000084c00000| Untracked 
|  77|0x0000000084d00000, 0x0000000084e00000, 0x0000000084e00000|100%| O|  |TAMS 0x0000000084e00000| PB 0x0000000084d00000| Untracked 
|  78|0x0000000084e00000, 0x0000000084f00000, 0x0000000084f00000|100%| O|  |TAMS 0x0000000084f00000| PB 0x0000000084e00000| Untracked 
|  79|0x0000000084f00000, 0x0000000085000000, 0x0000000085000000|100%| O|  |TAMS 0x0000000085000000| PB 0x0000000084f00000| Untracked 
|  80|0x0000000085000000, 0x0000000085100000, 0x0000000085100000|100%| O|  |TAMS 0x0000000085100000| PB 0x0000000085000000| Untracked 
|  81|0x0000000085100000, 0x0000000085200000, 0x0000000085200000|100%| O|  |TAMS 0x0000000085200000| PB 0x0000000085100000| Untracked 
|  82|0x0000000085200000, 0x0000000085300000, 0x0000000085300000|100%| O|  |TAMS 0x0000000085300000| PB 0x0000000085200000| Untracked 
|  83|0x0000000085300000, 0x0000000085400000, 0x0000000085400000|100%| O|  |TAMS 0x0000000085400000| PB 0x0000000085300000| Untracked 
|  84|0x0000000085400000, 0x0000000085500000, 0x0000000085500000|100%| O|  |TAMS 0x0000000085500000| PB 0x0000000085400000| Untracked 
|  85|0x0000000085500000, 0x0000000085600000, 0x0000000085600000|100%| O|  |TAMS 0x0000000085600000| PB 0x0000000085500000| Untracked 
|  86|0x0000000085600000, 0x0000000085700000, 0x0000000085700000|100%| O|  |TAMS 0x0000000085700000| PB 0x0000000085600000| Untracked 
|  87|0x0000000085700000, 0x0000000085800000, 0x0000000085800000|100%| O|  |TAMS 0x0000000085800000| PB 0x0000000085700000| Untracked 
|  88|0x0000000085800000, 0x0000000085900000, 0x0000000085900000|100%| O|  |TAMS 0x0000000085900000| PB 0x0000000085800000| Untracked 
|  89|0x0000000085900000, 0x0000000085a00000, 0x0000000085a00000|100%| O|  |TAMS 0x0000000085a00000| PB 0x0000000085900000| Untracked 
|  90|0x0000000085a00000, 0x0000000085b00000, 0x0000000085b00000|100%| O|  |TAMS 0x0000000085b00000| PB 0x0000000085a00000| Untracked 
|  91|0x0000000085b00000, 0x0000000085c00000, 0x0000000085c00000|100%| O|  |TAMS 0x0000000085c00000| PB 0x0000000085b00000| Untracked 
|  92|0x0000000085c00000, 0x0000000085d00000, 0x0000000085d00000|100%| O|  |TAMS 0x0000000085d00000| PB 0x0000000085c00000| Untracked 
|  93|0x0000000085d00000, 0x0000000085e00000, 0x0000000085e00000|100%| O|  |TAMS 0x0000000085e00000| PB 0x0000000085d00000| Untracked 
|  94|0x0000000085e00000, 0x0000000085f00000, 0x0000000085f00000|100%| O|  |TAMS 0x0000000085f00000| PB 0x0000000085e00000| Untracked 
|  95|0x0000000085f00000, 0x0000000086000000, 0x0000000086000000|100%| O|  |TAMS 0x0000000086000000| PB 0x0000000085f00000| Untracked 
|  96|0x0000000086000000, 0x0000000086100000, 0x0000000086100000|100%| O|  |TAMS 0x0000000086100000| PB 0x0000000086000000| Untracked 
|  97|0x0000000086100000, 0x0000000086200000, 0x0000000086200000|100%| O|  |TAMS 0x0000000086200000| PB 0x0000000086100000| Untracked 
|  98|0x0000000086200000, 0x0000000086300000, 0x0000000086300000|100%| O|  |TAMS 0x0000000086300000| PB 0x0000000086200000| Untracked 
|  99|0x0000000086300000, 0x0000000086400000, 0x0000000086400000|100%| O|  |TAMS 0x0000000086400000| PB 0x0000000086300000| Untracked 
| 100|0x0000000086400000, 0x0000000086500000, 0x0000000086500000|100%| O|  |TAMS 0x0000000086500000| PB 0x0000000086400000| Untracked 
| 101|0x0000000086500000, 0x0000000086600000, 0x0000000086600000|100%| O|  |TAMS 0x0000000086600000| PB 0x0000000086500000| Untracked 
| 102|0x0000000086600000, 0x0000000086700000, 0x0000000086700000|100%| O|  |TAMS 0x0000000086700000| PB 0x0000000086600000| Untracked 
| 103|0x0000000086700000, 0x0000000086800000, 0x0000000086800000|100%| O|  |TAMS 0x0000000086800000| PB 0x0000000086700000| Untracked 
| 104|0x0000000086800000, 0x0000000086900000, 0x0000000086900000|100%| O|  |TAMS 0x0000000086900000| PB 0x0000000086800000| Untracked 
| 105|0x0000000086900000, 0x0000000086a00000, 0x0000000086a00000|100%| O|  |TAMS 0x0000000086a00000| PB 0x0000000086900000| Untracked 
| 106|0x0000000086a00000, 0x0000000086b00000, 0x0000000086b00000|100%| O|  |TAMS 0x0000000086b00000| PB 0x0000000086a00000| Untracked 
| 107|0x0000000086b00000, 0x0000000086c00000, 0x0000000086c00000|100%| O|  |TAMS 0x0000000086c00000| PB 0x0000000086b00000| Untracked 
| 108|0x0000000086c00000, 0x0000000086d00000, 0x0000000086d00000|100%| O|  |TAMS 0x0000000086d00000| PB 0x0000000086c00000| Untracked 
| 109|0x0000000086d00000, 0x0000000086e00000, 0x0000000086e00000|100%| O|  |TAMS 0x0000000086e00000| PB 0x0000000086d00000| Untracked 
| 110|0x0000000086e00000, 0x0000000086f00000, 0x0000000086f00000|100%| O|  |TAMS 0x0000000086f00000| PB 0x0000000086e00000| Untracked 
| 111|0x0000000086f00000, 0x0000000087000000, 0x0000000087000000|100%| O|  |TAMS 0x0000000087000000| PB 0x0000000086f00000| Untracked 
| 112|0x0000000087000000, 0x0000000087100000, 0x0000000087100000|100%| O|  |TAMS 0x0000000087100000| PB 0x0000000087000000| Untracked 
| 113|0x0000000087100000, 0x0000000087200000, 0x0000000087200000|100%| O|  |TAMS 0x0000000087200000| PB 0x0000000087100000| Untracked 
| 114|0x0000000087200000, 0x0000000087300000, 0x0000000087300000|100%| O|  |TAMS 0x0000000087300000| PB 0x0000000087200000| Untracked 
| 115|0x0000000087300000, 0x0000000087400000, 0x0000000087400000|100%| O|  |TAMS 0x0000000087400000| PB 0x0000000087300000| Untracked 
| 116|0x0000000087400000, 0x0000000087500000, 0x0000000087500000|100%| O|  |TAMS 0x0000000087500000| PB 0x0000000087400000| Untracked 
| 117|0x0000000087500000, 0x0000000087600000, 0x0000000087600000|100%| O|  |TAMS 0x0000000087600000| PB 0x0000000087500000| Untracked 
| 118|0x0000000087600000, 0x0000000087700000, 0x0000000087700000|100%| O|  |TAMS 0x0000000087700000| PB 0x0000000087600000| Untracked 
| 119|0x0000000087700000, 0x0000000087800000, 0x0000000087800000|100%| O|  |TAMS 0x0000000087800000| PB 0x0000000087700000| Untracked 
| 120|0x0000000087800000, 0x0000000087900000, 0x0000000087900000|100%| O|  |TAMS 0x0000000087900000| PB 0x0000000087800000| Untracked 
| 121|0x0000000087900000, 0x0000000087a00000, 0x0000000087a00000|100%| O|  |TAMS 0x0000000087a00000| PB 0x0000000087900000| Untracked 
| 122|0x0000000087a00000, 0x0000000087b00000, 0x0000000087b00000|100%| O|  |TAMS 0x0000000087b00000| PB 0x0000000087a00000| Untracked 
| 123|0x0000000087b00000, 0x0000000087c00000, 0x0000000087c00000|100%| O|  |TAMS 0x0000000087c00000| PB 0x0000000087b00000| Untracked 
| 124|0x0000000087c00000, 0x0000000087d00000, 0x0000000087d00000|100%| O|  |TAMS 0x0000000087d00000| PB 0x0000000087c00000| Untracked 
| 125|0x0000000087d00000, 0x0000000087e00000, 0x0000000087e00000|100%| O|  |TAMS 0x0000000087d50198| PB 0x0000000087d00000| Untracked 
| 126|0x0000000087e00000, 0x0000000087f00000, 0x0000000087f00000|100%| O|  |TAMS 0x0000000087e00000| PB 0x0000000087e00000| Untracked 
| 127|0x0000000087f00000, 0x0000000088000000, 0x0000000088000000|100%| O|  |TAMS 0x0000000087f00000| PB 0x0000000087f00000| Untracked 
| 128|0x0000000088000000, 0x0000000088100000, 0x0000000088100000|100%| O|  |TAMS 0x0000000088000000| PB 0x0000000088000000| Untracked 
| 129|0x0000000088100000, 0x0000000088200000, 0x0000000088200000|100%| O|  |TAMS 0x0000000088100000| PB 0x0000000088100000| Untracked 
| 130|0x0000000088200000, 0x0000000088300000, 0x0000000088300000|100%| O|  |TAMS 0x0000000088200000| PB 0x0000000088200000| Untracked 
| 131|0x0000000088300000, 0x0000000088400000, 0x0000000088400000|100%| O|  |TAMS 0x0000000088300000| PB 0x0000000088300000| Untracked 
| 132|0x0000000088400000, 0x0000000088500000, 0x0000000088500000|100%| O|  |TAMS 0x0000000088400000| PB 0x0000000088400000| Untracked 
| 133|0x0000000088500000, 0x0000000088500000, 0x0000000088600000|  0%| F|  |TAMS 0x0000000088500000| PB 0x0000000088500000| Untracked 
| 134|0x0000000088600000, 0x0000000088600000, 0x0000000088700000|  0%| F|  |TAMS 0x0000000088600000| PB 0x0000000088600000| Untracked 
| 135|0x0000000088700000, 0x0000000088700000, 0x0000000088800000|  0%| F|  |TAMS 0x0000000088700000| PB 0x0000000088700000| Untracked 
| 136|0x0000000088800000, 0x0000000088800000, 0x0000000088900000|  0%| F|  |TAMS 0x0000000088800000| PB 0x0000000088800000| Untracked 
| 137|0x0000000088900000, 0x0000000088900000, 0x0000000088a00000|  0%| F|  |TAMS 0x0000000088900000| PB 0x0000000088900000| Untracked 
| 138|0x0000000088a00000, 0x0000000088a00000, 0x0000000088b00000|  0%| F|  |TAMS 0x0000000088a00000| PB 0x0000000088a00000| Untracked 
| 139|0x0000000088b00000, 0x0000000088b00000, 0x0000000088c00000|  0%| F|  |TAMS 0x0000000088b00000| PB 0x0000000088b00000| Untracked 
| 140|0x0000000088c00000, 0x0000000088c00000, 0x0000000088d00000|  0%| F|  |TAMS 0x0000000088c00000| PB 0x0000000088c00000| Untracked 
| 141|0x0000000088d00000, 0x0000000088d00000, 0x0000000088e00000|  0%| F|  |TAMS 0x0000000088d00000| PB 0x0000000088d00000| Untracked 
| 142|0x0000000088e00000, 0x0000000088e00000, 0x0000000088f00000|  0%| F|  |TAMS 0x0000000088e00000| PB 0x0000000088e00000| Untracked 
| 143|0x0000000088f00000, 0x0000000088f00000, 0x0000000089000000|  0%| F|  |TAMS 0x0000000088f00000| PB 0x0000000088f00000| Untracked 
| 144|0x0000000089000000, 0x0000000089000000, 0x0000000089100000|  0%| F|  |TAMS 0x0000000089000000| PB 0x0000000089000000| Untracked 
| 145|0x0000000089100000, 0x0000000089100000, 0x0000000089200000|  0%| F|  |TAMS 0x0000000089100000| PB 0x0000000089100000| Untracked 
| 146|0x0000000089200000, 0x0000000089200000, 0x0000000089300000|  0%| F|  |TAMS 0x0000000089200000| PB 0x0000000089200000| Untracked 
| 147|0x0000000089300000, 0x0000000089300000, 0x0000000089400000|  0%| F|  |TAMS 0x0000000089300000| PB 0x0000000089300000| Untracked 
| 148|0x0000000089400000, 0x0000000089400000, 0x0000000089500000|  0%| F|  |TAMS 0x0000000089400000| PB 0x0000000089400000| Untracked 
| 149|0x0000000089500000, 0x0000000089500000, 0x0000000089600000|  0%| F|  |TAMS 0x0000000089500000| PB 0x0000000089500000| Untracked 
| 150|0x0000000089600000, 0x0000000089600000, 0x0000000089700000|  0%| F|  |TAMS 0x0000000089600000| PB 0x0000000089600000| Untracked 
| 151|0x0000000089700000, 0x0000000089700000, 0x0000000089800000|  0%| F|  |TAMS 0x0000000089700000| PB 0x0000000089700000| Untracked 
| 152|0x0000000089800000, 0x0000000089800000, 0x0000000089900000|  0%| F|  |TAMS 0x0000000089800000| PB 0x0000000089800000| Untracked 
| 153|0x0000000089900000, 0x0000000089a00000, 0x0000000089a00000|100%| S|CS|TAMS 0x0000000089900000| PB 0x0000000089900000| Complete 
| 154|0x0000000089a00000, 0x0000000089b00000, 0x0000000089b00000|100%| S|CS|TAMS 0x0000000089a00000| PB 0x0000000089a00000| Complete 
| 155|0x0000000089b00000, 0x0000000089c00000, 0x0000000089c00000|100%| S|CS|TAMS 0x0000000089b00000| PB 0x0000000089b00000| Complete 
| 156|0x0000000089c00000, 0x0000000089d00000, 0x0000000089d00000|100%| S|CS|TAMS 0x0000000089c00000| PB 0x0000000089c00000| Complete 
| 157|0x0000000089d00000, 0x0000000089d00000, 0x0000000089e00000|  0%| F|  |TAMS 0x0000000089d00000| PB 0x0000000089d00000| Untracked 
| 158|0x0000000089e00000, 0x0000000089e00000, 0x0000000089f00000|  0%| F|  |TAMS 0x0000000089e00000| PB 0x0000000089e00000| Untracked 
| 159|0x0000000089f00000, 0x0000000089f00000, 0x000000008a000000|  0%| F|  |TAMS 0x0000000089f00000| PB 0x0000000089f00000| Untracked 
| 160|0x000000008a000000, 0x000000008a000000, 0x000000008a100000|  0%| F|  |TAMS 0x000000008a000000| PB 0x000000008a000000| Untracked 
| 161|0x000000008a100000, 0x000000008a100000, 0x000000008a200000|  0%| F|  |TAMS 0x000000008a100000| PB 0x000000008a100000| Untracked 
| 162|0x000000008a200000, 0x000000008a200000, 0x000000008a300000|  0%| F|  |TAMS 0x000000008a200000| PB 0x000000008a200000| Untracked 
| 163|0x000000008a300000, 0x000000008a300000, 0x000000008a400000|  0%| F|  |TAMS 0x000000008a300000| PB 0x000000008a300000| Untracked 
| 164|0x000000008a400000, 0x000000008a400000, 0x000000008a500000|  0%| F|  |TAMS 0x000000008a400000| PB 0x000000008a400000| Untracked 
| 165|0x000000008a500000, 0x000000008a500000, 0x000000008a600000|  0%| F|  |TAMS 0x000000008a500000| PB 0x000000008a500000| Untracked 
| 166|0x000000008a600000, 0x000000008a600000, 0x000000008a700000|  0%| F|  |TAMS 0x000000008a600000| PB 0x000000008a600000| Untracked 
| 167|0x000000008a700000, 0x000000008a700000, 0x000000008a800000|  0%| F|  |TAMS 0x000000008a700000| PB 0x000000008a700000| Untracked 
| 168|0x000000008a800000, 0x000000008a800000, 0x000000008a900000|  0%| F|  |TAMS 0x000000008a800000| PB 0x000000008a800000| Untracked 
| 169|0x000000008a900000, 0x000000008a900000, 0x000000008aa00000|  0%| F|  |TAMS 0x000000008a900000| PB 0x000000008a900000| Untracked 
| 170|0x000000008aa00000, 0x000000008aa00000, 0x000000008ab00000|  0%| F|  |TAMS 0x000000008aa00000| PB 0x000000008aa00000| Untracked 
| 171|0x000000008ab00000, 0x000000008ab00000, 0x000000008ac00000|  0%| F|  |TAMS 0x000000008ab00000| PB 0x000000008ab00000| Untracked 
| 172|0x000000008ac00000, 0x000000008ac00000, 0x000000008ad00000|  0%| F|  |TAMS 0x000000008ac00000| PB 0x000000008ac00000| Untracked 
| 173|0x000000008ad00000, 0x000000008ad00000, 0x000000008ae00000|  0%| F|  |TAMS 0x000000008ad00000| PB 0x000000008ad00000| Untracked 
| 174|0x000000008ae00000, 0x000000008ae00000, 0x000000008af00000|  0%| F|  |TAMS 0x000000008ae00000| PB 0x000000008ae00000| Untracked 
| 175|0x000000008af00000, 0x000000008af00000, 0x000000008b000000|  0%| F|  |TAMS 0x000000008af00000| PB 0x000000008af00000| Untracked 
| 176|0x000000008b000000, 0x000000008b000000, 0x000000008b100000|  0%| F|  |TAMS 0x000000008b000000| PB 0x000000008b000000| Untracked 
|2036|0x00000000ff400000, 0x00000000ff500000, 0x00000000ff500000|100%| O|  |TAMS 0x00000000ff500000| PB 0x00000000ff400000| Untracked 
|2037|0x00000000ff500000, 0x00000000ff500000, 0x00000000ff600000|  0%| F|  |TAMS 0x00000000ff500000| PB 0x00000000ff500000| Untracked 
|2038|0x00000000ff600000, 0x00000000ff700000, 0x00000000ff700000|100%| O|  |TAMS 0x00000000ff700000| PB 0x00000000ff600000| Untracked 
|2039|0x00000000ff700000, 0x00000000ff800000, 0x00000000ff800000|100%| O|  |TAMS 0x00000000ff800000| PB 0x00000000ff700000| Untracked 
|2040|0x00000000ff800000, 0x00000000ff900000, 0x00000000ff900000|100%| O|  |TAMS 0x00000000ff900000| PB 0x00000000ff800000| Untracked 
|2041|0x00000000ff900000, 0x00000000ffa00000, 0x00000000ffa00000|100%| O|  |TAMS 0x00000000ffa00000| PB 0x00000000ff900000| Untracked 
|2042|0x00000000ffa00000, 0x00000000ffb00000, 0x00000000ffb00000|100%| O|  |TAMS 0x00000000ffb00000| PB 0x00000000ffa00000| Untracked 
|2043|0x00000000ffb00000, 0x00000000ffc00000, 0x00000000ffc00000|100%| O|  |TAMS 0x00000000ffc00000| PB 0x00000000ffb00000| Untracked 
|2044|0x00000000ffc00000, 0x00000000ffd00000, 0x00000000ffd00000|100%| O|  |TAMS 0x00000000ffd00000| PB 0x00000000ffc00000| Untracked 
|2045|0x00000000ffd00000, 0x00000000ffe00000, 0x00000000ffe00000|100%| O|  |TAMS 0x00000000ffe00000| PB 0x00000000ffd00000| Untracked 
|2046|0x00000000ffe00000, 0x00000000fff00000, 0x00000000fff00000|100%| O|  |TAMS 0x00000000fff00000| PB 0x00000000ffe00000| Untracked 
|2047|0x00000000fff00000, 0x00000000fff00000, 0x0000000100000000|  0%| F|  |TAMS 0x00000000fff00000| PB 0x00000000fff00000| Untracked 

Card table byte_map: [0x0000022ce3a60000,0x0000022ce3e60000] _byte_map_base: 0x0000022ce3660000

Marking Bits: (CMBitMap*) 0x0000022cd1234930
 Bits: [0x0000022ce3e60000, 0x0000022ce5e60000)

Polling page: 0x0000022ccf1a0000

Metaspace:

Usage:
  Non-class:     52.43 MB used.
      Class:      8.34 MB used.
       Both:     60.77 MB used.

Virtual space:
  Non-class space:       64.00 MB reserved,      53.19 MB ( 83%) committed,  1 nodes.
      Class space:        1.00 GB reserved,       9.06 MB ( <1%) committed,  1 nodes.
             Both:        1.06 GB reserved,      62.25 MB (  6%) committed. 

Chunk freelists:
   Non-Class:  9.92 MB
       Class:  6.89 MB
        Both:  16.82 MB

MaxMetaspaceSize: unlimited
CompressedClassSpaceSize: 1.00 GB
Initial GC threshold: 21.00 MB
Current GC threshold: 103.69 MB
CDS: off
 - commit_granule_bytes: 65536.
 - commit_granule_words: 8192.
 - virtual_space_node_default_size: 8388608.
 - enlarge_chunks_in_place: 1.
 - use_allocation_guard: 0.


Internal statistics:

num_allocs_failed_limit: 6.
num_arena_births: 2646.
num_arena_deaths: 2.
num_vsnodes_births: 2.
num_vsnodes_deaths: 0.
num_space_committed: 996.
num_space_uncommitted: 0.
num_chunks_returned_to_freelist: 9.
num_chunks_taken_from_freelist: 5116.
num_chunk_merges: 3.
num_chunk_splits: 3283.
num_chunks_enlarged: 2027.
num_inconsistent_stats: 0.

CodeHeap 'non-profiled nmethods': size=120000Kb used=3540Kb max_used=3540Kb free=116459Kb
 bounds [0x0000022cdbdf0000, 0x0000022cdc170000, 0x0000022ce3320000]
CodeHeap 'profiled nmethods': size=120000Kb used=10511Kb max_used=10953Kb free=109488Kb
 bounds [0x0000022cd4320000, 0x0000022cd4de0000, 0x0000022cdb850000]
CodeHeap 'non-nmethods': size=5760Kb used=2940Kb max_used=2996Kb free=2819Kb
 bounds [0x0000022cdb850000, 0x0000022cdbb50000, 0x0000022cdbdf0000]
 total_blobs=6603 nmethods=5742 adapters=763
 compilation: enabled
              stopped_count=0, restarted_count=0
 full_count=0

Compilation events (20 events):
Event: 9.775 Thread 0x0000022ce8abdd50 7004       1       com.google.common.collect.SingletonImmutableSet::size (2 bytes)
Event: 9.776 Thread 0x0000022ce8abdd50 nmethod 7004 0x0000022cdc0a8690 code [0x0000022cdc0a8820, 0x0000022cdc0a88e8]
Event: 9.790 Thread 0x0000022ceed38030 nmethod 7000% 0x0000022cdc091510 code [0x0000022cdc091720, 0x0000022cdc092b88]
Event: 9.791 Thread 0x0000022ceed38030 7003       4       java.util.TreeMap::put (221 bytes)
Event: 9.795 Thread 0x0000022ce8abdd50 7007       3       java.util.TreeMap::rotateRight (96 bytes)
Event: 9.796 Thread 0x0000022ce8abdd50 nmethod 7007 0x0000022cd4da5010 code [0x0000022cd4da51e0, 0x0000022cd4da56f0]
Event: 9.872 Thread 0x0000022ceed38030 nmethod 7003 0x0000022cdc08ea90 code [0x0000022cdc08ed40, 0x0000022cdc090a90]
Event: 9.872 Thread 0x0000022ceed38030 6981       4       com.google.common.collect.RegularImmutableMap::get (64 bytes)
Event: 9.880 Thread 0x0000022ceed38030 nmethod 6981 0x0000022cdc0a7d90 code [0x0000022cdc0a7f60, 0x0000022cdc0a83c8]
Event: 9.880 Thread 0x0000022ceed38030 7012       4       java.util.TreeMap::fixAfterInsertion (267 bytes)
Event: 9.897 Thread 0x0000022ceed38030 nmethod 7012 0x0000022cdc08db10 code [0x0000022cdc08dd00, 0x0000022cdc08e770]
Event: 9.897 Thread 0x0000022ceed38030 7008       4       org.gradle.internal.classpath.types.ExternalPluginsInstrumentationTypeRegistry::computeSuperTypesWithRecursiveCaching (80 bytes)
Event: 9.907 Thread 0x0000022ce8abdd50 7015   !   3       java.util.concurrent.ConcurrentHashMap::putVal (432 bytes)
Event: 9.910 Thread 0x0000022ce8abdd50 nmethod 7015 0x0000022cd448c210 code [0x0000022cd448c5a0, 0x0000022cd448e078]
Event: 9.940 Thread 0x0000022ce8abd050 nmethod 6608 0x0000022cdc158710 code [0x0000022cdc159240, 0x0000022cdc1657b0]
Event: 9.941 Thread 0x0000022ce8abd050 6930       4       org.gradle.internal.classpath.types.ExternalPluginsInstrumentationTypeRegistry$$Lambda/0x0000000100919460::test (8 bytes)
Event: 9.945 Thread 0x0000022ce8abd050 nmethod 6930 0x0000022cdc08d510 code [0x0000022cdc08d6c0, 0x0000022cdc08d918]
Event: 9.945 Thread 0x0000022ce8abd050 7006       4       java.util.TreeMap::put (8 bytes)
Event: 9.946 Thread 0x0000022ce8abd050 nmethod 7006 0x0000022cdc0a7a10 code [0x0000022cdc0a7ba0, 0x0000022cdc0a7c58]
Event: 9.946 Thread 0x0000022ce8abd050 6986       4       com.google.common.collect.RegularImmutableMap::get (13 bytes)

GC Heap History (20 events):
Event: 7.556 GC heap after
{Heap after GC invocations=18 (full 0):
 garbage-first heap   total 95232K, used 56598K [0x0000000080000000, 0x0000000100000000)
  region size 1024K, 2 young (2048K), 2 survivors (2048K)
 Metaspace       used 58542K, committed 59968K, reserved 1114112K
  class space    used 8131K, committed 8832K, reserved 1048576K
}
Event: 7.792 GC heap before
{Heap before GC invocations=18 (full 0):
 garbage-first heap   total 95232K, used 86294K [0x0000000080000000, 0x0000000100000000)
  region size 1024K, 31 young (31744K), 2 survivors (2048K)
 Metaspace       used 58597K, committed 60032K, reserved 1114112K
  class space    used 8133K, committed 8832K, reserved 1048576K
}
Event: 7.796 GC heap after
{Heap after GC invocations=19 (full 0):
 garbage-first heap   total 95232K, used 57886K [0x0000000080000000, 0x0000000100000000)
  region size 1024K, 3 young (3072K), 3 survivors (3072K)
 Metaspace       used 58597K, committed 60032K, reserved 1114112K
  class space    used 8133K, committed 8832K, reserved 1048576K
}
Event: 7.945 GC heap before
{Heap before GC invocations=20 (full 0):
 garbage-first heap   total 107520K, used 85534K [0x0000000080000000, 0x0000000100000000)
  region size 1024K, 30 young (30720K), 3 survivors (3072K)
 Metaspace       used 58608K, committed 60032K, reserved 1114112K
  class space    used 8133K, committed 8832K, reserved 1048576K
}
Event: 7.948 GC heap after
{Heap after GC invocations=21 (full 0):
 garbage-first heap   total 107520K, used 58059K [0x0000000080000000, 0x0000000100000000)
  region size 1024K, 2 young (2048K), 2 survivors (2048K)
 Metaspace       used 58608K, committed 60032K, reserved 1114112K
  class space    used 8133K, committed 8832K, reserved 1048576K
}
Event: 8.095 GC heap before
{Heap before GC invocations=21 (full 0):
 garbage-first heap   total 107520K, used 99019K [0x0000000080000000, 0x0000000100000000)
  region size 1024K, 42 young (43008K), 2 survivors (2048K)
 Metaspace       used 58620K, committed 60032K, reserved 1114112K
  class space    used 8133K, committed 8832K, reserved 1048576K
}
Event: 8.099 GC heap after
{Heap after GC invocations=22 (full 0):
 garbage-first heap   total 107520K, used 59222K [0x0000000080000000, 0x0000000100000000)
  region size 1024K, 3 young (3072K), 3 survivors (3072K)
 Metaspace       used 58620K, committed 60032K, reserved 1114112K
  class space    used 8133K, committed 8832K, reserved 1048576K
}
Event: 8.700 GC heap before
{Heap before GC invocations=22 (full 0):
 garbage-first heap   total 107520K, used 98134K [0x0000000080000000, 0x0000000100000000)
  region size 1024K, 41 young (41984K), 3 survivors (3072K)
 Metaspace       used 61985K, committed 63488K, reserved 1114112K
  class space    used 8535K, committed 9280K, reserved 1048576K
}
Event: 8.711 GC heap after
{Heap after GC invocations=23 (full 0):
 garbage-first heap   total 107520K, used 63706K [0x0000000080000000, 0x0000000100000000)
  region size 1024K, 6 young (6144K), 6 survivors (6144K)
 Metaspace       used 61985K, committed 63488K, reserved 1114112K
  class space    used 8535K, committed 9280K, reserved 1048576K
}
Event: 8.894 GC heap before
{Heap before GC invocations=24 (full 0):
 garbage-first heap   total 121856K, used 92378K [0x0000000080000000, 0x0000000100000000)
  region size 1024K, 35 young (35840K), 6 survivors (6144K)
 Metaspace       used 62001K, committed 63488K, reserved 1114112K
  class space    used 8535K, committed 9280K, reserved 1048576K
}
Event: 8.913 GC heap after
{Heap after GC invocations=25 (full 0):
 garbage-first heap   total 147456K, used 76800K [0x0000000080000000, 0x0000000100000000)
  region size 1024K, 5 young (5120K), 5 survivors (5120K)
 Metaspace       used 62001K, committed 63488K, reserved 1114112K
  class space    used 8535K, committed 9280K, reserved 1048576K
}
Event: 9.177 GC heap before
{Heap before GC invocations=25 (full 0):
 garbage-first heap   total 147456K, used 126976K [0x0000000080000000, 0x0000000100000000)
  region size 1024K, 53 young (54272K), 5 survivors (5120K)
 Metaspace       used 62054K, committed 63488K, reserved 1114112K
  class space    used 8540K, committed 9280K, reserved 1048576K
}
Event: 9.209 GC heap after
{Heap after GC invocations=26 (full 0):
 garbage-first heap   total 158720K, used 102432K [0x0000000080000000, 0x0000000100000000)
  region size 1024K, 7 young (7168K), 7 survivors (7168K)
 Metaspace       used 62054K, committed 63488K, reserved 1114112K
  class space    used 8540K, committed 9280K, reserved 1048576K
}
Event: 9.339 GC heap before
{Heap before GC invocations=26 (full 0):
 garbage-first heap   total 158720K, used 132128K [0x0000000080000000, 0x0000000100000000)
  region size 1024K, 36 young (36864K), 7 survivors (7168K)
 Metaspace       used 62168K, committed 63680K, reserved 1114112K
  class space    used 8542K, committed 9280K, reserved 1048576K
}
Event: 9.359 GC heap after
{Heap after GC invocations=27 (full 0):
 garbage-first heap   total 158720K, used 116266K [0x0000000080000000, 0x0000000100000000)
  region size 1024K, 5 young (5120K), 5 survivors (5120K)
 Metaspace       used 62168K, committed 63680K, reserved 1114112K
  class space    used 8542K, committed 9280K, reserved 1048576K
}
Event: 9.618 GC heap before
{Heap before GC invocations=28 (full 0):
 garbage-first heap   total 193536K, used 135722K [0x0000000080000000, 0x0000000100000000)
  region size 1024K, 25 young (25600K), 5 survivors (5120K)
 Metaspace       used 62201K, committed 63680K, reserved 1114112K
  class space    used 8538K, committed 9280K, reserved 1048576K
}
Event: 9.636 GC heap after
{Heap after GC invocations=29 (full 0):
 garbage-first heap   total 193536K, used 129024K [0x0000000080000000, 0x0000000100000000)
  region size 1024K, 4 young (4096K), 4 survivors (4096K)
 Metaspace       used 62201K, committed 63680K, reserved 1114112K
  class space    used 8538K, committed 9280K, reserved 1048576K
}
Event: 9.801 GC heap before
{Heap before GC invocations=29 (full 0):
 garbage-first heap   total 193536K, used 157696K [0x0000000080000000, 0x0000000100000000)
  region size 1024K, 33 young (33792K), 4 survivors (4096K)
 Metaspace       used 62229K, committed 63744K, reserved 1114112K
  class space    used 8538K, committed 9280K, reserved 1048576K
}
Event: 9.823 GC heap after
{Heap after GC invocations=30 (full 0):
 garbage-first heap   total 193536K, used 140608K [0x0000000080000000, 0x0000000100000000)
  region size 1024K, 5 young (5120K), 5 survivors (5120K)
 Metaspace       used 62229K, committed 63744K, reserved 1114112K
  class space    used 8538K, committed 9280K, reserved 1048576K
}
Event: 9.952 GC heap before
{Heap before GC invocations=30 (full 0):
 garbage-first heap   total 193536K, used 162112K [0x0000000080000000, 0x0000000100000000)
  region size 1024K, 27 young (27648K), 5 survivors (5120K)
 Metaspace       used 62229K, committed 63744K, reserved 1114112K
  class space    used 8538K, committed 9280K, reserved 1048576K
}

Dll operation events (3 events):
Event: 0.009 Loaded shared library C:\Program Files\Android\Android Studio\jbr\bin\java.dll
Event: 0.015 Loaded shared library C:\Program Files\Android\Android Studio\jbr\bin\zip.dll
Event: 0.472 Loaded shared library C:\Program Files\Android\Android Studio\jbr\bin\verify.dll

Deoptimization events (20 events):
Event: 9.219 Thread 0x0000022ceec0af00 DEOPT PACKING pc=0x0000022cdc095f8c sp=0x000000fe2a1f4810
Event: 9.219 Thread 0x0000022ceec0af00 DEOPT UNPACKING pc=0x0000022cdb8a7da2 sp=0x000000fe2a1f4778 mode 2
Event: 9.219 Thread 0x0000022ceec0af00 Uncommon trap: trap_request=0xffffffde fr.pc=0x0000022cdc095f8c relative=0x00000000000002cc
Event: 9.219 Thread 0x0000022ceec0af00 Uncommon trap: reason=class_check action=maybe_recompile pc=0x0000022cdc095f8c method=java.util.concurrent.ConcurrentHashMap.get(Ljava/lang/Object;)Ljava/lang/Object; @ 93 c2
Event: 9.219 Thread 0x0000022ceec0af00 DEOPT PACKING pc=0x0000022cdc095f8c sp=0x000000fe2a1f47b0
Event: 9.219 Thread 0x0000022ceec0af00 DEOPT UNPACKING pc=0x0000022cdb8a7da2 sp=0x000000fe2a1f4718 mode 2
Event: 9.263 Thread 0x0000022ceff85b30 Uncommon trap: trap_request=0xffffff45 fr.pc=0x0000022cdc082bf4 relative=0x00000000000002f4
Event: 9.263 Thread 0x0000022ceff85b30 Uncommon trap: reason=unstable_if action=reinterpret pc=0x0000022cdc082bf4 method=com.google.common.collect.MapMakerInternalMap$Segment.getEntry(Ljava/lang/Object;I)Lcom/google/common/collect/MapMakerInternalMap$InternalEntry; @ 63 c2
Event: 9.263 Thread 0x0000022ceff85b30 DEOPT PACKING pc=0x0000022cdc082bf4 sp=0x000000fe2cbfac70
Event: 9.263 Thread 0x0000022ceff85b30 DEOPT UNPACKING pc=0x0000022cdb8a7da2 sp=0x000000fe2cbfac08 mode 2
Event: 9.298 Thread 0x0000022cf0cd6c10 Uncommon trap: trap_request=0xffffff45 fr.pc=0x0000022cdc1403b0 relative=0x0000000000005f50
Event: 9.298 Thread 0x0000022cf0cd6c10 Uncommon trap: reason=unstable_if action=reinterpret pc=0x0000022cdc1403b0 method=com.esotericsoftware.kryo.io.Input.readVarInt(Z)I @ 81 c2
Event: 9.298 Thread 0x0000022cf0cd6c10 DEOPT PACKING pc=0x0000022cdc1403b0 sp=0x000000fe2c6fafe0
Event: 9.298 Thread 0x0000022cf0cd6c10 DEOPT UNPACKING pc=0x0000022cdb8a7da2 sp=0x000000fe2c6fae30 mode 2
Event: 9.319 Thread 0x0000022ceec0af00 DEOPT PACKING pc=0x0000022cd4787c36 sp=0x000000fe2a1f6290
Event: 9.319 Thread 0x0000022ceec0af00 DEOPT UNPACKING pc=0x0000022cdb8a88e2 sp=0x000000fe2a1f57d8 mode 0
Event: 9.906 Thread 0x0000022ceff85b30 Uncommon trap: trap_request=0xffffff45 fr.pc=0x0000022cdc0a9db8 relative=0x0000000000001178
Event: 9.906 Thread 0x0000022ceff85b30 Uncommon trap: reason=unstable_if action=reinterpret pc=0x0000022cdc0a9db8 method=java.util.concurrent.ConcurrentHashMap.putVal(Ljava/lang/Object;Ljava/lang/Object;Z)Ljava/lang/Object; @ 245 c2
Event: 9.906 Thread 0x0000022ceff85b30 DEOPT PACKING pc=0x0000022cdc0a9db8 sp=0x000000fe2cbfb2f0
Event: 9.906 Thread 0x0000022ceff85b30 DEOPT UNPACKING pc=0x0000022cdb8a7da2 sp=0x000000fe2cbfb278 mode 2

Classes loaded (20 events):
Event: 8.337 Loading class jdk/internal/vm/annotation/ForceInline
Event: 8.337 Loading class jdk/internal/vm/annotation/ForceInline done
Event: 8.366 Loading class java/security/PermissionsEnumerator
Event: 8.366 Loading class java/security/PermissionsEnumerator done
Event: 8.369 Loading class java/util/stream/ReduceOps$5
Event: 8.369 Loading class java/util/stream/ReduceOps$5 done
Event: 8.369 Loading class java/util/stream/ReduceOps$CountingSink$OfRef
Event: 8.369 Loading class java/util/stream/ReduceOps$CountingSink$OfRef done
Event: 8.377 Loading class jdk/internal/vm/annotation/Stable
Event: 8.377 Loading class jdk/internal/vm/annotation/Stable done
Event: 8.415 Loading class sun/nio/fs/WindowsException
Event: 8.415 Loading class sun/nio/fs/WindowsException done
Event: 8.444 Loading class sun/nio/ch/ChannelOutputStream
Event: 8.444 Loading class sun/nio/ch/ChannelOutputStream done
Event: 8.468 Loading class java/io/CharArrayWriter
Event: 8.468 Loading class java/io/CharArrayWriter done
Event: 8.510 Loading class java/nio/file/StandardCopyOption
Event: 8.510 Loading class java/nio/file/StandardCopyOption done
Event: 8.510 Loading class sun/nio/fs/WindowsFileCopy
Event: 8.511 Loading class sun/nio/fs/WindowsFileCopy done

Classes unloaded (3 events):
Event: 9.487 Thread 0x0000022ce88dea50 Unloading class 0x00000001008d4958 '_BuildScript_$_run_closure1$_closure2'
Event: 9.487 Thread 0x0000022ce88dea50 Unloading class 0x00000001008d4550 '_BuildScript_$_run_closure1'
Event: 9.487 Thread 0x0000022ce88dea50 Unloading class 0x00000001008d4000 '_BuildScript_'

Classes redefined (0 events):
No events

Internal exceptions (20 events):
Event: 6.976 Thread 0x0000022ceec0af00 Exception <a 'java/lang/IncompatibleClassChangeError'{0x0000000084621b58}: Found class java.lang.Object, but interface was expected> (0x0000000084621b58) 
thrown [s\src\hotspot\share\interpreter\linkResolver.cpp, line 851]
Event: 6.981 Thread 0x0000022ceec0af00 Exception <a 'java/lang/NoSuchMethodError'{0x0000000084664350}: 'void java.lang.invoke.DirectMethodHandle$Holder.invokeStatic(java.lang.Object, java.lang.Object, java.lang.Object, java.lang.Object, java.lang.Object, java.lang.Object)'> (0x0000000084664350) 
thrown [s\src\hotspot\share\interpreter\linkResolver.cpp, line 784]
Event: 6.997 Thread 0x0000022ceec0af00 Exception <a 'java/lang/NoSuchMethodError'{0x00000000846e6bb8}: 'void java.lang.invoke.DirectMethodHandle$Holder.invokeVirtual(java.lang.Object, java.lang.Object)'> (0x00000000846e6bb8) 
thrown [s\src\hotspot\share\interpreter\linkResolver.cpp, line 784]
Event: 7.039 Thread 0x0000022ceec0af00 Exception <a 'java/lang/NoSuchMethodError'{0x00000000844ad7f0}: 'void java.lang.invoke.Invokers$Holder.invokeExact_MT(java.lang.Object, java.lang.Object, java.lang.Object, java.lang.Object)'> (0x00000000844ad7f0) 
thrown [s\src\hotspot\share\interpreter\linkResolver.cpp, line 784]
Event: 8.187 Thread 0x0000022ceec0af00 Exception <a 'java/lang/NoSuchMethodError'{0x0000000085e7c1e0}: 'void java.lang.invoke.DirectMethodHandle$Holder.invokeSpecialIFC(java.lang.Object, java.lang.Object, java.lang.Object)'> (0x0000000085e7c1e0) 
thrown [s\src\hotspot\share\interpreter\linkResolver.cpp, line 784]
Event: 8.412 Thread 0x0000022ceec0af00 Exception <a 'java/lang/NoSuchMethodError'{0x0000000085071d20}: 'void java.lang.invoke.DirectMethodHandle$Holder.invokeInterface(java.lang.Object, java.lang.Object, java.lang.Object, java.lang.Object)'> (0x0000000085071d20) 
thrown [s\src\hotspot\share\interpreter\linkResolver.cpp, line 784]
Event: 8.415 Thread 0x0000022ceec0af00 Exception <a 'sun/nio/fs/WindowsException'{0x000000008507d500}> (0x000000008507d500) 
thrown [s\src\hotspot\share\prims\jni.cpp, line 535]
Event: 8.417 Thread 0x0000022ceec0af00 Exception <a 'sun/nio/fs/WindowsException'{0x000000008507ef30}> (0x000000008507ef30) 
thrown [s\src\hotspot\share\prims\jni.cpp, line 535]
Event: 8.443 Thread 0x0000022ceec0af00 Exception <a 'sun/nio/fs/WindowsException'{0x0000000084fb58d8}> (0x0000000084fb58d8) 
thrown [s\src\hotspot\share\prims\jni.cpp, line 535]
Event: 8.447 Thread 0x0000022ceec0af00 Exception <a 'sun/nio/fs/WindowsException'{0x0000000084fc9690}> (0x0000000084fc9690) 
thrown [s\src\hotspot\share\prims\jni.cpp, line 535]
Event: 8.450 Thread 0x0000022ceec0af00 Exception <a 'sun/nio/fs/WindowsException'{0x0000000084fd4d10}> (0x0000000084fd4d10) 
thrown [s\src\hotspot\share\prims\jni.cpp, line 535]
Event: 8.521 Thread 0x0000022cef769c00 Exception <a 'sun/nio/fs/WindowsException'{0x0000000084c0bca0}> (0x0000000084c0bca0) 
thrown [s\src\hotspot\share\prims\jni.cpp, line 535]
Event: 8.521 Thread 0x0000022cef769c00 Exception <a 'sun/nio/fs/WindowsException'{0x0000000084c0c390}> (0x0000000084c0c390) 
thrown [s\src\hotspot\share\prims\jni.cpp, line 535]
Event: 8.526 Thread 0x0000022cef769c00 Exception <a 'sun/nio/fs/WindowsException'{0x0000000084c2f870}> (0x0000000084c2f870) 
thrown [s\src\hotspot\share\prims\jni.cpp, line 535]
Event: 8.529 Thread 0x0000022cef769c00 Exception <a 'sun/nio/fs/WindowsException'{0x0000000084c3f350}> (0x0000000084c3f350) 
thrown [s\src\hotspot\share\prims\jni.cpp, line 535]
Event: 8.532 Thread 0x0000022cef769c00 Exception <a 'sun/nio/fs/WindowsException'{0x0000000084c4b0b8}> (0x0000000084c4b0b8) 
thrown [s\src\hotspot\share\prims\jni.cpp, line 535]
Event: 8.544 Thread 0x0000022ceec0af00 Exception <a 'java/lang/ClassNotFoundException'{0x0000000084c6f6f8}: ijInit1_6owubyqclomqbo3lc58vbhdijBeanInfo> (0x0000000084c6f6f8) 
thrown [s\src\hotspot\share\classfile\systemDictionary.cpp, line 312]
Event: 8.544 Thread 0x0000022ceec0af00 Exception <a 'java/lang/ClassNotFoundException'{0x0000000084c760b0}: ijInit1_6owubyqclomqbo3lc58vbhdijCustomizer> (0x0000000084c760b0) 
thrown [s\src\hotspot\share\classfile\systemDictionary.cpp, line 312]
Event: 8.553 Thread 0x0000022ceec0af00 Exception <a 'java/lang/ClassNotFoundException'{0x0000000084cb7f60}: ijInit1_6owubyqclomqbo3lc58vbhdij$_run_closure1BeanInfo> (0x0000000084cb7f60) 
thrown [s\src\hotspot\share\classfile\systemDictionary.cpp, line 312]
Event: 8.553 Thread 0x0000022ceec0af00 Exception <a 'java/lang/ClassNotFoundException'{0x0000000084cbf300}: ijInit1_6owubyqclomqbo3lc58vbhdij$_run_closure1Customizer> (0x0000000084cbf300) 
thrown [s\src\hotspot\share\classfile\systemDictionary.cpp, line 312]

ZGC Phase Switch (0 events):
No events

VM Operations (20 events):
Event: 8.719 Executing VM operation: G1CollectForAllocation (G1 Evacuation Pause) done
Event: 8.762 Executing VM operation: G1PauseRemark
Event: 8.766 Executing VM operation: G1PauseRemark done
Event: 8.781 Executing VM operation: G1PauseCleanup
Event: 8.782 Executing VM operation: G1PauseCleanup done
Event: 8.894 Executing VM operation: G1CollectForAllocation (G1 Evacuation Pause)
Event: 8.913 Executing VM operation: G1CollectForAllocation (G1 Evacuation Pause) done
Event: 9.176 Executing VM operation: G1CollectForAllocation (G1 Evacuation Pause)
Event: 9.211 Executing VM operation: G1CollectForAllocation (G1 Evacuation Pause) done
Event: 9.338 Executing VM operation: G1CollectForAllocation (G1 Evacuation Pause)
Event: 9.373 Executing VM operation: G1CollectForAllocation (G1 Evacuation Pause) done
Event: 9.485 Executing VM operation: G1PauseRemark
Event: 9.498 Executing VM operation: G1PauseRemark done
Event: 9.549 Executing VM operation: G1PauseCleanup
Event: 9.551 Executing VM operation: G1PauseCleanup done
Event: 9.618 Executing VM operation: G1CollectForAllocation (G1 Evacuation Pause)
Event: 9.638 Executing VM operation: G1CollectForAllocation (G1 Evacuation Pause) done
Event: 9.801 Executing VM operation: G1CollectForAllocation (G1 Evacuation Pause)
Event: 9.824 Executing VM operation: G1CollectForAllocation (G1 Evacuation Pause) done
Event: 9.952 Executing VM operation: G1TryInitiateConcMark (G1 Humongous Allocation)

Events (20 events):
Event: 9.495 Thread 0x0000022ce88dea50 flushing nmethod 0x0000022cdc0ac810
Event: 9.495 Thread 0x0000022ce88dea50 flushing nmethod 0x0000022cd4342c90
Event: 9.495 Thread 0x0000022ce88dea50 flushing nmethod 0x0000022cd433df10
Event: 9.495 Thread 0x0000022ce88dea50 flushing nmethod 0x0000022cd432a890
Event: 9.495 Thread 0x0000022ce88dea50 flushing nmethod 0x0000022cdc087010
Event: 9.495 Thread 0x0000022ce88dea50 flushing nmethod 0x0000022cdc0a7a10
Event: 9.495 Thread 0x0000022ce88dea50 flushing nmethod 0x0000022cdc10ed90
Event: 9.495 Thread 0x0000022ce88dea50 flushing nmethod 0x0000022cdc0f3090
Event: 9.495 Thread 0x0000022ce88dea50 flushing nmethod 0x0000022cdc0f2310
Event: 9.495 Thread 0x0000022ce88dea50 flushing nmethod 0x0000022cdc0d8490
Event: 9.495 Thread 0x0000022ce88dea50 flushing nmethod 0x0000022cdc042490
Event: 9.495 Thread 0x0000022ce88dea50 flushing nmethod 0x0000022cdbfffe10
Event: 9.495 Thread 0x0000022ce88dea50 flushing nmethod 0x0000022cdbfee610
Event: 9.495 Thread 0x0000022ce88dea50 flushing nmethod 0x0000022cdbfb3490
Event: 9.495 Thread 0x0000022ce88dea50 flushing nmethod 0x0000022cdbf72290
Event: 9.495 Thread 0x0000022ce88dea50 flushing nmethod 0x0000022cdbef0910
Event: 9.495 Thread 0x0000022ce88dea50 flushing nmethod 0x0000022cdbe59090
Event: 9.495 Thread 0x0000022ce88dea50 flushing nmethod 0x0000022cdbe38890
Event: 9.495 Thread 0x0000022ce88dea50 flushing nmethod 0x0000022cdbe0a610
Event: 9.495 Thread 0x0000022ce88dea50 flushing nmethod 0x0000022cdbdfdd10


Dynamic libraries:
0x00007ff6e2550000 - 0x00007ff6e255a000 	C:\Program Files\Android\Android Studio\jbr\bin\java.exe
0x00007ffb5fcb0000 - 0x00007ffb5fec7000 	C:\WINDOWS\SYSTEM32\ntdll.dll
0x00007ffb5f4b0000 - 0x00007ffb5f574000 	C:\WINDOWS\System32\KERNEL32.DLL
0x00007ffb5ce20000 - 0x00007ffb5d1f1000 	C:\WINDOWS\System32\KERNELBASE.dll
0x00007ffb5d3d0000 - 0x00007ffb5d4e1000 	C:\WINDOWS\System32\ucrtbase.dll
0x00007ffad90e0000 - 0x00007ffad90fb000 	C:\Program Files\Android\Android Studio\jbr\bin\VCRUNTIME140.dll
0x00007ffadf300000 - 0x00007ffadf318000 	C:\Program Files\Android\Android Studio\jbr\bin\jli.dll
0x00007ffb5e5f0000 - 0x00007ffb5e7a1000 	C:\WINDOWS\System32\USER32.dll
0x00007ffb42550000 - 0x00007ffb427e2000 	C:\WINDOWS\WinSxS\amd64_microsoft.windows.common-controls_6595b64144ccf1df_6.0.22621.4830_none_270fe7d773858e80\COMCTL32.dll
0x00007ffb5d3a0000 - 0x00007ffb5d3c6000 	C:\WINDOWS\System32\win32u.dll
0x00007ffb5dc10000 - 0x00007ffb5dcb7000 	C:\WINDOWS\System32\msvcrt.dll
0x00007ffb5f8c0000 - 0x00007ffb5f8e9000 	C:\WINDOWS\System32\GDI32.dll
0x00007ffb5d200000 - 0x00007ffb5d31b000 	C:\WINDOWS\System32\gdi32full.dll
0x00007ffb5d7a0000 - 0x00007ffb5d83a000 	C:\WINDOWS\System32\msvcp_win.dll
0x00007ffb5f880000 - 0x00007ffb5f8b1000 	C:\WINDOWS\System32\IMM32.DLL
0x00007ffae2ae0000 - 0x00007ffae2aec000 	C:\Program Files\Android\Android Studio\jbr\bin\vcruntime140_1.dll
0x00007ffad47c0000 - 0x00007ffad484d000 	C:\Program Files\Android\Android Studio\jbr\bin\msvcp140.dll
0x00007ffaa3800000 - 0x00007ffaa447d000 	C:\Program Files\Android\Android Studio\jbr\bin\server\jvm.dll
0x00007ffb5d980000 - 0x00007ffb5da31000 	C:\WINDOWS\System32\ADVAPI32.dll
0x00007ffb5f7b0000 - 0x00007ffb5f857000 	C:\WINDOWS\System32\sechost.dll
0x00007ffb5cdf0000 - 0x00007ffb5ce18000 	C:\WINDOWS\System32\bcrypt.dll
0x00007ffb5f690000 - 0x00007ffb5f7a4000 	C:\WINDOWS\System32\RPCRT4.dll
0x00007ffb5e910000 - 0x00007ffb5e981000 	C:\WINDOWS\System32\WS2_32.dll
0x00007ffb5bca0000 - 0x00007ffb5bced000 	C:\WINDOWS\SYSTEM32\POWRPROF.dll
0x00007ffb54ba0000 - 0x00007ffb54bd4000 	C:\WINDOWS\SYSTEM32\WINMM.dll
0x00007ffb54790000 - 0x00007ffb5479a000 	C:\WINDOWS\SYSTEM32\VERSION.dll
0x00007ffb5bc80000 - 0x00007ffb5bc93000 	C:\WINDOWS\SYSTEM32\UMPDC.dll
0x00007ffb5bf30000 - 0x00007ffb5bf48000 	C:\WINDOWS\SYSTEM32\kernel.appcore.dll
0x00007ffad90d0000 - 0x00007ffad90da000 	C:\Program Files\Android\Android Studio\jbr\bin\jimage.dll
0x00007ffb5a200000 - 0x00007ffb5a432000 	C:\WINDOWS\SYSTEM32\DBGHELP.DLL
0x00007ffb5e990000 - 0x00007ffb5ed20000 	C:\WINDOWS\System32\combase.dll
0x00007ffb5ed20000 - 0x00007ffb5edf7000 	C:\WINDOWS\System32\OLEAUT32.dll
0x00007ffb46ac0000 - 0x00007ffb46af2000 	C:\WINDOWS\SYSTEM32\dbgcore.DLL
0x00007ffb5d320000 - 0x00007ffb5d39b000 	C:\WINDOWS\System32\bcryptPrimitives.dll
0x00007ffaf1840000 - 0x00007ffaf184e000 	C:\Program Files\Android\Android Studio\jbr\bin\instrument.dll
0x00007ffad9000000 - 0x00007ffad901f000 	C:\Program Files\Android\Android Studio\jbr\bin\java.dll
0x00007ffad8fc0000 - 0x00007ffad8fd8000 	C:\Program Files\Android\Android Studio\jbr\bin\zip.dll
0x00007ffb5dd60000 - 0x00007ffb5e5e8000 	C:\WINDOWS\System32\SHELL32.dll
0x00007ffb5d660000 - 0x00007ffb5d79f000 	C:\WINDOWS\System32\wintypes.dll
0x00007ffb5ad60000 - 0x00007ffb5b66d000 	C:\WINDOWS\SYSTEM32\windows.storage.dll
0x00007ffb5da40000 - 0x00007ffb5db4a000 	C:\WINDOWS\System32\SHCORE.dll
0x00007ffb5db60000 - 0x00007ffb5dbbe000 	C:\WINDOWS\System32\shlwapi.dll
0x00007ffb5cd20000 - 0x00007ffb5cd4b000 	C:\WINDOWS\SYSTEM32\profapi.dll
0x00007ffad8e60000 - 0x00007ffad8e70000 	C:\Program Files\Android\Android Studio\jbr\bin\net.dll
0x00007ffb55ef0000 - 0x00007ffb5601c000 	C:\WINDOWS\SYSTEM32\WINHTTP.dll
0x00007ffb5c3a0000 - 0x00007ffb5c40a000 	C:\WINDOWS\system32\mswsock.dll
0x00007ffaa3650000 - 0x00007ffaa3666000 	C:\Program Files\Android\Android Studio\jbr\bin\nio.dll
0x00007ffae1710000 - 0x00007ffae1720000 	C:\Program Files\Android\Android Studio\jbr\bin\verify.dll
0x00007ffade6a0000 - 0x00007ffade6c7000 	C:\Users\DELL\.gradle\native\c067742578af261105cb4f569cf0c3c89f3d7b1fecec35dd04571415982c5e48\windows-amd64\native-platform.dll
0x00007ffad4080000 - 0x00007ffad41c4000 	C:\Users\DELL\.gradle\native\100fb08df4bc3b14c8652ba06237920a3bd2aa13389f12d3474272988ae205f9\windows-amd64\native-platform-file-events.dll
0x00007ffad99c0000 - 0x00007ffad99c9000 	C:\Program Files\Android\Android Studio\jbr\bin\management.dll
0x00007ffad99b0000 - 0x00007ffad99bb000 	C:\Program Files\Android\Android Studio\jbr\bin\management_ext.dll
0x00007ffb5db50000 - 0x00007ffb5db58000 	C:\WINDOWS\System32\PSAPI.DLL
0x00007ffb5c5f0000 - 0x00007ffb5c60b000 	C:\WINDOWS\SYSTEM32\CRYPTSP.dll
0x00007ffb5be90000 - 0x00007ffb5bec7000 	C:\WINDOWS\system32\rsaenh.dll
0x00007ffb5c490000 - 0x00007ffb5c4b8000 	C:\WINDOWS\SYSTEM32\USERENV.dll
0x00007ffb5c610000 - 0x00007ffb5c61c000 	C:\WINDOWS\SYSTEM32\CRYPTBASE.dll
0x00007ffb5b940000 - 0x00007ffb5b96d000 	C:\WINDOWS\SYSTEM32\IPHLPAPI.DLL
0x00007ffb5f440000 - 0x00007ffb5f449000 	C:\WINDOWS\System32\NSI.dll
0x00007ffad99d0000 - 0x00007ffad99d9000 	C:\Program Files\Android\Android Studio\jbr\bin\extnet.dll
0x00007ffb54be0000 - 0x00007ffb54be8000 	C:\WINDOWS\system32\wshunix.dll

dbghelp: loaded successfully - version: 4.0.5 - missing functions: none
symbol engine: initialized successfully - sym options: 0x614 - pdb path: .;C:\Program Files\Android\Android Studio\jbr\bin;C:\WINDOWS\SYSTEM32;C:\WINDOWS\WinSxS\amd64_microsoft.windows.common-controls_6595b64144ccf1df_6.0.22621.4830_none_270fe7d773858e80;C:\Program Files\Android\Android Studio\jbr\bin\server;C:\Users\DELL\.gradle\native\c067742578af261105cb4f569cf0c3c89f3d7b1fecec35dd04571415982c5e48\windows-amd64;C:\Users\DELL\.gradle\native\100fb08df4bc3b14c8652ba06237920a3bd2aa13389f12d3474272988ae205f9\windows-amd64

VM Arguments:
jvm_args: --add-exports=jdk.compiler/com.sun.tools.javac.util=ALL-UNNAMED --add-opens=java.base/java.util.concurrent.atomic=ALL-UNNAMED --add-opens=java.base/java.util=ALL-UNNAMED --add-opens=java.base/java.lang=ALL-UNNAMED --add-opens=java.base/java.lang.invoke=ALL-UNNAMED --add-opens=java.prefs/java.util.prefs=ALL-UNNAMED --add-exports=jdk.compiler/com.sun.tools.javac.api=ALL-UNNAMED --add-exports=jdk.compiler/com.sun.tools.javac.util=ALL-UNNAMED --add-opens=java.base/java.nio.charset=ALL-UNNAMED --add-opens=java.base/java.net=ALL-UNNAMED --add-opens=java.base/java.util.concurrent.atomic=ALL-UNNAMED -Xmx2048m -Dfile.encoding=UTF-8 -Duser.country=GB -Duser.language=en -Duser.variant -javaagent:C:\Users\DELL\.gradle\wrapper\dists\gradle-8.9-bin\90cnw93cvbtalezasaz0blq0a\gradle-8.9\lib\agents\gradle-instrumentation-agent-8.9.jar 
java_command: org.gradle.launcher.daemon.bootstrap.GradleDaemon 8.9
java_class_path (initial): C:\Users\DELL\.gradle\wrapper\dists\gradle-8.9-bin\90cnw93cvbtalezasaz0blq0a\gradle-8.9\lib\gradle-daemon-main-8.9.jar
Launcher Type: SUN_STANDARD

[Global flags]
     intx CICompilerCount                          = 4                                         {product} {ergonomic}
     uint ConcGCThreads                            = 2                                         {product} {ergonomic}
     uint G1ConcRefinementThreads                  = 8                                         {product} {ergonomic}
   size_t G1HeapRegionSize                         = 1048576                                   {product} {ergonomic}
    uintx GCDrainStackTargetSize                   = 64                                        {product} {ergonomic}
   size_t InitialHeapSize                          = 130023424                                 {product} {ergonomic}
   size_t MarkStackSize                            = 4194304                                   {product} {ergonomic}
   size_t MaxHeapSize                              = 2147483648                                {product} {command line}
   size_t MaxNewSize                               = 1287651328                                {product} {ergonomic}
   size_t MinHeapDeltaBytes                        = 1048576                                   {product} {ergonomic}
   size_t MinHeapSize                              = 8388608                                   {product} {ergonomic}
    uintx NonNMethodCodeHeapSize                   = 5839372                                {pd product} {ergonomic}
    uintx NonProfiledCodeHeapSize                  = 122909434                              {pd product} {ergonomic}
    uintx ProfiledCodeHeapSize                     = 122909434                              {pd product} {ergonomic}
    uintx ReservedCodeCacheSize                    = 251658240                              {pd product} {ergonomic}
     bool SegmentedCodeCache                       = true                                      {product} {ergonomic}
   size_t SoftMaxHeapSize                          = 2147483648                             {manageable} {ergonomic}
     bool UseCompressedOops                        = true                           {product lp64_product} {ergonomic}
     bool UseG1GC                                  = true                                      {product} {ergonomic}
     bool UseLargePagesIndividualAllocation        = false                                  {pd product} {ergonomic}

Logging:
Log output configuration:
 #0: stdout all=warning uptime,level,tags foldmultilines=false
 #1: stderr all=off uptime,level,tags foldmultilines=false

Environment Variables:
PATH=C:\Program Files\Microsoft MPI\Bin\;C:\Program Files\Python39\Scripts\;C:\Program Files\Python39\;C:\Windows\system32;C:\Windows;C:\Windows\System32\Wbem;C:\Windows\System32\WindowsPowerShell\v1.0\;C:\Windows\System32\OpenSSH\;C:\Program Files\NVIDIA Corporation\NVIDIA NvDLISR;C:\Program Files\dotnet\;C:\WINDOWS\system32;C:\WINDOWS;C:\WINDOWS\System32\Wbem;C:\WINDOWS\System32\WindowsPowerShell\v1.0\;C:\WINDOWS\System32\OpenSSH\;C:\Program Files\Git\cmd;C:\Program Files (x86)\Microsoft SQL Server\130\Tools\Binn\;C:\Program Files\Microsoft SQL Server\130\Tools\Binn\;C:\Program Files (x86)\Microsoft SQL Server\130\DTS\Binn\;C:\Program Files\Microsoft SQL Server\130\DTS\Binn\;C:\Program Files\Microsoft SQL Server\Client SDK\ODBC\130\Tools\Binn\;C:\Program Files (x86)\Microsoft SQL Server\160\DTS\Binn\;C:\Program Files\Azure Data Studio\bin;C:\Program Files\Microsoft SQL Server\Client SDK\ODBC\170\Tools\Binn\;C:\Program Files (x86)\Microsoft SQL Server\150\Tools\Binn\;C:\Program Files\Microsoft SQL Server\150\Tools\Binn\;C:\Program Files\Microsoft SQL Server\150\DTS\Binn\;C:\Program Files (x86)\Microsoft SQL Server\160\Tools\Binn\;C:\Program Files\Microsoft SQL Server\160\Tools\Binn\;C:\Program Files\Microsoft SQL Server\160\DTS\Binn\;C:\Program Files\nodejs\;C:\Users\DELL\AppData\Local\Microsoft\WindowsApps;C:\Program Files\Microsoft VS Code\bin;C:\Users\DELL\.dotnet\tools;C:\Program Files\Azure Data Studio\bin;C:\Users\DELL\AppData\Local\GitHubDesktop\bin;C:\Program Files\JetBrains\PyCharm Community Edition 2024.3.1.1\bin;;C:\Users\DELL\AppData\Roaming\npm;C:\flutter\bin;
USERNAME=DELL
OS=Windows_NT
PROCESSOR_IDENTIFIER=Intel64 Family 6 Model 140 Stepping 1, GenuineIntel
TMP=C:\Users\DELL\AppData\Local\Temp
TEMP=C:\Users\DELL\AppData\Local\Temp




Periodic native trim disabled

JNI global refs:
JNI global refs: 28, weak refs: 13

JNI global refs memory usage: 835, weak refs: 833

Process memory usage:
Resident Set Size: 391896K (4% of 8104744K total physical memory with 453828K free physical memory)

OOME stack traces (most recent first):
Classloader memory used:
Loader org.gradle.internal.classloader.VisitableURLClassLoader                         : 32006K
Loader bootstrap                                                                       : 22404K
Loader org.gradle.initialization.MixInLegacyTypesClassLoader                           : 6413K
Loader jdk.internal.loader.ClassLoaders$PlatformClassLoader                            : 508K
Loader org.gradle.internal.classloader.VisitableURLClassLoader                         : 473K
Loader jdk.internal.loader.ClassLoaders$AppClassLoader                                 : 230K
Loader jdk.internal.reflect.DelegatingClassLoader                                      : 104K
Loader org.gradle.groovy.scripts.internal.DefaultScriptCompilationHandler$ScriptClassLoader: 72912B
Loader org.codehaus.groovy.runtime.callsite.CallSiteClassLoader                        : 18504B

Classes loaded by more than one classloader:
Class org.gradle.api.GradleException                                                  : loaded 3 times (x 79B)
Class org.gradle.internal.classloader.ClassLoaderHierarchy                            : loaded 2 times (x 67B)
Class org.gradle.api.internal.classpath.ManifestUtil                                  : loaded 2 times (x 68B)
Class org.gradle.internal.operations.MultipleBuildOperationFailures                   : loaded 2 times (x 92B)
Class org.gradle.internal.classloader.DefaultClassLoaderFactory                       : loaded 2 times (x 79B)
Class org.gradle.internal.classloader.ClassLoaderVisitor                              : loaded 2 times (x 73B)
Class org.gradle.api.internal.classpath.EffectiveClassPath                            : loaded 2 times (x 87B)
Class org.gradle.api.internal.DefaultClassPathProvider                                : loaded 2 times (x 73B)
Class [Lorg.gradle.api.internal.ClassPathProvider;                                    : loaded 2 times (x 66B)
Class org.gradle.api.internal.ClassPathProvider                                       : loaded 2 times (x 67B)
Class org.gradle.internal.service.UnknownServiceException                             : loaded 2 times (x 80B)
Class org.gradle.internal.classpath.TransformedClassPath                              : loaded 2 times (x 93B)
Class org.gradle.internal.service.ServiceLocator                                      : loaded 2 times (x 67B)
Class org.gradle.internal.InternalTransformer                                         : loaded 2 times (x 67B)
Class org.gradle.internal.time.DefaultTimer                                           : loaded 2 times (x 77B)
Class org.gradle.internal.classloader.ClasspathUtil$1                                 : loaded 2 times (x 73B)
Class org.gradle.api.internal.classpath.DefaultModuleRegistry$DefaultModule           : loaded 2 times (x 83B)
Class org.gradle.internal.time.DefaultCountdownTimer                                  : loaded 2 times (x 85B)
Class org.gradle.api.internal.classpath.Module                                        : loaded 2 times (x 67B)
Class org.gradle.api.internal.classpath.UnknownModuleException                        : loaded 2 times (x 79B)
Class org.gradle.api.internal.DefaultClassPathRegistry                                : loaded 2 times (x 73B)
Class org.gradle.api.internal.ClassPathRegistry                                       : loaded 2 times (x 67B)
Class org.gradle.internal.classpath.DefaultClassPath$ImmutableUniqueList              : loaded 2 times (x 196B)
Class org.gradle.internal.classpath.ClassPath                                         : loaded 2 times (x 67B)
Class org.gradle.api.UncheckedIOException                                             : loaded 2 times (x 79B)
Class sync_studio_tooling_4rz3mvdomm1wfrn137mduim0y                                   : loaded 2 times (x 176B)
Class org.gradle.internal.installation.GradleInstallation$1                           : loaded 2 times (x 72B)
Class org.gradle.api.internal.classpath.ModuleRegistry                                : loaded 2 times (x 67B)
Class org.gradle.api.internal.classpath.DefaultModuleRegistry                         : loaded 2 times (x 80B)
Class org.gradle.internal.time.MonotonicClock                                         : loaded 2 times (x 74B)
Class org.gradle.internal.service.ServiceLookupException                              : loaded 2 times (x 79B)
Class org.gradle.internal.classloader.ClassLoaderFactory                              : loaded 2 times (x 67B)
Class org.gradle.internal.service.CachingServiceLocator                               : loaded 2 times (x 79B)
Class org.gradle.internal.time.TimeSource                                             : loaded 2 times (x 67B)
Class org.gradle.internal.exceptions.ResolutionProvider                               : loaded 2 times (x 67B)
Class org.gradle.internal.classloader.ClasspathUtil                                   : loaded 2 times (x 68B)
Class org.gradle.internal.time.TimeSource$1                                           : loaded 2 times (x 74B)
Class org.gradle.api.specs.Spec                                                       : loaded 2 times (x 67B)
Class org.gradle.internal.time.Clock                                                  : loaded 2 times (x 67B)
Class org.gradle.internal.classloader.VisitableURLClassLoader$InstrumentingVisitableURLClassLoader: loaded 2 times (x 120B)
Class org.gradle.internal.classloader.VisitableURLClassLoader$Spec                    : loaded 2 times (x 71B)
Class org.gradle.internal.classpath.DefaultClassPath                                  : loaded 2 times (x 87B)
Class org.gradle.internal.classloader.ClassLoaderSpec                                 : loaded 2 times (x 68B)
Class org.gradle.internal.classloader.VisitableURLClassLoader                         : loaded 2 times (x 114B)
Class org.gradle.internal.Cast                                                        : loaded 2 times (x 68B)
Class org.gradle.api.Action                                                           : loaded 2 times (x 67B)
Class org.gradle.internal.agents.InstrumentingClassLoader                             : loaded 2 times (x 67B)
Class org.gradle.internal.classpath.DefaultClassPath$ImmutableUniqueList$Builder      : loaded 2 times (x 72B)
Class org.gradle.internal.classloader.FilteringClassLoader                            : loaded 2 times (x 102B)
Class org.gradle.internal.exceptions.NonGradleCauseExceptionsHolder                   : loaded 2 times (x 67B)
Class org.gradle.internal.IoActions                                                   : loaded 2 times (x 68B)
Class org.gradle.internal.classloader.SystemClassLoaderSpec                           : loaded 2 times (x 68B)
Class org.gradle.internal.exceptions.MultiCauseException                              : loaded 2 times (x 67B)
Class org.gradle.internal.time.CountdownTimer                                         : loaded 2 times (x 67B)
Class org.gradle.tooling.model.ProjectModel                                           : loaded 2 times (x 67B)
Class org.gradle.internal.exceptions.DefaultMultiCauseException                       : loaded 2 times (x 92B)
Class org.gradle.internal.time.Time                                                   : loaded 2 times (x 68B)
Class org.gradle.internal.time.Timer                                                  : loaded 2 times (x 67B)
Class org.gradle.internal.installation.CurrentGradleInstallationLocator               : loaded 2 times (x 68B)
Class org.gradle.internal.service.DefaultServiceLocator                               : loaded 2 times (x 80B)
Class org.gradle.util.GradleVersion                                                   : loaded 2 times (x 80B)
Class org.gradle.internal.installation.CurrentGradleInstallation                      : loaded 2 times (x 70B)
Class org.gradle.util.internal.GUtil                                                  : loaded 2 times (x 68B)
Class org.gradle.internal.installation.GradleInstallation                             : loaded 2 times (x 72B)

---------------  S Y S T E M  ---------------

OS:
 Windows 11 , 64 bit Build 22621 (10.0.22621.4974)
OS uptime: 0 days 1:07 hours

CPU: total 8 (initial active 8) (4 cores per cpu, 2 threads per core) family 6 model 140 stepping 1 microcode 0xba, cx8, cmov, fxsr, ht, mmx, 3dnowpref, sse, sse2, sse3, ssse3, sse4.1, sse4.2, popcnt, lzcnt, tsc, tscinvbit, avx, avx2, aes, erms, clmul, bmi1, bmi2, adx, avx512f, avx512dq, avx512cd, avx512bw, avx512vl, sha, fma, vzeroupper, avx512_vpopcntdq, avx512_vpclmulqdq, avx512_vaes, avx512_vnni, clflush, clflushopt, clwb, avx512_vbmi2, avx512_vbmi, rdtscp, rdpid, fsrm, gfni, avx512_bitalg, f16c, pku, cet_ibt, cet_ss, avx512_ifma
Processor Information for all 8 processors :
  Max Mhz: 2419, Current Mhz: 2419, Mhz Limit: 2419

Memory: 4k page, system-wide physical 7914M (456M free)
TotalPageFile size 19982M (AvailPageFile size 177M)
current process WorkingSet (physical memory assigned to process): 382M, peak: 394M
current process commit charge ("private bytes"): 421M, peak: 629M

vm_info: OpenJDK 64-Bit Server VM (21.0.3+-12282718-b509.11) for windows-amd64 JRE (21.0.3+-12282718-b509.11), built on 2024-08-27T17:34:15Z by "builder" with MS VC++ 16.10 / 16.11 (VS2019)

END.
