#
# There is insufficient memory for the Java Runtime Environment to continue.
# Native memory allocation (mmap) failed to map 31457280 bytes. Error detail: G1 virtual space
# Possible reasons:
#   The system is out of physical RAM or swap space
#   This process is running with CompressedOops enabled, and the Java Heap may be blocking the growth of the native heap
# Possible solutions:
#   Reduce memory load on the system
#   Increase physical memory or swap space
#   Check if swap backing store is full
#   Decrease Java heap size (-Xmx/-Xms)
#   Decrease number of Java threads
#   Decrease Java thread stack sizes (-Xss)
#   Set larger code cache with -XX:ReservedCodeCacheSize=
#   JVM is running with Unscaled Compressed Oops mode in which the Java heap is
#     placed in the first 4GB address space. The Java Heap base address is the
#     maximum limit for the native heap growth. Please use -XX:HeapBaseMinAddress
#     to set the Java Heap base and to place the Java Heap above 4GB virtual address.
# This output file may be truncated or incomplete.
#
#  Out of Memory Error (os_windows.cpp:3815), pid=17452, tid=20948
#
# JRE version: OpenJDK Runtime Environment (21.0.3) (build 21.0.3+-12282718-b509.11)
# Java VM: OpenJDK 64-Bit Server VM (21.0.3+-12282718-b509.11, mixed mode, tiered, compressed oops, compressed class ptrs, g1 gc, windows-amd64)
# No core dump will be written. Minidumps are not enabled by default on client versions of Windows
#

---------------  S U M M A R Y ------------

Command Line: --add-opens=java.base/java.util=ALL-UNNAMED --add-opens=java.base/java.lang=ALL-UNNAMED --add-opens=java.base/java.lang.invoke=ALL-UNNAMED --add-opens=java.prefs/java.util.prefs=ALL-UNNAMED --add-exports=jdk.compiler/com.sun.tools.javac.api=ALL-UNNAMED --add-exports=jdk.compiler/com.sun.tools.javac.util=ALL-UNNAMED --add-opens=java.base/java.nio.charset=ALL-UNNAMED --add-opens=java.base/java.net=ALL-UNNAMED --add-opens=java.base/java.util.concurrent.atomic=ALL-UNNAMED -Xmx2048m -Dfile.encoding=UTF-8 -Duser.country=GB -Duser.language=en -Duser.variant -javaagent:C:\Users\DELL\.gradle\wrapper\dists\gradle-8.9-bin\90cnw93cvbtalezasaz0blq0a\gradle-8.9\lib\agents\gradle-instrumentation-agent-8.9.jar org.gradle.launcher.daemon.bootstrap.GradleDaemon 8.9

Host: 11th Gen Intel(R) Core(TM) i5-1135G7 @ 2.40GHz, 8 cores, 7G,  Windows 11 , 64 bit Build 22621 (10.0.22621.4974)
Time: Fri Mar 28 18:02:05 2025 SE Asia Standard Time elapsed time: 11.821362 seconds (0d 0h 0m 11s)

---------------  T H R E A D  ---------------

Current thread (0x0000021977b8dc30):  VMThread "VM Thread"          [id=20948, stack(0x0000009d80200000,0x0000009d80300000) (1024K)]

Stack: [0x0000009d80200000,0x0000009d80300000]
Native frames: (J=compiled Java code, j=interpreted, Vv=VM code, C=native code)
V  [jvm.dll+0x6cafb9]
V  [jvm.dll+0x858523]
V  [jvm.dll+0x85aa7e]
V  [jvm.dll+0x85b163]
V  [jvm.dll+0x27d356]
V  [jvm.dll+0x6c7865]
V  [jvm.dll+0x6bbd3a]
V  [jvm.dll+0x35199b]
V  [jvm.dll+0x3595d6]
V  [jvm.dll+0x3aa826]
V  [jvm.dll+0x3aaaf8]
V  [jvm.dll+0x3240bc]
V  [jvm.dll+0x324147]
V  [jvm.dll+0x36a00c]
V  [jvm.dll+0x36879e]
V  [jvm.dll+0x3237c1]
V  [jvm.dll+0x367eb0]
V  [jvm.dll+0x860ac8]
V  [jvm.dll+0x861bc4]
V  [jvm.dll+0x862100]
V  [jvm.dll+0x862393]
V  [jvm.dll+0x800d78]
V  [jvm.dll+0x6c98cd]
C  [ucrtbase.dll+0x29333]
C  [KERNEL32.DLL+0x1259d]
C  [ntdll.dll+0x5af38]

VM_Operation (0x0000009d818ef710): G1CollectForAllocation, mode: safepoint, requested by thread 0x000002197df678d0


---------------  P R O C E S S  ---------------

Threads class SMR info:
_java_thread_list=0x000002190ff709d0, length=81, elements={
0x000002196d332140, 0x000002197c06c5f0, 0x000002197c06d510, 0x000002197c070170,
0x000002197c06f260, 0x000002197c055f60, 0x000002197c0569c0, 0x000002197c057750,
0x000002197c05b140, 0x000002197c194580, 0x000002197c40e8b0, 0x000002197dd58a80,
0x000002197dc4ee00, 0x000002197de9a010, 0x000002197df2ea30, 0x000002197df2f0a0,
0x000002197df2fa90, 0x000002197df678d0, 0x000002197df67f60, 0x000002197df685f0,
0x000002197df67240, 0x000002197df68c80, 0x000002197df65e90, 0x000002197df69310,
0x000002197df66bb0, 0x000002197e8c0db0, 0x000002197e8c1ad0, 0x000002197e8bd930,
0x000002197e8c2160, 0x000002197e8c1440, 0x000002197e8bb1d0, 0x000002197e8bcc10,
0x000002197e8c27f0, 0x000002197e8bdfc0, 0x000002197e8bfa00, 0x000002197e8bb860,
0x000002197e8bc580, 0x000002197e8bbef0, 0x000002197e8bd2a0, 0x000002197e8be650,
0x000002197e8c0720, 0x0000021911209d10, 0x0000021911204e50, 0x00000219112082d0,
0x00000219112054e0, 0x0000021911202d80, 0x00000219112075b0, 0x0000021911208960,
0x0000021911205b70, 0x0000021911207c40, 0x0000021911208ff0, 0x0000021911204130,
0x000002191120a3a0, 0x0000021911206890, 0x0000021911209680, 0x0000021911203410,
0x0000021911203aa0, 0x00000219112047c0, 0x0000021911714710, 0x0000021910a35c80,
0x0000021910a369a0, 0x0000021910a32800, 0x0000021910a36310, 0x0000021910a33520,
0x0000021910a33bb0, 0x0000021910a38a70, 0x0000021910a32e90, 0x0000021910a355f0,
0x0000021910a34240, 0x0000021910a39100, 0x0000021910a383e0, 0x0000021910a348d0,
0x0000021910a37030, 0x0000021910a37d50, 0x0000021910776960, 0x0000021910772e50,
0x0000021910773b70, 0x0000021910776ff0, 0x0000021910774200, 0x0000021910777680,
0x000002190fedd420
}

Java Threads: ( => current thread )
  0x000002196d332140 JavaThread "main"                              [_thread_blocked, id=3336, stack(0x0000009dffa00000,0x0000009dffb00000) (1024K)]
  0x000002197c06c5f0 JavaThread "Reference Handler"          daemon [_thread_blocked, id=13888, stack(0x0000009d80300000,0x0000009d80400000) (1024K)]
  0x000002197c06d510 JavaThread "Finalizer"                  daemon [_thread_blocked, id=18900, stack(0x0000009d80400000,0x0000009d80500000) (1024K)]
  0x000002197c070170 JavaThread "Signal Dispatcher"          daemon [_thread_blocked, id=3332, stack(0x0000009d80500000,0x0000009d80600000) (1024K)]
  0x000002197c06f260 JavaThread "Attach Listener"            daemon [_thread_blocked, id=19424, stack(0x0000009d80600000,0x0000009d80700000) (1024K)]
  0x000002197c055f60 JavaThread "Service Thread"             daemon [_thread_blocked, id=16516, stack(0x0000009d80700000,0x0000009d80800000) (1024K)]
  0x000002197c0569c0 JavaThread "Monitor Deflation Thread"   daemon [_thread_blocked, id=2724, stack(0x0000009d80800000,0x0000009d80900000) (1024K)]
  0x000002197c057750 JavaThread "C2 CompilerThread0"         daemon [_thread_blocked, id=3376, stack(0x0000009d80900000,0x0000009d80a00000) (1024K)]
  0x000002197c05b140 JavaThread "C1 CompilerThread0"         daemon [_thread_blocked, id=5788, stack(0x0000009d80a00000,0x0000009d80b00000) (1024K)]
  0x000002197c194580 JavaThread "Common-Cleaner"             daemon [_thread_blocked, id=18408, stack(0x0000009d80b00000,0x0000009d80c00000) (1024K)]
  0x000002197c40e8b0 JavaThread "Notification Thread"        daemon [_thread_blocked, id=14608, stack(0x0000009d80c00000,0x0000009d80d00000) (1024K)]
  0x000002197dd58a80 JavaThread "Daemon health stats"               [_thread_blocked, id=21132, stack(0x0000009d81200000,0x0000009d81300000) (1024K)]
  0x000002197dc4ee00 JavaThread "Incoming local TCP Connector on port 58890"        [_thread_in_native, id=1700, stack(0x0000009d81300000,0x0000009d81400000) (1024K)]
  0x000002197de9a010 JavaThread "Daemon periodic checks"            [_thread_blocked, id=16456, stack(0x0000009d81400000,0x0000009d81500000) (1024K)]
  0x000002197df2ea30 JavaThread "Daemon"                            [_thread_blocked, id=21184, stack(0x0000009d81500000,0x0000009d81600000) (1024K)]
  0x000002197df2f0a0 JavaThread "Handler for socket connection from /127.0.0.1:58890 to /127.0.0.1:58891"        [_thread_in_native, id=7904, stack(0x0000009d81600000,0x0000009d81700000) (1024K)]
  0x000002197df2fa90 JavaThread "Cancel handler"                    [_thread_blocked, id=20212, stack(0x0000009d81700000,0x0000009d81800000) (1024K)]
  0x000002197df678d0 JavaThread "Daemon worker"                     [_thread_blocked, id=16480, stack(0x0000009d81800000,0x0000009d81900000) (1024K)]
  0x000002197df67f60 JavaThread "Asynchronous log dispatcher for DefaultDaemonConnection: socket connection from /127.0.0.1:58890 to /127.0.0.1:58891"        [_thread_blocked, id=21136, stack(0x0000009d81900000,0x0000009d81a00000) (1024K)]
  0x000002197df685f0 JavaThread "Stdin handler"                     [_thread_blocked, id=9816, stack(0x0000009d81a00000,0x0000009d81b00000) (1024K)]
  0x000002197df67240 JavaThread "Daemon client event forwarder"        [_thread_blocked, id=5700, stack(0x0000009d81b00000,0x0000009d81c00000) (1024K)]
  0x000002197df68c80 JavaThread "Cache worker for journal cache (C:\Users\DELL\.gradle\caches\journal-1)"        [_thread_blocked, id=16100, stack(0x0000009d82000000,0x0000009d82100000) (1024K)]
  0x000002197df65e90 JavaThread "File lock request listener"        [_thread_in_native, id=7044, stack(0x0000009d82100000,0x0000009d82200000) (1024K)]
  0x000002197df69310 JavaThread "Cache worker for file hash cache (C:\Users\DELL\.gradle\caches\8.9\fileHashes)"        [_thread_blocked, id=2940, stack(0x0000009d82200000,0x0000009d82300000) (1024K)]
  0x000002197df66bb0 JavaThread "Cache worker for file hash cache (E:\HocTap\BaiTap\.gradle\8.9\fileHashes)"        [_thread_blocked, id=1272, stack(0x0000009d82300000,0x0000009d82400000) (1024K)]
  0x000002197e8c0db0 JavaThread "Cache worker for Build Output Cleanup Cache (E:\HocTap\BaiTap\.gradle\buildOutputCleanup)"        [_thread_blocked, id=19992, stack(0x0000009d82400000,0x0000009d82500000) (1024K)]
  0x000002197e8c1ad0 JavaThread "File watcher server"        daemon [_thread_blocked, id=8736, stack(0x0000009d80d00000,0x0000009d80e00000) (1024K)]
  0x000002197e8bd930 JavaThread "File watcher consumer"      daemon [_thread_blocked, id=8008, stack(0x0000009d82500000,0x0000009d82600000) (1024K)]
  0x000002197e8c2160 JavaThread "jar transforms"                    [_thread_blocked, id=3460, stack(0x0000009d82700000,0x0000009d82800000) (1024K)]
  0x000002197e8c1440 JavaThread "jar transforms Thread 2"           [_thread_blocked, id=20188, stack(0x0000009d82800000,0x0000009d82900000) (1024K)]
  0x000002197e8bb1d0 JavaThread "jar transforms Thread 3"           [_thread_blocked, id=21040, stack(0x0000009d82900000,0x0000009d82a00000) (1024K)]
  0x000002197e8bcc10 JavaThread "jar transforms Thread 4"           [_thread_blocked, id=6472, stack(0x0000009d82a00000,0x0000009d82b00000) (1024K)]
  0x000002197e8c27f0 JavaThread "jar transforms Thread 5"           [_thread_blocked, id=20240, stack(0x0000009d82b00000,0x0000009d82c00000) (1024K)]
  0x000002197e8bdfc0 JavaThread "jar transforms Thread 6"           [_thread_blocked, id=10192, stack(0x0000009d82c00000,0x0000009d82d00000) (1024K)]
  0x000002197e8bfa00 JavaThread "jar transforms Thread 7"           [_thread_blocked, id=6296, stack(0x0000009d82d00000,0x0000009d82e00000) (1024K)]
  0x000002197e8bb860 JavaThread "jar transforms Thread 8"           [_thread_blocked, id=20712, stack(0x0000009d82e00000,0x0000009d82f00000) (1024K)]
  0x000002197e8bc580 JavaThread "Cache worker for checksums cache (E:\HocTap\BaiTap\.gradle\8.9\checksums)"        [_thread_blocked, id=4936, stack(0x0000009d83000000,0x0000009d83100000) (1024K)]
  0x000002197e8bbef0 JavaThread "Cache worker for file content cache (C:\Users\DELL\.gradle\caches\8.9\fileContent)"        [_thread_blocked, id=18332, stack(0x0000009d83100000,0x0000009d83200000) (1024K)]
  0x000002197e8bd2a0 JavaThread "Cache worker for cache directory md-rule (C:\Users\DELL\.gradle\caches\8.9\md-rule)"        [_thread_blocked, id=5280, stack(0x0000009d83200000,0x0000009d83300000) (1024K)]
  0x000002197e8be650 JavaThread "Cache worker for cache directory md-supplier (C:\Users\DELL\.gradle\caches\8.9\md-supplier)"        [_thread_blocked, id=10088, stack(0x0000009d83300000,0x0000009d83400000) (1024K)]
  0x000002197e8c0720 JavaThread "Unconstrained build operations"        [_thread_blocked, id=932, stack(0x0000009d83400000,0x0000009d83500000) (1024K)]
  0x0000021911209d10 JavaThread "Unconstrained build operations Thread 2"        [_thread_blocked, id=16268, stack(0x0000009d83500000,0x0000009d83600000) (1024K)]
  0x0000021911204e50 JavaThread "Unconstrained build operations Thread 3"        [_thread_blocked, id=17468, stack(0x0000009d83600000,0x0000009d83700000) (1024K)]
  0x00000219112082d0 JavaThread "Unconstrained build operations Thread 4"        [_thread_blocked, id=4556, stack(0x0000009d83700000,0x0000009d83800000) (1024K)]
  0x00000219112054e0 JavaThread "Unconstrained build operations Thread 5"        [_thread_blocked, id=8348, stack(0x0000009d83800000,0x0000009d83900000) (1024K)]
  0x0000021911202d80 JavaThread "Unconstrained build operations Thread 6"        [_thread_blocked, id=11060, stack(0x0000009d83900000,0x0000009d83a00000) (1024K)]
  0x00000219112075b0 JavaThread "Unconstrained build operations Thread 7"        [_thread_blocked, id=8560, stack(0x0000009d83a00000,0x0000009d83b00000) (1024K)]
  0x0000021911208960 JavaThread "Unconstrained build operations Thread 8"        [_thread_blocked, id=4648, stack(0x0000009d83b00000,0x0000009d83c00000) (1024K)]
  0x0000021911205b70 JavaThread "Unconstrained build operations Thread 9"        [_thread_blocked, id=19732, stack(0x0000009d83c00000,0x0000009d83d00000) (1024K)]
  0x0000021911207c40 JavaThread "Unconstrained build operations Thread 10"        [_thread_blocked, id=8200, stack(0x0000009d83d00000,0x0000009d83e00000) (1024K)]
  0x0000021911208ff0 JavaThread "Unconstrained build operations Thread 11"        [_thread_blocked, id=16560, stack(0x0000009d83e00000,0x0000009d83f00000) (1024K)]
  0x0000021911204130 JavaThread "Unconstrained build operations Thread 12"        [_thread_blocked, id=20100, stack(0x0000009d83f00000,0x0000009d84000000) (1024K)]
  0x000002191120a3a0 JavaThread "Unconstrained build operations Thread 13"        [_thread_blocked, id=4080, stack(0x0000009d84000000,0x0000009d84100000) (1024K)]
  0x0000021911206890 JavaThread "Unconstrained build operations Thread 14"        [_thread_blocked, id=20852, stack(0x0000009d84100000,0x0000009d84200000) (1024K)]
  0x0000021911209680 JavaThread "Unconstrained build operations Thread 15"        [_thread_blocked, id=20888, stack(0x0000009d84200000,0x0000009d84300000) (1024K)]
  0x0000021911203410 JavaThread "Unconstrained build operations Thread 16"        [_thread_blocked, id=15832, stack(0x0000009d84300000,0x0000009d84400000) (1024K)]
  0x0000021911203aa0 JavaThread "Unconstrained build operations Thread 17"        [_thread_blocked, id=12364, stack(0x0000009d84400000,0x0000009d84500000) (1024K)]
  0x00000219112047c0 JavaThread "Unconstrained build operations Thread 18"        [_thread_blocked, id=12984, stack(0x0000009d84500000,0x0000009d84600000) (1024K)]
  0x0000021911714710 JavaThread "C2 CompilerThread1"         daemon [_thread_blocked, id=21220, stack(0x0000009d82600000,0x0000009d82700000) (1024K)]
  0x0000021910a35c80 JavaThread "Unconstrained build operations Thread 19"        [_thread_blocked, id=14548, stack(0x0000009d82f00000,0x0000009d83000000) (1024K)]
  0x0000021910a369a0 JavaThread "Unconstrained build operations Thread 20"        [_thread_blocked, id=2352, stack(0x0000009d84600000,0x0000009d84700000) (1024K)]
  0x0000021910a32800 JavaThread "Unconstrained build operations Thread 21"        [_thread_blocked, id=2412, stack(0x0000009d84700000,0x0000009d84800000) (1024K)]
  0x0000021910a36310 JavaThread "Unconstrained build operations Thread 22"        [_thread_blocked, id=21244, stack(0x0000009d84800000,0x0000009d84900000) (1024K)]
  0x0000021910a33520 JavaThread "Unconstrained build operations Thread 23"        [_thread_blocked, id=3432, stack(0x0000009d84900000,0x0000009d84a00000) (1024K)]
  0x0000021910a33bb0 JavaThread "Unconstrained build operations Thread 24"        [_thread_blocked, id=17456, stack(0x0000009d84a00000,0x0000009d84b00000) (1024K)]
  0x0000021910a38a70 JavaThread "Unconstrained build operations Thread 25"        [_thread_blocked, id=2764, stack(0x0000009d84b00000,0x0000009d84c00000) (1024K)]
  0x0000021910a32e90 JavaThread "Unconstrained build operations Thread 26"        [_thread_blocked, id=18512, stack(0x0000009d84c00000,0x0000009d84d00000) (1024K)]
  0x0000021910a355f0 JavaThread "Unconstrained build operations Thread 27"        [_thread_blocked, id=8800, stack(0x0000009d84d00000,0x0000009d84e00000) (1024K)]
  0x0000021910a34240 JavaThread "Unconstrained build operations Thread 28"        [_thread_blocked, id=3472, stack(0x0000009d84e00000,0x0000009d84f00000) (1024K)]
  0x0000021910a39100 JavaThread "Unconstrained build operations Thread 29"        [_thread_blocked, id=15032, stack(0x0000009d84f00000,0x0000009d85000000) (1024K)]
  0x0000021910a383e0 JavaThread "Unconstrained build operations Thread 30"        [_thread_blocked, id=4728, stack(0x0000009d85000000,0x0000009d85100000) (1024K)]
  0x0000021910a348d0 JavaThread "Unconstrained build operations Thread 31"        [_thread_blocked, id=11748, stack(0x0000009d85100000,0x0000009d85200000) (1024K)]
  0x0000021910a37030 JavaThread "Unconstrained build operations Thread 32"        [_thread_blocked, id=10672, stack(0x0000009d85200000,0x0000009d85300000) (1024K)]
  0x0000021910a37d50 JavaThread "Unconstrained build operations Thread 33"        [_thread_blocked, id=18368, stack(0x0000009d85300000,0x0000009d85400000) (1024K)]
  0x0000021910776960 JavaThread "Unconstrained build operations Thread 34"        [_thread_blocked, id=13604, stack(0x0000009d85400000,0x0000009d85500000) (1024K)]
  0x0000021910772e50 JavaThread "Unconstrained build operations Thread 35"        [_thread_blocked, id=19436, stack(0x0000009d85500000,0x0000009d85600000) (1024K)]
  0x0000021910773b70 JavaThread "Unconstrained build operations Thread 36"        [_thread_blocked, id=1580, stack(0x0000009d85600000,0x0000009d85700000) (1024K)]
  0x0000021910776ff0 JavaThread "Unconstrained build operations Thread 37"        [_thread_blocked, id=1820, stack(0x0000009d85700000,0x0000009d85800000) (1024K)]
  0x0000021910774200 JavaThread "Unconstrained build operations Thread 38"        [_thread_blocked, id=13640, stack(0x0000009d85800000,0x0000009d85900000) (1024K)]
  0x0000021910777680 JavaThread "Unconstrained build operations Thread 39"        [_thread_blocked, id=2928, stack(0x0000009d85900000,0x0000009d85a00000) (1024K)]
  0x000002190fedd420 JavaThread "C2 CompilerThread2"         daemon [_thread_blocked, id=8116, stack(0x0000009d85a00000,0x0000009d85b00000) (1024K)]
Total: 81

Other Threads:
=>0x0000021977b8dc30 VMThread "VM Thread"                           [id=20948, stack(0x0000009d80200000,0x0000009d80300000) (1024K)]
  0x0000021977b42220 WatcherThread "VM Periodic Task Thread"        [id=14260, stack(0x0000009d80100000,0x0000009d80200000) (1024K)]
  0x000002196f5441e0 WorkerThread "GC Thread#0"                     [id=12552, stack(0x0000009dffc00000,0x0000009dffd00000) (1024K)]
  0x000002197c537300 WorkerThread "GC Thread#1"                     [id=15672, stack(0x0000009d80e00000,0x0000009d80f00000) (1024K)]
  0x000002197c937820 WorkerThread "GC Thread#2"                     [id=18012, stack(0x0000009d80f00000,0x0000009d81000000) (1024K)]
  0x000002197c937bc0 WorkerThread "GC Thread#3"                     [id=12596, stack(0x0000009d81000000,0x0000009d81100000) (1024K)]
  0x000002197ce40ec0 WorkerThread "GC Thread#4"                     [id=5980, stack(0x0000009d81100000,0x0000009d81200000) (1024K)]
  0x000002197dbffc40 WorkerThread "GC Thread#5"                     [id=21188, stack(0x0000009d81c00000,0x0000009d81d00000) (1024K)]
  0x000002197df74290 WorkerThread "GC Thread#6"                     [id=6136, stack(0x0000009d81d00000,0x0000009d81e00000) (1024K)]
  0x000002197ddeb360 WorkerThread "GC Thread#7"                     [id=16216, stack(0x0000009d81e00000,0x0000009d81f00000) (1024K)]
  0x000002196f5551c0 ConcurrentGCThread "G1 Main Marker"            [id=9836, stack(0x0000009dffd00000,0x0000009dffe00000) (1024K)]
  0x000002196f555e30 WorkerThread "G1 Conc#0"                       [id=18208, stack(0x0000009dffe00000,0x0000009dfff00000) (1024K)]
  0x000002197ddec1e0 WorkerThread "G1 Conc#1"                       [id=20920, stack(0x0000009d81f00000,0x0000009d82000000) (1024K)]
  0x0000021977a164f0 ConcurrentGCThread "G1 Refine#0"               [id=6480, stack(0x0000009dfff00000,0x0000009e00000000) (1024K)]
  0x000002196f5ae630 ConcurrentGCThread "G1 Service"                [id=7404, stack(0x0000009d80000000,0x0000009d80100000) (1024K)]
Total: 15

Threads with active compile tasks:
Total: 0

VM state: at safepoint (normal execution)

VM Mutex/Monitor currently owned by a thread:  ([mutex/lock_event])
[0x00007ffaa43a20c8] Threads_lock - owner thread: 0x0000021977b8dc30
[0x00007ffaa43a21c8] Heap_lock - owner thread: 0x000002197df678d0

Heap address: 0x0000000080000000, size: 2048 MB, Compressed Oops mode: 32-bit

CDS archive(s) not mapped
Compressed class space mapped at: 0x0000000100000000-0x0000000140000000, reserved size: 1073741824
Narrow klass base: 0x0000000000000000, Narrow klass shift: 3, Narrow klass range: 0x140000000

GC Precious Log:
 CardTable entry size: 512
 Card Set container configuration: InlinePtr #cards 5 size 8 Array Of Cards #cards 12 size 40 Howl #buckets 4 coarsen threshold 1843 Howl Bitmap #cards 512 size 80 coarsen threshold 460 Card regions per heap region 1 cards per card region 2048
 CPUs: 8 total, 8 available
 Memory: 7914M
 Large Page Support: Disabled
 NUMA Support: Disabled
 Compressed Oops: Enabled (32-bit)
 Heap Region Size: 1M
 Heap Min Capacity: 8M
 Heap Initial Capacity: 124M
 Heap Max Capacity: 2G
 Pre-touch: Disabled
 Parallel Workers: 8
 Concurrent Workers: 2
 Concurrent Refinement Workers: 8
 Periodic GC: Disabled

Heap:
 garbage-first heap   total 152576K, used 87043K [0x0000000080000000, 0x0000000100000000)
  region size 1024K, 5 young (5120K), 5 survivors (5120K)
 Metaspace       used 73480K, committed 75328K, reserved 1114112K
  class space    used 10080K, committed 11008K, reserved 1048576K

Heap Regions: E=young(eden), S=young(survivor), O=old, HS=humongous(starts), HC=humongous(continues), CS=collection set, F=free, TAMS=top-at-mark-start, PB=parsable bottom
|   0|0x0000000080000000, 0x0000000080100000, 0x0000000080100000|100%|HS|  |TAMS 0x0000000080100000| PB 0x0000000080000000| Complete 
|   1|0x0000000080100000, 0x0000000080200000, 0x0000000080200000|100%|HC|  |TAMS 0x0000000080200000| PB 0x0000000080100000| Complete 
|   2|0x0000000080200000, 0x0000000080300000, 0x0000000080300000|100%|HC|  |TAMS 0x0000000080300000| PB 0x0000000080200000| Complete 
|   3|0x0000000080300000, 0x0000000080400000, 0x0000000080400000|100%|HC|  |TAMS 0x0000000080400000| PB 0x0000000080300000| Complete 
|   4|0x0000000080400000, 0x0000000080500000, 0x0000000080500000|100%| O|  |TAMS 0x0000000080500000| PB 0x0000000080400000| Untracked 
|   5|0x0000000080500000, 0x0000000080600000, 0x0000000080600000|100%| O|  |TAMS 0x0000000080600000| PB 0x0000000080500000| Untracked 
|   6|0x0000000080600000, 0x0000000080700000, 0x0000000080700000|100%| O|  |TAMS 0x0000000080700000| PB 0x0000000080600000| Untracked 
|   7|0x0000000080700000, 0x0000000080800000, 0x0000000080800000|100%| O|  |TAMS 0x0000000080800000| PB 0x0000000080700000| Untracked 
|   8|0x0000000080800000, 0x0000000080900000, 0x0000000080900000|100%| O|  |TAMS 0x0000000080900000| PB 0x0000000080800000| Untracked 
|   9|0x0000000080900000, 0x0000000080a00000, 0x0000000080a00000|100%| O|  |TAMS 0x0000000080a00000| PB 0x0000000080900000| Untracked 
|  10|0x0000000080a00000, 0x0000000080b00000, 0x0000000080b00000|100%| O|  |TAMS 0x0000000080b00000| PB 0x0000000080a00000| Untracked 
|  11|0x0000000080b00000, 0x0000000080c00000, 0x0000000080c00000|100%|HS|  |TAMS 0x0000000080c00000| PB 0x0000000080b00000| Complete 
|  12|0x0000000080c00000, 0x0000000080d00000, 0x0000000080d00000|100%| O|  |TAMS 0x0000000080d00000| PB 0x0000000080c00000| Untracked 
|  13|0x0000000080d00000, 0x0000000080e00000, 0x0000000080e00000|100%| O|  |TAMS 0x0000000080e00000| PB 0x0000000080d00000| Untracked 
|  14|0x0000000080e00000, 0x0000000080f00000, 0x0000000080f00000|100%| O|  |TAMS 0x0000000080f00000| PB 0x0000000080e00000| Untracked 
|  15|0x0000000080f00000, 0x0000000081000000, 0x0000000081000000|100%| O|  |TAMS 0x0000000081000000| PB 0x0000000080f00000| Untracked 
|  16|0x0000000081000000, 0x0000000081100000, 0x0000000081100000|100%| O|  |TAMS 0x0000000081100000| PB 0x0000000081000000| Untracked 
|  17|0x0000000081100000, 0x0000000081200000, 0x0000000081200000|100%| O|  |TAMS 0x0000000081200000| PB 0x0000000081100000| Untracked 
|  18|0x0000000081200000, 0x0000000081300000, 0x0000000081300000|100%| O|  |TAMS 0x0000000081300000| PB 0x0000000081200000| Untracked 
|  19|0x0000000081300000, 0x0000000081400000, 0x0000000081400000|100%| O|  |TAMS 0x0000000081400000| PB 0x0000000081300000| Untracked 
|  20|0x0000000081400000, 0x0000000081500000, 0x0000000081500000|100%| O|  |TAMS 0x0000000081500000| PB 0x0000000081400000| Untracked 
|  21|0x0000000081500000, 0x0000000081600000, 0x0000000081600000|100%| O|  |TAMS 0x0000000081600000| PB 0x0000000081500000| Untracked 
|  22|0x0000000081600000, 0x0000000081700000, 0x0000000081700000|100%|HS|  |TAMS 0x0000000081700000| PB 0x0000000081600000| Complete 
|  23|0x0000000081700000, 0x0000000081800000, 0x0000000081800000|100%|HC|  |TAMS 0x0000000081800000| PB 0x0000000081700000| Complete 
|  24|0x0000000081800000, 0x0000000081900000, 0x0000000081900000|100%|HC|  |TAMS 0x0000000081900000| PB 0x0000000081800000| Complete 
|  25|0x0000000081900000, 0x0000000081a00000, 0x0000000081a00000|100%|HC|  |TAMS 0x0000000081a00000| PB 0x0000000081900000| Complete 
|  26|0x0000000081a00000, 0x0000000081b00000, 0x0000000081b00000|100%|HC|  |TAMS 0x0000000081b00000| PB 0x0000000081a00000| Complete 
|  27|0x0000000081b00000, 0x0000000081c00000, 0x0000000081c00000|100%|HC|  |TAMS 0x0000000081c00000| PB 0x0000000081b00000| Complete 
|  28|0x0000000081c00000, 0x0000000081d00000, 0x0000000081d00000|100%|HS|  |TAMS 0x0000000081d00000| PB 0x0000000081c00000| Complete 
|  29|0x0000000081d00000, 0x0000000081e00000, 0x0000000081e00000|100%|HC|  |TAMS 0x0000000081e00000| PB 0x0000000081d00000| Complete 
|  30|0x0000000081e00000, 0x0000000081f00000, 0x0000000081f00000|100%|HC|  |TAMS 0x0000000081f00000| PB 0x0000000081e00000| Complete 
|  31|0x0000000081f00000, 0x0000000082000000, 0x0000000082000000|100%|HS|  |TAMS 0x0000000082000000| PB 0x0000000081f00000| Complete 
|  32|0x0000000082000000, 0x0000000082100000, 0x0000000082100000|100%|HC|  |TAMS 0x0000000082100000| PB 0x0000000082000000| Complete 
|  33|0x0000000082100000, 0x0000000082200000, 0x0000000082200000|100%| O|  |TAMS 0x0000000082200000| PB 0x0000000082100000| Untracked 
|  34|0x0000000082200000, 0x0000000082300000, 0x0000000082300000|100%|HS|  |TAMS 0x0000000082300000| PB 0x0000000082200000| Complete 
|  35|0x0000000082300000, 0x0000000082400000, 0x0000000082400000|100%| O|  |TAMS 0x0000000082400000| PB 0x0000000082300000| Untracked 
|  36|0x0000000082400000, 0x0000000082500000, 0x0000000082500000|100%| O|  |TAMS 0x0000000082500000| PB 0x0000000082400000| Untracked 
|  37|0x0000000082500000, 0x0000000082600000, 0x0000000082600000|100%| O|  |TAMS 0x0000000082600000| PB 0x0000000082500000| Untracked 
|  38|0x0000000082600000, 0x0000000082700000, 0x0000000082700000|100%| O|  |TAMS 0x0000000082700000| PB 0x0000000082600000| Untracked 
|  39|0x0000000082700000, 0x0000000082800000, 0x0000000082800000|100%| O|  |TAMS 0x0000000082800000| PB 0x0000000082700000| Untracked 
|  40|0x0000000082800000, 0x0000000082900000, 0x0000000082900000|100%| O|  |TAMS 0x0000000082900000| PB 0x0000000082800000| Untracked 
|  41|0x0000000082900000, 0x0000000082a00000, 0x0000000082a00000|100%| O|  |TAMS 0x0000000082a00000| PB 0x0000000082900000| Untracked 
|  42|0x0000000082a00000, 0x0000000082b00000, 0x0000000082b00000|100%| O|  |TAMS 0x0000000082b00000| PB 0x0000000082a00000| Untracked 
|  43|0x0000000082b00000, 0x0000000082c00000, 0x0000000082c00000|100%| O|  |TAMS 0x0000000082c00000| PB 0x0000000082b00000| Untracked 
|  44|0x0000000082c00000, 0x0000000082d00000, 0x0000000082d00000|100%| O|  |TAMS 0x0000000082d00000| PB 0x0000000082c00000| Untracked 
|  45|0x0000000082d00000, 0x0000000082e00000, 0x0000000082e00000|100%| O|  |TAMS 0x0000000082e00000| PB 0x0000000082d00000| Untracked 
|  46|0x0000000082e00000, 0x0000000082f00000, 0x0000000082f00000|100%| O|  |TAMS 0x0000000082f00000| PB 0x0000000082e00000| Untracked 
|  47|0x0000000082f00000, 0x0000000083000000, 0x0000000083000000|100%| O|  |TAMS 0x0000000083000000| PB 0x0000000082f00000| Untracked 
|  48|0x0000000083000000, 0x0000000083100000, 0x0000000083100000|100%| O|  |TAMS 0x0000000083100000| PB 0x0000000083000000| Untracked 
|  49|0x0000000083100000, 0x0000000083200000, 0x0000000083200000|100%| O|  |TAMS 0x0000000083200000| PB 0x0000000083100000| Untracked 
|  50|0x0000000083200000, 0x0000000083300000, 0x0000000083300000|100%| O|  |TAMS 0x0000000083300000| PB 0x0000000083200000| Untracked 
|  51|0x0000000083300000, 0x0000000083400000, 0x0000000083400000|100%|HS|  |TAMS 0x0000000083400000| PB 0x0000000083300000| Complete 
|  52|0x0000000083400000, 0x0000000083500000, 0x0000000083500000|100%|HC|  |TAMS 0x0000000083500000| PB 0x0000000083400000| Complete 
|  53|0x0000000083500000, 0x0000000083600000, 0x0000000083600000|100%| O|  |TAMS 0x0000000083600000| PB 0x0000000083500000| Untracked 
|  54|0x0000000083600000, 0x0000000083700000, 0x0000000083700000|100%| O|  |TAMS 0x0000000083700000| PB 0x0000000083600000| Untracked 
|  55|0x0000000083700000, 0x0000000083800000, 0x0000000083800000|100%| O|  |TAMS 0x0000000083800000| PB 0x0000000083700000| Untracked 
|  56|0x0000000083800000, 0x0000000083900000, 0x0000000083900000|100%| O|  |TAMS 0x0000000083900000| PB 0x0000000083800000| Untracked 
|  57|0x0000000083900000, 0x0000000083a00000, 0x0000000083a00000|100%|HS|  |TAMS 0x0000000083a00000| PB 0x0000000083900000| Complete 
|  58|0x0000000083a00000, 0x0000000083b00000, 0x0000000083b00000|100%|HC|  |TAMS 0x0000000083b00000| PB 0x0000000083a00000| Complete 
|  59|0x0000000083b00000, 0x0000000083c00000, 0x0000000083c00000|100%|HC|  |TAMS 0x0000000083c00000| PB 0x0000000083b00000| Complete 
|  60|0x0000000083c00000, 0x0000000083d00000, 0x0000000083d00000|100%|HC|  |TAMS 0x0000000083d00000| PB 0x0000000083c00000| Complete 
|  61|0x0000000083d00000, 0x0000000083e00000, 0x0000000083e00000|100%|HC|  |TAMS 0x0000000083e00000| PB 0x0000000083d00000| Complete 
|  62|0x0000000083e00000, 0x0000000083f00000, 0x0000000083f00000|100%|HC|  |TAMS 0x0000000083f00000| PB 0x0000000083e00000| Complete 
|  63|0x0000000083f00000, 0x0000000084000000, 0x0000000084000000|100%|HS|  |TAMS 0x0000000084000000| PB 0x0000000083f00000| Complete 
|  64|0x0000000084000000, 0x0000000084100000, 0x0000000084100000|100%|HC|  |TAMS 0x0000000084100000| PB 0x0000000084000000| Complete 
|  65|0x0000000084100000, 0x0000000084200000, 0x0000000084200000|100%|HC|  |TAMS 0x0000000084200000| PB 0x0000000084100000| Complete 
|  66|0x0000000084200000, 0x0000000084300000, 0x0000000084300000|100%|HC|  |TAMS 0x0000000084300000| PB 0x0000000084200000| Complete 
|  67|0x0000000084300000, 0x0000000084400000, 0x0000000084400000|100%|HC|  |TAMS 0x0000000084400000| PB 0x0000000084300000| Complete 
|  68|0x0000000084400000, 0x0000000084500000, 0x0000000084500000|100%|HC|  |TAMS 0x0000000084500000| PB 0x0000000084400000| Complete 
|  69|0x0000000084500000, 0x0000000084600000, 0x0000000084600000|100%| O|  |TAMS 0x0000000084600000| PB 0x0000000084500000| Untracked 
|  70|0x0000000084600000, 0x0000000084700000, 0x0000000084700000|100%| O|  |TAMS 0x0000000084700000| PB 0x0000000084600000| Untracked 
|  71|0x0000000084700000, 0x0000000084800000, 0x0000000084800000|100%| O|  |TAMS 0x0000000084800000| PB 0x0000000084700000| Untracked 
|  72|0x0000000084800000, 0x0000000084900000, 0x0000000084900000|100%| O|  |TAMS 0x0000000084900000| PB 0x0000000084800000| Untracked 
|  73|0x0000000084900000, 0x0000000084a00000, 0x0000000084a00000|100%| O|  |TAMS 0x0000000084a00000| PB 0x0000000084900000| Untracked 
|  74|0x0000000084a00000, 0x0000000084b00000, 0x0000000084b00000|100%| O|  |TAMS 0x0000000084b00000| PB 0x0000000084a00000| Untracked 
|  75|0x0000000084b00000, 0x0000000084c00000, 0x0000000084c00000|100%| O|  |TAMS 0x0000000084b1e1f8| PB 0x0000000084b00000| Untracked 
|  76|0x0000000084c00000, 0x0000000084c20550, 0x0000000084d00000| 12%| O|  |TAMS 0x0000000084c00000| PB 0x0000000084c00000| Untracked 
|  77|0x0000000084d00000, 0x0000000084d00000, 0x0000000084e00000|  0%| F|  |TAMS 0x0000000084d00000| PB 0x0000000084d00000| Untracked 
|  78|0x0000000084e00000, 0x0000000084e00000, 0x0000000084f00000|  0%| F|  |TAMS 0x0000000084e00000| PB 0x0000000084e00000| Untracked 
|  79|0x0000000084f00000, 0x0000000084f00000, 0x0000000085000000|  0%| F|  |TAMS 0x0000000084f00000| PB 0x0000000084f00000| Untracked 
|  80|0x0000000085000000, 0x0000000085000000, 0x0000000085100000|  0%| F|  |TAMS 0x0000000085000000| PB 0x0000000085000000| Untracked 
|  81|0x0000000085100000, 0x0000000085100000, 0x0000000085200000|  0%| F|  |TAMS 0x0000000085100000| PB 0x0000000085100000| Untracked 
|  82|0x0000000085200000, 0x0000000085200000, 0x0000000085300000|  0%| F|  |TAMS 0x0000000085200000| PB 0x0000000085200000| Untracked 
|  83|0x0000000085300000, 0x0000000085300000, 0x0000000085400000|  0%| F|  |TAMS 0x0000000085300000| PB 0x0000000085300000| Untracked 
|  84|0x0000000085400000, 0x0000000085400000, 0x0000000085500000|  0%| F|  |TAMS 0x0000000085400000| PB 0x0000000085400000| Untracked 
|  85|0x0000000085500000, 0x0000000085500000, 0x0000000085600000|  0%| F|  |TAMS 0x0000000085500000| PB 0x0000000085500000| Untracked 
|  86|0x0000000085600000, 0x0000000085600000, 0x0000000085700000|  0%| F|  |TAMS 0x0000000085600000| PB 0x0000000085600000| Untracked 
|  87|0x0000000085700000, 0x0000000085700000, 0x0000000085800000|  0%| F|  |TAMS 0x0000000085700000| PB 0x0000000085700000| Untracked 
|  88|0x0000000085800000, 0x0000000085800000, 0x0000000085900000|  0%| F|  |TAMS 0x0000000085800000| PB 0x0000000085800000| Untracked 
|  89|0x0000000085900000, 0x00000000859e08f8, 0x0000000085a00000| 87%| S|CS|TAMS 0x0000000085900000| PB 0x0000000085900000| Complete 
|  90|0x0000000085a00000, 0x0000000085b00000, 0x0000000085b00000|100%| S|CS|TAMS 0x0000000085a00000| PB 0x0000000085a00000| Complete 
|  91|0x0000000085b00000, 0x0000000085c00000, 0x0000000085c00000|100%| S|CS|TAMS 0x0000000085b00000| PB 0x0000000085b00000| Complete 
|  92|0x0000000085c00000, 0x0000000085d00000, 0x0000000085d00000|100%| S|CS|TAMS 0x0000000085c00000| PB 0x0000000085c00000| Complete 
|  93|0x0000000085d00000, 0x0000000085e00000, 0x0000000085e00000|100%| S|CS|TAMS 0x0000000085d00000| PB 0x0000000085d00000| Complete 
|  94|0x0000000085e00000, 0x0000000085e00000, 0x0000000085f00000|  0%| F|  |TAMS 0x0000000085e00000| PB 0x0000000085e00000| Untracked 
|  95|0x0000000085f00000, 0x0000000085f00000, 0x0000000086000000|  0%| F|  |TAMS 0x0000000085f00000| PB 0x0000000085f00000| Untracked 
|  96|0x0000000086000000, 0x0000000086000000, 0x0000000086100000|  0%| F|  |TAMS 0x0000000086000000| PB 0x0000000086000000| Untracked 
|  97|0x0000000086100000, 0x0000000086100000, 0x0000000086200000|  0%| F|  |TAMS 0x0000000086100000| PB 0x0000000086100000| Untracked 
|  98|0x0000000086200000, 0x0000000086200000, 0x0000000086300000|  0%| F|  |TAMS 0x0000000086200000| PB 0x0000000086200000| Untracked 
|  99|0x0000000086300000, 0x0000000086300000, 0x0000000086400000|  0%| F|  |TAMS 0x0000000086300000| PB 0x0000000086300000| Untracked 
| 100|0x0000000086400000, 0x0000000086400000, 0x0000000086500000|  0%| F|  |TAMS 0x0000000086400000| PB 0x0000000086400000| Untracked 
| 101|0x0000000086500000, 0x0000000086500000, 0x0000000086600000|  0%| F|  |TAMS 0x0000000086500000| PB 0x0000000086500000| Untracked 
| 102|0x0000000086600000, 0x0000000086600000, 0x0000000086700000|  0%| F|  |TAMS 0x0000000086600000| PB 0x0000000086600000| Untracked 
| 103|0x0000000086700000, 0x0000000086700000, 0x0000000086800000|  0%| F|  |TAMS 0x0000000086700000| PB 0x0000000086700000| Untracked 
| 104|0x0000000086800000, 0x0000000086800000, 0x0000000086900000|  0%| F|  |TAMS 0x0000000086800000| PB 0x0000000086800000| Untracked 
| 105|0x0000000086900000, 0x0000000086900000, 0x0000000086a00000|  0%| F|  |TAMS 0x0000000086900000| PB 0x0000000086900000| Untracked 
| 106|0x0000000086a00000, 0x0000000086a00000, 0x0000000086b00000|  0%| F|  |TAMS 0x0000000086a00000| PB 0x0000000086a00000| Untracked 
| 107|0x0000000086b00000, 0x0000000086b00000, 0x0000000086c00000|  0%| F|  |TAMS 0x0000000086b00000| PB 0x0000000086b00000| Untracked 
| 108|0x0000000086c00000, 0x0000000086c00000, 0x0000000086d00000|  0%| F|  |TAMS 0x0000000086c00000| PB 0x0000000086c00000| Untracked 
| 109|0x0000000086d00000, 0x0000000086d00000, 0x0000000086e00000|  0%| F|  |TAMS 0x0000000086d00000| PB 0x0000000086d00000| Untracked 
| 110|0x0000000086e00000, 0x0000000086e00000, 0x0000000086f00000|  0%| F|  |TAMS 0x0000000086e00000| PB 0x0000000086e00000| Untracked 
| 111|0x0000000086f00000, 0x0000000086f00000, 0x0000000087000000|  0%| F|  |TAMS 0x0000000086f00000| PB 0x0000000086f00000| Untracked 
| 112|0x0000000087000000, 0x0000000087000000, 0x0000000087100000|  0%| F|  |TAMS 0x0000000087000000| PB 0x0000000087000000| Untracked 
| 113|0x0000000087100000, 0x0000000087100000, 0x0000000087200000|  0%| F|  |TAMS 0x0000000087100000| PB 0x0000000087100000| Untracked 
| 114|0x0000000087200000, 0x0000000087200000, 0x0000000087300000|  0%| F|  |TAMS 0x0000000087200000| PB 0x0000000087200000| Untracked 
| 115|0x0000000087300000, 0x0000000087300000, 0x0000000087400000|  0%| F|  |TAMS 0x0000000087300000| PB 0x0000000087300000| Untracked 
| 116|0x0000000087400000, 0x0000000087400000, 0x0000000087500000|  0%| F|  |TAMS 0x0000000087400000| PB 0x0000000087400000| Untracked 
| 117|0x0000000087500000, 0x0000000087500000, 0x0000000087600000|  0%| F|  |TAMS 0x0000000087500000| PB 0x0000000087500000| Untracked 
| 118|0x0000000087600000, 0x0000000087600000, 0x0000000087700000|  0%| F|  |TAMS 0x0000000087600000| PB 0x0000000087600000| Untracked 
| 119|0x0000000087700000, 0x0000000087700000, 0x0000000087800000|  0%| F|  |TAMS 0x0000000087700000| PB 0x0000000087700000| Untracked 
| 120|0x0000000087800000, 0x0000000087800000, 0x0000000087900000|  0%| F|  |TAMS 0x0000000087800000| PB 0x0000000087800000| Untracked 
| 121|0x0000000087900000, 0x0000000087900000, 0x0000000087a00000|  0%| F|  |TAMS 0x0000000087900000| PB 0x0000000087900000| Untracked 
| 122|0x0000000087a00000, 0x0000000087a00000, 0x0000000087b00000|  0%| F|  |TAMS 0x0000000087a00000| PB 0x0000000087a00000| Untracked 
| 123|0x0000000087b00000, 0x0000000087b00000, 0x0000000087c00000|  0%| F|  |TAMS 0x0000000087b00000| PB 0x0000000087b00000| Untracked 
| 124|0x0000000087c00000, 0x0000000087c00000, 0x0000000087d00000|  0%| F|  |TAMS 0x0000000087c00000| PB 0x0000000087c00000| Untracked 
| 125|0x0000000087d00000, 0x0000000087d00000, 0x0000000087e00000|  0%| F|  |TAMS 0x0000000087d00000| PB 0x0000000087d00000| Untracked 
| 126|0x0000000087e00000, 0x0000000087e00000, 0x0000000087f00000|  0%| F|  |TAMS 0x0000000087e00000| PB 0x0000000087e00000| Untracked 
| 127|0x0000000087f00000, 0x0000000087f00000, 0x0000000088000000|  0%| F|  |TAMS 0x0000000087f00000| PB 0x0000000087f00000| Untracked 
| 128|0x0000000088000000, 0x0000000088000000, 0x0000000088100000|  0%| F|  |TAMS 0x0000000088000000| PB 0x0000000088000000| Untracked 
| 129|0x0000000088100000, 0x0000000088100000, 0x0000000088200000|  0%| F|  |TAMS 0x0000000088100000| PB 0x0000000088100000| Untracked 
| 130|0x0000000088200000, 0x0000000088200000, 0x0000000088300000|  0%| F|  |TAMS 0x0000000088200000| PB 0x0000000088200000| Untracked 
| 131|0x0000000088300000, 0x0000000088300000, 0x0000000088400000|  0%| F|  |TAMS 0x0000000088300000| PB 0x0000000088300000| Untracked 
| 132|0x0000000088400000, 0x0000000088400000, 0x0000000088500000|  0%| F|  |TAMS 0x0000000088400000| PB 0x0000000088400000| Untracked 
| 133|0x0000000088500000, 0x0000000088500000, 0x0000000088600000|  0%| F|  |TAMS 0x0000000088500000| PB 0x0000000088500000| Untracked 
| 134|0x0000000088600000, 0x0000000088600000, 0x0000000088700000|  0%| F|  |TAMS 0x0000000088600000| PB 0x0000000088600000| Untracked 
| 135|0x0000000088700000, 0x0000000088700000, 0x0000000088800000|  0%| F|  |TAMS 0x0000000088700000| PB 0x0000000088700000| Untracked 
| 136|0x0000000088800000, 0x0000000088800000, 0x0000000088900000|  0%| F|  |TAMS 0x0000000088800000| PB 0x0000000088800000| Untracked 
| 137|0x0000000088900000, 0x0000000088900000, 0x0000000088a00000|  0%| F|  |TAMS 0x0000000088900000| PB 0x0000000088900000| Untracked 
| 138|0x0000000088a00000, 0x0000000088a00000, 0x0000000088b00000|  0%| F|  |TAMS 0x0000000088a00000| PB 0x0000000088a00000| Untracked 
| 139|0x0000000088b00000, 0x0000000088b00000, 0x0000000088c00000|  0%| F|  |TAMS 0x0000000088b00000| PB 0x0000000088b00000| Untracked 
| 140|0x0000000088c00000, 0x0000000088c00000, 0x0000000088d00000|  0%| F|  |TAMS 0x0000000088c00000| PB 0x0000000088c00000| Untracked 
|2040|0x00000000ff800000, 0x00000000ff800000, 0x00000000ff900000|  0%| F|  |TAMS 0x00000000ff800000| PB 0x00000000ff800000| Untracked 
|2041|0x00000000ff900000, 0x00000000ff900000, 0x00000000ffa00000|  0%| F|  |TAMS 0x00000000ff900000| PB 0x00000000ff900000| Untracked 
|2042|0x00000000ffa00000, 0x00000000ffa00000, 0x00000000ffb00000|  0%| F|  |TAMS 0x00000000ffa00000| PB 0x00000000ffa00000| Untracked 
|2043|0x00000000ffb00000, 0x00000000ffc00000, 0x00000000ffc00000|100%| O|  |TAMS 0x00000000ffc00000| PB 0x00000000ffb00000| Untracked 
|2044|0x00000000ffc00000, 0x00000000ffd00000, 0x00000000ffd00000|100%| O|  |TAMS 0x00000000ffd00000| PB 0x00000000ffc00000| Untracked 
|2045|0x00000000ffd00000, 0x00000000ffe00000, 0x00000000ffe00000|100%| O|  |TAMS 0x00000000ffe00000| PB 0x00000000ffd00000| Untracked 
|2046|0x00000000ffe00000, 0x00000000ffe00000, 0x00000000fff00000|  0%| F|  |TAMS 0x00000000ffe00000| PB 0x00000000ffe00000| Untracked 
|2047|0x00000000fff00000, 0x0000000100000000, 0x0000000100000000|100%| O|  |TAMS 0x0000000100000000| PB 0x00000000fff00000| Untracked 

Card table byte_map: [0x0000021972d60000,0x0000021973160000] _byte_map_base: 0x0000021972960000

Marking Bits: (CMBitMap*) 0x000002196f5448e0
 Bits: [0x0000021973160000, 0x0000021975160000)

Polling page: 0x000002196d680000

Metaspace:

Usage:
  Non-class:     61.91 MB used.
      Class:      9.84 MB used.
       Both:     71.76 MB used.

Virtual space:
  Non-class space:       64.00 MB reserved,      62.81 MB ( 98%) committed,  1 nodes.
      Class space:        1.00 GB reserved,      10.75 MB (  1%) committed,  1 nodes.
             Both:        1.06 GB reserved,      73.56 MB (  7%) committed. 

Chunk freelists:
   Non-Class:  1.02 MB
       Class:  5.28 MB
        Both:  6.30 MB

MaxMetaspaceSize: unlimited
CompressedClassSpaceSize: 1.00 GB
Initial GC threshold: 21.00 MB
Current GC threshold: 120.25 MB
CDS: off
 - commit_granule_bytes: 65536.
 - commit_granule_words: 8192.
 - virtual_space_node_default_size: 8388608.
 - enlarge_chunks_in_place: 1.
 - use_allocation_guard: 0.


Internal statistics:

num_allocs_failed_limit: 6.
num_arena_births: 3256.
num_arena_deaths: 0.
num_vsnodes_births: 2.
num_vsnodes_deaths: 0.
num_space_committed: 1177.
num_space_uncommitted: 0.
num_chunks_returned_to_freelist: 6.
num_chunks_taken_from_freelist: 6293.
num_chunk_merges: 3.
num_chunk_splits: 4075.
num_chunks_enlarged: 2551.
num_inconsistent_stats: 0.

CodeHeap 'non-profiled nmethods': size=120000Kb used=4214Kb max_used=4214Kb free=115786Kb
 bounds [0x0000021907ad0000, 0x0000021907ef0000, 0x000002190f000000]
CodeHeap 'profiled nmethods': size=120000Kb used=14058Kb max_used=14058Kb free=105941Kb
 bounds [0x0000021900000000, 0x0000021900dc0000, 0x0000021907530000]
CodeHeap 'non-nmethods': size=5760Kb used=2989Kb max_used=3068Kb free=2770Kb
 bounds [0x0000021907530000, 0x0000021907840000, 0x0000021907ad0000]
 total_blobs=8452 nmethods=7562 adapters=794
 compilation: enabled
              stopped_count=0, restarted_count=0
 full_count=0

Compilation events (20 events):
Event: 11.668 Thread 0x000002197c05b140 nmethod 8586 0x0000021900db2d10 code [0x0000021900db3140, 0x0000021900db4fa8]
Event: 11.668 Thread 0x000002197c05b140 8587       3       org.gradle.api.internal.changedetection.state.SplitResourceSnapshotterCacheService::hashFile (47 bytes)
Event: 11.669 Thread 0x000002197c05b140 nmethod 8587 0x0000021900db5a90 code [0x0000021900db5c80, 0x0000021900db6218]
Event: 11.669 Thread 0x000002197c05b140 8588       3       com.google.common.cache.LocalCache$Segment::getLiveValue (61 bytes)
Event: 11.671 Thread 0x000002197c05b140 nmethod 8588 0x0000021900db6490 code [0x0000021900db68e0, 0x0000021900db88d0]
Event: 11.671 Thread 0x000002197c05b140 8589       3       org.gradle.internal.fingerprint.impl.IgnoredPathFileSystemLocationFingerprint::appendToHasher (11 bytes)
Event: 11.671 Thread 0x000002197c05b140 nmethod 8589 0x0000021900db9290 code [0x0000021900db94a0, 0x0000021900db9a20]
Event: 11.681 Thread 0x000002190fedd420 nmethod 8558 0x0000021907ee8c90 code [0x0000021907ee9020, 0x0000021907eead58]
Event: 11.696 Thread 0x000002197c057750 8590       4       java.lang.invoke.MethodHandles$Lookup::checkAccess (200 bytes)
Event: 11.700 Thread 0x000002197c057750 nmethod 8590 0x0000021907eec390 code [0x0000021907eec580, 0x0000021907eec948]
Event: 11.704 Thread 0x000002190fedd420 8591       4       java.lang.invoke.MemberName::init (53 bytes)
Event: 11.706 Thread 0x000002190fedd420 nmethod 8591 0x0000021907eecc90 code [0x0000021907eece20, 0x0000021907eed170]
Event: 11.733 Thread 0x000002197c05b140 8593       3       java.lang.StringUTF16::length (5 bytes)
Event: 11.733 Thread 0x000002197c05b140 nmethod 8593 0x0000021900db9c90 code [0x0000021900db9e20, 0x0000021900db9f18]
Event: 11.733 Thread 0x000002197c05b140 8594       3       java.lang.StringUTF16::checkIndex (9 bytes)
Event: 11.733 Thread 0x000002197c05b140 nmethod 8594 0x0000021900dba010 code [0x0000021900dba1c0, 0x0000021900dba3b8]
Event: 11.733 Thread 0x000002197c05b140 8595       3       java.lang.StringUTF16::charAt (11 bytes)
Event: 11.734 Thread 0x000002197c05b140 nmethod 8595 0x0000021900dba510 code [0x0000021900dba6c0, 0x0000021900dba928]
Event: 11.797 Thread 0x000002197c05b140 8596       1       org.jetbrains.kotlin.com.intellij.psi.tree.IElementType::getIndex (5 bytes)
Event: 11.797 Thread 0x000002197c05b140 nmethod 8596 0x0000021907eed510 code [0x0000021907eed6a0, 0x0000021907eed770]

GC Heap History (20 events):
Event: 7.555 GC heap after
{Heap after GC invocations=14 (full 0):
 garbage-first heap   total 83968K, used 51583K [0x0000000080000000, 0x0000000100000000)
  region size 1024K, 3 young (3072K), 3 survivors (3072K)
 Metaspace       used 50944K, committed 52224K, reserved 1114112K
  class space    used 6831K, committed 7488K, reserved 1048576K
}
Event: 7.839 GC heap before
{Heap before GC invocations=14 (full 0):
 garbage-first heap   total 83968K, used 75135K [0x0000000080000000, 0x0000000100000000)
  region size 1024K, 26 young (26624K), 3 survivors (3072K)
 Metaspace       used 53736K, committed 55232K, reserved 1114112K
  class space    used 7321K, committed 8064K, reserved 1048576K
}
Event: 7.843 GC heap after
{Heap after GC invocations=15 (full 0):
 garbage-first heap   total 101376K, used 53146K [0x0000000080000000, 0x0000000100000000)
  region size 1024K, 2 young (2048K), 2 survivors (2048K)
 Metaspace       used 53736K, committed 55232K, reserved 1114112K
  class space    used 7321K, committed 8064K, reserved 1048576K
}
Event: 8.460 GC heap before
{Heap before GC invocations=16 (full 0):
 garbage-first heap   total 101376K, used 96154K [0x0000000080000000, 0x0000000100000000)
  region size 1024K, 37 young (37888K), 2 survivors (2048K)
 Metaspace       used 56128K, committed 57600K, reserved 1114112K
  class space    used 7701K, committed 8448K, reserved 1048576K
}
Event: 8.465 GC heap after
{Heap after GC invocations=17 (full 0):
 garbage-first heap   total 105472K, used 66788K [0x0000000080000000, 0x0000000100000000)
  region size 1024K, 5 young (5120K), 5 survivors (5120K)
 Metaspace       used 56128K, committed 57600K, reserved 1114112K
  class space    used 7701K, committed 8448K, reserved 1048576K
}
Event: 8.799 GC heap before
{Heap before GC invocations=17 (full 0):
 garbage-first heap   total 105472K, used 100580K [0x0000000080000000, 0x0000000100000000)
  region size 1024K, 31 young (31744K), 5 survivors (5120K)
 Metaspace       used 58394K, committed 59904K, reserved 1114112K
  class space    used 7893K, committed 8640K, reserved 1048576K
}
Event: 8.806 GC heap after
{Heap after GC invocations=18 (full 0):
 garbage-first heap   total 111616K, used 75579K [0x0000000080000000, 0x0000000100000000)
  region size 1024K, 3 young (3072K), 3 survivors (3072K)
 Metaspace       used 58394K, committed 59904K, reserved 1114112K
  class space    used 7893K, committed 8640K, reserved 1048576K
}
Event: 9.044 GC heap before
{Heap before GC invocations=18 (full 0):
 garbage-first heap   total 111616K, used 99131K [0x0000000080000000, 0x0000000100000000)
  region size 1024K, 27 young (27648K), 3 survivors (3072K)
 Metaspace       used 60180K, committed 61824K, reserved 1114112K
  class space    used 8160K, committed 8960K, reserved 1048576K
}
Event: 9.047 GC heap after
{Heap after GC invocations=19 (full 0):
 garbage-first heap   total 111616K, used 77305K [0x0000000080000000, 0x0000000100000000)
  region size 1024K, 4 young (4096K), 4 survivors (4096K)
 Metaspace       used 60180K, committed 61824K, reserved 1114112K
  class space    used 8160K, committed 8960K, reserved 1048576K
}
Event: 9.285 GC heap before
{Heap before GC invocations=20 (full 0):
 garbage-first heap   total 135168K, used 97785K [0x0000000080000000, 0x0000000100000000)
  region size 1024K, 25 young (25600K), 4 survivors (4096K)
 Metaspace       used 63143K, committed 64768K, reserved 1114112K
  class space    used 8556K, committed 9344K, reserved 1048576K
}
Event: 9.288 GC heap after
{Heap after GC invocations=21 (full 0):
 garbage-first heap   total 135168K, used 77156K [0x0000000080000000, 0x0000000100000000)
  region size 1024K, 2 young (2048K), 2 survivors (2048K)
 Metaspace       used 63143K, committed 64768K, reserved 1114112K
  class space    used 8556K, committed 9344K, reserved 1048576K
}
Event: 9.874 GC heap before
{Heap before GC invocations=21 (full 0):
 garbage-first heap   total 135168K, used 122212K [0x0000000080000000, 0x0000000100000000)
  region size 1024K, 47 young (48128K), 2 survivors (2048K)
 Metaspace       used 68665K, committed 70400K, reserved 1114112K
  class space    used 9444K, committed 10304K, reserved 1048576K
}
Event: 9.879 GC heap after
{Heap after GC invocations=22 (full 0):
 garbage-first heap   total 135168K, used 79483K [0x0000000080000000, 0x0000000100000000)
  region size 1024K, 5 young (5120K), 5 survivors (5120K)
 Metaspace       used 68665K, committed 70400K, reserved 1114112K
  class space    used 9444K, committed 10304K, reserved 1048576K
}
Event: 10.775 GC heap before
{Heap before GC invocations=22 (full 0):
 garbage-first heap   total 135168K, used 120443K [0x0000000080000000, 0x0000000100000000)
  region size 1024K, 46 young (47104K), 5 survivors (5120K)
 Metaspace       used 72015K, committed 73792K, reserved 1114112K
  class space    used 9928K, committed 10816K, reserved 1048576K
}
Event: 10.784 GC heap after
{Heap after GC invocations=23 (full 0):
 garbage-first heap   total 135168K, used 83551K [0x0000000080000000, 0x0000000100000000)
  region size 1024K, 6 young (6144K), 6 survivors (6144K)
 Metaspace       used 72015K, committed 73792K, reserved 1114112K
  class space    used 9928K, committed 10816K, reserved 1048576K
}
Event: 11.069 GC heap before
{Heap before GC invocations=24 (full 0):
 garbage-first heap   total 152576K, used 119391K [0x0000000080000000, 0x0000000100000000)
  region size 1024K, 42 young (43008K), 6 survivors (6144K)
 Metaspace       used 72256K, committed 74048K, reserved 1114112K
  class space    used 9928K, committed 10816K, reserved 1048576K
}
Event: 11.078 GC heap after
{Heap after GC invocations=25 (full 0):
 garbage-first heap   total 152576K, used 86156K [0x0000000080000000, 0x0000000100000000)
  region size 1024K, 4 young (4096K), 4 survivors (4096K)
 Metaspace       used 72256K, committed 74048K, reserved 1114112K
  class space    used 9928K, committed 10816K, reserved 1048576K
}
Event: 11.381 GC heap before
{Heap before GC invocations=25 (full 0):
 garbage-first heap   total 152576K, used 137356K [0x0000000080000000, 0x0000000100000000)
  region size 1024K, 55 young (56320K), 4 survivors (4096K)
 Metaspace       used 72427K, committed 74176K, reserved 1114112K
  class space    used 9928K, committed 10816K, reserved 1048576K
}
Event: 11.387 GC heap after
{Heap after GC invocations=26 (full 0):
 garbage-first heap   total 152576K, used 85481K [0x0000000080000000, 0x0000000100000000)
  region size 1024K, 5 young (5120K), 5 survivors (5120K)
 Metaspace       used 72427K, committed 74176K, reserved 1114112K
  class space    used 9928K, committed 10816K, reserved 1048576K
}
Event: 11.806 GC heap before
{Heap before GC invocations=26 (full 0):
 garbage-first heap   total 152576K, used 136681K [0x0000000080000000, 0x0000000100000000)
  region size 1024K, 56 young (57344K), 5 survivors (5120K)
 Metaspace       used 73480K, committed 75328K, reserved 1114112K
  class space    used 10080K, committed 11008K, reserved 1048576K
}

Dll operation events (3 events):
Event: 0.134 Loaded shared library C:\Program Files\Android\Android Studio\jbr\bin\java.dll
Event: 0.179 Loaded shared library C:\Program Files\Android\Android Studio\jbr\bin\zip.dll
Event: 1.658 Loaded shared library C:\Program Files\Android\Android Studio\jbr\bin\verify.dll

Deoptimization events (20 events):
Event: 11.653 Thread 0x000002197df678d0 DEOPT PACKING pc=0x0000021900a4ae0e sp=0x0000009d818f7cd0
Event: 11.653 Thread 0x000002197df678d0 DEOPT UNPACKING pc=0x00000219075888e2 sp=0x0000009d818f71b8 mode 0
Event: 11.653 Thread 0x000002197df678d0 DEOPT PACKING pc=0x0000021900a4ae0e sp=0x0000009d818f7cd0
Event: 11.653 Thread 0x000002197df678d0 DEOPT UNPACKING pc=0x00000219075888e2 sp=0x0000009d818f71b8 mode 0
Event: 11.677 Thread 0x000002197df678d0 Uncommon trap: trap_request=0xffffffc6 fr.pc=0x0000021907d266b0 relative=0x00000000000012b0
Event: 11.677 Thread 0x000002197df678d0 Uncommon trap: reason=bimorphic_or_optimized_type_check action=maybe_recompile pc=0x0000021907d266b0 method=org.gradle.internal.snapshot.ChildMap$Entry.handleAncestorDescendantOrExactMatch(Lorg/gradle/internal/snapshot/VfsRelativePath;Lorg/gradle/internal
Event: 11.677 Thread 0x000002197df678d0 DEOPT PACKING pc=0x0000021907d266b0 sp=0x0000009d818f7640
Event: 11.677 Thread 0x000002197df678d0 DEOPT UNPACKING pc=0x0000021907587da2 sp=0x0000009d818f7630 mode 2
Event: 11.677 Thread 0x000002197df678d0 Uncommon trap: trap_request=0xffffffc6 fr.pc=0x0000021907d266b0 relative=0x00000000000012b0
Event: 11.677 Thread 0x000002197df678d0 Uncommon trap: reason=bimorphic_or_optimized_type_check action=maybe_recompile pc=0x0000021907d266b0 method=org.gradle.internal.snapshot.ChildMap$Entry.handleAncestorDescendantOrExactMatch(Lorg/gradle/internal/snapshot/VfsRelativePath;Lorg/gradle/internal
Event: 11.677 Thread 0x000002197df678d0 DEOPT PACKING pc=0x0000021907d266b0 sp=0x0000009d818f7210
Event: 11.677 Thread 0x000002197df678d0 DEOPT UNPACKING pc=0x0000021907587da2 sp=0x0000009d818f7200 mode 2
Event: 11.677 Thread 0x000002197df678d0 Uncommon trap: trap_request=0xffffffc6 fr.pc=0x0000021907d266b0 relative=0x00000000000012b0
Event: 11.677 Thread 0x000002197df678d0 Uncommon trap: reason=bimorphic_or_optimized_type_check action=maybe_recompile pc=0x0000021907d266b0 method=org.gradle.internal.snapshot.ChildMap$Entry.handleAncestorDescendantOrExactMatch(Lorg/gradle/internal/snapshot/VfsRelativePath;Lorg/gradle/internal
Event: 11.677 Thread 0x000002197df678d0 DEOPT PACKING pc=0x0000021907d266b0 sp=0x0000009d818f6de0
Event: 11.677 Thread 0x000002197df678d0 DEOPT UNPACKING pc=0x0000021907587da2 sp=0x0000009d818f6dd0 mode 2
Event: 11.677 Thread 0x000002197df678d0 Uncommon trap: trap_request=0xffffffc6 fr.pc=0x0000021907d266b0 relative=0x00000000000012b0
Event: 11.677 Thread 0x000002197df678d0 Uncommon trap: reason=bimorphic_or_optimized_type_check action=maybe_recompile pc=0x0000021907d266b0 method=org.gradle.internal.snapshot.ChildMap$Entry.handleAncestorDescendantOrExactMatch(Lorg/gradle/internal/snapshot/VfsRelativePath;Lorg/gradle/internal
Event: 11.677 Thread 0x000002197df678d0 DEOPT PACKING pc=0x0000021907d266b0 sp=0x0000009d818f69b0
Event: 11.677 Thread 0x000002197df678d0 DEOPT UNPACKING pc=0x0000021907587da2 sp=0x0000009d818f69a0 mode 2

Classes loaded (20 events):
Event: 9.805 Loading class java/util/concurrent/RecursiveAction
Event: 9.805 Loading class java/util/concurrent/RecursiveAction done
Event: 9.826 Loading class java/lang/invoke/SerializedLambda$1
Event: 9.826 Loading class java/lang/invoke/SerializedLambda$1 done
Event: 9.844 Loading class org/xml/sax/Locator
Event: 9.844 Loading class org/xml/sax/Locator done
Event: 9.845 Loading class org/xml/sax/SAXParseException
Event: 9.845 Loading class org/xml/sax/SAXParseException done
Event: 9.846 Loading class org/xml/sax/Attributes
Event: 9.846 Loading class org/xml/sax/Attributes done
Event: 9.901 Loading class java/util/DualPivotQuicksort
Event: 9.902 Loading class java/util/DualPivotQuicksort done
Event: 9.955 Loading class java/util/function/LongUnaryOperator
Event: 9.955 Loading class java/util/function/LongUnaryOperator done
Event: 9.961 Loading class java/lang/foreign/MemorySegment
Event: 9.962 Loading class java/lang/foreign/MemorySegment done
Event: 10.579 Loading class java/util/Collections$ReverseComparator
Event: 10.580 Loading class java/util/Collections$ReverseComparator done
Event: 10.580 Loading class java/util/Collections$ReverseComparator2
Event: 10.580 Loading class java/util/Collections$ReverseComparator2 done

Classes unloaded (0 events):
No events

Classes redefined (0 events):
No events

Internal exceptions (20 events):
Event: 10.035 Thread 0x000002197df678d0 Exception <a 'java/lang/NoSuchMethodError'{0x0000000087257738}: 'void java.lang.invoke.DirectMethodHandle$Holder.invokeStatic(java.lang.Object, java.lang.Object, java.lang.Object, java.lang.Object, java.lang.Object, java.lang.Object)'> (0x0000000087257738) 
thrown [s\src\hotspot\share\interpreter\linkResolver.cpp, line 784]
Event: 10.120 Thread 0x000002197df678d0 Exception <a 'java/lang/NoSuchMethodError'{0x0000000086fd94a8}: static Lorg/gradle/api/internal/catalog/DefaultVersionCatalog;.<clinit>()V> (0x0000000086fd94a8) 
thrown [s\src\hotspot\share\prims\jni.cpp, line 1126]
Event: 10.127 Thread 0x000002197df678d0 Exception <a 'java/lang/NoSuchMethodError'{0x0000000086e2d740}: static [Ljava/lang/Object;.<clinit>()V> (0x0000000086e2d740) 
thrown [s\src\hotspot\share\prims\jni.cpp, line 1126]
Event: 10.128 Thread 0x000002197df678d0 Exception <a 'java/lang/NoSuchMethodError'{0x0000000086e565f8}: static Lorg/gradle/api/internal/catalog/DependencyModel;.<clinit>()V> (0x0000000086e565f8) 
thrown [s\src\hotspot\share\prims\jni.cpp, line 1126]
Event: 10.128 Thread 0x000002197df678d0 Exception <a 'java/lang/NoSuchMethodError'{0x0000000086e5a600}: static Lorg/gradle/api/internal/catalog/AbstractContextAwareModel;.<clinit>()V> (0x0000000086e5a600) 
thrown [s\src\hotspot\share\prims\jni.cpp, line 1126]
Event: 10.129 Thread 0x000002197df678d0 Exception <a 'java/lang/NoSuchMethodError'{0x0000000086e742f8}: static Lorg/gradle/api/internal/artifacts/dependencies/AbstractVersionConstraint;.<clinit>()V> (0x0000000086e742f8) 
thrown [s\src\hotspot\share\prims\jni.cpp, line 1126]
Event: 10.136 Thread 0x000002197df678d0 Exception <a 'java/lang/NoSuchMethodError'{0x0000000086d1eae0}: static Lorg/gradle/api/internal/catalog/PluginModel;.<clinit>()V> (0x0000000086d1eae0) 
thrown [s\src\hotspot\share\prims\jni.cpp, line 1126]
Event: 10.138 Thread 0x000002197df678d0 Exception <a 'java/lang/NoSuchMethodError'{0x0000000086d36028}: static Lorg/gradle/api/internal/catalog/VersionModel;.<clinit>()V> (0x0000000086d36028) 
thrown [s\src\hotspot\share\prims\jni.cpp, line 1126]
Event: 10.221 Thread 0x000002197df678d0 Exception <a 'java/lang/NoSuchMethodError'{0x0000000086ae2658}: 'int java.lang.invoke.DirectMethodHandle$Holder.invokeSpecialIFC(java.lang.Object, java.lang.Object, java.lang.Object)'> (0x0000000086ae2658) 
thrown [s\src\hotspot\share\interpreter\linkResolver.cpp, line 784]
Event: 10.306 Thread 0x000002197df678d0 Exception <a 'java/lang/NoSuchMethodError'{0x0000000086692c18}: 'java.lang.Object java.lang.invoke.DirectMethodHandle$Holder.invokeSpecial(java.lang.Object, java.lang.Object, java.lang.Object, java.lang.Object, java.lang.Object, long)'> (0x0000000086692c18) 
thrown [s\src\hotspot\share\interpreter\linkResolver.cpp, line 784]
Event: 10.307 Thread 0x000002197df678d0 Exception <a 'java/lang/NoSuchMethodError'{0x00000000866b2c70}: 'void java.lang.invoke.DirectMethodHandle$Holder.invokeStatic(java.lang.Object, java.lang.Object, java.lang.Object, int, java.lang.Object)'> (0x00000000866b2c70) 
thrown [s\src\hotspot\share\interpreter\linkResolver.cpp, line 784]
Event: 11.330 Thread 0x0000021910777680 Implicit null exception at 0x0000021907ea87e9 to 0x0000021907ea888c
Event: 11.466 Thread 0x0000021910772e50 Implicit null exception at 0x0000021907ec2d44 to 0x0000021907ec35e0
Event: 11.467 Thread 0x000002197df678d0 Implicit null exception at 0x0000021907ec2d44 to 0x0000021907ec35e0
Event: 11.469 Thread 0x0000021910777680 Implicit null exception at 0x0000021907ec2d44 to 0x0000021907ec35e0
Event: 11.471 Thread 0x0000021910776960 Implicit null exception at 0x0000021907ec2d44 to 0x0000021907ec35e0
Event: 11.509 Thread 0x0000021910776960 Implicit null exception at 0x0000021907ecbec0 to 0x0000021907ecc858
Event: 11.689 Thread 0x000002197df678d0 Exception <a 'java/lang/IncompatibleClassChangeError'{0x00000000863af288}: Found class java.lang.Object, but interface was expected> (0x00000000863af288) 
thrown [s\src\hotspot\share\interpreter\linkResolver.cpp, line 851]
Event: 11.707 Thread 0x000002197df678d0 Exception <a 'java/lang/NoSuchMethodError'{0x0000000086264198}: 'void java.lang.invoke.DirectMethodHandle$Holder.invokeVirtual(java.lang.Object, java.lang.Object)'> (0x0000000086264198) 
thrown [s\src\hotspot\share\interpreter\linkResolver.cpp, line 784]
Event: 11.750 Thread 0x000002197df678d0 Exception <a 'java/lang/NoSuchMethodError'{0x0000000086012a68}: 'java.lang.Object java.lang.invoke.DirectMethodHandle$Holder.invokeStaticInit(java.lang.Object, int)'> (0x0000000086012a68) 
thrown [s\src\hotspot\share\interpreter\linkResolver.cpp, line 784]

ZGC Phase Switch (0 events):
No events

VM Operations (20 events):
Event: 11.043 Executing VM operation: ICBufferFull done
Event: 11.069 Executing VM operation: G1CollectForAllocation (G1 Evacuation Pause)
Event: 11.079 Executing VM operation: G1CollectForAllocation (G1 Evacuation Pause) done
Event: 11.310 Executing VM operation: ICBufferFull
Event: 11.311 Executing VM operation: ICBufferFull done
Event: 11.381 Executing VM operation: G1CollectForAllocation (G1 Evacuation Pause)
Event: 11.388 Executing VM operation: G1CollectForAllocation (G1 Evacuation Pause) done
Event: 11.613 Executing VM operation: ICBufferFull
Event: 11.613 Executing VM operation: ICBufferFull done
Event: 11.673 Executing VM operation: HandshakeAllThreads (Deoptimize)
Event: 11.673 Executing VM operation: HandshakeAllThreads (Deoptimize) done
Event: 11.680 Executing VM operation: HandshakeAllThreads (Deoptimize)
Event: 11.680 Executing VM operation: HandshakeAllThreads (Deoptimize) done
Event: 11.685 Executing VM operation: HandshakeAllThreads (Deoptimize)
Event: 11.685 Executing VM operation: HandshakeAllThreads (Deoptimize) done
Event: 11.735 Executing VM operation: HandshakeAllThreads (Deoptimize)
Event: 11.736 Executing VM operation: HandshakeAllThreads (Deoptimize) done
Event: 11.748 Executing VM operation: HandshakeAllThreads (Deoptimize)
Event: 11.748 Executing VM operation: HandshakeAllThreads (Deoptimize) done
Event: 11.806 Executing VM operation: G1CollectForAllocation (G1 Evacuation Pause)

Events (20 events):
Event: 10.834 Thread 0x0000021977b8dc30 flushing nmethod 0x0000021907cfdc90
Event: 10.834 Thread 0x0000021977b8dc30 flushing nmethod 0x0000021907cf9710
Event: 10.834 Thread 0x0000021977b8dc30 flushing nmethod 0x0000021907cd1810
Event: 10.834 Thread 0x0000021977b8dc30 flushing nmethod 0x0000021907c91f90
Event: 10.835 Thread 0x0000021977b8dc30 flushing nmethod 0x0000021907c83a90
Event: 10.835 Thread 0x0000021977b8dc30 flushing nmethod 0x0000021907c44a10
Event: 10.835 Thread 0x0000021977b8dc30 flushing nmethod 0x0000021907c11090
Event: 10.835 Thread 0x0000021977b8dc30 flushing nmethod 0x0000021907bb3010
Event: 10.835 Thread 0x0000021977b8dc30 flushing nmethod 0x0000021907b23290
Event: 10.835 Thread 0x0000021977b8dc30 flushing nmethod 0x0000021907b38110
Event: 10.835 Thread 0x0000021977b8dc30 flushing nmethod 0x0000021907b09990
Event: 10.835 Thread 0x0000021977b8dc30 flushing nmethod 0x0000021907afec10
Event: 11.008 Thread 0x0000021910a37d50 Thread added: 0x0000021910a37d50
Event: 11.009 Thread 0x0000021910776960 Thread added: 0x0000021910776960
Event: 11.009 Thread 0x0000021910772e50 Thread added: 0x0000021910772e50
Event: 11.010 Thread 0x0000021910773b70 Thread added: 0x0000021910773b70
Event: 11.010 Thread 0x0000021910776ff0 Thread added: 0x0000021910776ff0
Event: 11.011 Thread 0x0000021910774200 Thread added: 0x0000021910774200
Event: 11.011 Thread 0x0000021910777680 Thread added: 0x0000021910777680
Event: 11.084 Thread 0x000002190fedd420 Thread added: 0x000002190fedd420


Dynamic libraries:
0x00007ff6cfef0000 - 0x00007ff6cfefa000 	C:\Program Files\Android\Android Studio\jbr\bin\java.exe
0x00007ffb5fcb0000 - 0x00007ffb5fec7000 	C:\WINDOWS\SYSTEM32\ntdll.dll
0x00007ffb5f4b0000 - 0x00007ffb5f574000 	C:\WINDOWS\System32\KERNEL32.DLL
0x00007ffb5ce20000 - 0x00007ffb5d1f1000 	C:\WINDOWS\System32\KERNELBASE.dll
0x00007ffb5d3d0000 - 0x00007ffb5d4e1000 	C:\WINDOWS\System32\ucrtbase.dll
0x00007ffb37a80000 - 0x00007ffb37a98000 	C:\Program Files\Android\Android Studio\jbr\bin\jli.dll
0x00007ffb5e5f0000 - 0x00007ffb5e7a1000 	C:\WINDOWS\System32\USER32.dll
0x00007ffb5d3a0000 - 0x00007ffb5d3c6000 	C:\WINDOWS\System32\win32u.dll
0x00007ffb5f8c0000 - 0x00007ffb5f8e9000 	C:\WINDOWS\System32\GDI32.dll
0x00007ffb5d200000 - 0x00007ffb5d31b000 	C:\WINDOWS\System32\gdi32full.dll
0x00007ffb5d7a0000 - 0x00007ffb5d83a000 	C:\WINDOWS\System32\msvcp_win.dll
0x00007ffad90e0000 - 0x00007ffad90fb000 	C:\Program Files\Android\Android Studio\jbr\bin\VCRUNTIME140.dll
0x00007ffb42550000 - 0x00007ffb427e2000 	C:\WINDOWS\WinSxS\amd64_microsoft.windows.common-controls_6595b64144ccf1df_6.0.22621.4830_none_270fe7d773858e80\COMCTL32.dll
0x00007ffb5dc10000 - 0x00007ffb5dcb7000 	C:\WINDOWS\System32\msvcrt.dll
0x00007ffb5f880000 - 0x00007ffb5f8b1000 	C:\WINDOWS\System32\IMM32.DLL
0x00007ffae2ae0000 - 0x00007ffae2aec000 	C:\Program Files\Android\Android Studio\jbr\bin\vcruntime140_1.dll
0x00007ffafe370000 - 0x00007ffafe3fd000 	C:\Program Files\Android\Android Studio\jbr\bin\msvcp140.dll
0x00007ffaa3800000 - 0x00007ffaa447d000 	C:\Program Files\Android\Android Studio\jbr\bin\server\jvm.dll
0x00007ffb5d980000 - 0x00007ffb5da31000 	C:\WINDOWS\System32\ADVAPI32.dll
0x00007ffb5f7b0000 - 0x00007ffb5f857000 	C:\WINDOWS\System32\sechost.dll
0x00007ffb5cdf0000 - 0x00007ffb5ce18000 	C:\WINDOWS\System32\bcrypt.dll
0x00007ffb5f690000 - 0x00007ffb5f7a4000 	C:\WINDOWS\System32\RPCRT4.dll
0x00007ffb5e910000 - 0x00007ffb5e981000 	C:\WINDOWS\System32\WS2_32.dll
0x00007ffb5bca0000 - 0x00007ffb5bced000 	C:\WINDOWS\SYSTEM32\POWRPROF.dll
0x00007ffb54ba0000 - 0x00007ffb54bd4000 	C:\WINDOWS\SYSTEM32\WINMM.dll
0x00007ffb54790000 - 0x00007ffb5479a000 	C:\WINDOWS\SYSTEM32\VERSION.dll
0x00007ffb5bc80000 - 0x00007ffb5bc93000 	C:\WINDOWS\SYSTEM32\UMPDC.dll
0x00007ffb5bf30000 - 0x00007ffb5bf48000 	C:\WINDOWS\SYSTEM32\kernel.appcore.dll
0x00007ffad90d0000 - 0x00007ffad90da000 	C:\Program Files\Android\Android Studio\jbr\bin\jimage.dll
0x00007ffb5a200000 - 0x00007ffb5a432000 	C:\WINDOWS\SYSTEM32\DBGHELP.DLL
0x00007ffb5e990000 - 0x00007ffb5ed20000 	C:\WINDOWS\System32\combase.dll
0x00007ffb5ed20000 - 0x00007ffb5edf7000 	C:\WINDOWS\System32\OLEAUT32.dll
0x00007ffb46ac0000 - 0x00007ffb46af2000 	C:\WINDOWS\SYSTEM32\dbgcore.DLL
0x00007ffb5d320000 - 0x00007ffb5d39b000 	C:\WINDOWS\System32\bcryptPrimitives.dll
0x00007ffb540e0000 - 0x00007ffb540ee000 	C:\Program Files\Android\Android Studio\jbr\bin\instrument.dll
0x00007ffad9000000 - 0x00007ffad901f000 	C:\Program Files\Android\Android Studio\jbr\bin\java.dll
0x00007ffad8fc0000 - 0x00007ffad8fd8000 	C:\Program Files\Android\Android Studio\jbr\bin\zip.dll
0x00007ffb5dd60000 - 0x00007ffb5e5e8000 	C:\WINDOWS\System32\SHELL32.dll
0x00007ffb5d660000 - 0x00007ffb5d79f000 	C:\WINDOWS\System32\wintypes.dll
0x00007ffb5ad60000 - 0x00007ffb5b66d000 	C:\WINDOWS\SYSTEM32\windows.storage.dll
0x00007ffb5da40000 - 0x00007ffb5db4a000 	C:\WINDOWS\System32\SHCORE.dll
0x00007ffb5db60000 - 0x00007ffb5dbbe000 	C:\WINDOWS\System32\shlwapi.dll
0x00007ffb5cd20000 - 0x00007ffb5cd4b000 	C:\WINDOWS\SYSTEM32\profapi.dll
0x00007ffad8e60000 - 0x00007ffad8e70000 	C:\Program Files\Android\Android Studio\jbr\bin\net.dll
0x00007ffb55ef0000 - 0x00007ffb5601c000 	C:\WINDOWS\SYSTEM32\WINHTTP.dll
0x00007ffb5c3a0000 - 0x00007ffb5c40a000 	C:\WINDOWS\system32\mswsock.dll
0x00007ffaa3650000 - 0x00007ffaa3666000 	C:\Program Files\Android\Android Studio\jbr\bin\nio.dll
0x00007ffae1710000 - 0x00007ffae1720000 	C:\Program Files\Android\Android Studio\jbr\bin\verify.dll
0x00007ffade6a0000 - 0x00007ffade6c7000 	C:\Users\DELL\.gradle\native\c067742578af261105cb4f569cf0c3c89f3d7b1fecec35dd04571415982c5e48\windows-amd64\native-platform.dll
0x00007ffafe220000 - 0x00007ffafe364000 	C:\Users\DELL\.gradle\native\100fb08df4bc3b14c8652ba06237920a3bd2aa13389f12d3474272988ae205f9\windows-amd64\native-platform-file-events.dll
0x00007ffad99c0000 - 0x00007ffad99c9000 	C:\Program Files\Android\Android Studio\jbr\bin\management.dll
0x00007ffad99b0000 - 0x00007ffad99bb000 	C:\Program Files\Android\Android Studio\jbr\bin\management_ext.dll
0x00007ffb5db50000 - 0x00007ffb5db58000 	C:\WINDOWS\System32\PSAPI.DLL
0x00007ffb5c5f0000 - 0x00007ffb5c60b000 	C:\WINDOWS\SYSTEM32\CRYPTSP.dll
0x00007ffb5be90000 - 0x00007ffb5bec7000 	C:\WINDOWS\system32\rsaenh.dll
0x00007ffb5c490000 - 0x00007ffb5c4b8000 	C:\WINDOWS\SYSTEM32\USERENV.dll
0x00007ffb5c610000 - 0x00007ffb5c61c000 	C:\WINDOWS\SYSTEM32\CRYPTBASE.dll
0x00007ffb5b940000 - 0x00007ffb5b96d000 	C:\WINDOWS\SYSTEM32\IPHLPAPI.DLL
0x00007ffb5f440000 - 0x00007ffb5f449000 	C:\WINDOWS\System32\NSI.dll
0x00007ffad99d0000 - 0x00007ffad99d9000 	C:\Program Files\Android\Android Studio\jbr\bin\extnet.dll
0x00007ffb54be0000 - 0x00007ffb54be8000 	C:\WINDOWS\system32\wshunix.dll

dbghelp: loaded successfully - version: 4.0.5 - missing functions: none
symbol engine: initialized successfully - sym options: 0x614 - pdb path: .;C:\Program Files\Android\Android Studio\jbr\bin;C:\WINDOWS\SYSTEM32;C:\WINDOWS\WinSxS\amd64_microsoft.windows.common-controls_6595b64144ccf1df_6.0.22621.4830_none_270fe7d773858e80;C:\Program Files\Android\Android Studio\jbr\bin\server;C:\Users\DELL\.gradle\native\c067742578af261105cb4f569cf0c3c89f3d7b1fecec35dd04571415982c5e48\windows-amd64;C:\Users\DELL\.gradle\native\100fb08df4bc3b14c8652ba06237920a3bd2aa13389f12d3474272988ae205f9\windows-amd64

VM Arguments:
jvm_args: --add-opens=java.base/java.util=ALL-UNNAMED --add-opens=java.base/java.lang=ALL-UNNAMED --add-opens=java.base/java.lang.invoke=ALL-UNNAMED --add-opens=java.prefs/java.util.prefs=ALL-UNNAMED --add-exports=jdk.compiler/com.sun.tools.javac.api=ALL-UNNAMED --add-exports=jdk.compiler/com.sun.tools.javac.util=ALL-UNNAMED --add-opens=java.base/java.nio.charset=ALL-UNNAMED --add-opens=java.base/java.net=ALL-UNNAMED --add-opens=java.base/java.util.concurrent.atomic=ALL-UNNAMED -Xmx2048m -Dfile.encoding=UTF-8 -Duser.country=GB -Duser.language=en -Duser.variant -javaagent:C:\Users\DELL\.gradle\wrapper\dists\gradle-8.9-bin\90cnw93cvbtalezasaz0blq0a\gradle-8.9\lib\agents\gradle-instrumentation-agent-8.9.jar 
java_command: org.gradle.launcher.daemon.bootstrap.GradleDaemon 8.9
java_class_path (initial): C:\Users\DELL\.gradle\wrapper\dists\gradle-8.9-bin\90cnw93cvbtalezasaz0blq0a\gradle-8.9\lib\gradle-daemon-main-8.9.jar
Launcher Type: SUN_STANDARD

[Global flags]
     intx CICompilerCount                          = 4                                         {product} {ergonomic}
     uint ConcGCThreads                            = 2                                         {product} {ergonomic}
     uint G1ConcRefinementThreads                  = 8                                         {product} {ergonomic}
   size_t G1HeapRegionSize                         = 1048576                                   {product} {ergonomic}
    uintx GCDrainStackTargetSize                   = 64                                        {product} {ergonomic}
   size_t InitialHeapSize                          = 130023424                                 {product} {ergonomic}
   size_t MarkStackSize                            = 4194304                                   {product} {ergonomic}
   size_t MaxHeapSize                              = 2147483648                                {product} {command line}
   size_t MaxNewSize                               = 1287651328                                {product} {ergonomic}
   size_t MinHeapDeltaBytes                        = 1048576                                   {product} {ergonomic}
   size_t MinHeapSize                              = 8388608                                   {product} {ergonomic}
    uintx NonNMethodCodeHeapSize                   = 5839372                                {pd product} {ergonomic}
    uintx NonProfiledCodeHeapSize                  = 122909434                              {pd product} {ergonomic}
    uintx ProfiledCodeHeapSize                     = 122909434                              {pd product} {ergonomic}
    uintx ReservedCodeCacheSize                    = 251658240                              {pd product} {ergonomic}
     bool SegmentedCodeCache                       = true                                      {product} {ergonomic}
   size_t SoftMaxHeapSize                          = 2147483648                             {manageable} {ergonomic}
     bool UseCompressedOops                        = true                           {product lp64_product} {ergonomic}
     bool UseG1GC                                  = true                                      {product} {ergonomic}
     bool UseLargePagesIndividualAllocation        = false                                  {pd product} {ergonomic}

Logging:
Log output configuration:
 #0: stdout all=warning uptime,level,tags foldmultilines=false
 #1: stderr all=off uptime,level,tags foldmultilines=false

Environment Variables:
PATH=C:\Program Files\Microsoft MPI\Bin\;C:\Program Files\Python39\Scripts\;C:\Program Files\Python39\;C:\Windows\system32;C:\Windows;C:\Windows\System32\Wbem;C:\Windows\System32\WindowsPowerShell\v1.0\;C:\Windows\System32\OpenSSH\;C:\Program Files\NVIDIA Corporation\NVIDIA NvDLISR;C:\Program Files\dotnet\;C:\WINDOWS\system32;C:\WINDOWS;C:\WINDOWS\System32\Wbem;C:\WINDOWS\System32\WindowsPowerShell\v1.0\;C:\WINDOWS\System32\OpenSSH\;C:\Program Files\Git\cmd;C:\Program Files (x86)\Microsoft SQL Server\130\Tools\Binn\;C:\Program Files\Microsoft SQL Server\130\Tools\Binn\;C:\Program Files (x86)\Microsoft SQL Server\130\DTS\Binn\;C:\Program Files\Microsoft SQL Server\130\DTS\Binn\;C:\Program Files\Microsoft SQL Server\Client SDK\ODBC\130\Tools\Binn\;C:\Program Files (x86)\Microsoft SQL Server\160\DTS\Binn\;C:\Program Files\Azure Data Studio\bin;C:\Program Files\Microsoft SQL Server\Client SDK\ODBC\170\Tools\Binn\;C:\Program Files (x86)\Microsoft SQL Server\150\Tools\Binn\;C:\Program Files\Microsoft SQL Server\150\Tools\Binn\;C:\Program Files\Microsoft SQL Server\150\DTS\Binn\;C:\Program Files (x86)\Microsoft SQL Server\160\Tools\Binn\;C:\Program Files\Microsoft SQL Server\160\Tools\Binn\;C:\Program Files\Microsoft SQL Server\160\DTS\Binn\;C:\Program Files\nodejs\;C:\Users\DELL\AppData\Local\Microsoft\WindowsApps;C:\Program Files\Microsoft VS Code\bin;C:\Users\DELL\.dotnet\tools;C:\Program Files\Azure Data Studio\bin;C:\Users\DELL\AppData\Local\GitHubDesktop\bin;C:\Program Files\JetBrains\PyCharm Community Edition 2024.3.1.1\bin;;C:\Users\DELL\AppData\Roaming\npm;C:\flutter\bin;
USERNAME=DELL
OS=Windows_NT
PROCESSOR_IDENTIFIER=Intel64 Family 6 Model 140 Stepping 1, GenuineIntel
TMP=C:\Users\DELL\AppData\Local\Temp
TEMP=C:\Users\DELL\AppData\Local\Temp




Periodic native trim disabled

JNI global refs:
JNI global refs: 27, weak refs: 0

JNI global refs memory usage: 835, weak refs: 833

Process memory usage:
Resident Set Size: 370548K (4% of 8104744K total physical memory with 797280K free physical memory)

OOME stack traces (most recent first):
Classloader memory used:
Loader org.gradle.internal.classloader.VisitableURLClassLoader                         : 36829K
Loader bootstrap                                                                       : 23201K
Loader org.gradle.initialization.MixInLegacyTypesClassLoader                           : 10687K
Loader org.gradle.internal.classloader.VisitableURLClassLoader                         : 930K
Loader org.gradle.internal.classloader.VisitableURLClassLoader$InstrumentingVisitableURLClassLoader: 689K
Loader jdk.internal.loader.ClassLoaders$PlatformClassLoader                            : 509K
Loader jdk.internal.reflect.DelegatingClassLoader                                      : 265K
Loader jdk.internal.loader.ClassLoaders$AppClassLoader                                 : 230K
Loader org.gradle.groovy.scripts.internal.DefaultScriptCompilationHandler$ScriptClassLoader: 90728B
Loader org.codehaus.groovy.runtime.callsite.CallSiteClassLoader                        : 49672B

Classes loaded by more than one classloader:
Class org.gradle.api.GradleException                                                  : loaded 3 times (x 79B)
Class Program                                                                         : loaded 3 times (x 69B)
Class org.gradle.api.internal.classpath.ManifestUtil                                  : loaded 2 times (x 68B)
Class org.jetbrains.plugins.gradle.model.GradleExtensions                             : loaded 2 times (x 67B)
Class org.jetbrains.plugins.gradle.model.AnnotationProcessingModel                    : loaded 2 times (x 67B)
Class org.gradle.internal.operations.MultipleBuildOperationFailures                   : loaded 2 times (x 92B)
Class org.jetbrains.kotlin.idea.gradleTooling.model.noarg.NoArgModel                  : loaded 2 times (x 67B)
Class org.gradle.internal.classloader.DefaultClassLoaderFactory                       : loaded 2 times (x 79B)
Class kotlin.collections.AbstractList$Companion                                       : loaded 2 times (x 68B)
Class org.gradle.internal.classloader.ClassLoaderVisitor                              : loaded 2 times (x 73B)
Class org.gradle.api.internal.classpath.EffectiveClassPath                            : loaded 2 times (x 87B)
Class org.gradle.tooling.internal.gradle.DefaultProjectIdentifier                     : loaded 2 times (x 83B)
Class org.jetbrains.kotlin.idea.gradleTooling.model.allopen.AllOpenModel              : loaded 2 times (x 67B)
Class org.gradle.api.internal.DefaultClassPathProvider                                : loaded 2 times (x 73B)
Class [Lorg.gradle.api.internal.ClassPathProvider;                                    : loaded 2 times (x 66B)
Class org.gradle.api.internal.ClassPathProvider                                       : loaded 2 times (x 67B)
Class org.gradle.internal.service.UnknownServiceException                             : loaded 2 times (x 80B)
Class org.jetbrains.kotlin.idea.gradleTooling.KotlinDslScriptAdditionalTask           : loaded 2 times (x 67B)
Class org.gradle.internal.classpath.TransformedClassPath                              : loaded 2 times (x 93B)
Class kotlin.enums.EnumEntriesList                                                    : loaded 2 times (x 220B)
Class org.gradle.internal.classloader.ClassLoaderHierarchy                            : loaded 2 times (x 67B)
Class org.jetbrains.kotlin.idea.gradleTooling.KotlinSourceSetContainer                : loaded 2 times (x 67B)
Class org.gradle.internal.service.ServiceLocator                                      : loaded 2 times (x 67B)
Class org.jetbrains.kotlin.android.synthetic.idea.AndroidExtensionsGradleModel        : loaded 2 times (x 67B)
Class org.gradle.tooling.model.UnsupportedMethodException                             : loaded 2 times (x 79B)
Class org.gradle.internal.InternalTransformer                                         : loaded 2 times (x 67B)
Class org.gradle.internal.time.DefaultTimer                                           : loaded 2 times (x 77B)
Class org.gradle.internal.classloader.ClasspathUtil$1                                 : loaded 2 times (x 73B)
Class org.gradle.api.internal.classpath.DefaultModuleRegistry$DefaultModule           : loaded 2 times (x 83B)
Class org.jetbrains.kotlin.idea.gradleTooling.model.lombok.LombokModel                : loaded 2 times (x 67B)
Class org.gradle.internal.time.DefaultCountdownTimer                                  : loaded 2 times (x 85B)
Class org.gradle.tooling.internal.gradle.DefaultBuildIdentifier                       : loaded 2 times (x 76B)
Class kotlin.Function                                                                 : loaded 2 times (x 67B)
Class org.gradle.api.internal.classpath.Module                                        : loaded 2 times (x 67B)
Class org.gradle.api.internal.classpath.UnknownModuleException                        : loaded 2 times (x 79B)
Class com.intellij.openapi.externalSystem.model.project.dependencies.ProjectDependencies: loaded 2 times (x 67B)
Class org.gradle.tooling.internal.gradle.GradleProjectIdentity                        : loaded 2 times (x 67B)
Class org.gradle.api.internal.DefaultClassPathRegistry                                : loaded 2 times (x 73B)
Class org.gradle.api.internal.ClassPathRegistry                                       : loaded 2 times (x 67B)
Class org.gradle.internal.classpath.DefaultClassPath$ImmutableUniqueList              : loaded 2 times (x 196B)
Class org.jetbrains.plugins.gradle.model.IntelliJSettings                             : loaded 2 times (x 67B)
Class Settings_gradle$1                                                               : loaded 2 times (x 71B)
Class org.gradle.internal.classpath.ClassPath                                         : loaded 2 times (x 67B)
Class org.gradle.api.UncheckedIOException                                             : loaded 2 times (x 79B)
Class org.jetbrains.kotlin.idea.gradleTooling.KotlinGradleModel                       : loaded 2 times (x 67B)
Class org.gradle.tooling.model.Model                                                  : loaded 2 times (x 67B)
Class kotlin.UninitializedPropertyAccessException                                     : loaded 2 times (x 79B)
Class org.jetbrains.plugins.gradle.model.IntelliJProjectSettings                      : loaded 2 times (x 67B)
Class org.jetbrains.kotlin.idea.gradleTooling.model.annotation.AnnotationBasedPluginModel: loaded 2 times (x 67B)
Class org.gradle.internal.installation.GradleInstallation$1                           : loaded 2 times (x 72B)
Class org.gradle.api.internal.classpath.ModuleRegistry                                : loaded 2 times (x 67B)
Class org.jetbrains.plugins.gradle.model.VersionCatalogsModel                         : loaded 2 times (x 67B)
Class org.gradle.api.internal.classpath.DefaultModuleRegistry                         : loaded 2 times (x 80B)
Class org.gradle.internal.time.MonotonicClock                                         : loaded 2 times (x 74B)
Class org.gradle.internal.service.ServiceLookupException                              : loaded 2 times (x 79B)
Class org.gradle.internal.classloader.ClassLoaderFactory                              : loaded 2 times (x 67B)
Class org.gradle.internal.service.CachingServiceLocator                               : loaded 2 times (x 79B)
Class org.jetbrains.plugins.gradle.model.RepositoryModels                             : loaded 2 times (x 67B)
Class org.gradle.internal.time.TimeSource                                             : loaded 2 times (x 67B)
Class org.gradle.tooling.internal.gradle.GradleBuildIdentity                          : loaded 2 times (x 67B)
Class kotlin.enums.EnumEntries                                                        : loaded 2 times (x 67B)
Class org.gradle.internal.exceptions.ResolutionProvider                               : loaded 2 times (x 67B)
Class org.gradle.tooling.model.ProjectIdentifier                                      : loaded 2 times (x 67B)
Class org.gradle.internal.classloader.ClasspathUtil                                   : loaded 2 times (x 68B)
Class org.gradle.internal.time.TimeSource$1                                           : loaded 2 times (x 74B)
Class kotlin.jvm.internal.DefaultConstructorMarker                                    : loaded 2 times (x 68B)
Class org.gradle.api.specs.Spec                                                       : loaded 2 times (x 67B)
Class sync_studio_tooling9_beqb38j6qtrp2nxfv97xbtl59                                  : loaded 2 times (x 176B)
Class org.gradle.internal.time.Clock                                                  : loaded 2 times (x 67B)
Class org.jetbrains.plugins.gradle.model.jar.JarTaskManifestConfiguration             : loaded 2 times (x 67B)
Class kotlin.collections.AbstractList                                                 : loaded 2 times (x 194B)
Class kotlin.collections.AbstractCollection                                           : loaded 2 times (x 114B)
Class org.gradle.internal.classloader.VisitableURLClassLoader$InstrumentingVisitableURLClassLoader: loaded 2 times (x 120B)
Class org.gradle.internal.classloader.VisitableURLClassLoader$Spec                    : loaded 2 times (x 71B)
Class org.gradle.internal.classpath.DefaultClassPath                                  : loaded 2 times (x 87B)
Class org.gradle.internal.classloader.ClassLoaderSpec                                 : loaded 2 times (x 68B)
Class Settings_gradle$1$1                                                             : loaded 2 times (x 71B)
Class org.gradle.internal.classloader.VisitableURLClassLoader                         : loaded 2 times (x 114B)
Class Settings_gradle                                                                 : loaded 2 times (x 125B)
Class org.gradle.internal.Cast                                                        : loaded 2 times (x 68B)
Class org.gradle.api.Action                                                           : loaded 2 times (x 67B)
Class kotlin.jvm.functions.Function1                                                  : loaded 2 times (x 67B)
Class org.gradle.internal.agents.InstrumentingClassLoader                             : loaded 2 times (x 67B)
Class org.gradle.internal.classpath.DefaultClassPath$ImmutableUniqueList$Builder      : loaded 2 times (x 72B)
Class ijInit2_9hn902at7yp0gx89jp2aigspk                                               : loaded 2 times (x 176B)
Class org.jetbrains.kotlin.idea.gradleTooling.model.samWithReceiver.SamWithReceiverModel: loaded 2 times (x 67B)
Class org.gradle.internal.classloader.FilteringClassLoader                            : loaded 2 times (x 102B)
Class org.gradle.internal.exceptions.NonGradleCauseExceptionsHolder                   : loaded 2 times (x 67B)
Class org.jetbrains.kotlin.idea.gradleTooling.model.assignment.AssignmentModel        : loaded 2 times (x 67B)
Class kotlin.enums.EnumEntriesKt                                                      : loaded 2 times (x 68B)
Class org.gradle.internal.IoActions                                                   : loaded 2 times (x 68B)
Class org.gradle.internal.classloader.SystemClassLoaderSpec                           : loaded 2 times (x 68B)
Class org.gradle.internal.exceptions.MultiCauseException                              : loaded 2 times (x 67B)
Class org.gradle.internal.time.CountdownTimer                                         : loaded 2 times (x 67B)
Class kotlin.jvm.internal.Intrinsics                                                  : loaded 2 times (x 68B)
Class org.jetbrains.kotlin.idea.gradleTooling.model.parcelize.ParcelizeGradleModel    : loaded 2 times (x 67B)
Class org.gradle.tooling.model.ProjectModel                                           : loaded 2 times (x 67B)
Class kotlin.KotlinNullPointerException                                               : loaded 2 times (x 80B)
Class org.jetbrains.plugins.gradle.model.tests.ExternalTestsModel                     : loaded 2 times (x 67B)
Class org.gradle.internal.exceptions.DefaultMultiCauseException                       : loaded 2 times (x 92B)
Class org.gradle.internal.time.Time                                                   : loaded 2 times (x 68B)
Class org.jetbrains.plugins.gradle.model.DependencyAccessorsModel                     : loaded 2 times (x 67B)
Class org.jetbrains.kotlin.idea.gradleTooling.KotlinMPPGradleModel                    : loaded 2 times (x 67B)
Class org.gradle.tooling.model.BuildIdentifier                                        : loaded 2 times (x 67B)
Class org.jetbrains.kotlin.idea.gradleTooling.PrepareKotlinIdeImportTaskModel         : loaded 2 times (x 67B)
Class org.gradle.internal.time.Timer                                                  : loaded 2 times (x 67B)
Class kotlin.jvm.internal.markers.KMappedMarker                                       : loaded 2 times (x 67B)
Class org.gradle.internal.installation.CurrentGradleInstallationLocator               : loaded 2 times (x 68B)
Class org.gradle.internal.service.DefaultServiceLocator                               : loaded 2 times (x 80B)
Class org.gradle.util.GradleVersion                                                   : loaded 2 times (x 80B)
Class org.gradle.internal.installation.CurrentGradleInstallation                      : loaded 2 times (x 70B)
Class org.gradle.util.internal.GUtil                                                  : loaded 2 times (x 68B)
Class org.gradle.internal.installation.GradleInstallation                             : loaded 2 times (x 72B)

---------------  S Y S T E M  ---------------

OS:
 Windows 11 , 64 bit Build 22621 (10.0.22621.4974)
OS uptime: 0 days 1:45 hours

CPU: total 8 (initial active 8) (4 cores per cpu, 2 threads per core) family 6 model 140 stepping 1 microcode 0xba, cx8, cmov, fxsr, ht, mmx, 3dnowpref, sse, sse2, sse3, ssse3, sse4.1, sse4.2, popcnt, lzcnt, tsc, tscinvbit, avx, avx2, aes, erms, clmul, bmi1, bmi2, adx, avx512f, avx512dq, avx512cd, avx512bw, avx512vl, sha, fma, vzeroupper, avx512_vpopcntdq, avx512_vpclmulqdq, avx512_vaes, avx512_vnni, clflush, clflushopt, clwb, avx512_vbmi2, avx512_vbmi, rdtscp, rdpid, fsrm, gfni, avx512_bitalg, f16c, pku, cet_ibt, cet_ss, avx512_ifma
Processor Information for all 8 processors :
  Max Mhz: 2419, Current Mhz: 2419, Mhz Limit: 2419

Memory: 4k page, system-wide physical 7914M (778M free)
TotalPageFile size 19982M (AvailPageFile size 18M)
current process WorkingSet (physical memory assigned to process): 361M, peak: 361M
current process commit charge ("private bytes"): 399M, peak: 430M

vm_info: OpenJDK 64-Bit Server VM (21.0.3+-12282718-b509.11) for windows-amd64 JRE (21.0.3+-12282718-b509.11), built on 2024-08-27T17:34:15Z by "builder" with MS VC++ 16.10 / 16.11 (VS2019)

END.
