#
# There is insufficient memory for the Java Runtime Environment to continue.
# Native memory allocation (mmap) failed to map 31457280 bytes. Error detail: G1 virtual space
# Possible reasons:
#   The system is out of physical RAM or swap space
#   This process is running with CompressedOops enabled, and the Java Heap may be blocking the growth of the native heap
# Possible solutions:
#   Reduce memory load on the system
#   Increase physical memory or swap space
#   Check if swap backing store is full
#   Decrease Java heap size (-Xmx/-Xms)
#   Decrease number of Java threads
#   Decrease Java thread stack sizes (-Xss)
#   Set larger code cache with -XX:ReservedCodeCacheSize=
#   JVM is running with Unscaled Compressed Oops mode in which the Java heap is
#     placed in the first 4GB address space. The Java Heap base address is the
#     maximum limit for the native heap growth. Please use -XX:HeapBaseMinAddress
#     to set the Java Heap base and to place the Java Heap above 4GB virtual address.
# This output file may be truncated or incomplete.
#
#  Out of Memory Error (os_windows.cpp:3815), pid=19712, tid=19080
#
# JRE version: OpenJDK Runtime Environment (21.0.3) (build 21.0.3+-12282718-b509.11)
# Java VM: OpenJDK 64-Bit Server VM (21.0.3+-12282718-b509.11, mixed mode, tiered, compressed oops, compressed class ptrs, g1 gc, windows-amd64)
# No core dump will be written. Minidumps are not enabled by default on client versions of Windows
#

---------------  S U M M A R Y ------------

Command Line: --add-opens=java.base/java.util=ALL-UNNAMED --add-opens=java.base/java.lang=ALL-UNNAMED --add-opens=java.base/java.lang.invoke=ALL-UNNAMED --add-opens=java.prefs/java.util.prefs=ALL-UNNAMED --add-exports=jdk.compiler/com.sun.tools.javac.api=ALL-UNNAMED --add-exports=jdk.compiler/com.sun.tools.javac.util=ALL-UNNAMED --add-opens=java.base/java.nio.charset=ALL-UNNAMED --add-opens=java.base/java.net=ALL-UNNAMED --add-opens=java.base/java.util.concurrent.atomic=ALL-UNNAMED -Xmx2048m -Dfile.encoding=UTF-8 -Duser.country=GB -Duser.language=en -Duser.variant -javaagent:C:\Users\DELL\.gradle\wrapper\dists\gradle-8.9-bin\90cnw93cvbtalezasaz0blq0a\gradle-8.9\lib\agents\gradle-instrumentation-agent-8.9.jar org.gradle.launcher.daemon.bootstrap.GradleDaemon 8.9

Host: 11th Gen Intel(R) Core(TM) i5-1135G7 @ 2.40GHz, 8 cores, 7G,  Windows 11 , 64 bit Build 22621 (10.0.22621.4974)
Time: Fri Mar 28 18:08:46 2025 SE Asia Standard Time elapsed time: 10.865323 seconds (0d 0h 0m 10s)

---------------  T H R E A D  ---------------

Current thread (0x0000024a6263eb10):  VMThread "VM Thread"          [id=19080, stack(0x0000009d85600000,0x0000009d85700000) (1024K)]

Stack: [0x0000009d85600000,0x0000009d85700000]
Native frames: (J=compiled Java code, j=interpreted, Vv=VM code, C=native code)
V  [jvm.dll+0x6cafb9]
V  [jvm.dll+0x858523]
V  [jvm.dll+0x85aa7e]
V  [jvm.dll+0x85b163]
V  [jvm.dll+0x27d356]
V  [jvm.dll+0x6c7865]
V  [jvm.dll+0x6bbd3a]
V  [jvm.dll+0x35199b]
V  [jvm.dll+0x3595d6]
V  [jvm.dll+0x3aa826]
V  [jvm.dll+0x3aaaf8]
V  [jvm.dll+0x3240bc]
V  [jvm.dll+0x324147]
V  [jvm.dll+0x36a00c]
V  [jvm.dll+0x36879e]
V  [jvm.dll+0x3237c1]
V  [jvm.dll+0x367eb0]
V  [jvm.dll+0x860ac8]
V  [jvm.dll+0x861bc4]
V  [jvm.dll+0x862100]
V  [jvm.dll+0x862393]
V  [jvm.dll+0x800d78]
V  [jvm.dll+0x6c98cd]
C  [ucrtbase.dll+0x29333]
C  [KERNEL32.DLL+0x1259d]
C  [ntdll.dll+0x5af38]

VM_Operation (0x0000009d86cf2420): G1CollectForAllocation, mode: safepoint, requested by thread 0x0000024a68ed64f0


---------------  P R O C E S S  ---------------

Threads class SMR info:
_java_thread_list=0x0000024a67a7ec30, length=59, elements={
0x0000024a4af3b7b0, 0x0000024a627ea460, 0x0000024a627eb280, 0x0000024a627f6530,
0x0000024a627f7fa0, 0x0000024a627fba20, 0x0000024a627fc480, 0x0000024a627fd210,
0x0000024a62800cd0, 0x0000024a625dbc70, 0x0000024a62adafa0, 0x0000024a68970a70,
0x0000024a68d5cec0, 0x0000024a68b57120, 0x0000024a68da04d0, 0x0000024a68c51790,
0x0000024a68ed4420, 0x0000024a68ed64f0, 0x0000024a68ed3070, 0x0000024a68ed5e60,
0x0000024a68ed57d0, 0x0000024a68ed3700, 0x0000024a68ed3d90, 0x0000024a68ed4ab0,
0x0000024a69a26720, 0x0000024a69a26db0, 0x0000024a69a27440, 0x0000024a69a29510,
0x0000024a69a27ad0, 0x0000024a69a287f0, 0x0000024a69a26090, 0x0000024a69a28160,
0x0000024a69a28e80, 0x0000024a69a33030, 0x0000024a69a364b0, 0x0000024a69a31c80,
0x0000024a69a329a0, 0x0000024a69a37ef0, 0x0000024a69a336c0, 0x0000024a69a35e20,
0x0000024a69a38580, 0x0000024a69a33d50, 0x0000024a69a371d0, 0x0000024a69a35790,
0x0000024a69a37860, 0x0000024a69a32310, 0x0000024a6a2473c0, 0x0000024a6a24a1b0,
0x0000024a6a243f40, 0x0000024a6a2445d0, 0x0000024a6a2466a0, 0x0000024a6a2480e0,
0x0000024a6a248770, 0x0000024a6a243220, 0x0000024a6a247a50, 0x0000024a6a244c60,
0x0000024a6a249b20, 0x0000024a6a246d30, 0x0000024a69e4f090
}

Java Threads: ( => current thread )
  0x0000024a4af3b7b0 JavaThread "main"                              [_thread_blocked, id=19680, stack(0x0000009d84f00000,0x0000009d85000000) (1024K)]
  0x0000024a627ea460 JavaThread "Reference Handler"          daemon [_thread_blocked, id=16856, stack(0x0000009d85700000,0x0000009d85800000) (1024K)]
  0x0000024a627eb280 JavaThread "Finalizer"                  daemon [_thread_blocked, id=6076, stack(0x0000009d85800000,0x0000009d85900000) (1024K)]
  0x0000024a627f6530 JavaThread "Signal Dispatcher"          daemon [_thread_blocked, id=21140, stack(0x0000009d85900000,0x0000009d85a00000) (1024K)]
  0x0000024a627f7fa0 JavaThread "Attach Listener"            daemon [_thread_blocked, id=20212, stack(0x0000009d85a00000,0x0000009d85b00000) (1024K)]
  0x0000024a627fba20 JavaThread "Service Thread"             daemon [_thread_blocked, id=21304, stack(0x0000009d85b00000,0x0000009d85c00000) (1024K)]
  0x0000024a627fc480 JavaThread "Monitor Deflation Thread"   daemon [_thread_blocked, id=160, stack(0x0000009d85c00000,0x0000009d85d00000) (1024K)]
  0x0000024a627fd210 JavaThread "C2 CompilerThread0"         daemon [_thread_blocked, id=17452, stack(0x0000009d85d00000,0x0000009d85e00000) (1024K)]
  0x0000024a62800cd0 JavaThread "C1 CompilerThread0"         daemon [_thread_blocked, id=7644, stack(0x0000009d85e00000,0x0000009d85f00000) (1024K)]
  0x0000024a625dbc70 JavaThread "Common-Cleaner"             daemon [_thread_blocked, id=3112, stack(0x0000009d85f00000,0x0000009d86000000) (1024K)]
  0x0000024a62adafa0 JavaThread "Notification Thread"        daemon [_thread_blocked, id=2984, stack(0x0000009d86000000,0x0000009d86100000) (1024K)]
  0x0000024a68970a70 JavaThread "Daemon health stats"               [_thread_blocked, id=10680, stack(0x0000009d86600000,0x0000009d86700000) (1024K)]
  0x0000024a68d5cec0 JavaThread "Incoming local TCP Connector on port 59031"        [_thread_in_native, id=8124, stack(0x0000009d86700000,0x0000009d86800000) (1024K)]
  0x0000024a68b57120 JavaThread "Daemon periodic checks"            [_thread_blocked, id=8008, stack(0x0000009d86800000,0x0000009d86900000) (1024K)]
  0x0000024a68da04d0 JavaThread "Daemon"                            [_thread_blocked, id=10432, stack(0x0000009d86900000,0x0000009d86a00000) (1024K)]
  0x0000024a68c51790 JavaThread "Handler for socket connection from /127.0.0.1:59031 to /127.0.0.1:59032"        [_thread_in_native, id=2624, stack(0x0000009d86a00000,0x0000009d86b00000) (1024K)]
  0x0000024a68ed4420 JavaThread "Cancel handler"                    [_thread_blocked, id=3320, stack(0x0000009d86b00000,0x0000009d86c00000) (1024K)]
  0x0000024a68ed64f0 JavaThread "Daemon worker"                     [_thread_blocked, id=8356, stack(0x0000009d86c00000,0x0000009d86d00000) (1024K)]
  0x0000024a68ed3070 JavaThread "Asynchronous log dispatcher for DefaultDaemonConnection: socket connection from /127.0.0.1:59031 to /127.0.0.1:59032"        [_thread_blocked, id=7308, stack(0x0000009d86d00000,0x0000009d86e00000) (1024K)]
  0x0000024a68ed5e60 JavaThread "Stdin handler"                     [_thread_blocked, id=19656, stack(0x0000009d86e00000,0x0000009d86f00000) (1024K)]
  0x0000024a68ed57d0 JavaThread "Daemon client event forwarder"        [_thread_blocked, id=19396, stack(0x0000009d86f00000,0x0000009d87000000) (1024K)]
  0x0000024a68ed3700 JavaThread "Cache worker for journal cache (C:\Users\DELL\.gradle\caches\journal-1)"        [_thread_blocked, id=13216, stack(0x0000009d87400000,0x0000009d87500000) (1024K)]
  0x0000024a68ed3d90 JavaThread "File lock request listener"        [_thread_in_native, id=2412, stack(0x0000009d87500000,0x0000009d87600000) (1024K)]
  0x0000024a68ed4ab0 JavaThread "Cache worker for file hash cache (C:\Users\DELL\.gradle\caches\8.9\fileHashes)"        [_thread_blocked, id=20120, stack(0x0000009d87600000,0x0000009d87700000) (1024K)]
  0x0000024a69a26720 JavaThread "Cache worker for file hash cache (E:\HocTap\BaiTap\.gradle\8.9\fileHashes)"        [_thread_blocked, id=4576, stack(0x0000009d87800000,0x0000009d87900000) (1024K)]
  0x0000024a69a26db0 JavaThread "Cache worker for Build Output Cleanup Cache (E:\HocTap\BaiTap\.gradle\buildOutputCleanup)"        [_thread_blocked, id=10900, stack(0x0000009d87900000,0x0000009d87a00000) (1024K)]
  0x0000024a69a27440 JavaThread "File watcher server"        daemon [_thread_in_native, id=8672, stack(0x0000009d87a00000,0x0000009d87b00000) (1024K)]
  0x0000024a69a29510 JavaThread "File watcher consumer"      daemon [_thread_blocked, id=19876, stack(0x0000009d87b00000,0x0000009d87c00000) (1024K)]
  0x0000024a69a27ad0 JavaThread "jar transforms"                    [_thread_blocked, id=10576, stack(0x0000009d87c00000,0x0000009d87d00000) (1024K)]
  0x0000024a69a287f0 JavaThread "jar transforms Thread 2"           [_thread_blocked, id=2280, stack(0x0000009d87d00000,0x0000009d87e00000) (1024K)]
  0x0000024a69a26090 JavaThread "jar transforms Thread 3"           [_thread_blocked, id=19880, stack(0x0000009d87e00000,0x0000009d87f00000) (1024K)]
  0x0000024a69a28160 JavaThread "jar transforms Thread 4"           [_thread_blocked, id=3424, stack(0x0000009d87f00000,0x0000009d88000000) (1024K)]
  0x0000024a69a28e80 JavaThread "jar transforms Thread 5"           [_thread_blocked, id=10384, stack(0x0000009d88000000,0x0000009d88100000) (1024K)]
  0x0000024a69a33030 JavaThread "jar transforms Thread 6"           [_thread_blocked, id=7936, stack(0x0000009d88100000,0x0000009d88200000) (1024K)]
  0x0000024a69a364b0 JavaThread "jar transforms Thread 7"           [_thread_blocked, id=8808, stack(0x0000009d88200000,0x0000009d88300000) (1024K)]
  0x0000024a69a31c80 JavaThread "jar transforms Thread 8"           [_thread_blocked, id=924, stack(0x0000009d88300000,0x0000009d88400000) (1024K)]
  0x0000024a69a329a0 JavaThread "Cache worker for checksums cache (E:\HocTap\BaiTap\.gradle\8.9\checksums)"        [_thread_blocked, id=16568, stack(0x0000009d88400000,0x0000009d88500000) (1024K)]
  0x0000024a69a37ef0 JavaThread "Cache worker for file content cache (C:\Users\DELL\.gradle\caches\8.9\fileContent)"        [_thread_blocked, id=18664, stack(0x0000009d88500000,0x0000009d88600000) (1024K)]
  0x0000024a69a336c0 JavaThread "Cache worker for cache directory md-rule (C:\Users\DELL\.gradle\caches\8.9\md-rule)"        [_thread_blocked, id=12804, stack(0x0000009d88600000,0x0000009d88700000) (1024K)]
  0x0000024a69a35e20 JavaThread "Cache worker for cache directory md-supplier (C:\Users\DELL\.gradle\caches\8.9\md-supplier)"        [_thread_blocked, id=7044, stack(0x0000009d88700000,0x0000009d88800000) (1024K)]
  0x0000024a69a38580 JavaThread "Unconstrained build operations"        [_thread_blocked, id=2712, stack(0x0000009d87700000,0x0000009d87800000) (1024K)]
  0x0000024a69a33d50 JavaThread "Unconstrained build operations Thread 2"        [_thread_blocked, id=13568, stack(0x0000009d88800000,0x0000009d88900000) (1024K)]
  0x0000024a69a371d0 JavaThread "Unconstrained build operations Thread 3"        [_thread_blocked, id=8736, stack(0x0000009d88900000,0x0000009d88a00000) (1024K)]
  0x0000024a69a35790 JavaThread "Unconstrained build operations Thread 4"        [_thread_blocked, id=940, stack(0x0000009d88a00000,0x0000009d88b00000) (1024K)]
  0x0000024a69a37860 JavaThread "Unconstrained build operations Thread 5"        [_thread_blocked, id=21000, stack(0x0000009d88b00000,0x0000009d88c00000) (1024K)]
  0x0000024a69a32310 JavaThread "Unconstrained build operations Thread 6"        [_thread_blocked, id=15084, stack(0x0000009d88c00000,0x0000009d88d00000) (1024K)]
  0x0000024a6a2473c0 JavaThread "Unconstrained build operations Thread 7"        [_thread_blocked, id=19904, stack(0x0000009d88d00000,0x0000009d88e00000) (1024K)]
  0x0000024a6a24a1b0 JavaThread "Unconstrained build operations Thread 8"        [_thread_blocked, id=13304, stack(0x0000009d88e00000,0x0000009d88f00000) (1024K)]
  0x0000024a6a243f40 JavaThread "Unconstrained build operations Thread 9"        [_thread_blocked, id=19228, stack(0x0000009d88f00000,0x0000009d89000000) (1024K)]
  0x0000024a6a2445d0 JavaThread "Unconstrained build operations Thread 10"        [_thread_blocked, id=10796, stack(0x0000009d89000000,0x0000009d89100000) (1024K)]
  0x0000024a6a2466a0 JavaThread "Unconstrained build operations Thread 11"        [_thread_blocked, id=17956, stack(0x0000009d89100000,0x0000009d89200000) (1024K)]
  0x0000024a6a2480e0 JavaThread "Unconstrained build operations Thread 12"        [_thread_blocked, id=5560, stack(0x0000009d89200000,0x0000009d89300000) (1024K)]
  0x0000024a6a248770 JavaThread "Unconstrained build operations Thread 13"        [_thread_blocked, id=7996, stack(0x0000009d89300000,0x0000009d89400000) (1024K)]
  0x0000024a6a243220 JavaThread "Unconstrained build operations Thread 14"        [_thread_blocked, id=11688, stack(0x0000009d89400000,0x0000009d89500000) (1024K)]
  0x0000024a6a247a50 JavaThread "Unconstrained build operations Thread 15"        [_thread_blocked, id=18704, stack(0x0000009d89500000,0x0000009d89600000) (1024K)]
  0x0000024a6a244c60 JavaThread "Unconstrained build operations Thread 16"        [_thread_blocked, id=11260, stack(0x0000009d89600000,0x0000009d89700000) (1024K)]
  0x0000024a6a249b20 JavaThread "Unconstrained build operations Thread 17"        [_thread_blocked, id=1348, stack(0x0000009d89700000,0x0000009d89800000) (1024K)]
  0x0000024a6a246d30 JavaThread "Unconstrained build operations Thread 18"        [_thread_blocked, id=10252, stack(0x0000009d89800000,0x0000009d89900000) (1024K)]
  0x0000024a69e4f090 JavaThread "C2 CompilerThread1"         daemon [_thread_blocked, id=1820, stack(0x0000009d86500000,0x0000009d86600000) (1024K)]
Total: 59

Other Threads:
=>0x0000024a6263eb10 VMThread "VM Thread"                           [id=19080, stack(0x0000009d85600000,0x0000009d85700000) (1024K)]
  0x0000024a625da8d0 WatcherThread "VM Periodic Task Thread"        [id=7272, stack(0x0000009d85500000,0x0000009d85600000) (1024K)]
  0x0000024a4af97140 WorkerThread "GC Thread#0"                     [id=19068, stack(0x0000009d85000000,0x0000009d85100000) (1024K)]
  0x0000024a673e94b0 WorkerThread "GC Thread#1"                     [id=12488, stack(0x0000009d86100000,0x0000009d86200000) (1024K)]
  0x0000024a67406ff0 WorkerThread "GC Thread#2"                     [id=19640, stack(0x0000009d86200000,0x0000009d86300000) (1024K)]
  0x0000024a6781c0d0 WorkerThread "GC Thread#3"                     [id=13080, stack(0x0000009d86300000,0x0000009d86400000) (1024K)]
  0x0000024a67d76d60 WorkerThread "GC Thread#4"                     [id=1736, stack(0x0000009d86400000,0x0000009d86500000) (1024K)]
  0x0000024a68ef99c0 WorkerThread "GC Thread#5"                     [id=15560, stack(0x0000009d87000000,0x0000009d87100000) (1024K)]
  0x0000024a68efa5b0 WorkerThread "GC Thread#6"                     [id=18612, stack(0x0000009d87100000,0x0000009d87200000) (1024K)]
  0x0000024a68efa950 WorkerThread "GC Thread#7"                     [id=8960, stack(0x0000009d87200000,0x0000009d87300000) (1024K)]
  0x0000024a4afa8120 ConcurrentGCThread "G1 Main Marker"            [id=14168, stack(0x0000009d85100000,0x0000009d85200000) (1024K)]
  0x0000024a4afa8c20 WorkerThread "G1 Conc#0"                       [id=8708, stack(0x0000009d85200000,0x0000009d85300000) (1024K)]
  0x0000024a68dd8ea0 WorkerThread "G1 Conc#1"                       [id=2348, stack(0x0000009d87300000,0x0000009d87400000) (1024K)]
  0x0000024a624adbe0 ConcurrentGCThread "G1 Refine#0"               [id=11268, stack(0x0000009d85300000,0x0000009d85400000) (1024K)]
  0x0000024a624ae750 ConcurrentGCThread "G1 Service"                [id=18040, stack(0x0000009d85400000,0x0000009d85500000) (1024K)]
Total: 15

Threads with active compile tasks:
Total: 0

VM state: at safepoint (normal execution)

VM Mutex/Monitor currently owned by a thread:  ([mutex/lock_event])
[0x00007ffaa43a20c8] Threads_lock - owner thread: 0x0000024a6263eb10
[0x00007ffaa43a21c8] Heap_lock - owner thread: 0x0000024a68ed64f0

Heap address: 0x0000000080000000, size: 2048 MB, Compressed Oops mode: 32-bit

CDS archive(s) not mapped
Compressed class space mapped at: 0x0000000100000000-0x0000000140000000, reserved size: 1073741824
Narrow klass base: 0x0000000000000000, Narrow klass shift: 3, Narrow klass range: 0x140000000

GC Precious Log:
 CardTable entry size: 512
 Card Set container configuration: InlinePtr #cards 5 size 8 Array Of Cards #cards 12 size 40 Howl #buckets 4 coarsen threshold 1843 Howl Bitmap #cards 512 size 80 coarsen threshold 460 Card regions per heap region 1 cards per card region 2048
 CPUs: 8 total, 8 available
 Memory: 7914M
 Large Page Support: Disabled
 NUMA Support: Disabled
 Compressed Oops: Enabled (32-bit)
 Heap Region Size: 1M
 Heap Min Capacity: 8M
 Heap Initial Capacity: 124M
 Heap Max Capacity: 2G
 Pre-touch: Disabled
 Parallel Workers: 8
 Concurrent Workers: 2
 Concurrent Refinement Workers: 8
 Periodic GC: Disabled

Heap:
 garbage-first heap   total 153600K, used 102860K [0x0000000080000000, 0x0000000100000000)
  region size 1024K, 6 young (6144K), 6 survivors (6144K)
 Metaspace       used 88006K, committed 89728K, reserved 1179648K
  class space    used 11838K, committed 12672K, reserved 1048576K

Heap Regions: E=young(eden), S=young(survivor), O=old, HS=humongous(starts), HC=humongous(continues), CS=collection set, F=free, TAMS=top-at-mark-start, PB=parsable bottom
|   0|0x0000000080000000, 0x0000000080100000, 0x0000000080100000|100%|HS|  |TAMS 0x0000000080100000| PB 0x0000000080000000| Complete 
|   1|0x0000000080100000, 0x0000000080200000, 0x0000000080200000|100%|HC|  |TAMS 0x0000000080200000| PB 0x0000000080100000| Complete 
|   2|0x0000000080200000, 0x0000000080300000, 0x0000000080300000|100%|HC|  |TAMS 0x0000000080300000| PB 0x0000000080200000| Complete 
|   3|0x0000000080300000, 0x0000000080400000, 0x0000000080400000|100%|HC|  |TAMS 0x0000000080400000| PB 0x0000000080300000| Complete 
|   4|0x0000000080400000, 0x0000000080500000, 0x0000000080500000|100%| O|  |TAMS 0x0000000080500000| PB 0x0000000080400000| Untracked 
|   5|0x0000000080500000, 0x0000000080600000, 0x0000000080600000|100%| O|  |TAMS 0x0000000080600000| PB 0x0000000080500000| Untracked 
|   6|0x0000000080600000, 0x0000000080700000, 0x0000000080700000|100%| O|  |TAMS 0x0000000080700000| PB 0x0000000080600000| Untracked 
|   7|0x0000000080700000, 0x0000000080800000, 0x0000000080800000|100%| O|  |TAMS 0x0000000080800000| PB 0x0000000080700000| Untracked 
|   8|0x0000000080800000, 0x0000000080900000, 0x0000000080900000|100%|HS|  |TAMS 0x0000000080900000| PB 0x0000000080800000| Complete 
|   9|0x0000000080900000, 0x0000000080a00000, 0x0000000080a00000|100%| O|  |TAMS 0x0000000080a00000| PB 0x0000000080900000| Untracked 
|  10|0x0000000080a00000, 0x0000000080b00000, 0x0000000080b00000|100%| O|  |TAMS 0x0000000080b00000| PB 0x0000000080a00000| Untracked 
|  11|0x0000000080b00000, 0x0000000080c00000, 0x0000000080c00000|100%| O|  |TAMS 0x0000000080c00000| PB 0x0000000080b00000| Untracked 
|  12|0x0000000080c00000, 0x0000000080d00000, 0x0000000080d00000|100%| O|  |TAMS 0x0000000080d00000| PB 0x0000000080c00000| Untracked 
|  13|0x0000000080d00000, 0x0000000080e00000, 0x0000000080e00000|100%| O|  |TAMS 0x0000000080e00000| PB 0x0000000080d00000| Untracked 
|  14|0x0000000080e00000, 0x0000000080f00000, 0x0000000080f00000|100%| O|  |TAMS 0x0000000080f00000| PB 0x0000000080e00000| Untracked 
|  15|0x0000000080f00000, 0x0000000081000000, 0x0000000081000000|100%| O|  |TAMS 0x0000000081000000| PB 0x0000000080f00000| Untracked 
|  16|0x0000000081000000, 0x0000000081100000, 0x0000000081100000|100%| O|  |TAMS 0x0000000081100000| PB 0x0000000081000000| Untracked 
|  17|0x0000000081100000, 0x0000000081200000, 0x0000000081200000|100%| O|  |TAMS 0x0000000081200000| PB 0x0000000081100000| Untracked 
|  18|0x0000000081200000, 0x0000000081300000, 0x0000000081300000|100%| O|  |TAMS 0x0000000081300000| PB 0x0000000081200000| Untracked 
|  19|0x0000000081300000, 0x0000000081400000, 0x0000000081400000|100%| O|  |TAMS 0x0000000081400000| PB 0x0000000081300000| Untracked 
|  20|0x0000000081400000, 0x0000000081500000, 0x0000000081500000|100%| O|  |TAMS 0x0000000081500000| PB 0x0000000081400000| Untracked 
|  21|0x0000000081500000, 0x0000000081600000, 0x0000000081600000|100%| O|  |TAMS 0x0000000081600000| PB 0x0000000081500000| Untracked 
|  22|0x0000000081600000, 0x0000000081700000, 0x0000000081700000|100%|HS|  |TAMS 0x0000000081700000| PB 0x0000000081600000| Complete 
|  23|0x0000000081700000, 0x0000000081800000, 0x0000000081800000|100%|HC|  |TAMS 0x0000000081800000| PB 0x0000000081700000| Complete 
|  24|0x0000000081800000, 0x0000000081900000, 0x0000000081900000|100%|HC|  |TAMS 0x0000000081900000| PB 0x0000000081800000| Complete 
|  25|0x0000000081900000, 0x0000000081a00000, 0x0000000081a00000|100%|HC|  |TAMS 0x0000000081a00000| PB 0x0000000081900000| Complete 
|  26|0x0000000081a00000, 0x0000000081b00000, 0x0000000081b00000|100%|HC|  |TAMS 0x0000000081b00000| PB 0x0000000081a00000| Complete 
|  27|0x0000000081b00000, 0x0000000081c00000, 0x0000000081c00000|100%|HC|  |TAMS 0x0000000081c00000| PB 0x0000000081b00000| Complete 
|  28|0x0000000081c00000, 0x0000000081d00000, 0x0000000081d00000|100%|HS|  |TAMS 0x0000000081d00000| PB 0x0000000081c00000| Complete 
|  29|0x0000000081d00000, 0x0000000081e00000, 0x0000000081e00000|100%|HC|  |TAMS 0x0000000081e00000| PB 0x0000000081d00000| Complete 
|  30|0x0000000081e00000, 0x0000000081f00000, 0x0000000081f00000|100%|HC|  |TAMS 0x0000000081f00000| PB 0x0000000081e00000| Complete 
|  31|0x0000000081f00000, 0x0000000082000000, 0x0000000082000000|100%| O|  |TAMS 0x0000000081f00000| PB 0x0000000081f00000| Untracked 
|  32|0x0000000082000000, 0x0000000082100000, 0x0000000082100000|100%|HS|  |TAMS 0x0000000082100000| PB 0x0000000082000000| Complete 
|  33|0x0000000082100000, 0x0000000082200000, 0x0000000082200000|100%|HC|  |TAMS 0x0000000082200000| PB 0x0000000082100000| Complete 
|  34|0x0000000082200000, 0x0000000082300000, 0x0000000082300000|100%|HS|  |TAMS 0x0000000082300000| PB 0x0000000082200000| Complete 
|  35|0x0000000082300000, 0x0000000082400000, 0x0000000082400000|100%| O|  |TAMS 0x0000000082400000| PB 0x0000000082300000| Untracked 
|  36|0x0000000082400000, 0x0000000082500000, 0x0000000082500000|100%| O|  |TAMS 0x0000000082500000| PB 0x0000000082400000| Untracked 
|  37|0x0000000082500000, 0x0000000082600000, 0x0000000082600000|100%| O|  |TAMS 0x0000000082600000| PB 0x0000000082500000| Untracked 
|  38|0x0000000082600000, 0x0000000082700000, 0x0000000082700000|100%| O|  |TAMS 0x0000000082700000| PB 0x0000000082600000| Untracked 
|  39|0x0000000082700000, 0x0000000082800000, 0x0000000082800000|100%| O|  |TAMS 0x0000000082800000| PB 0x0000000082700000| Untracked 
|  40|0x0000000082800000, 0x0000000082900000, 0x0000000082900000|100%| O|  |TAMS 0x0000000082900000| PB 0x0000000082800000| Untracked 
|  41|0x0000000082900000, 0x0000000082a00000, 0x0000000082a00000|100%| O|  |TAMS 0x0000000082a00000| PB 0x0000000082900000| Untracked 
|  42|0x0000000082a00000, 0x0000000082b00000, 0x0000000082b00000|100%| O|  |TAMS 0x0000000082b00000| PB 0x0000000082a00000| Untracked 
|  43|0x0000000082b00000, 0x0000000082c00000, 0x0000000082c00000|100%| O|  |TAMS 0x0000000082c00000| PB 0x0000000082b00000| Untracked 
|  44|0x0000000082c00000, 0x0000000082d00000, 0x0000000082d00000|100%| O|  |TAMS 0x0000000082d00000| PB 0x0000000082c00000| Untracked 
|  45|0x0000000082d00000, 0x0000000082e00000, 0x0000000082e00000|100%|HS|  |TAMS 0x0000000082e00000| PB 0x0000000082d00000| Complete 
|  46|0x0000000082e00000, 0x0000000082f00000, 0x0000000082f00000|100%| O|  |TAMS 0x0000000082f00000| PB 0x0000000082e00000| Untracked 
|  47|0x0000000082f00000, 0x0000000083000000, 0x0000000083000000|100%| O|  |TAMS 0x0000000083000000| PB 0x0000000082f00000| Untracked 
|  48|0x0000000083000000, 0x0000000083100000, 0x0000000083100000|100%|HS|  |TAMS 0x0000000083100000| PB 0x0000000083000000| Complete 
|  49|0x0000000083100000, 0x0000000083200000, 0x0000000083200000|100%|HC|  |TAMS 0x0000000083200000| PB 0x0000000083100000| Complete 
|  50|0x0000000083200000, 0x0000000083300000, 0x0000000083300000|100%| O|  |TAMS 0x0000000083300000| PB 0x0000000083200000| Untracked 
|  51|0x0000000083300000, 0x0000000083400000, 0x0000000083400000|100%| O|  |TAMS 0x0000000083400000| PB 0x0000000083300000| Untracked 
|  52|0x0000000083400000, 0x0000000083500000, 0x0000000083500000|100%| O|  |TAMS 0x0000000083500000| PB 0x0000000083400000| Untracked 
|  53|0x0000000083500000, 0x0000000083600000, 0x0000000083600000|100%| O|  |TAMS 0x0000000083600000| PB 0x0000000083500000| Untracked 
|  54|0x0000000083600000, 0x0000000083700000, 0x0000000083700000|100%| O|  |TAMS 0x0000000083700000| PB 0x0000000083600000| Untracked 
|  55|0x0000000083700000, 0x0000000083800000, 0x0000000083800000|100%| O|  |TAMS 0x0000000083800000| PB 0x0000000083700000| Untracked 
|  56|0x0000000083800000, 0x0000000083900000, 0x0000000083900000|100%| O|  |TAMS 0x0000000083900000| PB 0x0000000083800000| Untracked 
|  57|0x0000000083900000, 0x0000000083a00000, 0x0000000083a00000|100%|HS|  |TAMS 0x0000000083a00000| PB 0x0000000083900000| Complete 
|  58|0x0000000083a00000, 0x0000000083b00000, 0x0000000083b00000|100%|HC|  |TAMS 0x0000000083b00000| PB 0x0000000083a00000| Complete 
|  59|0x0000000083b00000, 0x0000000083c00000, 0x0000000083c00000|100%|HC|  |TAMS 0x0000000083c00000| PB 0x0000000083b00000| Complete 
|  60|0x0000000083c00000, 0x0000000083d00000, 0x0000000083d00000|100%|HC|  |TAMS 0x0000000083d00000| PB 0x0000000083c00000| Complete 
|  61|0x0000000083d00000, 0x0000000083e00000, 0x0000000083e00000|100%|HC|  |TAMS 0x0000000083e00000| PB 0x0000000083d00000| Complete 
|  62|0x0000000083e00000, 0x0000000083f00000, 0x0000000083f00000|100%|HC|  |TAMS 0x0000000083f00000| PB 0x0000000083e00000| Complete 
|  63|0x0000000083f00000, 0x0000000084000000, 0x0000000084000000|100%|HS|  |TAMS 0x0000000084000000| PB 0x0000000083f00000| Complete 
|  64|0x0000000084000000, 0x0000000084100000, 0x0000000084100000|100%|HC|  |TAMS 0x0000000084100000| PB 0x0000000084000000| Complete 
|  65|0x0000000084100000, 0x0000000084200000, 0x0000000084200000|100%|HC|  |TAMS 0x0000000084200000| PB 0x0000000084100000| Complete 
|  66|0x0000000084200000, 0x0000000084300000, 0x0000000084300000|100%|HC|  |TAMS 0x0000000084300000| PB 0x0000000084200000| Complete 
|  67|0x0000000084300000, 0x0000000084400000, 0x0000000084400000|100%|HC|  |TAMS 0x0000000084400000| PB 0x0000000084300000| Complete 
|  68|0x0000000084400000, 0x0000000084500000, 0x0000000084500000|100%|HC|  |TAMS 0x0000000084500000| PB 0x0000000084400000| Complete 
|  69|0x0000000084500000, 0x0000000084600000, 0x0000000084600000|100%| O|  |TAMS 0x0000000084600000| PB 0x0000000084500000| Untracked 
|  70|0x0000000084600000, 0x0000000084700000, 0x0000000084700000|100%| O|  |TAMS 0x0000000084700000| PB 0x0000000084600000| Untracked 
|  71|0x0000000084700000, 0x0000000084800000, 0x0000000084800000|100%| O|  |TAMS 0x0000000084800000| PB 0x0000000084700000| Untracked 
|  72|0x0000000084800000, 0x0000000084900000, 0x0000000084900000|100%| O|  |TAMS 0x0000000084900000| PB 0x0000000084800000| Untracked 
|  73|0x0000000084900000, 0x0000000084a00000, 0x0000000084a00000|100%| O|  |TAMS 0x0000000084900000| PB 0x0000000084900000| Untracked 
|  74|0x0000000084a00000, 0x0000000084b00000, 0x0000000084b00000|100%|HS|  |TAMS 0x0000000084b00000| PB 0x0000000084a00000| Complete 
|  75|0x0000000084b00000, 0x0000000084c00000, 0x0000000084c00000|100%|HC|  |TAMS 0x0000000084c00000| PB 0x0000000084b00000| Complete 
|  76|0x0000000084c00000, 0x0000000084d00000, 0x0000000084d00000|100%|HC|  |TAMS 0x0000000084d00000| PB 0x0000000084c00000| Complete 
|  77|0x0000000084d00000, 0x0000000084e00000, 0x0000000084e00000|100%|HC|  |TAMS 0x0000000084e00000| PB 0x0000000084d00000| Complete 
|  78|0x0000000084e00000, 0x0000000084f00000, 0x0000000084f00000|100%|HC|  |TAMS 0x0000000084f00000| PB 0x0000000084e00000| Complete 
|  79|0x0000000084f00000, 0x0000000085000000, 0x0000000085000000|100%|HC|  |TAMS 0x0000000085000000| PB 0x0000000084f00000| Complete 
|  80|0x0000000085000000, 0x0000000085100000, 0x0000000085100000|100%| O|  |TAMS 0x0000000085100000| PB 0x0000000085000000| Untracked 
|  81|0x0000000085100000, 0x0000000085200000, 0x0000000085200000|100%| O|  |TAMS 0x0000000085200000| PB 0x0000000085100000| Untracked 
|  82|0x0000000085200000, 0x0000000085300000, 0x0000000085300000|100%| O|  |TAMS 0x0000000085300000| PB 0x0000000085200000| Untracked 
|  83|0x0000000085300000, 0x0000000085400000, 0x0000000085400000|100%| O|  |TAMS 0x0000000085400000| PB 0x0000000085300000| Untracked 
|  84|0x0000000085400000, 0x0000000085500000, 0x0000000085500000|100%| O|  |TAMS 0x0000000085500000| PB 0x0000000085400000| Untracked 
|  85|0x0000000085500000, 0x0000000085600000, 0x0000000085600000|100%| O|  |TAMS 0x0000000085600000| PB 0x0000000085500000| Untracked 
|  86|0x0000000085600000, 0x0000000085700000, 0x0000000085700000|100%| O|  |TAMS 0x0000000085700000| PB 0x0000000085600000| Untracked 
|  87|0x0000000085700000, 0x0000000085700000, 0x0000000085800000|  0%| F|  |TAMS 0x0000000085700000| PB 0x0000000085700000| Untracked 
|  88|0x0000000085800000, 0x00000000858d5a00, 0x0000000085900000| 83%| O|  |TAMS 0x0000000085800000| PB 0x0000000085800000| Untracked 
|  89|0x0000000085900000, 0x0000000085900000, 0x0000000085a00000|  0%| F|  |TAMS 0x0000000085900000| PB 0x0000000085900000| Untracked 
|  90|0x0000000085a00000, 0x0000000085a00000, 0x0000000085b00000|  0%| F|  |TAMS 0x0000000085a00000| PB 0x0000000085a00000| Untracked 
|  91|0x0000000085b00000, 0x0000000085b00000, 0x0000000085c00000|  0%| F|  |TAMS 0x0000000085b00000| PB 0x0000000085b00000| Untracked 
|  92|0x0000000085c00000, 0x0000000085c00000, 0x0000000085d00000|  0%| F|  |TAMS 0x0000000085c00000| PB 0x0000000085c00000| Untracked 
|  93|0x0000000085d00000, 0x0000000085d00000, 0x0000000085e00000|  0%| F|  |TAMS 0x0000000085d00000| PB 0x0000000085d00000| Untracked 
|  94|0x0000000085e00000, 0x0000000085e00000, 0x0000000085f00000|  0%| F|  |TAMS 0x0000000085e00000| PB 0x0000000085e00000| Untracked 
|  95|0x0000000085f00000, 0x0000000085f00000, 0x0000000086000000|  0%| F|  |TAMS 0x0000000085f00000| PB 0x0000000085f00000| Untracked 
|  96|0x0000000086000000, 0x0000000086000000, 0x0000000086100000|  0%| F|  |TAMS 0x0000000086000000| PB 0x0000000086000000| Untracked 
|  97|0x0000000086100000, 0x0000000086100000, 0x0000000086200000|  0%| F|  |TAMS 0x0000000086100000| PB 0x0000000086100000| Untracked 
|  98|0x0000000086200000, 0x0000000086200000, 0x0000000086300000|  0%| F|  |TAMS 0x0000000086200000| PB 0x0000000086200000| Untracked 
|  99|0x0000000086300000, 0x0000000086300000, 0x0000000086400000|  0%| F|  |TAMS 0x0000000086300000| PB 0x0000000086300000| Untracked 
| 100|0x0000000086400000, 0x000000008649d710, 0x0000000086500000| 61%| S|CS|TAMS 0x0000000086400000| PB 0x0000000086400000| Complete 
| 101|0x0000000086500000, 0x0000000086600000, 0x0000000086600000|100%| S|CS|TAMS 0x0000000086500000| PB 0x0000000086500000| Complete 
| 102|0x0000000086600000, 0x0000000086700000, 0x0000000086700000|100%| S|CS|TAMS 0x0000000086600000| PB 0x0000000086600000| Complete 
| 103|0x0000000086700000, 0x0000000086800000, 0x0000000086800000|100%| S|CS|TAMS 0x0000000086700000| PB 0x0000000086700000| Complete 
| 104|0x0000000086800000, 0x0000000086900000, 0x0000000086900000|100%| S|CS|TAMS 0x0000000086800000| PB 0x0000000086800000| Complete 
| 105|0x0000000086900000, 0x0000000086a00000, 0x0000000086a00000|100%| S|CS|TAMS 0x0000000086900000| PB 0x0000000086900000| Complete 
| 106|0x0000000086a00000, 0x0000000086a00000, 0x0000000086b00000|  0%| F|  |TAMS 0x0000000086a00000| PB 0x0000000086a00000| Untracked 
| 107|0x0000000086b00000, 0x0000000086b00000, 0x0000000086c00000|  0%| F|  |TAMS 0x0000000086b00000| PB 0x0000000086b00000| Untracked 
| 108|0x0000000086c00000, 0x0000000086c00000, 0x0000000086d00000|  0%| F|  |TAMS 0x0000000086c00000| PB 0x0000000086c00000| Untracked 
| 109|0x0000000086d00000, 0x0000000086d00000, 0x0000000086e00000|  0%| F|  |TAMS 0x0000000086d00000| PB 0x0000000086d00000| Untracked 
| 110|0x0000000086e00000, 0x0000000086e00000, 0x0000000086f00000|  0%| F|  |TAMS 0x0000000086e00000| PB 0x0000000086e00000| Untracked 
| 111|0x0000000086f00000, 0x0000000086f00000, 0x0000000087000000|  0%| F|  |TAMS 0x0000000086f00000| PB 0x0000000086f00000| Untracked 
| 112|0x0000000087000000, 0x0000000087000000, 0x0000000087100000|  0%| F|  |TAMS 0x0000000087000000| PB 0x0000000087000000| Untracked 
| 113|0x0000000087100000, 0x0000000087100000, 0x0000000087200000|  0%| F|  |TAMS 0x0000000087100000| PB 0x0000000087100000| Untracked 
| 114|0x0000000087200000, 0x0000000087200000, 0x0000000087300000|  0%| F|  |TAMS 0x0000000087200000| PB 0x0000000087200000| Untracked 
| 115|0x0000000087300000, 0x0000000087300000, 0x0000000087400000|  0%| F|  |TAMS 0x0000000087300000| PB 0x0000000087300000| Untracked 
| 116|0x0000000087400000, 0x0000000087400000, 0x0000000087500000|  0%| F|  |TAMS 0x0000000087400000| PB 0x0000000087400000| Untracked 
| 117|0x0000000087500000, 0x0000000087500000, 0x0000000087600000|  0%| F|  |TAMS 0x0000000087500000| PB 0x0000000087500000| Untracked 
| 118|0x0000000087600000, 0x0000000087600000, 0x0000000087700000|  0%| F|  |TAMS 0x0000000087600000| PB 0x0000000087600000| Untracked 
| 119|0x0000000087700000, 0x0000000087700000, 0x0000000087800000|  0%| F|  |TAMS 0x0000000087700000| PB 0x0000000087700000| Untracked 
| 120|0x0000000087800000, 0x0000000087800000, 0x0000000087900000|  0%| F|  |TAMS 0x0000000087800000| PB 0x0000000087800000| Untracked 
| 121|0x0000000087900000, 0x0000000087900000, 0x0000000087a00000|  0%| F|  |TAMS 0x0000000087900000| PB 0x0000000087900000| Untracked 
| 122|0x0000000087a00000, 0x0000000087a00000, 0x0000000087b00000|  0%| F|  |TAMS 0x0000000087a00000| PB 0x0000000087a00000| Untracked 
| 123|0x0000000087b00000, 0x0000000087b00000, 0x0000000087c00000|  0%| F|  |TAMS 0x0000000087b00000| PB 0x0000000087b00000| Untracked 
| 124|0x0000000087c00000, 0x0000000087c00000, 0x0000000087d00000|  0%| F|  |TAMS 0x0000000087c00000| PB 0x0000000087c00000| Untracked 
| 125|0x0000000087d00000, 0x0000000087d00000, 0x0000000087e00000|  0%| F|  |TAMS 0x0000000087d00000| PB 0x0000000087d00000| Untracked 
| 126|0x0000000087e00000, 0x0000000087e00000, 0x0000000087f00000|  0%| F|  |TAMS 0x0000000087e00000| PB 0x0000000087e00000| Untracked 
| 127|0x0000000087f00000, 0x0000000087f00000, 0x0000000088000000|  0%| F|  |TAMS 0x0000000087f00000| PB 0x0000000087f00000| Untracked 
| 128|0x0000000088000000, 0x0000000088000000, 0x0000000088100000|  0%| F|  |TAMS 0x0000000088000000| PB 0x0000000088000000| Untracked 
| 129|0x0000000088100000, 0x0000000088100000, 0x0000000088200000|  0%| F|  |TAMS 0x0000000088100000| PB 0x0000000088100000| Untracked 
| 130|0x0000000088200000, 0x0000000088200000, 0x0000000088300000|  0%| F|  |TAMS 0x0000000088200000| PB 0x0000000088200000| Untracked 
| 131|0x0000000088300000, 0x0000000088300000, 0x0000000088400000|  0%| F|  |TAMS 0x0000000088300000| PB 0x0000000088300000| Untracked 
| 132|0x0000000088400000, 0x0000000088400000, 0x0000000088500000|  0%| F|  |TAMS 0x0000000088400000| PB 0x0000000088400000| Untracked 
| 133|0x0000000088500000, 0x0000000088500000, 0x0000000088600000|  0%| F|  |TAMS 0x0000000088500000| PB 0x0000000088500000| Untracked 
| 134|0x0000000088600000, 0x0000000088600000, 0x0000000088700000|  0%| F|  |TAMS 0x0000000088600000| PB 0x0000000088600000| Untracked 
| 135|0x0000000088700000, 0x0000000088700000, 0x0000000088800000|  0%| F|  |TAMS 0x0000000088700000| PB 0x0000000088700000| Untracked 
| 136|0x0000000088800000, 0x0000000088800000, 0x0000000088900000|  0%| F|  |TAMS 0x0000000088800000| PB 0x0000000088800000| Untracked 
| 137|0x0000000088900000, 0x0000000088900000, 0x0000000088a00000|  0%| F|  |TAMS 0x0000000088900000| PB 0x0000000088900000| Untracked 
| 138|0x0000000088a00000, 0x0000000088a00000, 0x0000000088b00000|  0%| F|  |TAMS 0x0000000088a00000| PB 0x0000000088a00000| Untracked 
| 139|0x0000000088b00000, 0x0000000088b00000, 0x0000000088c00000|  0%| F|  |TAMS 0x0000000088b00000| PB 0x0000000088b00000| Untracked 
| 140|0x0000000088c00000, 0x0000000088c00000, 0x0000000088d00000|  0%| F|  |TAMS 0x0000000088c00000| PB 0x0000000088c00000| Untracked 
| 141|0x0000000088d00000, 0x0000000088d00000, 0x0000000088e00000|  0%| F|  |TAMS 0x0000000088d00000| PB 0x0000000088d00000| Untracked 
|2040|0x00000000ff800000, 0x00000000ff900000, 0x00000000ff900000|100%| O|  |TAMS 0x00000000ff823e20| PB 0x00000000ff800000| Untracked 
|2041|0x00000000ff900000, 0x00000000ffa00000, 0x00000000ffa00000|100%| O|  |TAMS 0x00000000ffa00000| PB 0x00000000ff900000| Untracked 
|2042|0x00000000ffa00000, 0x00000000ffa00000, 0x00000000ffb00000|  0%| F|  |TAMS 0x00000000ffa00000| PB 0x00000000ffa00000| Untracked 
|2043|0x00000000ffb00000, 0x00000000ffc00000, 0x00000000ffc00000|100%| O|  |TAMS 0x00000000ffc00000| PB 0x00000000ffb00000| Untracked 
|2044|0x00000000ffc00000, 0x00000000ffd00000, 0x00000000ffd00000|100%| O|  |TAMS 0x00000000ffd00000| PB 0x00000000ffc00000| Untracked 
|2045|0x00000000ffd00000, 0x00000000ffe00000, 0x00000000ffe00000|100%| O|  |TAMS 0x00000000ffe00000| PB 0x00000000ffd00000| Untracked 
|2046|0x00000000ffe00000, 0x00000000fff00000, 0x00000000fff00000|100%| O|  |TAMS 0x00000000fff00000| PB 0x00000000ffe00000| Untracked 
|2047|0x00000000fff00000, 0x0000000100000000, 0x0000000100000000|100%| O|  |TAMS 0x0000000100000000| PB 0x00000000fff00000| Untracked 

Card table byte_map: [0x0000024a5d7b0000,0x0000024a5dbb0000] _byte_map_base: 0x0000024a5d3b0000

Marking Bits: (CMBitMap*) 0x0000024a4af97840
 Bits: [0x0000024a5dbb0000, 0x0000024a5fbb0000)

Polling page: 0x0000024a48f00000

Metaspace:

Usage:
  Non-class:     74.38 MB used.
      Class:     11.56 MB used.
       Both:     85.94 MB used.

Virtual space:
  Non-class space:      128.00 MB reserved,      75.25 MB ( 59%) committed,  2 nodes.
      Class space:        1.00 GB reserved,      12.38 MB (  1%) committed,  1 nodes.
             Both:        1.12 GB reserved,      87.62 MB (  8%) committed. 

Chunk freelists:
   Non-Class:  3.84 MB
       Class:  3.66 MB
        Both:  7.50 MB

MaxMetaspaceSize: unlimited
CompressedClassSpaceSize: 1.00 GB
Initial GC threshold: 21.00 MB
Current GC threshold: 128.25 MB
CDS: off
 - commit_granule_bytes: 65536.
 - commit_granule_words: 8192.
 - virtual_space_node_default_size: 8388608.
 - enlarge_chunks_in_place: 1.
 - use_allocation_guard: 0.


Internal statistics:

num_allocs_failed_limit: 3.
num_arena_births: 2938.
num_arena_deaths: 0.
num_vsnodes_births: 3.
num_vsnodes_deaths: 0.
num_space_committed: 1400.
num_space_uncommitted: 0.
num_chunks_returned_to_freelist: 3.
num_chunks_taken_from_freelist: 6266.
num_chunk_merges: 3.
num_chunk_splits: 4297.
num_chunks_enlarged: 2937.
num_inconsistent_stats: 0.

CodeHeap 'non-profiled nmethods': size=120000Kb used=3196Kb max_used=3196Kb free=116803Kb
 bounds [0x0000024a55b50000, 0x0000024a55e70000, 0x0000024a5d080000]
CodeHeap 'profiled nmethods': size=120000Kb used=10641Kb max_used=10641Kb free=109358Kb
 bounds [0x0000024a4e080000, 0x0000024a4eaf0000, 0x0000024a555b0000]
CodeHeap 'non-nmethods': size=5760Kb used=3049Kb max_used=3063Kb free=2710Kb
 bounds [0x0000024a555b0000, 0x0000024a558c0000, 0x0000024a55b50000]
 total_blobs=6660 nmethods=5730 adapters=832
 compilation: enabled
              stopped_count=0, restarted_count=0
 full_count=0

Compilation events (20 events):
Event: 10.848 Thread 0x0000024a62800cd0 6805       1       org.jetbrains.kotlin.serialization.deserialization.DeserializationContext::getNameResolver (5 bytes)
Event: 10.848 Thread 0x0000024a62800cd0 nmethod 6805 0x0000024a55e6f010 code [0x0000024a55e6f1a0, 0x0000024a55e6f268]
Event: 10.848 Thread 0x0000024a62800cd0 6806       3       org.jetbrains.kotlin.name.Name::guessByFirstCharacter (28 bytes)
Event: 10.849 Thread 0x0000024a62800cd0 nmethod 6806 0x0000024a4eadf710 code [0x0000024a4eadf920, 0x0000024a4eadfe78]
Event: 10.849 Thread 0x0000024a62800cd0 6807       3       java.lang.String::lastIndexOf (10 bytes)
Event: 10.849 Thread 0x0000024a62800cd0 nmethod 6807 0x0000024a4eae0090 code [0x0000024a4eae0260, 0x0000024a4eae0498]
Event: 10.849 Thread 0x0000024a62800cd0 6808       3       org.jetbrains.kotlin.name.Name::asString (13 bytes)
Event: 10.849 Thread 0x0000024a62800cd0 nmethod 6808 0x0000024a4eae0590 code [0x0000024a4eae0740, 0x0000024a4eae08c0]
Event: 10.849 Thread 0x0000024a62800cd0 6809       3       org.jetbrains.kotlin.name.Name::hashCode (28 bytes)
Event: 10.849 Thread 0x0000024a62800cd0 nmethod 6809 0x0000024a4eae0990 code [0x0000024a4eae0b40, 0x0000024a4eae0cf8]
Event: 10.849 Thread 0x0000024a62800cd0 6810       3       org.jetbrains.kotlin.storage.LockBasedStorageManager::createNullableLazyValue (19 bytes)
Event: 10.849 Thread 0x0000024a62800cd0 nmethod 6810 0x0000024a4eae0e10 code [0x0000024a4eae0fe0, 0x0000024a4eae1208]
Event: 10.849 Thread 0x0000024a62800cd0 6811       3       org.jetbrains.kotlin.serialization.deserialization.NameResolverUtilKt::getClassId (30 bytes)
Event: 10.850 Thread 0x0000024a62800cd0 nmethod 6811 0x0000024a4eae1310 code [0x0000024a4eae15a0, 0x0000024a4eae1e30]
Event: 10.850 Thread 0x0000024a62800cd0 6812       3       org.jetbrains.kotlin.metadata.deserialization.NameResolverImpl::getQualifiedClassName (104 bytes)
Event: 10.850 Thread 0x0000024a62800cd0 nmethod 6812 0x0000024a4eae2210 code [0x0000024a4eae24c0, 0x0000024a4eae30e8]
Event: 10.850 Thread 0x0000024a62800cd0 6813       3       org.jetbrains.kotlin.metadata.deserialization.NameResolverImpl::isLocalClassName (15 bytes)
Event: 10.850 Thread 0x0000024a62800cd0 nmethod 6813 0x0000024a4eae3490 code [0x0000024a4eae3640, 0x0000024a4eae38a0]
Event: 10.850 Thread 0x0000024a62800cd0 6814       3       org.jetbrains.kotlin.name.ClassId::fromString (79 bytes)
Event: 10.851 Thread 0x0000024a62800cd0 nmethod 6814 0x0000024a4eae3990 code [0x0000024a4eae3c00, 0x0000024a4eae43b0]

GC Heap History (20 events):
Event: 6.823 GC heap after
{Heap after GC invocations=14 (full 0):
 garbage-first heap   total 93184K, used 52827K [0x0000000080000000, 0x0000000100000000)
  region size 1024K, 4 young (4096K), 4 survivors (4096K)
 Metaspace       used 51568K, committed 52928K, reserved 1114112K
  class space    used 6945K, committed 7616K, reserved 1048576K
}
Event: 7.206 GC heap before
{Heap before GC invocations=14 (full 0):
 garbage-first heap   total 93184K, used 80475K [0x0000000080000000, 0x0000000100000000)
  region size 1024K, 31 young (31744K), 4 survivors (4096K)
 Metaspace       used 54833K, committed 56256K, reserved 1114112K
  class space    used 7497K, committed 8192K, reserved 1048576K
}
Event: 7.211 GC heap after
{Heap after GC invocations=15 (full 0):
 garbage-first heap   total 93184K, used 54470K [0x0000000080000000, 0x0000000100000000)
  region size 1024K, 2 young (2048K), 2 survivors (2048K)
 Metaspace       used 54833K, committed 56256K, reserved 1114112K
  class space    used 7497K, committed 8192K, reserved 1048576K
}
Event: 7.647 GC heap before
{Heap before GC invocations=16 (full 0):
 garbage-first heap   total 96256K, used 90310K [0x0000000080000000, 0x0000000100000000)
  region size 1024K, 30 young (30720K), 2 survivors (2048K)
 Metaspace       used 56172K, committed 57664K, reserved 1114112K
  class space    used 7708K, committed 8448K, reserved 1048576K
}
Event: 7.651 GC heap after
{Heap after GC invocations=17 (full 0):
 garbage-first heap   total 119808K, used 68608K [0x0000000080000000, 0x0000000100000000)
  region size 1024K, 4 young (4096K), 4 survivors (4096K)
 Metaspace       used 56172K, committed 57664K, reserved 1114112K
  class space    used 7708K, committed 8448K, reserved 1048576K
}
Event: 7.970 GC heap before
{Heap before GC invocations=17 (full 0):
 garbage-first heap   total 119808K, used 111616K [0x0000000080000000, 0x0000000100000000)
  region size 1024K, 39 young (39936K), 4 survivors (4096K)
 Metaspace       used 58442K, committed 60032K, reserved 1114112K
  class space    used 7896K, committed 8640K, reserved 1048576K
}
Event: 7.974 GC heap after
{Heap after GC invocations=18 (full 0):
 garbage-first heap   total 120832K, used 77040K [0x0000000080000000, 0x0000000100000000)
  region size 1024K, 3 young (3072K), 3 survivors (3072K)
 Metaspace       used 58442K, committed 60032K, reserved 1114112K
  class space    used 7896K, committed 8640K, reserved 1048576K
}
Event: 8.484 GC heap before
{Heap before GC invocations=18 (full 0):
 garbage-first heap   total 120832K, used 108784K [0x0000000080000000, 0x0000000100000000)
  region size 1024K, 34 young (34816K), 3 survivors (3072K)
 Metaspace       used 64143K, committed 65664K, reserved 1114112K
  class space    used 9100K, committed 9856K, reserved 1048576K
}
Event: 8.486 GC heap after
{Heap after GC invocations=19 (full 0):
 garbage-first heap   total 120832K, used 77826K [0x0000000080000000, 0x0000000100000000)
  region size 1024K, 4 young (4096K), 4 survivors (4096K)
 Metaspace       used 64143K, committed 65664K, reserved 1114112K
  class space    used 9100K, committed 9856K, reserved 1048576K
}
Event: 8.898 GC heap before
{Heap before GC invocations=20 (full 0):
 garbage-first heap   total 137216K, used 107522K [0x0000000080000000, 0x0000000100000000)
  region size 1024K, 33 young (33792K), 4 survivors (4096K)
 Metaspace       used 68168K, committed 69696K, reserved 1114112K
  class space    used 9647K, committed 10368K, reserved 1048576K
}
Event: 8.901 GC heap after
{Heap after GC invocations=21 (full 0):
 garbage-first heap   total 137216K, used 78483K [0x0000000080000000, 0x0000000100000000)
  region size 1024K, 2 young (2048K), 2 survivors (2048K)
 Metaspace       used 68168K, committed 69696K, reserved 1114112K
  class space    used 9647K, committed 10368K, reserved 1048576K
}
Event: 9.428 GC heap before
{Heap before GC invocations=21 (full 0):
 garbage-first heap   total 137216K, used 124563K [0x0000000080000000, 0x0000000100000000)
  region size 1024K, 47 young (48128K), 2 survivors (2048K)
 Metaspace       used 75751K, committed 77376K, reserved 1179648K
  class space    used 10560K, committed 11328K, reserved 1048576K
}
Event: 9.432 GC heap after
{Heap after GC invocations=22 (full 0):
 garbage-first heap   total 137216K, used 78826K [0x0000000080000000, 0x0000000100000000)
  region size 1024K, 3 young (3072K), 3 survivors (3072K)
 Metaspace       used 75751K, committed 77376K, reserved 1179648K
  class space    used 10560K, committed 11328K, reserved 1048576K
}
Event: 9.513 GC heap before
{Heap before GC invocations=22 (full 0):
 garbage-first heap   total 137216K, used 84970K [0x0000000080000000, 0x0000000100000000)
  region size 1024K, 10 young (10240K), 3 survivors (3072K)
 Metaspace       used 76920K, committed 78592K, reserved 1179648K
  class space    used 10715K, committed 11520K, reserved 1048576K
}
Event: 9.516 GC heap after
{Heap after GC invocations=23 (full 0):
 garbage-first heap   total 137216K, used 78870K [0x0000000080000000, 0x0000000100000000)
  region size 1024K, 3 young (3072K), 3 survivors (3072K)
 Metaspace       used 76920K, committed 78592K, reserved 1179648K
  class space    used 10715K, committed 11520K, reserved 1048576K
}
Event: 9.889 GC heap before
{Heap before GC invocations=24 (full 0):
 garbage-first heap   total 150528K, used 132118K [0x0000000080000000, 0x0000000100000000)
  region size 1024K, 48 young (49152K), 3 survivors (3072K)
 Metaspace       used 78037K, committed 79680K, reserved 1179648K
  class space    used 10838K, committed 11648K, reserved 1048576K
}
Event: 9.901 GC heap after
{Heap after GC invocations=25 (full 0):
 garbage-first heap   total 150528K, used 89926K [0x0000000080000000, 0x0000000100000000)
  region size 1024K, 6 young (6144K), 6 survivors (6144K)
 Metaspace       used 78037K, committed 79680K, reserved 1179648K
  class space    used 10838K, committed 11648K, reserved 1048576K
}
Event: 10.476 GC heap before
{Heap before GC invocations=25 (full 0):
 garbage-first heap   total 150528K, used 141126K [0x0000000080000000, 0x0000000100000000)
  region size 1024K, 49 young (50176K), 6 survivors (6144K)
 Metaspace       used 83380K, committed 84992K, reserved 1179648K
  class space    used 11431K, committed 12224K, reserved 1048576K
}
Event: 10.485 GC heap after
{Heap after GC invocations=26 (full 0):
 garbage-first heap   total 153600K, used 100495K [0x0000000080000000, 0x0000000100000000)
  region size 1024K, 7 young (7168K), 7 survivors (7168K)
 Metaspace       used 83380K, committed 84992K, reserved 1179648K
  class space    used 11431K, committed 12224K, reserved 1048576K
}
Event: 10.855 GC heap before
{Heap before GC invocations=26 (full 0):
 garbage-first heap   total 153600K, used 137359K [0x0000000080000000, 0x0000000100000000)
  region size 1024K, 43 young (44032K), 7 survivors (7168K)
 Metaspace       used 88006K, committed 89728K, reserved 1179648K
  class space    used 11838K, committed 12672K, reserved 1048576K
}

Dll operation events (3 events):
Event: 0.017 Loaded shared library C:\Program Files\Android\Android Studio\jbr\bin\java.dll
Event: 0.030 Loaded shared library C:\Program Files\Android\Android Studio\jbr\bin\zip.dll
Event: 0.872 Loaded shared library C:\Program Files\Android\Android Studio\jbr\bin\verify.dll

Deoptimization events (20 events):
Event: 10.305 Thread 0x0000024a68ed64f0 Uncommon trap: trap_request=0xffffff76 fr.pc=0x0000024a55df61fc relative=0x00000000000001dc
Event: 10.305 Thread 0x0000024a68ed64f0 Uncommon trap: reason=predicate action=maybe_recompile pc=0x0000024a55df61fc method=java.util.LinkedHashMap.keysToArray([Ljava/lang/Object;Z)[Ljava/lang/Object; @ 53 c2
Event: 10.305 Thread 0x0000024a68ed64f0 DEOPT PACKING pc=0x0000024a55df61fc sp=0x0000009d86cf08f0
Event: 10.305 Thread 0x0000024a68ed64f0 DEOPT UNPACKING pc=0x0000024a55607da2 sp=0x0000009d86cf08a0 mode 2
Event: 10.305 Thread 0x0000024a68ed64f0 Uncommon trap: trap_request=0xffffffbe fr.pc=0x0000024a55df598c relative=0x000000000000026c
Event: 10.305 Thread 0x0000024a68ed64f0 Uncommon trap: reason=profile_predicate action=maybe_recompile pc=0x0000024a55df598c method=java.util.LinkedHashMap.keysToArray([Ljava/lang/Object;Z)[Ljava/lang/Object; @ 51 c2
Event: 10.305 Thread 0x0000024a68ed64f0 DEOPT PACKING pc=0x0000024a55df598c sp=0x0000009d86cf08f0
Event: 10.305 Thread 0x0000024a68ed64f0 DEOPT UNPACKING pc=0x0000024a55607da2 sp=0x0000009d86cf08a8 mode 2
Event: 10.766 Thread 0x0000024a68ed64f0 Uncommon trap: trap_request=0xffffffc6 fr.pc=0x0000024a55d60848 relative=0x0000000000000d48
Event: 10.766 Thread 0x0000024a68ed64f0 Uncommon trap: reason=bimorphic_or_optimized_type_check action=maybe_recompile pc=0x0000024a55d60848 method=java.util.HashMap.computeIfAbsent(Ljava/lang/Object;Ljava/util/function/Function;)Ljava/lang/Object; @ 142 c2
Event: 10.766 Thread 0x0000024a68ed64f0 DEOPT PACKING pc=0x0000024a55d60848 sp=0x0000009d86cf48a0
Event: 10.766 Thread 0x0000024a68ed64f0 DEOPT UNPACKING pc=0x0000024a55607da2 sp=0x0000009d86cf4850 mode 2
Event: 10.815 Thread 0x0000024a68ed64f0 Uncommon trap: trap_request=0xffffffd6 fr.pc=0x0000024a55e5616c relative=0x00000000000003ac
Event: 10.815 Thread 0x0000024a68ed64f0 Uncommon trap: reason=array_check action=maybe_recompile pc=0x0000024a55e5616c method=java.util.LinkedHashMap.keysToArray([Ljava/lang/Object;Z)[Ljava/lang/Object; @ 67 c2
Event: 10.815 Thread 0x0000024a68ed64f0 DEOPT PACKING pc=0x0000024a55e5616c sp=0x0000009d86cf2950
Event: 10.815 Thread 0x0000024a68ed64f0 DEOPT UNPACKING pc=0x0000024a55607da2 sp=0x0000009d86cf28f0 mode 2
Event: 10.830 Thread 0x0000024a68ed64f0 Uncommon trap: trap_request=0xffffff45 fr.pc=0x0000024a55dd716c relative=0x000000000000032c
Event: 10.830 Thread 0x0000024a68ed64f0 Uncommon trap: reason=unstable_if action=reinterpret pc=0x0000024a55dd716c method=java.lang.String.indexOf([BBILjava/lang/String;I)I @ 22 c2
Event: 10.830 Thread 0x0000024a68ed64f0 DEOPT PACKING pc=0x0000024a55dd716c sp=0x0000009d86cf2e80
Event: 10.830 Thread 0x0000024a68ed64f0 DEOPT UNPACKING pc=0x0000024a55607da2 sp=0x0000009d86cf2d90 mode 2

Classes loaded (20 events):
Event: 9.493 Loading class sun/nio/ch/FileChannelImpl$DefaultUnmapper
Event: 9.493 Loading class sun/nio/ch/FileChannelImpl$Unmapper
Event: 9.493 Loading class jdk/internal/access/foreign/UnmapperProxy
Event: 9.493 Loading class jdk/internal/access/foreign/UnmapperProxy done
Event: 9.493 Loading class sun/nio/ch/FileChannelImpl$Unmapper done
Event: 9.493 Loading class sun/nio/ch/FileChannelImpl$DefaultUnmapper done
Event: 9.493 Loading class sun/nio/ch/Util$4
Event: 9.493 Loading class sun/nio/ch/Util$4 done
Event: 9.493 Loading class java/lang/foreign/MemorySegment
Event: 9.494 Loading class java/lang/foreign/MemorySegment done
Event: 9.497 Loading class java/io/UTFDataFormatException
Event: 9.497 Loading class java/io/UTFDataFormatException done
Event: 9.512 Loading class java/util/DualPivotQuicksort
Event: 9.512 Loading class java/util/DualPivotQuicksort done
Event: 9.529 Loading class java/util/zip/ZipFile$ZipEntryIterator
Event: 9.529 Loading class java/util/zip/ZipFile$ZipEntryIterator done
Event: 9.760 Loading class java/nio/channels/Channels$ReadableByteChannelImpl
Event: 9.761 Loading class java/nio/channels/Channels$ReadableByteChannelImpl done
Event: 9.761 Loading class java/nio/channels/NonWritableChannelException
Event: 9.761 Loading class java/nio/channels/NonWritableChannelException done

Classes unloaded (0 events):
No events

Classes redefined (0 events):
No events

Internal exceptions (20 events):
Event: 7.995 Thread 0x0000024a68ed64f0 Exception <a 'java/lang/NoSuchMethodError'{0x0000000087bff840}: 'void java.lang.invoke.DirectMethodHandle$Holder.invokeStatic(java.lang.Object, java.lang.Object, java.lang.Object, java.lang.Object, java.lang.Object, java.lang.Object)'> (0x0000000087bff840) 
thrown [s\src\hotspot\share\interpreter\linkResolver.cpp, line 784]
Event: 8.006 Thread 0x0000024a68ed64f0 Exception <a 'java/lang/NoSuchMethodError'{0x0000000086d80918}: 'void java.lang.invoke.DirectMethodHandle$Holder.invokeVirtual(java.lang.Object, java.lang.Object)'> (0x0000000086d80918) 
thrown [s\src\hotspot\share\interpreter\linkResolver.cpp, line 784]
Event: 8.047 Thread 0x0000024a68ed64f0 Exception <a 'java/lang/NoSuchMethodError'{0x0000000086b35f88}: 'java.lang.Object java.lang.invoke.DirectMethodHandle$Holder.invokeStaticInit(java.lang.Object, int)'> (0x0000000086b35f88) 
thrown [s\src\hotspot\share\interpreter\linkResolver.cpp, line 784]
Event: 8.798 Thread 0x0000024a68ed64f0 Exception <a 'sun/nio/fs/WindowsException'{0x000000008684c9d8}> (0x000000008684c9d8) 
thrown [s\src\hotspot\share\prims\jni.cpp, line 535]
Event: 8.798 Thread 0x0000024a68ed64f0 Exception <a 'sun/nio/fs/WindowsException'{0x000000008684e7d0}> (0x000000008684e7d0) 
thrown [s\src\hotspot\share\prims\jni.cpp, line 535]
Event: 8.957 Thread 0x0000024a68ed64f0 Exception <a 'java/lang/NoSuchMethodError'{0x0000000087b13448}: 'long java.lang.invoke.DirectMethodHandle$Holder.invokeStatic(java.lang.Object)'> (0x0000000087b13448) 
thrown [s\src\hotspot\share\interpreter\linkResolver.cpp, line 784]
Event: 8.957 Thread 0x0000024a68ed64f0 Exception <a 'java/lang/NoSuchMethodError'{0x0000000087b17fc8}: 'long java.lang.invoke.DirectMethodHandle$Holder.invokeStaticInit(java.lang.Object)'> (0x0000000087b17fc8) 
thrown [s\src\hotspot\share\interpreter\linkResolver.cpp, line 784]
Event: 9.012 Thread 0x0000024a68ed64f0 Exception <a 'java/lang/NoSuchMethodError'{0x0000000087610ad0}: 'long java.lang.invoke.Invokers$Holder.invoke_MT(java.lang.Object, java.lang.Object, java.lang.Object, java.lang.Object)'> (0x0000000087610ad0) 
thrown [s\src\hotspot\share\interpreter\linkResolver.cpp, line 784]
Event: 9.013 Thread 0x0000024a68ed64f0 Exception <a 'java/lang/NoSuchMethodError'{0x0000000087619788}: 'int java.lang.invoke.Invokers$Holder.invoke_MT(java.lang.Object, java.lang.Object, java.lang.Object, java.lang.Object)'> (0x0000000087619788) 
thrown [s\src\hotspot\share\interpreter\linkResolver.cpp, line 784]
Event: 9.013 Thread 0x0000024a68ed64f0 Exception <a 'java/lang/NoSuchMethodError'{0x0000000087625a40}: 'void java.lang.invoke.DelegatingMethodHandle$Holder.reinvoke_L(java.lang.Object, java.lang.Object, java.lang.Object, long, java.lang.Object)'> (0x0000000087625a40) 
thrown [s\src\hotspot\share\interpreter\linkResolver.cpp, line 784]
Event: 9.014 Thread 0x0000024a68ed64f0 Exception <a 'java/lang/NoSuchMethodError'{0x0000000087638570}: 'int java.lang.invoke.DelegatingMethodHandle$Holder.reinvoke_L(java.lang.Object, java.lang.Object, java.lang.Object, long, java.lang.Object, java.lang.Object)'> (0x0000000087638570) 
thrown [s\src\hotspot\share\interpreter\linkResolver.cpp, line 784]
Event: 9.014 Thread 0x0000024a68ed64f0 Exception <a 'java/lang/NoSuchMethodError'{0x0000000087647bd8}: 'int java.lang.invoke.DelegatingMethodHandle$Holder.reinvoke_L(java.lang.Object, java.lang.Object, java.lang.Object, long, int, int)'> (0x0000000087647bd8) 
thrown [s\src\hotspot\share\interpreter\linkResolver.cpp, line 784]
Event: 9.014 Thread 0x0000024a68ed64f0 Exception <a 'java/lang/NoSuchMethodError'{0x0000000087656ff0}: 'int java.lang.invoke.DelegatingMethodHandle$Holder.reinvoke_L(java.lang.Object, java.lang.Object, java.lang.Object, long, long, long)'> (0x0000000087656ff0) 
thrown [s\src\hotspot\share\interpreter\linkResolver.cpp, line 784]
Event: 9.015 Thread 0x0000024a68ed64f0 Exception <a 'java/lang/NoSuchMethodError'{0x00000000876660e8}: 'int java.lang.invoke.DelegatingMethodHandle$Holder.reinvoke_L(java.lang.Object, java.lang.Object, java.lang.Object, long, int)'> (0x00000000876660e8) 
thrown [s\src\hotspot\share\interpreter\linkResolver.cpp, line 784]
Event: 9.461 Thread 0x0000024a68ed64f0 Exception <a 'java/lang/NoSuchMethodError'{0x0000000087e9c418}: 'java.lang.Object java.lang.invoke.Invokers$Holder.invokeExact_MT(java.lang.Object, java.lang.Object, long, java.lang.Object)'> (0x0000000087e9c418) 
thrown [s\src\hotspot\share\interpreter\linkResolver.cpp, line 784]
Event: 9.495 Thread 0x0000024a68ed64f0 Exception <a 'java/lang/NoSuchMethodError'{0x0000000087cf28c8}: 'long java.lang.invoke.DirectMethodHandle$Holder.invokeStatic(java.lang.Object, java.lang.Object, int)'> (0x0000000087cf28c8) 
thrown [s\src\hotspot\share\interpreter\linkResolver.cpp, line 784]
Event: 9.495 Thread 0x0000024a68ed64f0 Exception <a 'java/lang/NoSuchMethodError'{0x0000000087cfef80}: 'java.lang.Object java.lang.invoke.DelegatingMethodHandle$Holder.reinvoke_L(java.lang.Object, int, long, java.lang.Object, java.lang.Object, int, java.lang.Object)'> (0x0000000087cfef80) 
thrown [s\src\hotspot\share\interpreter\linkResolver.cpp, line 784]
Event: 9.529 Thread 0x0000024a68ed64f0 Implicit null exception at 0x0000024a55d74766 to 0x0000024a55d752e4
Event: 9.720 Thread 0x0000024a68ed64f0 Implicit null exception at 0x0000024a55e32890 to 0x0000024a55e34944
Event: 9.720 Thread 0x0000024a68ed64f0 Implicit null exception at 0x0000024a55ccf7a7 to 0x0000024a55ccfe0c

ZGC Phase Switch (0 events):
No events

VM Operations (20 events):
Event: 8.788 Executing VM operation: HandshakeAllThreads (Deoptimize) done
Event: 8.898 Executing VM operation: G1CollectForAllocation (G1 Evacuation Pause)
Event: 8.901 Executing VM operation: G1CollectForAllocation (G1 Evacuation Pause) done
Event: 8.964 Executing VM operation: HandshakeAllThreads (Deoptimize)
Event: 8.964 Executing VM operation: HandshakeAllThreads (Deoptimize) done
Event: 9.387 Executing VM operation: HandshakeAllThreads (Deoptimize)
Event: 9.387 Executing VM operation: HandshakeAllThreads (Deoptimize) done
Event: 9.428 Executing VM operation: G1CollectForAllocation (G1 Evacuation Pause)
Event: 9.432 Executing VM operation: G1CollectForAllocation (G1 Evacuation Pause) done
Event: 9.513 Executing VM operation: G1TryInitiateConcMark (G1 Humongous Allocation)
Event: 9.517 Executing VM operation: G1TryInitiateConcMark (G1 Humongous Allocation) done
Event: 9.548 Executing VM operation: G1PauseRemark
Event: 9.552 Executing VM operation: G1PauseRemark done
Event: 9.568 Executing VM operation: G1PauseCleanup
Event: 9.568 Executing VM operation: G1PauseCleanup done
Event: 9.889 Executing VM operation: G1CollectForAllocation (G1 Evacuation Pause)
Event: 9.901 Executing VM operation: G1CollectForAllocation (G1 Evacuation Pause) done
Event: 10.476 Executing VM operation: G1CollectForAllocation (G1 Evacuation Pause)
Event: 10.485 Executing VM operation: G1CollectForAllocation (G1 Evacuation Pause) done
Event: 10.855 Executing VM operation: G1CollectForAllocation (G1 Evacuation Pause)

Events (20 events):
Event: 9.551 Thread 0x0000024a6263eb10 flushing nmethod 0x0000024a55e18090
Event: 9.551 Thread 0x0000024a6263eb10 flushing nmethod 0x0000024a55da7210
Event: 9.551 Thread 0x0000024a6263eb10 flushing nmethod 0x0000024a55d84210
Event: 9.551 Thread 0x0000024a6263eb10 flushing nmethod 0x0000024a55d3be90
Event: 9.551 Thread 0x0000024a6263eb10 flushing nmethod 0x0000024a55d5bb10
Event: 9.551 Thread 0x0000024a6263eb10 flushing nmethod 0x0000024a55d5a890
Event: 9.551 Thread 0x0000024a6263eb10 flushing nmethod 0x0000024a55d4d890
Event: 9.551 Thread 0x0000024a6263eb10 flushing nmethod 0x0000024a55ccb810
Event: 9.551 Thread 0x0000024a6263eb10 flushing nmethod 0x0000024a55ca8b10
Event: 9.551 Thread 0x0000024a6263eb10 flushing nmethod 0x0000024a55c91b90
Event: 9.551 Thread 0x0000024a6263eb10 flushing nmethod 0x0000024a55c55090
Event: 9.551 Thread 0x0000024a6263eb10 flushing nmethod 0x0000024a55c1e790
Event: 9.551 Thread 0x0000024a6263eb10 flushing nmethod 0x0000024a55c17390
Event: 9.551 Thread 0x0000024a6263eb10 flushing nmethod 0x0000024a55bf7790
Event: 9.551 Thread 0x0000024a6263eb10 flushing nmethod 0x0000024a55ba0f90
Event: 9.551 Thread 0x0000024a6263eb10 flushing nmethod 0x0000024a55bbf510
Event: 9.577 Thread 0x0000024a6a48e540 Thread added: 0x0000024a6a48e540
Event: 9.962 Thread 0x0000024a6a48e540 Thread exited: 0x0000024a6a48e540
Event: 9.963 Thread 0x0000024a6caaf950 Thread exited: 0x0000024a6caaf950
Event: 10.805 Thread 0x0000024a69e4f090 Thread added: 0x0000024a69e4f090


Dynamic libraries:
0x00007ff752520000 - 0x00007ff75252a000 	C:\Program Files\Android\Android Studio\jbr\bin\java.exe
0x00007ffb5fcb0000 - 0x00007ffb5fec7000 	C:\WINDOWS\SYSTEM32\ntdll.dll
0x00007ffb5f4b0000 - 0x00007ffb5f574000 	C:\WINDOWS\System32\KERNEL32.DLL
0x00007ffb5ce20000 - 0x00007ffb5d1f1000 	C:\WINDOWS\System32\KERNELBASE.dll
0x00007ffb5d3d0000 - 0x00007ffb5d4e1000 	C:\WINDOWS\System32\ucrtbase.dll
0x00007ffad90e0000 - 0x00007ffad90fb000 	C:\Program Files\Android\Android Studio\jbr\bin\VCRUNTIME140.dll
0x00007ffb3ce20000 - 0x00007ffb3ce38000 	C:\Program Files\Android\Android Studio\jbr\bin\jli.dll
0x00007ffb5e5f0000 - 0x00007ffb5e7a1000 	C:\WINDOWS\System32\USER32.dll
0x00007ffb5d3a0000 - 0x00007ffb5d3c6000 	C:\WINDOWS\System32\win32u.dll
0x00007ffb5f8c0000 - 0x00007ffb5f8e9000 	C:\WINDOWS\System32\GDI32.dll
0x00007ffb5d200000 - 0x00007ffb5d31b000 	C:\WINDOWS\System32\gdi32full.dll
0x00007ffb42550000 - 0x00007ffb427e2000 	C:\WINDOWS\WinSxS\amd64_microsoft.windows.common-controls_6595b64144ccf1df_6.0.22621.4830_none_270fe7d773858e80\COMCTL32.dll
0x00007ffb5d7a0000 - 0x00007ffb5d83a000 	C:\WINDOWS\System32\msvcp_win.dll
0x00007ffb5dc10000 - 0x00007ffb5dcb7000 	C:\WINDOWS\System32\msvcrt.dll
0x00007ffb5f880000 - 0x00007ffb5f8b1000 	C:\WINDOWS\System32\IMM32.DLL
0x00007ffae2ae0000 - 0x00007ffae2aec000 	C:\Program Files\Android\Android Studio\jbr\bin\vcruntime140_1.dll
0x00007ffafd990000 - 0x00007ffafda1d000 	C:\Program Files\Android\Android Studio\jbr\bin\msvcp140.dll
0x00007ffaa3800000 - 0x00007ffaa447d000 	C:\Program Files\Android\Android Studio\jbr\bin\server\jvm.dll
0x00007ffb5d980000 - 0x00007ffb5da31000 	C:\WINDOWS\System32\ADVAPI32.dll
0x00007ffb5f7b0000 - 0x00007ffb5f857000 	C:\WINDOWS\System32\sechost.dll
0x00007ffb5cdf0000 - 0x00007ffb5ce18000 	C:\WINDOWS\System32\bcrypt.dll
0x00007ffb5f690000 - 0x00007ffb5f7a4000 	C:\WINDOWS\System32\RPCRT4.dll
0x00007ffb5e910000 - 0x00007ffb5e981000 	C:\WINDOWS\System32\WS2_32.dll
0x00007ffb54ba0000 - 0x00007ffb54bd4000 	C:\WINDOWS\SYSTEM32\WINMM.dll
0x00007ffb54790000 - 0x00007ffb5479a000 	C:\WINDOWS\SYSTEM32\VERSION.dll
0x00007ffb5bca0000 - 0x00007ffb5bced000 	C:\WINDOWS\SYSTEM32\POWRPROF.dll
0x00007ffb5bc80000 - 0x00007ffb5bc93000 	C:\WINDOWS\SYSTEM32\UMPDC.dll
0x00007ffb5bf30000 - 0x00007ffb5bf48000 	C:\WINDOWS\SYSTEM32\kernel.appcore.dll
0x00007ffad90d0000 - 0x00007ffad90da000 	C:\Program Files\Android\Android Studio\jbr\bin\jimage.dll
0x00007ffb5a200000 - 0x00007ffb5a432000 	C:\WINDOWS\SYSTEM32\DBGHELP.DLL
0x00007ffb5e990000 - 0x00007ffb5ed20000 	C:\WINDOWS\System32\combase.dll
0x00007ffb5ed20000 - 0x00007ffb5edf7000 	C:\WINDOWS\System32\OLEAUT32.dll
0x00007ffb46ac0000 - 0x00007ffb46af2000 	C:\WINDOWS\SYSTEM32\dbgcore.DLL
0x00007ffb5d320000 - 0x00007ffb5d39b000 	C:\WINDOWS\System32\bcryptPrimitives.dll
0x00007ffb54970000 - 0x00007ffb5497e000 	C:\Program Files\Android\Android Studio\jbr\bin\instrument.dll
0x00007ffad9000000 - 0x00007ffad901f000 	C:\Program Files\Android\Android Studio\jbr\bin\java.dll
0x00007ffad8fc0000 - 0x00007ffad8fd8000 	C:\Program Files\Android\Android Studio\jbr\bin\zip.dll
0x00007ffb5dd60000 - 0x00007ffb5e5e8000 	C:\WINDOWS\System32\SHELL32.dll
0x00007ffb5d660000 - 0x00007ffb5d79f000 	C:\WINDOWS\System32\wintypes.dll
0x00007ffb5ad60000 - 0x00007ffb5b66d000 	C:\WINDOWS\SYSTEM32\windows.storage.dll
0x00007ffb5da40000 - 0x00007ffb5db4a000 	C:\WINDOWS\System32\SHCORE.dll
0x00007ffb5db60000 - 0x00007ffb5dbbe000 	C:\WINDOWS\System32\shlwapi.dll
0x00007ffb5cd20000 - 0x00007ffb5cd4b000 	C:\WINDOWS\SYSTEM32\profapi.dll
0x00007ffad8e60000 - 0x00007ffad8e70000 	C:\Program Files\Android\Android Studio\jbr\bin\net.dll
0x00007ffb55ef0000 - 0x00007ffb5601c000 	C:\WINDOWS\SYSTEM32\WINHTTP.dll
0x00007ffb5c3a0000 - 0x00007ffb5c40a000 	C:\WINDOWS\system32\mswsock.dll
0x00007ffaa3650000 - 0x00007ffaa3666000 	C:\Program Files\Android\Android Studio\jbr\bin\nio.dll
0x00007ffae1710000 - 0x00007ffae1720000 	C:\Program Files\Android\Android Studio\jbr\bin\verify.dll
0x00007ffade6a0000 - 0x00007ffade6c7000 	C:\Users\DELL\.gradle\native\c067742578af261105cb4f569cf0c3c89f3d7b1fecec35dd04571415982c5e48\windows-amd64\native-platform.dll
0x00007ffafd840000 - 0x00007ffafd984000 	C:\Users\DELL\.gradle\native\100fb08df4bc3b14c8652ba06237920a3bd2aa13389f12d3474272988ae205f9\windows-amd64\native-platform-file-events.dll
0x00007ffad99c0000 - 0x00007ffad99c9000 	C:\Program Files\Android\Android Studio\jbr\bin\management.dll
0x00007ffad99b0000 - 0x00007ffad99bb000 	C:\Program Files\Android\Android Studio\jbr\bin\management_ext.dll
0x00007ffb5db50000 - 0x00007ffb5db58000 	C:\WINDOWS\System32\PSAPI.DLL
0x00007ffb5c5f0000 - 0x00007ffb5c60b000 	C:\WINDOWS\SYSTEM32\CRYPTSP.dll
0x00007ffb5be90000 - 0x00007ffb5bec7000 	C:\WINDOWS\system32\rsaenh.dll
0x00007ffb5c490000 - 0x00007ffb5c4b8000 	C:\WINDOWS\SYSTEM32\USERENV.dll
0x00007ffb5c610000 - 0x00007ffb5c61c000 	C:\WINDOWS\SYSTEM32\CRYPTBASE.dll
0x00007ffb5b940000 - 0x00007ffb5b96d000 	C:\WINDOWS\SYSTEM32\IPHLPAPI.DLL
0x00007ffb5f440000 - 0x00007ffb5f449000 	C:\WINDOWS\System32\NSI.dll
0x00007ffad99d0000 - 0x00007ffad99d9000 	C:\Program Files\Android\Android Studio\jbr\bin\extnet.dll
0x00007ffb54be0000 - 0x00007ffb54be8000 	C:\WINDOWS\system32\wshunix.dll

dbghelp: loaded successfully - version: 4.0.5 - missing functions: none
symbol engine: initialized successfully - sym options: 0x614 - pdb path: .;C:\Program Files\Android\Android Studio\jbr\bin;C:\WINDOWS\SYSTEM32;C:\WINDOWS\WinSxS\amd64_microsoft.windows.common-controls_6595b64144ccf1df_6.0.22621.4830_none_270fe7d773858e80;C:\Program Files\Android\Android Studio\jbr\bin\server;C:\Users\DELL\.gradle\native\c067742578af261105cb4f569cf0c3c89f3d7b1fecec35dd04571415982c5e48\windows-amd64;C:\Users\DELL\.gradle\native\100fb08df4bc3b14c8652ba06237920a3bd2aa13389f12d3474272988ae205f9\windows-amd64

VM Arguments:
jvm_args: --add-opens=java.base/java.util=ALL-UNNAMED --add-opens=java.base/java.lang=ALL-UNNAMED --add-opens=java.base/java.lang.invoke=ALL-UNNAMED --add-opens=java.prefs/java.util.prefs=ALL-UNNAMED --add-exports=jdk.compiler/com.sun.tools.javac.api=ALL-UNNAMED --add-exports=jdk.compiler/com.sun.tools.javac.util=ALL-UNNAMED --add-opens=java.base/java.nio.charset=ALL-UNNAMED --add-opens=java.base/java.net=ALL-UNNAMED --add-opens=java.base/java.util.concurrent.atomic=ALL-UNNAMED -Xmx2048m -Dfile.encoding=UTF-8 -Duser.country=GB -Duser.language=en -Duser.variant -javaagent:C:\Users\DELL\.gradle\wrapper\dists\gradle-8.9-bin\90cnw93cvbtalezasaz0blq0a\gradle-8.9\lib\agents\gradle-instrumentation-agent-8.9.jar 
java_command: org.gradle.launcher.daemon.bootstrap.GradleDaemon 8.9
java_class_path (initial): C:\Users\DELL\.gradle\wrapper\dists\gradle-8.9-bin\90cnw93cvbtalezasaz0blq0a\gradle-8.9\lib\gradle-daemon-main-8.9.jar
Launcher Type: SUN_STANDARD

[Global flags]
     intx CICompilerCount                          = 4                                         {product} {ergonomic}
     uint ConcGCThreads                            = 2                                         {product} {ergonomic}
     uint G1ConcRefinementThreads                  = 8                                         {product} {ergonomic}
   size_t G1HeapRegionSize                         = 1048576                                   {product} {ergonomic}
    uintx GCDrainStackTargetSize                   = 64                                        {product} {ergonomic}
   size_t InitialHeapSize                          = 130023424                                 {product} {ergonomic}
   size_t MarkStackSize                            = 4194304                                   {product} {ergonomic}
   size_t MaxHeapSize                              = 2147483648                                {product} {command line}
   size_t MaxNewSize                               = 1287651328                                {product} {ergonomic}
   size_t MinHeapDeltaBytes                        = 1048576                                   {product} {ergonomic}
   size_t MinHeapSize                              = 8388608                                   {product} {ergonomic}
    uintx NonNMethodCodeHeapSize                   = 5839372                                {pd product} {ergonomic}
    uintx NonProfiledCodeHeapSize                  = 122909434                              {pd product} {ergonomic}
    uintx ProfiledCodeHeapSize                     = 122909434                              {pd product} {ergonomic}
    uintx ReservedCodeCacheSize                    = 251658240                              {pd product} {ergonomic}
     bool SegmentedCodeCache                       = true                                      {product} {ergonomic}
   size_t SoftMaxHeapSize                          = 2147483648                             {manageable} {ergonomic}
     bool UseCompressedOops                        = true                           {product lp64_product} {ergonomic}
     bool UseG1GC                                  = true                                      {product} {ergonomic}
     bool UseLargePagesIndividualAllocation        = false                                  {pd product} {ergonomic}

Logging:
Log output configuration:
 #0: stdout all=warning uptime,level,tags foldmultilines=false
 #1: stderr all=off uptime,level,tags foldmultilines=false

Environment Variables:
PATH=C:\Program Files\Microsoft MPI\Bin\;C:\Program Files\Python39\Scripts\;C:\Program Files\Python39\;C:\Windows\system32;C:\Windows;C:\Windows\System32\Wbem;C:\Windows\System32\WindowsPowerShell\v1.0\;C:\Windows\System32\OpenSSH\;C:\Program Files\NVIDIA Corporation\NVIDIA NvDLISR;C:\Program Files\dotnet\;C:\WINDOWS\system32;C:\WINDOWS;C:\WINDOWS\System32\Wbem;C:\WINDOWS\System32\WindowsPowerShell\v1.0\;C:\WINDOWS\System32\OpenSSH\;C:\Program Files\Git\cmd;C:\Program Files (x86)\Microsoft SQL Server\130\Tools\Binn\;C:\Program Files\Microsoft SQL Server\130\Tools\Binn\;C:\Program Files (x86)\Microsoft SQL Server\130\DTS\Binn\;C:\Program Files\Microsoft SQL Server\130\DTS\Binn\;C:\Program Files\Microsoft SQL Server\Client SDK\ODBC\130\Tools\Binn\;C:\Program Files (x86)\Microsoft SQL Server\160\DTS\Binn\;C:\Program Files\Azure Data Studio\bin;C:\Program Files\Microsoft SQL Server\Client SDK\ODBC\170\Tools\Binn\;C:\Program Files (x86)\Microsoft SQL Server\150\Tools\Binn\;C:\Program Files\Microsoft SQL Server\150\Tools\Binn\;C:\Program Files\Microsoft SQL Server\150\DTS\Binn\;C:\Program Files (x86)\Microsoft SQL Server\160\Tools\Binn\;C:\Program Files\Microsoft SQL Server\160\Tools\Binn\;C:\Program Files\Microsoft SQL Server\160\DTS\Binn\;C:\Program Files\nodejs\;C:\Users\DELL\AppData\Local\Microsoft\WindowsApps;C:\Program Files\Microsoft VS Code\bin;C:\Users\DELL\.dotnet\tools;C:\Program Files\Azure Data Studio\bin;C:\Users\DELL\AppData\Local\GitHubDesktop\bin;C:\Program Files\JetBrains\PyCharm Community Edition 2024.3.1.1\bin;;C:\Users\DELL\AppData\Roaming\npm;C:\flutter\bin;
USERNAME=DELL
OS=Windows_NT
PROCESSOR_IDENTIFIER=Intel64 Family 6 Model 140 Stepping 1, GenuineIntel
TMP=C:\Users\DELL\AppData\Local\Temp
TEMP=C:\Users\DELL\AppData\Local\Temp




Periodic native trim disabled

JNI global refs:
JNI global refs: 26, weak refs: 0

JNI global refs memory usage: 835, weak refs: 833

Process memory usage:
Resident Set Size: 374888K (4% of 8104744K total physical memory with 1515956K free physical memory)

OOME stack traces (most recent first):
Classloader memory used:
Loader org.gradle.internal.classloader.VisitableURLClassLoader                         : 56300K
Loader bootstrap                                                                       : 22720K
Loader org.gradle.initialization.MixInLegacyTypesClassLoader                           : 6365K
Loader org.gradle.internal.classloader.VisitableURLClassLoader                         : 715K
Loader org.gradle.internal.classloader.VisitableURLClassLoader$InstrumentingVisitableURLClassLoader: 567K
Loader jdk.internal.loader.ClassLoaders$PlatformClassLoader                            : 512K
Loader jdk.internal.jrtfs.JrtFileSystemProvider$JrtFsLoader                            : 298K
Loader jdk.internal.loader.ClassLoaders$AppClassLoader                                 : 230K
Loader jdk.internal.reflect.DelegatingClassLoader                                      : 160K
Loader org.gradle.groovy.scripts.internal.DefaultScriptCompilationHandler$ScriptClassLoader: 88344B
Loader org.codehaus.groovy.runtime.callsite.CallSiteClassLoader                        : 48768B

Classes loaded by more than one classloader:
Class org.gradle.api.GradleException                                                  : loaded 3 times (x 79B)
Class jdk.internal.jimage.BasicImageReader                                            : loaded 2 times (x 92B)
Class org.gradle.internal.classloader.ClassLoaderHierarchy                            : loaded 2 times (x 67B)
Class org.gradle.api.internal.classpath.ManifestUtil                                  : loaded 2 times (x 68B)
Class jdk.internal.jimage.decompressor.StringSharingDecompressorFactory               : loaded 2 times (x 71B)
Class org.gradle.internal.operations.MultipleBuildOperationFailures                   : loaded 2 times (x 92B)
Class org.gradle.internal.classloader.DefaultClassLoaderFactory                       : loaded 2 times (x 79B)
Class kotlin.collections.AbstractList$Companion                                       : loaded 2 times (x 68B)
Class org.gradle.internal.classloader.ClassLoaderVisitor                              : loaded 2 times (x 73B)
Class org.gradle.api.internal.classpath.EffectiveClassPath                            : loaded 2 times (x 87B)
Class org.gradle.api.internal.DefaultClassPathProvider                                : loaded 2 times (x 73B)
Class [Lorg.gradle.api.internal.ClassPathProvider;                                    : loaded 2 times (x 66B)
Class org.gradle.api.internal.ClassPathProvider                                       : loaded 2 times (x 67B)
Class jdk.internal.jrtfs.SystemImage                                                  : loaded 2 times (x 71B)
Class org.gradle.internal.service.UnknownServiceException                             : loaded 2 times (x 80B)
Class org.gradle.internal.classpath.TransformedClassPath                              : loaded 2 times (x 93B)
Class jdk.internal.jrtfs.SystemImage$1                                                : loaded 2 times (x 75B)
Class kotlin.enums.EnumEntriesList                                                    : loaded 2 times (x 220B)
Class jdk.internal.jrtfs.SystemImage$2                                                : loaded 2 times (x 73B)
Class org.gradle.internal.service.ServiceLocator                                      : loaded 2 times (x 67B)
Class jdk.internal.jrtfs.JrtFileSystemProvider                                        : loaded 2 times (x 98B)
Class sync_studio_tooling5_zua79dl7y8i9rmn26u6vm7er                                   : loaded 2 times (x 176B)
Class jdk.internal.jimage.ImageLocation                                               : loaded 2 times (x 87B)
Class jdk.internal.jrtfs.JrtDirectoryStream$1                                         : loaded 2 times (x 80B)
Class org.gradle.internal.InternalTransformer                                         : loaded 2 times (x 67B)
Class jdk.internal.jimage.ImageBufferCache$1                                          : loaded 2 times (x 80B)
Class org.gradle.internal.time.DefaultTimer                                           : loaded 2 times (x 77B)
Class org.gradle.internal.classloader.ClasspathUtil$1                                 : loaded 2 times (x 73B)
Class jdk.internal.jimage.ImageBufferCache$2                                          : loaded 2 times (x 88B)
Class org.gradle.api.internal.classpath.DefaultModuleRegistry$DefaultModule           : loaded 2 times (x 83B)
Class org.gradle.internal.time.DefaultCountdownTimer                                  : loaded 2 times (x 85B)
Class kotlin.Function                                                                 : loaded 2 times (x 67B)
Class org.gradle.api.internal.classpath.Module                                        : loaded 2 times (x 67B)
Class org.gradle.api.internal.classpath.UnknownModuleException                        : loaded 2 times (x 79B)
Class jdk.internal.jimage.ImageHeader                                                 : loaded 2 times (x 68B)
Class org.gradle.api.internal.DefaultClassPathRegistry                                : loaded 2 times (x 73B)
Class org.gradle.api.internal.ClassPathRegistry                                       : loaded 2 times (x 67B)
Class org.gradle.internal.classpath.DefaultClassPath$ImmutableUniqueList              : loaded 2 times (x 196B)
Class jdk.internal.jimage.decompressor.ResourceDecompressor                           : loaded 2 times (x 67B)
Class org.gradle.internal.classpath.ClassPath                                         : loaded 2 times (x 67B)
Class org.gradle.api.UncheckedIOException                                             : loaded 2 times (x 79B)
Class jdk.internal.jimage.ImageStringsReader                                          : loaded 2 times (x 77B)
Class kotlin.UninitializedPropertyAccessException                                     : loaded 2 times (x 79B)
Class jdk.internal.jimage.ImageReader                                                 : loaded 2 times (x 72B)
Class jdk.internal.jimage.ImageReader$SharedImageReader                               : loaded 2 times (x 92B)
Class org.gradle.internal.installation.GradleInstallation$1                           : loaded 2 times (x 72B)
Class org.gradle.api.internal.classpath.ModuleRegistry                                : loaded 2 times (x 67B)
Class jdk.internal.jimage.decompressor.ResourceDecompressorFactory                    : loaded 2 times (x 71B)
Class jdk.internal.jimage.ImageReader$Node                                            : loaded 2 times (x 81B)
Class org.gradle.api.internal.classpath.DefaultModuleRegistry                         : loaded 2 times (x 80B)
Class jdk.internal.jimage.BasicImageReader$1                                          : loaded 2 times (x 74B)
Class jdk.internal.jimage.decompressor.Decompressor                                   : loaded 2 times (x 69B)
Class jdk.internal.jimage.ImageReader$Resource                                        : loaded 2 times (x 81B)
Class org.gradle.internal.time.MonotonicClock                                         : loaded 2 times (x 74B)
Class org.gradle.internal.service.ServiceLookupException                              : loaded 2 times (x 79B)
Class jdk.internal.jrtfs.JrtFileAttributes                                            : loaded 2 times (x 80B)
Class org.gradle.internal.classloader.ClassLoaderFactory                              : loaded 2 times (x 67B)
Class org.gradle.internal.service.CachingServiceLocator                               : loaded 2 times (x 79B)
Class org.gradle.internal.time.TimeSource                                             : loaded 2 times (x 67B)
Class kotlin.enums.EnumEntries                                                        : loaded 2 times (x 67B)
Class org.gradle.internal.exceptions.ResolutionProvider                               : loaded 2 times (x 67B)
Class jdk.internal.jimage.ImageBufferCache                                            : loaded 2 times (x 68B)
Class jdk.internal.jrtfs.JrtPath                                                      : loaded 2 times (x 115B)
Class org.gradle.internal.classloader.ClasspathUtil                                   : loaded 2 times (x 68B)
Class org.gradle.internal.time.TimeSource$1                                           : loaded 2 times (x 74B)
Class kotlin.jvm.internal.DefaultConstructorMarker                                    : loaded 2 times (x 68B)
Class org.gradle.api.specs.Spec                                                       : loaded 2 times (x 67B)
Class jdk.internal.jimage.ImageReader$SharedImageReader$LocationVisitor               : loaded 2 times (x 67B)
Class jdk.internal.jimage.decompressor.ResourceDecompressorRepository                 : loaded 2 times (x 68B)
Class org.gradle.internal.time.Clock                                                  : loaded 2 times (x 67B)
Class jdk.internal.jimage.ImageReader$Directory                                       : loaded 2 times (x 81B)
Class kotlin.collections.AbstractList                                                 : loaded 2 times (x 194B)
Class kotlin.collections.AbstractCollection                                           : loaded 2 times (x 114B)
Class org.gradle.internal.classloader.VisitableURLClassLoader$InstrumentingVisitableURLClassLoader: loaded 2 times (x 120B)
Class org.gradle.internal.classloader.VisitableURLClassLoader$Spec                    : loaded 2 times (x 71B)
Class org.gradle.internal.classpath.DefaultClassPath                                  : loaded 2 times (x 87B)
Class jdk.internal.jimage.decompressor.ZipDecompressorFactory                         : loaded 2 times (x 71B)
Class org.gradle.internal.classloader.ClassLoaderSpec                                 : loaded 2 times (x 68B)
Class org.gradle.internal.classloader.VisitableURLClassLoader                         : loaded 2 times (x 114B)
Class org.gradle.internal.Cast                                                        : loaded 2 times (x 68B)
Class org.gradle.api.Action                                                           : loaded 2 times (x 67B)
Class jdk.internal.jimage.decompressor.ZipDecompressor                                : loaded 2 times (x 72B)
Class kotlin.jvm.functions.Function1                                                  : loaded 2 times (x 67B)
Class org.gradle.internal.agents.InstrumentingClassLoader                             : loaded 2 times (x 67B)
Class org.gradle.internal.classpath.DefaultClassPath$ImmutableUniqueList$Builder      : loaded 2 times (x 72B)
Class ijInit2_9hn902at7yp0gx89jp2aigspk                                               : loaded 2 times (x 176B)
Class org.gradle.internal.classloader.FilteringClassLoader                            : loaded 2 times (x 102B)
Class org.gradle.internal.exceptions.NonGradleCauseExceptionsHolder                   : loaded 2 times (x 67B)
Class jdk.internal.jimage.ImageStrings                                                : loaded 2 times (x 67B)
Class kotlin.enums.EnumEntriesKt                                                      : loaded 2 times (x 68B)
Class org.gradle.internal.IoActions                                                   : loaded 2 times (x 68B)
Class org.gradle.internal.classloader.SystemClassLoaderSpec                           : loaded 2 times (x 68B)
Class org.gradle.internal.exceptions.MultiCauseException                              : loaded 2 times (x 67B)
Class org.gradle.internal.time.CountdownTimer                                         : loaded 2 times (x 67B)
Class kotlin.jvm.internal.Intrinsics                                                  : loaded 2 times (x 68B)
Class jdk.internal.jrtfs.JrtFileSystem                                                : loaded 2 times (x 99B)
Class org.gradle.tooling.model.ProjectModel                                           : loaded 2 times (x 67B)
Class jdk.internal.jimage.decompressor.CompressedResourceHeader                       : loaded 2 times (x 68B)
Class kotlin.KotlinNullPointerException                                               : loaded 2 times (x 80B)
Class org.gradle.internal.exceptions.DefaultMultiCauseException                       : loaded 2 times (x 92B)
Class org.gradle.internal.time.Time                                                   : loaded 2 times (x 68B)
Class org.gradle.internal.time.Timer                                                  : loaded 2 times (x 67B)
Class kotlin.jvm.internal.markers.KMappedMarker                                       : loaded 2 times (x 67B)
Class org.gradle.internal.installation.CurrentGradleInstallationLocator               : loaded 2 times (x 68B)
Class org.gradle.internal.service.DefaultServiceLocator                               : loaded 2 times (x 80B)
Class jdk.internal.jrtfs.JrtDirectoryStream                                           : loaded 2 times (x 86B)
Class org.gradle.util.GradleVersion                                                   : loaded 2 times (x 80B)
Class org.gradle.internal.installation.CurrentGradleInstallation                      : loaded 2 times (x 70B)
Class org.gradle.util.internal.GUtil                                                  : loaded 2 times (x 68B)
Class org.gradle.internal.installation.GradleInstallation                             : loaded 2 times (x 72B)
Class jdk.internal.jimage.decompressor.ResourceDecompressor$StringsProvider           : loaded 2 times (x 67B)

---------------  S Y S T E M  ---------------

OS:
 Windows 11 , 64 bit Build 22621 (10.0.22621.4974)
OS uptime: 0 days 1:52 hours

CPU: total 8 (initial active 8) (4 cores per cpu, 2 threads per core) family 6 model 140 stepping 1 microcode 0xba, cx8, cmov, fxsr, ht, mmx, 3dnowpref, sse, sse2, sse3, ssse3, sse4.1, sse4.2, popcnt, lzcnt, tsc, tscinvbit, avx, avx2, aes, erms, clmul, bmi1, bmi2, adx, avx512f, avx512dq, avx512cd, avx512bw, avx512vl, sha, fma, vzeroupper, avx512_vpopcntdq, avx512_vpclmulqdq, avx512_vaes, avx512_vnni, clflush, clflushopt, clwb, avx512_vbmi2, avx512_vbmi, rdtscp, rdpid, fsrm, gfni, avx512_bitalg, f16c, pku, cet_ibt, cet_ss, avx512_ifma
Processor Information for all 8 processors :
  Max Mhz: 2419, Current Mhz: 2419, Mhz Limit: 2419

Memory: 4k page, system-wide physical 7914M (1480M free)
TotalPageFile size 19982M (AvailPageFile size 32M)
current process WorkingSet (physical memory assigned to process): 366M, peak: 368M
current process commit charge ("private bytes"): 404M, peak: 434M

vm_info: OpenJDK 64-Bit Server VM (21.0.3+-12282718-b509.11) for windows-amd64 JRE (21.0.3+-12282718-b509.11), built on 2024-08-27T17:34:15Z by "builder" with MS VC++ 16.10 / 16.11 (VS2019)

END.
