#
# There is insufficient memory for the Java Runtime Environment to continue.
# Native memory allocation (malloc) failed to allocate 1655472 bytes. Error detail: Chunk::new
# Possible reasons:
#   The system is out of physical RAM or swap space
#   This process is running with CompressedOops enabled, and the Java Heap may be blocking the growth of the native heap
# Possible solutions:
#   Reduce memory load on the system
#   Increase physical memory or swap space
#   Check if swap backing store is full
#   Decrease Java heap size (-Xmx/-Xms)
#   Decrease number of Java threads
#   Decrease Java thread stack sizes (-Xss)
#   Set larger code cache with -XX:ReservedCodeCacheSize=
#   JVM is running with Unscaled Compressed Oops mode in which the Java heap is
#     placed in the first 4GB address space. The Java Heap base address is the
#     maximum limit for the native heap growth. Please use -XX:HeapBaseMinAddress
#     to set the Java Heap base and to place the Java Heap above 4GB virtual address.
# This output file may be truncated or incomplete.
#
#  Out of Memory Error (arena.cpp:168), pid=3300, tid=17772
#
# JRE version: OpenJDK Runtime Environment (21.0.3) (build 21.0.3+-12282718-b509.11)
# Java VM: OpenJDK 64-Bit Server VM (21.0.3+-12282718-b509.11, mixed mode, tiered, compressed oops, compressed class ptrs, g1 gc, windows-amd64)
# No core dump will be written. Minidumps are not enabled by default on client versions of Windows
#

---------------  S U M M A R Y ------------

Command Line: --add-opens=java.base/java.util=ALL-UNNAMED --add-opens=java.base/java.lang=ALL-UNNAMED --add-opens=java.base/java.lang.invoke=ALL-UNNAMED --add-opens=java.prefs/java.util.prefs=ALL-UNNAMED --add-exports=jdk.compiler/com.sun.tools.javac.api=ALL-UNNAMED --add-exports=jdk.compiler/com.sun.tools.javac.util=ALL-UNNAMED --add-opens=java.base/java.nio.charset=ALL-UNNAMED --add-opens=java.base/java.net=ALL-UNNAMED --add-opens=java.base/java.util.concurrent.atomic=ALL-UNNAMED -Xmx2048m -Dfile.encoding=UTF-8 -Duser.country=GB -Duser.language=en -Duser.variant -javaagent:C:\Users\DELL\.gradle\wrapper\dists\gradle-8.9-bin\90cnw93cvbtalezasaz0blq0a\gradle-8.9\lib\agents\gradle-instrumentation-agent-8.9.jar org.gradle.launcher.daemon.bootstrap.GradleDaemon 8.9

Host: 11th Gen Intel(R) Core(TM) i5-1135G7 @ 2.40GHz, 8 cores, 7G,  Windows 11 , 64 bit Build 22621 (10.0.22621.4974)
Time: Fri Mar 28 18:03:23 2025 SE Asia Standard Time elapsed time: 9.275727 seconds (0d 0h 0m 9s)

---------------  T H R E A D  ---------------

Current thread (0x000001a905c90080):  JavaThread "C2 CompilerThread1" daemon [_thread_in_native, id=17772, stack(0x0000000102800000,0x0000000102900000) (1024K)]


Current CompileTask:
C2:   9275 6441       4       java.net.URLClassLoader$1::run (5 bytes)

Stack: [0x0000000102800000,0x0000000102900000]
Native frames: (J=compiled Java code, j=interpreted, Vv=VM code, C=native code)
V  [jvm.dll+0x6cafb9]
V  [jvm.dll+0x858523]
V  [jvm.dll+0x85aa7e]
V  [jvm.dll+0x85b163]
V  [jvm.dll+0x27d356]
V  [jvm.dll+0xbf93d]
V  [jvm.dll+0xbfe73]
V  [jvm.dll+0x3b1ceb]
V  [jvm.dll+0x1de082]
V  [jvm.dll+0x246c54]
V  [jvm.dll+0x2460d1]
V  [jvm.dll+0x1c5804]
V  [jvm.dll+0x25575c]
V  [jvm.dll+0x253c36]
V  [jvm.dll+0x3ec996]
V  [jvm.dll+0x800d78]
V  [jvm.dll+0x6c98cd]
C  [ucrtbase.dll+0x29333]
C  [KERNEL32.DLL+0x1259d]
C  [ntdll.dll+0x5af38]


---------------  P R O C E S S  ---------------

Threads class SMR info:
_java_thread_list=0x000001a94ab60c20, length=60, elements={
0x000001a96bee4780, 0x000001a905958fd0, 0x000001a905959c90, 0x000001a905970810,
0x000001a905972680, 0x000001a9059740f0, 0x000001a905974b50, 0x000001a9059758e0,
0x000001a905976b20, 0x000001a9059c7990, 0x000001a905cdd7a0, 0x000001a905c90080,
0x000001a94ba36ac0, 0x000001a94bbb4a40, 0x000001a94bbae6b0, 0x000001a94ba8b310,
0x000001a94ba8b980, 0x000001a94bc1fd60, 0x000001a94bc203d0, 0x000001a94bc2eef0,
0x000001a94bc2f580, 0x000001a94bc2c790, 0x000001a94bc2c100, 0x000001a94bc2ce20,
0x000001a94bc2d4b0, 0x000001a94bc2e860, 0x000001a94bc2db40, 0x000001a94bf80a00,
0x000001a94bf7cef0, 0x000001a94bf7d580, 0x000001a94bf7e930, 0x000001a94bf80370,
0x000001a94bf7efc0, 0x000001a94bf81720, 0x000001a94bf7e2a0, 0x000001a94bf83160,
0x000001a94bf83e80, 0x000001a94bf82ad0, 0x000001a94bf7dc10, 0x000001a94bf7fce0,
0x000001a94bf82440, 0x000001a94bf837f0, 0x000001a94bf81db0, 0x000001a94f4014f0,
0x000001a94f400140, 0x000001a94f401b80, 0x000001a94f402210, 0x000001a94f3fed90,
0x000001a94f3ffab0, 0x000001a94f3ff420, 0x000001a94f400e60, 0x000001a94f4007d0,
0x000001a94bf84510, 0x000001a94fb0eff0, 0x000001a94fb0a130, 0x000001a94fb08060,
0x000001a94fb0f680, 0x000001a94fb0dc40, 0x000001a94fb086f0, 0x000001a94eac15c0
}

Java Threads: ( => current thread )
  0x000001a96bee4780 JavaThread "main"                              [_thread_blocked, id=19276, stack(0x0000000101600000,0x0000000101700000) (1024K)]
  0x000001a905958fd0 JavaThread "Reference Handler"          daemon [_thread_blocked, id=18912, stack(0x0000000101e00000,0x0000000101f00000) (1024K)]
  0x000001a905959c90 JavaThread "Finalizer"                  daemon [_thread_blocked, id=17624, stack(0x0000000101f00000,0x0000000102000000) (1024K)]
  0x000001a905970810 JavaThread "Signal Dispatcher"          daemon [_thread_blocked, id=17096, stack(0x0000000102000000,0x0000000102100000) (1024K)]
  0x000001a905972680 JavaThread "Attach Listener"            daemon [_thread_blocked, id=16244, stack(0x0000000102100000,0x0000000102200000) (1024K)]
  0x000001a9059740f0 JavaThread "Service Thread"             daemon [_thread_blocked, id=1376, stack(0x0000000102200000,0x0000000102300000) (1024K)]
  0x000001a905974b50 JavaThread "Monitor Deflation Thread"   daemon [_thread_blocked, id=17236, stack(0x0000000102300000,0x0000000102400000) (1024K)]
  0x000001a9059758e0 JavaThread "C2 CompilerThread0"         daemon [_thread_in_native, id=3976, stack(0x0000000102400000,0x0000000102500000) (1024K)]
  0x000001a905976b20 JavaThread "C1 CompilerThread0"         daemon [_thread_blocked, id=17116, stack(0x0000000102500000,0x0000000102600000) (1024K)]
  0x000001a9059c7990 JavaThread "Common-Cleaner"             daemon [_thread_blocked, id=10368, stack(0x0000000102600000,0x0000000102700000) (1024K)]
  0x000001a905cdd7a0 JavaThread "Notification Thread"        daemon [_thread_blocked, id=11188, stack(0x0000000102700000,0x0000000102800000) (1024K)]
=>0x000001a905c90080 JavaThread "C2 CompilerThread1"         daemon [_thread_in_native, id=17772, stack(0x0000000102800000,0x0000000102900000) (1024K)]
  0x000001a94ba36ac0 JavaThread "Daemon health stats"               [_thread_blocked, id=19888, stack(0x0000000102d00000,0x0000000102e00000) (1024K)]
  0x000001a94bbb4a40 JavaThread "Incoming local TCP Connector on port 58920"        [_thread_in_native, id=2060, stack(0x0000000102e00000,0x0000000102f00000) (1024K)]
  0x000001a94bbae6b0 JavaThread "Daemon periodic checks"            [_thread_blocked, id=9952, stack(0x0000000102f00000,0x0000000103000000) (1024K)]
  0x000001a94ba8b310 JavaThread "Daemon"                            [_thread_blocked, id=20584, stack(0x0000000103000000,0x0000000103100000) (1024K)]
  0x000001a94ba8b980 JavaThread "Handler for socket connection from /127.0.0.1:58920 to /127.0.0.1:58921"        [_thread_in_native, id=9812, stack(0x0000000103100000,0x0000000103200000) (1024K)]
  0x000001a94bc1fd60 JavaThread "Cancel handler"                    [_thread_blocked, id=17184, stack(0x0000000103200000,0x0000000103300000) (1024K)]
  0x000001a94bc203d0 JavaThread "Daemon worker"                     [_thread_in_Java, id=14900, stack(0x0000000103300000,0x0000000103400000) (1024K)]
  0x000001a94bc2eef0 JavaThread "Asynchronous log dispatcher for DefaultDaemonConnection: socket connection from /127.0.0.1:58920 to /127.0.0.1:58921"        [_thread_blocked, id=10660, stack(0x0000000103400000,0x0000000103500000) (1024K)]
  0x000001a94bc2f580 JavaThread "Stdin handler"                     [_thread_blocked, id=4852, stack(0x0000000103500000,0x0000000103600000) (1024K)]
  0x000001a94bc2c790 JavaThread "Daemon client event forwarder"        [_thread_blocked, id=6076, stack(0x0000000103600000,0x0000000103700000) (1024K)]
  0x000001a94bc2c100 JavaThread "Cache worker for journal cache (C:\Users\DELL\.gradle\caches\journal-1)"        [_thread_blocked, id=7276, stack(0x0000000103b00000,0x0000000103c00000) (1024K)]
  0x000001a94bc2ce20 JavaThread "File lock request listener"        [_thread_in_native, id=4580, stack(0x0000000103c00000,0x0000000103d00000) (1024K)]
  0x000001a94bc2d4b0 JavaThread "Cache worker for file hash cache (C:\Users\DELL\.gradle\caches\8.9\fileHashes)"        [_thread_blocked, id=4560, stack(0x0000000103d00000,0x0000000103e00000) (1024K)]
  0x000001a94bc2e860 JavaThread "Cache worker for file hash cache (E:\HocTap\BaiTap\.gradle\8.9\fileHashes)"        [_thread_blocked, id=17640, stack(0x0000000103f00000,0x0000000104000000) (1024K)]
  0x000001a94bc2db40 JavaThread "Cache worker for Build Output Cleanup Cache (E:\HocTap\BaiTap\.gradle\buildOutputCleanup)"        [_thread_blocked, id=20464, stack(0x0000000104000000,0x0000000104100000) (1024K)]
  0x000001a94bf80a00 JavaThread "File watcher server"        daemon [_thread_in_native, id=13976, stack(0x0000000104100000,0x0000000104200000) (1024K)]
  0x000001a94bf7cef0 JavaThread "File watcher consumer"      daemon [_thread_blocked, id=160, stack(0x0000000104200000,0x0000000104300000) (1024K)]
  0x000001a94bf7d580 JavaThread "jar transforms"                    [_thread_blocked, id=17276, stack(0x0000000104300000,0x0000000104400000) (1024K)]
  0x000001a94bf7e930 JavaThread "jar transforms Thread 2"           [_thread_blocked, id=9324, stack(0x0000000104400000,0x0000000104500000) (1024K)]
  0x000001a94bf80370 JavaThread "jar transforms Thread 3"           [_thread_blocked, id=20820, stack(0x0000000104500000,0x0000000104600000) (1024K)]
  0x000001a94bf7efc0 JavaThread "jar transforms Thread 4"           [_thread_blocked, id=16264, stack(0x0000000104600000,0x0000000104700000) (1024K)]
  0x000001a94bf81720 JavaThread "jar transforms Thread 5"           [_thread_blocked, id=13700, stack(0x0000000104700000,0x0000000104800000) (1024K)]
  0x000001a94bf7e2a0 JavaThread "jar transforms Thread 6"           [_thread_blocked, id=18436, stack(0x0000000104800000,0x0000000104900000) (1024K)]
  0x000001a94bf83160 JavaThread "jar transforms Thread 7"           [_thread_blocked, id=20628, stack(0x0000000104900000,0x0000000104a00000) (1024K)]
  0x000001a94bf83e80 JavaThread "jar transforms Thread 8"           [_thread_blocked, id=18256, stack(0x0000000104a00000,0x0000000104b00000) (1024K)]
  0x000001a94bf82ad0 JavaThread "Cache worker for checksums cache (E:\HocTap\BaiTap\.gradle\8.9\checksums)"        [_thread_blocked, id=13044, stack(0x0000000104b00000,0x0000000104c00000) (1024K)]
  0x000001a94bf7dc10 JavaThread "Cache worker for file content cache (C:\Users\DELL\.gradle\caches\8.9\fileContent)"        [_thread_blocked, id=6732, stack(0x0000000104c00000,0x0000000104d00000) (1024K)]
  0x000001a94bf7fce0 JavaThread "Cache worker for cache directory md-rule (C:\Users\DELL\.gradle\caches\8.9\md-rule)"        [_thread_blocked, id=18684, stack(0x0000000104d00000,0x0000000104e00000) (1024K)]
  0x000001a94bf82440 JavaThread "Cache worker for cache directory md-supplier (C:\Users\DELL\.gradle\caches\8.9\md-supplier)"        [_thread_blocked, id=17208, stack(0x0000000104e00000,0x0000000104f00000) (1024K)]
  0x000001a94bf837f0 JavaThread "Unconstrained build operations"        [_thread_blocked, id=6320, stack(0x0000000103e00000,0x0000000103f00000) (1024K)]
  0x000001a94bf81db0 JavaThread "Unconstrained build operations Thread 2"        [_thread_blocked, id=9964, stack(0x0000000104f00000,0x0000000105000000) (1024K)]
  0x000001a94f4014f0 JavaThread "Unconstrained build operations Thread 3"        [_thread_blocked, id=20796, stack(0x0000000105000000,0x0000000105100000) (1024K)]
  0x000001a94f400140 JavaThread "Unconstrained build operations Thread 4"        [_thread_blocked, id=3736, stack(0x0000000105100000,0x0000000105200000) (1024K)]
  0x000001a94f401b80 JavaThread "Unconstrained build operations Thread 5"        [_thread_blocked, id=16532, stack(0x0000000105200000,0x0000000105300000) (1024K)]
  0x000001a94f402210 JavaThread "Unconstrained build operations Thread 6"        [_thread_blocked, id=14456, stack(0x0000000105300000,0x0000000105400000) (1024K)]
  0x000001a94f3fed90 JavaThread "Unconstrained build operations Thread 7"        [_thread_blocked, id=16280, stack(0x0000000105400000,0x0000000105500000) (1024K)]
  0x000001a94f3ffab0 JavaThread "Unconstrained build operations Thread 8"        [_thread_blocked, id=16088, stack(0x0000000105500000,0x0000000105600000) (1024K)]
  0x000001a94f3ff420 JavaThread "Unconstrained build operations Thread 9"        [_thread_blocked, id=12504, stack(0x0000000105600000,0x0000000105700000) (1024K)]
  0x000001a94f400e60 JavaThread "Unconstrained build operations Thread 10"        [_thread_blocked, id=10648, stack(0x0000000105700000,0x0000000105800000) (1024K)]
  0x000001a94f4007d0 JavaThread "Unconstrained build operations Thread 11"        [_thread_blocked, id=13840, stack(0x0000000105800000,0x0000000105900000) (1024K)]
  0x000001a94bf84510 JavaThread "Unconstrained build operations Thread 12"        [_thread_blocked, id=17540, stack(0x0000000105900000,0x0000000105a00000) (1024K)]
  0x000001a94fb0eff0 JavaThread "Unconstrained build operations Thread 13"        [_thread_blocked, id=21352, stack(0x0000000105a00000,0x0000000105b00000) (1024K)]
  0x000001a94fb0a130 JavaThread "Unconstrained build operations Thread 14"        [_thread_blocked, id=6132, stack(0x0000000105b00000,0x0000000105c00000) (1024K)]
  0x000001a94fb08060 JavaThread "Unconstrained build operations Thread 15"        [_thread_blocked, id=18120, stack(0x0000000105c00000,0x0000000105d00000) (1024K)]
  0x000001a94fb0f680 JavaThread "Unconstrained build operations Thread 16"        [_thread_blocked, id=7272, stack(0x0000000105d00000,0x0000000105e00000) (1024K)]
  0x000001a94fb0dc40 JavaThread "Unconstrained build operations Thread 17"        [_thread_blocked, id=7288, stack(0x0000000105e00000,0x0000000105f00000) (1024K)]
  0x000001a94fb086f0 JavaThread "Unconstrained build operations Thread 18"        [_thread_blocked, id=18820, stack(0x0000000105f00000,0x0000000106000000) (1024K)]
  0x000001a94eac15c0 JavaThread "C2 CompilerThread2"         daemon [_thread_in_native, id=14684, stack(0x0000000106000000,0x0000000106100000) (1024K)]
Total: 60

Other Threads:
  0x000001a90577f820 VMThread "VM Thread"                           [id=11532, stack(0x0000000101d00000,0x0000000101e00000) (1024K)]
  0x000001a905734fd0 WatcherThread "VM Periodic Task Thread"        [id=16528, stack(0x0000000101c00000,0x0000000101d00000) (1024K)]
  0x000001a96c145c30 WorkerThread "GC Thread#0"                     [id=21156, stack(0x0000000101700000,0x0000000101800000) (1024K)]
  0x000001a94a6a8220 WorkerThread "GC Thread#1"                     [id=16760, stack(0x0000000102900000,0x0000000102a00000) (1024K)]
  0x000001a94a51c400 WorkerThread "GC Thread#2"                     [id=1936, stack(0x0000000102a00000,0x0000000102b00000) (1024K)]
  0x000001a94a57b7f0 WorkerThread "GC Thread#3"                     [id=19820, stack(0x0000000102b00000,0x0000000102c00000) (1024K)]
  0x000001a94adda2e0 WorkerThread "GC Thread#4"                     [id=14560, stack(0x0000000102c00000,0x0000000102d00000) (1024K)]
  0x000001a94bc3af50 WorkerThread "GC Thread#5"                     [id=18092, stack(0x0000000103700000,0x0000000103800000) (1024K)]
  0x000001a94bc3b2f0 WorkerThread "GC Thread#6"                     [id=7924, stack(0x0000000103800000,0x0000000103900000) (1024K)]
  0x000001a94be03dd0 WorkerThread "GC Thread#7"                     [id=3092, stack(0x0000000103900000,0x0000000103a00000) (1024K)]
  0x000001a96c156c10 ConcurrentGCThread "G1 Main Marker"            [id=11824, stack(0x0000000101800000,0x0000000101900000) (1024K)]
  0x000001a96c157710 WorkerThread "G1 Conc#0"                       [id=19200, stack(0x0000000101900000,0x0000000101a00000) (1024K)]
  0x000001a94be04170 WorkerThread "G1 Conc#1"                       [id=10188, stack(0x0000000103a00000,0x0000000103b00000) (1024K)]
  0x000001a96c1ae1e0 ConcurrentGCThread "G1 Refine#0"               [id=19664, stack(0x0000000101a00000,0x0000000101b00000) (1024K)]
  0x000001a90560a510 ConcurrentGCThread "G1 Service"                [id=888, stack(0x0000000101b00000,0x0000000101c00000) (1024K)]
Total: 15

Threads with active compile tasks:
C2 CompilerThread0     9305 6440   !   4       java.net.URLClassLoader::findClass (47 bytes)
C2 CompilerThread1     9305 6441       4       java.net.URLClassLoader$1::run (5 bytes)
C2 CompilerThread2     9305 6442   !   4       java.net.URLClassLoader$1::run (81 bytes)
Total: 3

VM state: not at safepoint (normal execution)

VM Mutex/Monitor currently owned by a thread: None

Heap address: 0x0000000080000000, size: 2048 MB, Compressed Oops mode: 32-bit

CDS archive(s) not mapped
Compressed class space mapped at: 0x000001a906000000-0x000001a946000000, reserved size: 1073741824
Narrow klass base: 0x000001a906000000, Narrow klass shift: 0, Narrow klass range: 0x40000000

GC Precious Log:
 CardTable entry size: 512
 Card Set container configuration: InlinePtr #cards 5 size 8 Array Of Cards #cards 12 size 40 Howl #buckets 4 coarsen threshold 1843 Howl Bitmap #cards 512 size 80 coarsen threshold 460 Card regions per heap region 1 cards per card region 2048
 CPUs: 8 total, 8 available
 Memory: 7914M
 Large Page Support: Disabled
 NUMA Support: Disabled
 Compressed Oops: Enabled (32-bit)
 Heap Region Size: 1M
 Heap Min Capacity: 8M
 Heap Initial Capacity: 124M
 Heap Max Capacity: 2G
 Pre-touch: Disabled
 Parallel Workers: 8
 Concurrent Workers: 2
 Concurrent Refinement Workers: 8
 Periodic GC: Disabled

Heap:
 garbage-first heap   total 135168K, used 119631K [0x0000000080000000, 0x0000000100000000)
  region size 1024K, 46 young (47104K), 4 survivors (4096K)
 Metaspace       used 70564K, committed 72384K, reserved 1114112K
  class space    used 9765K, committed 10688K, reserved 1048576K

Heap Regions: E=young(eden), S=young(survivor), O=old, HS=humongous(starts), HC=humongous(continues), CS=collection set, F=free, TAMS=top-at-mark-start, PB=parsable bottom
|   0|0x0000000080000000, 0x0000000080100000, 0x0000000080100000|100%|HS|  |TAMS 0x0000000080000000| PB 0x0000000080000000| Complete 
|   1|0x0000000080100000, 0x0000000080200000, 0x0000000080200000|100%|HC|  |TAMS 0x0000000080100000| PB 0x0000000080100000| Complete 
|   2|0x0000000080200000, 0x0000000080300000, 0x0000000080300000|100%|HC|  |TAMS 0x0000000080200000| PB 0x0000000080200000| Complete 
|   3|0x0000000080300000, 0x0000000080400000, 0x0000000080400000|100%|HC|  |TAMS 0x0000000080300000| PB 0x0000000080300000| Complete 
|   4|0x0000000080400000, 0x0000000080500000, 0x0000000080500000|100%| O|  |TAMS 0x0000000080400000| PB 0x0000000080400000| Untracked 
|   5|0x0000000080500000, 0x0000000080600000, 0x0000000080600000|100%| O|  |TAMS 0x0000000080500000| PB 0x0000000080500000| Untracked 
|   6|0x0000000080600000, 0x0000000080700000, 0x0000000080700000|100%| O|  |TAMS 0x0000000080600000| PB 0x0000000080600000| Untracked 
|   7|0x0000000080700000, 0x0000000080800000, 0x0000000080800000|100%| O|  |TAMS 0x0000000080700000| PB 0x0000000080700000| Untracked 
|   8|0x0000000080800000, 0x0000000080900000, 0x0000000080900000|100%| O|  |TAMS 0x0000000080800000| PB 0x0000000080800000| Untracked 
|   9|0x0000000080900000, 0x0000000080a00000, 0x0000000080a00000|100%| O|  |TAMS 0x0000000080900000| PB 0x0000000080900000| Untracked 
|  10|0x0000000080a00000, 0x0000000080b00000, 0x0000000080b00000|100%| O|  |TAMS 0x0000000080a00000| PB 0x0000000080a00000| Untracked 
|  11|0x0000000080b00000, 0x0000000080c00000, 0x0000000080c00000|100%|HS|  |TAMS 0x0000000080b00000| PB 0x0000000080b00000| Complete 
|  12|0x0000000080c00000, 0x0000000080d00000, 0x0000000080d00000|100%| O|  |TAMS 0x0000000080c00000| PB 0x0000000080c00000| Untracked 
|  13|0x0000000080d00000, 0x0000000080e00000, 0x0000000080e00000|100%| O|  |TAMS 0x0000000080d00000| PB 0x0000000080d00000| Untracked 
|  14|0x0000000080e00000, 0x0000000080f00000, 0x0000000080f00000|100%| O|  |TAMS 0x0000000080e00000| PB 0x0000000080e00000| Untracked 
|  15|0x0000000080f00000, 0x0000000081000000, 0x0000000081000000|100%| O|  |TAMS 0x0000000080f00000| PB 0x0000000080f00000| Untracked 
|  16|0x0000000081000000, 0x0000000081100000, 0x0000000081100000|100%| O|  |TAMS 0x0000000081000000| PB 0x0000000081000000| Untracked 
|  17|0x0000000081100000, 0x0000000081200000, 0x0000000081200000|100%| O|  |TAMS 0x0000000081100000| PB 0x0000000081100000| Untracked 
|  18|0x0000000081200000, 0x0000000081300000, 0x0000000081300000|100%| O|  |TAMS 0x0000000081200000| PB 0x0000000081200000| Untracked 
|  19|0x0000000081300000, 0x0000000081400000, 0x0000000081400000|100%| O|  |TAMS 0x0000000081300000| PB 0x0000000081300000| Untracked 
|  20|0x0000000081400000, 0x0000000081500000, 0x0000000081500000|100%| O|  |TAMS 0x0000000081400000| PB 0x0000000081400000| Untracked 
|  21|0x0000000081500000, 0x0000000081600000, 0x0000000081600000|100%| O|  |TAMS 0x0000000081500000| PB 0x0000000081500000| Untracked 
|  22|0x0000000081600000, 0x0000000081700000, 0x0000000081700000|100%|HS|  |TAMS 0x0000000081600000| PB 0x0000000081600000| Complete 
|  23|0x0000000081700000, 0x0000000081800000, 0x0000000081800000|100%|HC|  |TAMS 0x0000000081700000| PB 0x0000000081700000| Complete 
|  24|0x0000000081800000, 0x0000000081900000, 0x0000000081900000|100%|HC|  |TAMS 0x0000000081800000| PB 0x0000000081800000| Complete 
|  25|0x0000000081900000, 0x0000000081a00000, 0x0000000081a00000|100%|HC|  |TAMS 0x0000000081900000| PB 0x0000000081900000| Complete 
|  26|0x0000000081a00000, 0x0000000081b00000, 0x0000000081b00000|100%|HC|  |TAMS 0x0000000081a00000| PB 0x0000000081a00000| Complete 
|  27|0x0000000081b00000, 0x0000000081c00000, 0x0000000081c00000|100%|HC|  |TAMS 0x0000000081b00000| PB 0x0000000081b00000| Complete 
|  28|0x0000000081c00000, 0x0000000081d00000, 0x0000000081d00000|100%|HS|  |TAMS 0x0000000081c00000| PB 0x0000000081c00000| Complete 
|  29|0x0000000081d00000, 0x0000000081e00000, 0x0000000081e00000|100%|HC|  |TAMS 0x0000000081d00000| PB 0x0000000081d00000| Complete 
|  30|0x0000000081e00000, 0x0000000081f00000, 0x0000000081f00000|100%|HC|  |TAMS 0x0000000081e00000| PB 0x0000000081e00000| Complete 
|  31|0x0000000081f00000, 0x0000000082000000, 0x0000000082000000|100%|HS|  |TAMS 0x0000000081f00000| PB 0x0000000081f00000| Complete 
|  32|0x0000000082000000, 0x0000000082100000, 0x0000000082100000|100%|HC|  |TAMS 0x0000000082000000| PB 0x0000000082000000| Complete 
|  33|0x0000000082100000, 0x0000000082200000, 0x0000000082200000|100%| O|  |TAMS 0x0000000082100000| PB 0x0000000082100000| Untracked 
|  34|0x0000000082200000, 0x0000000082300000, 0x0000000082300000|100%| O|  |TAMS 0x0000000082200000| PB 0x0000000082200000| Untracked 
|  35|0x0000000082300000, 0x0000000082300000, 0x0000000082400000|  0%| F|  |TAMS 0x0000000082300000| PB 0x0000000082300000| Untracked 
|  36|0x0000000082400000, 0x0000000082500000, 0x0000000082500000|100%|HS|  |TAMS 0x0000000082400000| PB 0x0000000082400000| Complete 
|  37|0x0000000082500000, 0x0000000082600000, 0x0000000082600000|100%| O|  |TAMS 0x0000000082500000| PB 0x0000000082500000| Untracked 
|  38|0x0000000082600000, 0x0000000082700000, 0x0000000082700000|100%| O|  |TAMS 0x0000000082600000| PB 0x0000000082600000| Untracked 
|  39|0x0000000082700000, 0x0000000082800000, 0x0000000082800000|100%| O|  |TAMS 0x0000000082700000| PB 0x0000000082700000| Untracked 
|  40|0x0000000082800000, 0x0000000082900000, 0x0000000082900000|100%| O|Cm|TAMS 0x0000000082800000| PB 0x0000000082800000| Complete 
|  41|0x0000000082900000, 0x0000000082a00000, 0x0000000082a00000|100%| O|  |TAMS 0x0000000082900000| PB 0x0000000082900000| Untracked 
|  42|0x0000000082a00000, 0x0000000082b00000, 0x0000000082b00000|100%| O|  |TAMS 0x0000000082a00000| PB 0x0000000082a00000| Untracked 
|  43|0x0000000082b00000, 0x0000000082c00000, 0x0000000082c00000|100%| O|  |TAMS 0x0000000082b00000| PB 0x0000000082b00000| Untracked 
|  44|0x0000000082c00000, 0x0000000082d00000, 0x0000000082d00000|100%| O|  |TAMS 0x0000000082c00000| PB 0x0000000082c00000| Untracked 
|  45|0x0000000082d00000, 0x0000000082e00000, 0x0000000082e00000|100%|HS|  |TAMS 0x0000000082d00000| PB 0x0000000082d00000| Complete 
|  46|0x0000000082e00000, 0x0000000082f00000, 0x0000000082f00000|100%|HC|  |TAMS 0x0000000082e00000| PB 0x0000000082e00000| Complete 
|  47|0x0000000082f00000, 0x0000000083000000, 0x0000000083000000|100%| O|  |TAMS 0x0000000082f00000| PB 0x0000000082f00000| Untracked 
|  48|0x0000000083000000, 0x0000000083100000, 0x0000000083100000|100%| O|  |TAMS 0x0000000083000000| PB 0x0000000083000000| Untracked 
|  49|0x0000000083100000, 0x0000000083200000, 0x0000000083200000|100%| O|  |TAMS 0x0000000083100000| PB 0x0000000083100000| Untracked 
|  50|0x0000000083200000, 0x0000000083300000, 0x0000000083300000|100%| O|  |TAMS 0x0000000083200000| PB 0x0000000083200000| Untracked 
|  51|0x0000000083300000, 0x0000000083400000, 0x0000000083400000|100%|HS|  |TAMS 0x0000000083300000| PB 0x0000000083300000| Complete 
|  52|0x0000000083400000, 0x0000000083500000, 0x0000000083500000|100%|HC|  |TAMS 0x0000000083400000| PB 0x0000000083400000| Complete 
|  53|0x0000000083500000, 0x0000000083600000, 0x0000000083600000|100%|HC|  |TAMS 0x0000000083500000| PB 0x0000000083500000| Complete 
|  54|0x0000000083600000, 0x0000000083700000, 0x0000000083700000|100%|HC|  |TAMS 0x0000000083600000| PB 0x0000000083600000| Complete 
|  55|0x0000000083700000, 0x0000000083800000, 0x0000000083800000|100%|HC|  |TAMS 0x0000000083700000| PB 0x0000000083700000| Complete 
|  56|0x0000000083800000, 0x0000000083900000, 0x0000000083900000|100%|HC|  |TAMS 0x0000000083800000| PB 0x0000000083800000| Complete 
|  57|0x0000000083900000, 0x0000000083a00000, 0x0000000083a00000|100%| O|  |TAMS 0x0000000083900000| PB 0x0000000083900000| Untracked 
|  58|0x0000000083a00000, 0x0000000083b00000, 0x0000000083b00000|100%| O|  |TAMS 0x0000000083a00000| PB 0x0000000083a00000| Untracked 
|  59|0x0000000083b00000, 0x0000000083c00000, 0x0000000083c00000|100%| O|  |TAMS 0x0000000083b00000| PB 0x0000000083b00000| Untracked 
|  60|0x0000000083c00000, 0x0000000083cfb8b0, 0x0000000083d00000| 98%| O|  |TAMS 0x0000000083c00000| PB 0x0000000083c00000| Untracked 
|  61|0x0000000083d00000, 0x0000000083d00000, 0x0000000083e00000|  0%| F|  |TAMS 0x0000000083d00000| PB 0x0000000083d00000| Untracked 
|  62|0x0000000083e00000, 0x0000000083e00000, 0x0000000083f00000|  0%| F|  |TAMS 0x0000000083e00000| PB 0x0000000083e00000| Untracked 
|  63|0x0000000083f00000, 0x0000000084000000, 0x0000000084000000|100%|HS|  |TAMS 0x0000000083f00000| PB 0x0000000083f00000| Complete 
|  64|0x0000000084000000, 0x0000000084100000, 0x0000000084100000|100%|HC|  |TAMS 0x0000000084000000| PB 0x0000000084000000| Complete 
|  65|0x0000000084100000, 0x0000000084200000, 0x0000000084200000|100%|HC|  |TAMS 0x0000000084100000| PB 0x0000000084100000| Complete 
|  66|0x0000000084200000, 0x0000000084300000, 0x0000000084300000|100%|HC|  |TAMS 0x0000000084200000| PB 0x0000000084200000| Complete 
|  67|0x0000000084300000, 0x0000000084400000, 0x0000000084400000|100%|HC|  |TAMS 0x0000000084300000| PB 0x0000000084300000| Complete 
|  68|0x0000000084400000, 0x0000000084500000, 0x0000000084500000|100%|HC|  |TAMS 0x0000000084400000| PB 0x0000000084400000| Complete 
|  69|0x0000000084500000, 0x0000000084500000, 0x0000000084600000|  0%| F|  |TAMS 0x0000000084500000| PB 0x0000000084500000| Untracked 
|  70|0x0000000084600000, 0x0000000084600000, 0x0000000084700000|  0%| F|  |TAMS 0x0000000084600000| PB 0x0000000084600000| Untracked 
|  71|0x0000000084700000, 0x0000000084700000, 0x0000000084800000|  0%| F|  |TAMS 0x0000000084700000| PB 0x0000000084700000| Untracked 
|  72|0x0000000084800000, 0x0000000084800000, 0x0000000084900000|  0%| F|  |TAMS 0x0000000084800000| PB 0x0000000084800000| Untracked 
|  73|0x0000000084900000, 0x0000000084900000, 0x0000000084a00000|  0%| F|  |TAMS 0x0000000084900000| PB 0x0000000084900000| Untracked 
|  74|0x0000000084a00000, 0x0000000084a00000, 0x0000000084b00000|  0%| F|  |TAMS 0x0000000084a00000| PB 0x0000000084a00000| Untracked 
|  75|0x0000000084b00000, 0x0000000084b00000, 0x0000000084c00000|  0%| F|  |TAMS 0x0000000084b00000| PB 0x0000000084b00000| Untracked 
|  76|0x0000000084c00000, 0x0000000084c00000, 0x0000000084d00000|  0%| F|  |TAMS 0x0000000084c00000| PB 0x0000000084c00000| Untracked 
|  77|0x0000000084d00000, 0x0000000084d00000, 0x0000000084e00000|  0%| F|  |TAMS 0x0000000084d00000| PB 0x0000000084d00000| Untracked 
|  78|0x0000000084e00000, 0x0000000084e00000, 0x0000000084f00000|  0%| F|  |TAMS 0x0000000084e00000| PB 0x0000000084e00000| Untracked 
|  79|0x0000000084f00000, 0x0000000084f7b710, 0x0000000085000000| 48%| E|  |TAMS 0x0000000084f00000| PB 0x0000000084f00000| Complete 
|  80|0x0000000085000000, 0x0000000085100000, 0x0000000085100000|100%| E|CS|TAMS 0x0000000085000000| PB 0x0000000085000000| Complete 
|  81|0x0000000085100000, 0x0000000085200000, 0x0000000085200000|100%| E|CS|TAMS 0x0000000085100000| PB 0x0000000085100000| Complete 
|  82|0x0000000085200000, 0x0000000085300000, 0x0000000085300000|100%| E|CS|TAMS 0x0000000085200000| PB 0x0000000085200000| Complete 
|  83|0x0000000085300000, 0x0000000085400000, 0x0000000085400000|100%| E|CS|TAMS 0x0000000085300000| PB 0x0000000085300000| Complete 
|  84|0x0000000085400000, 0x0000000085500000, 0x0000000085500000|100%| E|CS|TAMS 0x0000000085400000| PB 0x0000000085400000| Complete 
|  85|0x0000000085500000, 0x0000000085600000, 0x0000000085600000|100%| E|CS|TAMS 0x0000000085500000| PB 0x0000000085500000| Complete 
|  86|0x0000000085600000, 0x0000000085700000, 0x0000000085700000|100%| E|CS|TAMS 0x0000000085600000| PB 0x0000000085600000| Complete 
|  87|0x0000000085700000, 0x0000000085800000, 0x0000000085800000|100%| E|CS|TAMS 0x0000000085700000| PB 0x0000000085700000| Complete 
|  88|0x0000000085800000, 0x0000000085900000, 0x0000000085900000|100%| E|CS|TAMS 0x0000000085800000| PB 0x0000000085800000| Complete 
|  89|0x0000000085900000, 0x0000000085a00000, 0x0000000085a00000|100%| E|CS|TAMS 0x0000000085900000| PB 0x0000000085900000| Complete 
|  90|0x0000000085a00000, 0x0000000085b00000, 0x0000000085b00000|100%| E|CS|TAMS 0x0000000085a00000| PB 0x0000000085a00000| Complete 
|  91|0x0000000085b00000, 0x0000000085c00000, 0x0000000085c00000|100%| E|CS|TAMS 0x0000000085b00000| PB 0x0000000085b00000| Complete 
|  92|0x0000000085c00000, 0x0000000085d00000, 0x0000000085d00000|100%| E|CS|TAMS 0x0000000085c00000| PB 0x0000000085c00000| Complete 
|  93|0x0000000085d00000, 0x0000000085e00000, 0x0000000085e00000|100%| E|CS|TAMS 0x0000000085d00000| PB 0x0000000085d00000| Complete 
|  94|0x0000000085e00000, 0x0000000085f00000, 0x0000000085f00000|100%| E|CS|TAMS 0x0000000085e00000| PB 0x0000000085e00000| Complete 
|  95|0x0000000085f00000, 0x0000000085fd8590, 0x0000000086000000| 84%| S|CS|TAMS 0x0000000085f00000| PB 0x0000000085f00000| Complete 
|  96|0x0000000086000000, 0x0000000086100000, 0x0000000086100000|100%| S|CS|TAMS 0x0000000086000000| PB 0x0000000086000000| Complete 
|  97|0x0000000086100000, 0x0000000086200000, 0x0000000086200000|100%| S|CS|TAMS 0x0000000086100000| PB 0x0000000086100000| Complete 
|  98|0x0000000086200000, 0x0000000086300000, 0x0000000086300000|100%| S|CS|TAMS 0x0000000086200000| PB 0x0000000086200000| Complete 
|  99|0x0000000086300000, 0x0000000086400000, 0x0000000086400000|100%| E|  |TAMS 0x0000000086300000| PB 0x0000000086300000| Complete 
| 100|0x0000000086400000, 0x0000000086500000, 0x0000000086500000|100%| E|CS|TAMS 0x0000000086400000| PB 0x0000000086400000| Complete 
| 101|0x0000000086500000, 0x0000000086600000, 0x0000000086600000|100%| E|CS|TAMS 0x0000000086500000| PB 0x0000000086500000| Complete 
| 102|0x0000000086600000, 0x0000000086700000, 0x0000000086700000|100%| E|CS|TAMS 0x0000000086600000| PB 0x0000000086600000| Complete 
| 103|0x0000000086700000, 0x0000000086800000, 0x0000000086800000|100%| E|CS|TAMS 0x0000000086700000| PB 0x0000000086700000| Complete 
| 104|0x0000000086800000, 0x0000000086900000, 0x0000000086900000|100%| E|CS|TAMS 0x0000000086800000| PB 0x0000000086800000| Complete 
| 105|0x0000000086900000, 0x0000000086a00000, 0x0000000086a00000|100%| E|CS|TAMS 0x0000000086900000| PB 0x0000000086900000| Complete 
| 106|0x0000000086a00000, 0x0000000086b00000, 0x0000000086b00000|100%| E|CS|TAMS 0x0000000086a00000| PB 0x0000000086a00000| Complete 
| 107|0x0000000086b00000, 0x0000000086c00000, 0x0000000086c00000|100%| E|CS|TAMS 0x0000000086b00000| PB 0x0000000086b00000| Complete 
| 108|0x0000000086c00000, 0x0000000086d00000, 0x0000000086d00000|100%| E|CS|TAMS 0x0000000086c00000| PB 0x0000000086c00000| Complete 
| 109|0x0000000086d00000, 0x0000000086e00000, 0x0000000086e00000|100%| E|CS|TAMS 0x0000000086d00000| PB 0x0000000086d00000| Complete 
| 110|0x0000000086e00000, 0x0000000086f00000, 0x0000000086f00000|100%| E|CS|TAMS 0x0000000086e00000| PB 0x0000000086e00000| Complete 
| 111|0x0000000086f00000, 0x0000000087000000, 0x0000000087000000|100%| E|CS|TAMS 0x0000000086f00000| PB 0x0000000086f00000| Complete 
| 112|0x0000000087000000, 0x0000000087100000, 0x0000000087100000|100%| E|CS|TAMS 0x0000000087000000| PB 0x0000000087000000| Complete 
| 113|0x0000000087100000, 0x0000000087200000, 0x0000000087200000|100%| E|CS|TAMS 0x0000000087100000| PB 0x0000000087100000| Complete 
| 114|0x0000000087200000, 0x0000000087300000, 0x0000000087300000|100%| E|CS|TAMS 0x0000000087200000| PB 0x0000000087200000| Complete 
| 115|0x0000000087300000, 0x0000000087400000, 0x0000000087400000|100%| E|CS|TAMS 0x0000000087300000| PB 0x0000000087300000| Complete 
| 116|0x0000000087400000, 0x0000000087500000, 0x0000000087500000|100%| E|CS|TAMS 0x0000000087400000| PB 0x0000000087400000| Complete 
| 117|0x0000000087500000, 0x0000000087600000, 0x0000000087600000|100%| E|CS|TAMS 0x0000000087500000| PB 0x0000000087500000| Complete 
| 118|0x0000000087600000, 0x0000000087700000, 0x0000000087700000|100%| E|CS|TAMS 0x0000000087600000| PB 0x0000000087600000| Complete 
| 119|0x0000000087700000, 0x0000000087800000, 0x0000000087800000|100%| E|CS|TAMS 0x0000000087700000| PB 0x0000000087700000| Complete 
| 120|0x0000000087800000, 0x0000000087900000, 0x0000000087900000|100%| E|CS|TAMS 0x0000000087800000| PB 0x0000000087800000| Complete 
| 121|0x0000000087900000, 0x0000000087a00000, 0x0000000087a00000|100%| E|CS|TAMS 0x0000000087900000| PB 0x0000000087900000| Complete 
| 122|0x0000000087a00000, 0x0000000087b00000, 0x0000000087b00000|100%| E|CS|TAMS 0x0000000087a00000| PB 0x0000000087a00000| Complete 
| 123|0x0000000087b00000, 0x0000000087c00000, 0x0000000087c00000|100%| E|CS|TAMS 0x0000000087b00000| PB 0x0000000087b00000| Complete 
| 124|0x0000000087c00000, 0x0000000087d00000, 0x0000000087d00000|100%| E|CS|TAMS 0x0000000087c00000| PB 0x0000000087c00000| Complete 
|2041|0x00000000ff900000, 0x00000000ffa00000, 0x00000000ffa00000|100%| O|  |TAMS 0x00000000ff900000| PB 0x00000000ff900000| Untracked 
|2042|0x00000000ffa00000, 0x00000000ffb00000, 0x00000000ffb00000|100%| O|  |TAMS 0x00000000ffa00000| PB 0x00000000ffa00000| Untracked 
|2043|0x00000000ffb00000, 0x00000000ffc00000, 0x00000000ffc00000|100%| O|  |TAMS 0x00000000ffb00000| PB 0x00000000ffb00000| Untracked 
|2044|0x00000000ffc00000, 0x00000000ffd00000, 0x00000000ffd00000|100%| O|  |TAMS 0x00000000ffc00000| PB 0x00000000ffc00000| Untracked 
|2045|0x00000000ffd00000, 0x00000000ffe00000, 0x00000000ffe00000|100%| O|  |TAMS 0x00000000ffd00000| PB 0x00000000ffd00000| Untracked 
|2046|0x00000000ffe00000, 0x00000000fff00000, 0x00000000fff00000|100%| O|  |TAMS 0x00000000ffe00000| PB 0x00000000ffe00000| Untracked 
|2047|0x00000000fff00000, 0x0000000100000000, 0x0000000100000000|100%| O|Cm|TAMS 0x00000000fff00000| PB 0x00000000fff00000| Complete 

Card table byte_map: [0x000001a900950000,0x000001a900d50000] _byte_map_base: 0x000001a900550000

Marking Bits: (CMBitMap*) 0x000001a96c146330
 Bits: [0x000001a900d50000, 0x000001a902d50000)

Polling page: 0x000001a96c1b0000

Metaspace:

Usage:
  Non-class:     59.39 MB used.
      Class:      9.54 MB used.
       Both:     68.93 MB used.

Virtual space:
  Non-class space:       64.00 MB reserved,      60.31 MB ( 94%) committed,  1 nodes.
      Class space:        1.00 GB reserved,      10.44 MB (  1%) committed,  1 nodes.
             Both:        1.06 GB reserved,      70.75 MB (  7%) committed. 

Chunk freelists:
   Non-Class:  2.80 MB
       Class:  5.58 MB
        Both:  8.38 MB

MaxMetaspaceSize: unlimited
CompressedClassSpaceSize: 1.00 GB
Initial GC threshold: 21.00 MB
Current GC threshold: 105.00 MB
CDS: off
 - commit_granule_bytes: 65536.
 - commit_granule_words: 8192.
 - virtual_space_node_default_size: 8388608.
 - enlarge_chunks_in_place: 1.
 - use_allocation_guard: 0.


Internal statistics:

num_allocs_failed_limit: 8.
num_arena_births: 3284.
num_arena_deaths: 0.
num_vsnodes_births: 2.
num_vsnodes_deaths: 0.
num_space_committed: 1132.
num_space_uncommitted: 0.
num_chunks_returned_to_freelist: 8.
num_chunks_taken_from_freelist: 6215.
num_chunk_merges: 8.
num_chunk_splits: 4037.
num_chunks_enlarged: 2483.
num_inconsistent_stats: 0.

CodeHeap 'non-profiled nmethods': size=120000Kb used=3238Kb max_used=3238Kb free=116761Kb
 bounds [0x000001a9784d0000, 0x000001a978800000, 0x000001a97fa00000]
CodeHeap 'profiled nmethods': size=120000Kb used=11033Kb max_used=11033Kb free=108966Kb
 bounds [0x000001a970a00000, 0x000001a9714d0000, 0x000001a977f30000]
CodeHeap 'non-nmethods': size=5760Kb used=2983Kb max_used=3027Kb free=2776Kb
 bounds [0x000001a977f30000, 0x000001a978230000, 0x000001a9784d0000]
 total_blobs=6545 nmethods=5666 adapters=783
 compilation: enabled
              stopped_count=0, restarted_count=0
 full_count=0

Compilation events (20 events):
Event: 9.247 Thread 0x000001a905976b20 nmethod 6600 0x000001a9714a8890 code [0x000001a9714a8a40, 0x000001a9714a8c60]
Event: 9.250 Thread 0x000001a905976b20 6601       3       java.io.ObjectInputStream$HandleTable::assign (48 bytes)
Event: 9.250 Thread 0x000001a905976b20 nmethod 6601 0x000001a9714a8d10 code [0x000001a9714a8ee0, 0x000001a9714a9258]
Event: 9.250 Thread 0x000001a905976b20 6602       3       java.io.ObjectInputStream$HandleTable::finish (111 bytes)
Event: 9.251 Thread 0x000001a905976b20 nmethod 6602 0x000001a9714a9410 code [0x000001a9714a9600, 0x000001a9714a9be0]
Event: 9.251 Thread 0x000001a905976b20 6603       3       com.google.common.collect.ImmutableMap$Builder::buildOrThrow (6 bytes)
Event: 9.251 Thread 0x000001a905976b20 nmethod 6603 0x000001a9714a9d90 code [0x000001a9714a9f40, 0x000001a9714aa080]
Event: 9.251 Thread 0x000001a905976b20 6604  s    3       java.io.ByteArrayInputStream::read (36 bytes)
Event: 9.251 Thread 0x000001a905976b20 nmethod 6604 0x000001a9714aa110 code [0x000001a9714aa2c0, 0x000001a9714aa520]
Event: 9.251 Thread 0x000001a905976b20 6606   !   3       java.io.ObjectInputStream::readObject0 (681 bytes)
Event: 9.254 Thread 0x000001a905976b20 nmethod 6606 0x000001a9714aa610 code [0x000001a9714aadc0, 0x000001a9714ade98]
Event: 9.254 Thread 0x000001a905976b20 6607       3       jdk.internal.event.Event::<init> (5 bytes)
Event: 9.255 Thread 0x000001a905976b20 nmethod 6607 0x000001a9714afb90 code [0x000001a9714afd40, 0x000001a9714afea8]
Event: 9.255 Thread 0x000001a905976b20 6605       1       java.io.ObjectInputStream$HandleTable::size (5 bytes)
Event: 9.255 Thread 0x000001a905976b20 nmethod 6605 0x000001a9787f9210 code [0x000001a9787f93a0, 0x000001a9787f9468]
Event: 9.255 Thread 0x000001a905976b20 6608       3       java.io.ObjectInputStream$HandleTable::markDependency (175 bytes)
Event: 9.255 Thread 0x000001a905976b20 nmethod 6608 0x000001a9714aff90 code [0x000001a9714b0200, 0x000001a9714b0d00]
Event: 9.256 Thread 0x000001a905976b20 6609       3       com.google.common.collect.Iterables::toArray (13 bytes)
Event: 9.257 Thread 0x000001a905976b20 nmethod 6609 0x000001a9714b1090 code [0x000001a9714b12c0, 0x000001a9714b1b50]
Event: 9.271 Thread 0x000001a905976b20 6610       3       org.gradle.internal.instantiation.generator.DependencyInjectingInstantiator::verifyParameters (175 bytes)

GC Heap History (20 events):
Event: 5.271 GC heap before
{Heap before GC invocations=8 (full 0):
 garbage-first heap   total 78848K, used 67921K [0x0000000080000000, 0x0000000100000000)
  region size 1024K, 30 young (30720K), 5 survivors (5120K)
 Metaspace       used 38186K, committed 39168K, reserved 1114112K
  class space    used 5233K, committed 5696K, reserved 1048576K
}
Event: 5.274 GC heap after
{Heap after GC invocations=9 (full 0):
 garbage-first heap   total 78848K, used 43536K [0x0000000080000000, 0x0000000100000000)
  region size 1024K, 2 young (2048K), 2 survivors (2048K)
 Metaspace       used 38186K, committed 39168K, reserved 1114112K
  class space    used 5233K, committed 5696K, reserved 1048576K
}
Event: 5.639 GC heap before
{Heap before GC invocations=9 (full 0):
 garbage-first heap   total 78848K, used 68112K [0x0000000080000000, 0x0000000100000000)
  region size 1024K, 26 young (26624K), 2 survivors (2048K)
 Metaspace       used 41273K, committed 42432K, reserved 1114112K
  class space    used 5766K, committed 6336K, reserved 1048576K
}
Event: 5.642 GC heap after
{Heap after GC invocations=10 (full 0):
 garbage-first heap   total 78848K, used 44831K [0x0000000080000000, 0x0000000100000000)
  region size 1024K, 3 young (3072K), 3 survivors (3072K)
 Metaspace       used 41273K, committed 42432K, reserved 1114112K
  class space    used 5766K, committed 6336K, reserved 1048576K
}
Event: 6.110 GC heap before
{Heap before GC invocations=10 (full 0):
 garbage-first heap   total 78848K, used 69407K [0x0000000080000000, 0x0000000100000000)
  region size 1024K, 28 young (28672K), 3 survivors (3072K)
 Metaspace       used 46833K, committed 48064K, reserved 1114112K
  class space    used 6452K, committed 7040K, reserved 1048576K
}
Event: 6.115 GC heap after
{Heap after GC invocations=11 (full 0):
 garbage-first heap   total 78848K, used 47448K [0x0000000080000000, 0x0000000100000000)
  region size 1024K, 4 young (4096K), 4 survivors (4096K)
 Metaspace       used 46833K, committed 48064K, reserved 1114112K
  class space    used 6452K, committed 7040K, reserved 1048576K
}
Event: 6.352 GC heap before
{Heap before GC invocations=12 (full 0):
 garbage-first heap   total 83968K, used 67928K [0x0000000080000000, 0x0000000100000000)
  region size 1024K, 25 young (25600K), 4 survivors (4096K)
 Metaspace       used 48911K, committed 50240K, reserved 1114112K
  class space    used 6683K, committed 7360K, reserved 1048576K
}
Event: 6.356 GC heap after
{Heap after GC invocations=13 (full 0):
 garbage-first heap   total 83968K, used 49948K [0x0000000080000000, 0x0000000100000000)
  region size 1024K, 3 young (3072K), 3 survivors (3072K)
 Metaspace       used 48911K, committed 50240K, reserved 1114112K
  class space    used 6683K, committed 7360K, reserved 1048576K
}
Event: 6.700 GC heap before
{Heap before GC invocations=13 (full 0):
 garbage-first heap   total 83968K, used 78620K [0x0000000080000000, 0x0000000100000000)
  region size 1024K, 27 young (27648K), 3 survivors (3072K)
 Metaspace       used 51187K, committed 52544K, reserved 1114112K
  class space    used 6878K, committed 7552K, reserved 1048576K
}
Event: 6.704 GC heap after
{Heap after GC invocations=14 (full 0):
 garbage-first heap   total 103424K, used 51667K [0x0000000080000000, 0x0000000100000000)
  region size 1024K, 3 young (3072K), 3 survivors (3072K)
 Metaspace       used 51187K, committed 52544K, reserved 1114112K
  class space    used 6878K, committed 7552K, reserved 1048576K
}
Event: 7.216 GC heap before
{Heap before GC invocations=14 (full 0):
 garbage-first heap   total 103424K, used 88531K [0x0000000080000000, 0x0000000100000000)
  region size 1024K, 39 young (39936K), 3 survivors (3072K)
 Metaspace       used 55609K, committed 57088K, reserved 1114112K
  class space    used 7654K, committed 8384K, reserved 1048576K
}
Event: 7.220 GC heap after
{Heap after GC invocations=15 (full 0):
 garbage-first heap   total 103424K, used 53600K [0x0000000080000000, 0x0000000100000000)
  region size 1024K, 5 young (5120K), 5 survivors (5120K)
 Metaspace       used 55609K, committed 57088K, reserved 1114112K
  class space    used 7654K, committed 8384K, reserved 1048576K
}
Event: 7.662 GC heap before
{Heap before GC invocations=16 (full 0):
 garbage-first heap   total 103424K, used 101728K [0x0000000080000000, 0x0000000100000000)
  region size 1024K, 37 young (37888K), 5 survivors (5120K)
 Metaspace       used 57753K, committed 59328K, reserved 1114112K
  class space    used 7796K, committed 8576K, reserved 1048576K
}
Event: 7.670 GC heap after
{Heap after GC invocations=17 (full 0):
 garbage-first heap   total 115712K, used 75030K [0x0000000080000000, 0x0000000100000000)
  region size 1024K, 6 young (6144K), 6 survivors (6144K)
 Metaspace       used 57753K, committed 59328K, reserved 1114112K
  class space    used 7796K, committed 8576K, reserved 1048576K
}
Event: 7.820 GC heap before
{Heap before GC invocations=17 (full 0):
 garbage-first heap   total 115712K, used 101654K [0x0000000080000000, 0x0000000100000000)
  region size 1024K, 32 young (32768K), 6 survivors (6144K)
 Metaspace       used 58633K, committed 60224K, reserved 1114112K
  class space    used 7932K, committed 8704K, reserved 1048576K
}
Event: 7.825 GC heap after
{Heap after GC invocations=18 (full 0):
 garbage-first heap   total 115712K, used 76206K [0x0000000080000000, 0x0000000100000000)
  region size 1024K, 2 young (2048K), 2 survivors (2048K)
 Metaspace       used 58633K, committed 60224K, reserved 1114112K
  class space    used 7932K, committed 8704K, reserved 1048576K
}
Event: 8.196 GC heap before
{Heap before GC invocations=18 (full 0):
 garbage-first heap   total 115712K, used 104878K [0x0000000080000000, 0x0000000100000000)
  region size 1024K, 30 young (30720K), 2 survivors (2048K)
 Metaspace       used 62503K, committed 64128K, reserved 1114112K
  class space    used 8476K, committed 9280K, reserved 1048576K
}
Event: 8.200 GC heap after
{Heap after GC invocations=19 (full 0):
 garbage-first heap   total 115712K, used 76820K [0x0000000080000000, 0x0000000100000000)
  region size 1024K, 3 young (3072K), 3 survivors (3072K)
 Metaspace       used 62503K, committed 64128K, reserved 1114112K
  class space    used 8476K, committed 9280K, reserved 1048576K
}
Event: 8.645 GC heap before
{Heap before GC invocations=20 (full 0):
 garbage-first heap   total 135168K, used 103444K [0x0000000080000000, 0x0000000100000000)
  region size 1024K, 29 young (29696K), 3 survivors (3072K)
 Metaspace       used 66214K, committed 67840K, reserved 1114112K
  class space    used 9051K, committed 9856K, reserved 1048576K
}
Event: 8.650 GC heap after
{Heap after GC invocations=21 (full 0):
 garbage-first heap   total 135168K, used 78671K [0x0000000080000000, 0x0000000100000000)
  region size 1024K, 4 young (4096K), 4 survivors (4096K)
 Metaspace       used 66214K, committed 67840K, reserved 1114112K
  class space    used 9051K, committed 9856K, reserved 1048576K
}

Dll operation events (3 events):
Event: 0.014 Loaded shared library C:\Program Files\Android\Android Studio\jbr\bin\java.dll
Event: 0.023 Loaded shared library C:\Program Files\Android\Android Studio\jbr\bin\zip.dll
Event: 0.797 Loaded shared library C:\Program Files\Android\Android Studio\jbr\bin\verify.dll

Deoptimization events (20 events):
Event: 9.022 Thread 0x000001a94bc203d0 Uncommon trap: trap_request=0xffffff45 fr.pc=0x000001a9787d2444 relative=0x0000000000001584
Event: 9.022 Thread 0x000001a94bc203d0 Uncommon trap: reason=unstable_if action=reinterpret pc=0x000001a9787d2444 method=java.util.concurrent.ConcurrentHashMap.computeIfAbsent(Ljava/lang/Object;Ljava/util/function/Function;)Ljava/lang/Object; @ 123 c2
Event: 9.022 Thread 0x000001a94bc203d0 DEOPT PACKING pc=0x000001a9787d2444 sp=0x00000001033f9050
Event: 9.022 Thread 0x000001a94bc203d0 DEOPT UNPACKING pc=0x000001a977f87da2 sp=0x00000001033f8fe0 mode 2
Event: 9.023 Thread 0x000001a94bc203d0 Uncommon trap: trap_request=0xffffff45 fr.pc=0x000001a97857898c relative=0x000000000000036c
Event: 9.023 Thread 0x000001a94bc203d0 Uncommon trap: reason=unstable_if action=reinterpret pc=0x000001a97857898c method=org.gradle.internal.reflect.PropertyAccessorType.isGetGetterName(Ljava/lang/String;)Z @ 14 c2
Event: 9.023 Thread 0x000001a94bc203d0 DEOPT PACKING pc=0x000001a97857898c sp=0x00000001033f8bf0
Event: 9.024 Thread 0x000001a94bc203d0 DEOPT UNPACKING pc=0x000001a977f87da2 sp=0x00000001033f8b48 mode 2
Event: 9.044 Thread 0x000001a94bc203d0 Uncommon trap: trap_request=0xffffffc6 fr.pc=0x000001a97871ba4c relative=0x000000000000026c
Event: 9.044 Thread 0x000001a94bc203d0 Uncommon trap: reason=bimorphic_or_optimized_type_check action=maybe_recompile pc=0x000001a97871ba4c method=java.util.Spliterators$IteratorSpliterator.tryAdvance(Ljava/util/function/Consumer;)Z @ 50 c2
Event: 9.044 Thread 0x000001a94bc203d0 DEOPT PACKING pc=0x000001a97871ba4c sp=0x00000001033f8ec0
Event: 9.044 Thread 0x000001a94bc203d0 DEOPT UNPACKING pc=0x000001a977f87da2 sp=0x00000001033f8e60 mode 2
Event: 9.051 Thread 0x000001a94bc203d0 Uncommon trap: trap_request=0xffffff76 fr.pc=0x000001a97878467c relative=0x00000000000001dc
Event: 9.051 Thread 0x000001a94bc203d0 Uncommon trap: reason=predicate action=maybe_recompile pc=0x000001a97878467c method=java.util.LinkedHashMap.keysToArray([Ljava/lang/Object;Z)[Ljava/lang/Object; @ 53 c2
Event: 9.051 Thread 0x000001a94bc203d0 DEOPT PACKING pc=0x000001a97878467c sp=0x00000001033f7eb0
Event: 9.051 Thread 0x000001a94bc203d0 DEOPT UNPACKING pc=0x000001a977f87da2 sp=0x00000001033f7e60 mode 2
Event: 9.095 Thread 0x000001a94bc203d0 Uncommon trap: trap_request=0xffffffc6 fr.pc=0x000001a97871ba4c relative=0x000000000000026c
Event: 9.095 Thread 0x000001a94bc203d0 Uncommon trap: reason=bimorphic_or_optimized_type_check action=maybe_recompile pc=0x000001a97871ba4c method=java.util.Spliterators$IteratorSpliterator.tryAdvance(Ljava/util/function/Consumer;)Z @ 50 c2
Event: 9.095 Thread 0x000001a94bc203d0 DEOPT PACKING pc=0x000001a97871ba4c sp=0x00000001033f8ec0
Event: 9.095 Thread 0x000001a94bc203d0 DEOPT UNPACKING pc=0x000001a977f87da2 sp=0x00000001033f8e60 mode 2

Classes loaded (20 events):
Event: 8.833 Loading class java/util/IdentityHashMap$EntryIterator
Event: 8.833 Loading class java/util/IdentityHashMap$IdentityHashMapIterator
Event: 8.833 Loading class java/util/IdentityHashMap$IdentityHashMapIterator done
Event: 8.833 Loading class java/util/IdentityHashMap$EntryIterator done
Event: 8.833 Loading class java/util/IdentityHashMap$EntryIterator$Entry
Event: 8.833 Loading class java/util/IdentityHashMap$EntryIterator$Entry done
Event: 8.848 Loading class java/util/concurrent/RecursiveAction
Event: 8.849 Loading class java/util/concurrent/RecursiveAction done
Event: 8.869 Loading class java/lang/invoke/SerializedLambda$1
Event: 8.869 Loading class java/lang/invoke/SerializedLambda$1 done
Event: 8.890 Loading class org/xml/sax/Locator
Event: 8.890 Loading class org/xml/sax/Locator done
Event: 8.891 Loading class org/xml/sax/SAXParseException
Event: 8.891 Loading class org/xml/sax/SAXParseException done
Event: 8.892 Loading class org/xml/sax/Attributes
Event: 8.892 Loading class org/xml/sax/Attributes done
Event: 8.956 Loading class java/util/DualPivotQuicksort
Event: 8.956 Loading class java/util/DualPivotQuicksort done
Event: 9.019 Loading class java/util/function/LongUnaryOperator
Event: 9.019 Loading class java/util/function/LongUnaryOperator done

Classes unloaded (0 events):
No events

Classes redefined (0 events):
No events

Internal exceptions (20 events):
Event: 8.865 Thread 0x000001a94bc203d0 Exception <a 'java/lang/ClassNotFoundException'{0x0000000086ab25d0}: org/gradle/api/invocation/GradleBeanInfo> (0x0000000086ab25d0) 
thrown [s\src\hotspot\share\classfile\systemDictionary.cpp, line 312]
Event: 8.865 Thread 0x000001a94bc203d0 Exception <a 'java/lang/ClassNotFoundException'{0x0000000086abdfc0}: org/gradle/api/invocation/GradleCustomizer> (0x0000000086abdfc0) 
thrown [s\src\hotspot\share\classfile\systemDictionary.cpp, line 312]
Event: 8.868 Thread 0x000001a94bc203d0 Exception <a 'java/lang/NoSuchMethodError'{0x0000000086ae02d0}: 'void java.lang.invoke.Invokers$Holder.invokeExact_MT(java.lang.Object, java.lang.Object, int, java.lang.Object)'> (0x0000000086ae02d0) 
thrown [s\src\hotspot\share\interpreter\linkResolver.cpp, line 784]
Event: 8.872 Thread 0x000001a94bc203d0 Exception <a 'java/lang/NoSuchMethodError'{0x0000000086902738}: 'void java.lang.invoke.Invokers$Holder.invokeExact_MT(java.lang.Object, java.lang.Object, long, java.lang.Object)'> (0x0000000086902738) 
thrown [s\src\hotspot\share\interpreter\linkResolver.cpp, line 784]
Event: 8.882 Thread 0x000001a94bc203d0 Exception <a 'java/lang/ClassNotFoundException'{0x000000008682aff8}: org/gradle/api/internal/project/DefaultProject_DecoratedBeanInfo> (0x000000008682aff8) 
thrown [s\src\hotspot\share\classfile\systemDictionary.cpp, line 312]
Event: 8.883 Thread 0x000001a94bc203d0 Exception <a 'java/lang/ClassNotFoundException'{0x0000000086836b58}: org/gradle/api/internal/project/DefaultProjectBeanInfo> (0x0000000086836b58) 
thrown [s\src\hotspot\share\classfile\systemDictionary.cpp, line 312]
Event: 8.883 Thread 0x000001a94bc203d0 Exception <a 'java/lang/ClassNotFoundException'{0x0000000086842730}: org/gradle/api/internal/project/DefaultProjectCustomizer> (0x0000000086842730) 
thrown [s\src\hotspot\share\classfile\systemDictionary.cpp, line 312]
Event: 8.887 Thread 0x000001a94bc203d0 Exception <a 'java/lang/ClassNotFoundException'{0x00000000868fbea8}: org/gradle/api/internal/project/DefaultProject_DecoratedCustomizer> (0x00000000868fbea8) 
thrown [s\src\hotspot\share\classfile\systemDictionary.cpp, line 312]
Event: 9.020 Thread 0x000001a94bc203d0 Exception <a 'java/lang/NoSuchMethodError'{0x0000000085b03100}: 'long java.lang.invoke.DirectMethodHandle$Holder.invokeStatic(java.lang.Object, long)'> (0x0000000085b03100) 
thrown [s\src\hotspot\share\interpreter\linkResolver.cpp, line 784]
Event: 9.103 Thread 0x000001a94bc203d0 Exception <a 'java/lang/NoSuchMethodError'{0x00000000857cb528}: 'java.lang.Object java.lang.invoke.DirectMethodHandle$Holder.invokeVirtual(java.lang.Object, java.lang.Object, java.lang.Object, java.lang.Object, java.lang.Object, java.lang.Object, java.lang.Object, java.lang.Object, java.lang.Object, java.lang.Object, java.lang.Object, java.lang.Object, java.lang.Object, java.lang.Object, java.lang.Object, java.lang.Object, java.lang.Object)'> (0x00000000857cb528) 
thrown [s\src\hotspot\share\interpreter\li
Event: 9.103 Thread 0x000001a94bc203d0 Exception <a 'java/lang/NoSuchMethodError'{0x00000000857d14e0}: 'java.lang.Object java.lang.invoke.DirectMethodHandle$Holder.invokeSpecial(java.lang.Object, java.lang.Object, java.lang.Object, java.lang.Object, java.lang.Object, java.lang.Object, java.lang.Object, java.lang.Object, java.lang.Object, java.lang.Object, java.lang.Object, java.lang.Object, java.lang.Object, java.lang.Object, java.lang.Object, java.lang.Object, java.lang.Object, java.lang.Object)'> (0x00000000857d14e0) 
thrown [s\src\hotspot\sh
Event: 9.103 Thread 0x000001a94bc203d0 Exception <a 'java/lang/NoSuchMethodError'{0x00000000857d6cd8}: 'java.lang.Object java.lang.invoke.DelegatingMethodHandle$Holder.reinvoke_L(java.lang.Object, java.lang.Object, java.lang.Object, java.lang.Object, java.lang.Object, java.lang.Object, java.lang.Object, java.lang.Object, java.lang.Object, java.lang.Object, java.lang.Object, java.lang.Object, java.lang.Object, java.lang.Object, java.lang.Object, java.lang.Object, java.lang.Object)'> (0x00000000857d6cd8) 
thrown [s\src\hotspot\share\interpreter\l
Event: 9.108 Thread 0x000001a94bc203d0 Exception <a 'java/lang/NoSuchMethodError'{0x0000000085663978}: 'void java.lang.invoke.DirectMethodHandle$Holder.invokeStatic(java.lang.Object, java.lang.Object, java.lang.Object, java.lang.Object, java.lang.Object, java.lang.Object)'> (0x0000000085663978) 
thrown [s\src\hotspot\share\interpreter\linkResolver.cpp, line 784]
Event: 9.219 Thread 0x000001a94bc203d0 Exception <a 'java/lang/NoSuchMethodError'{0x00000000853d5a60}: static Lorg/gradle/api/internal/catalog/DefaultVersionCatalog;.<clinit>()V> (0x00000000853d5a60) 
thrown [s\src\hotspot\share\prims\jni.cpp, line 1126]
Event: 9.227 Thread 0x000001a94bc203d0 Exception <a 'java/lang/NoSuchMethodError'{0x0000000085229ff8}: static [Ljava/lang/Object;.<clinit>()V> (0x0000000085229ff8) 
thrown [s\src\hotspot\share\prims\jni.cpp, line 1126]
Event: 9.231 Thread 0x000001a94bc203d0 Exception <a 'java/lang/NoSuchMethodError'{0x0000000085252eb0}: static Lorg/gradle/api/internal/catalog/DependencyModel;.<clinit>()V> (0x0000000085252eb0) 
thrown [s\src\hotspot\share\prims\jni.cpp, line 1126]
Event: 9.232 Thread 0x000001a94bc203d0 Exception <a 'java/lang/NoSuchMethodError'{0x0000000085256e48}: static Lorg/gradle/api/internal/catalog/AbstractContextAwareModel;.<clinit>()V> (0x0000000085256e48) 
thrown [s\src\hotspot\share\prims\jni.cpp, line 1126]
Event: 9.234 Thread 0x000001a94bc203d0 Exception <a 'java/lang/NoSuchMethodError'{0x0000000085270b40}: static Lorg/gradle/api/internal/artifacts/dependencies/AbstractVersionConstraint;.<clinit>()V> (0x0000000085270b40) 
thrown [s\src\hotspot\share\prims\jni.cpp, line 1126]
Event: 9.244 Thread 0x000001a94bc203d0 Exception <a 'java/lang/NoSuchMethodError'{0x000000008511b8e0}: static Lorg/gradle/api/internal/catalog/PluginModel;.<clinit>()V> (0x000000008511b8e0) 
thrown [s\src\hotspot\share\prims\jni.cpp, line 1126]
Event: 9.246 Thread 0x000001a94bc203d0 Exception <a 'java/lang/NoSuchMethodError'{0x0000000085132e28}: static Lorg/gradle/api/internal/catalog/VersionModel;.<clinit>()V> (0x0000000085132e28) 
thrown [s\src\hotspot\share\prims\jni.cpp, line 1126]

ZGC Phase Switch (0 events):
No events

VM Operations (20 events):
Event: 8.196 Executing VM operation: G1CollectForAllocation (G1 Evacuation Pause)
Event: 8.200 Executing VM operation: G1CollectForAllocation (G1 Evacuation Pause) done
Event: 8.243 Executing VM operation: G1PauseRemark
Event: 8.246 Executing VM operation: G1PauseRemark done
Event: 8.267 Executing VM operation: G1PauseCleanup
Event: 8.268 Executing VM operation: G1PauseCleanup done
Event: 8.606 Executing VM operation: HandshakeAllThreads (Deoptimize)
Event: 8.607 Executing VM operation: HandshakeAllThreads (Deoptimize) done
Event: 8.645 Executing VM operation: G1CollectForAllocation (G1 Evacuation Pause)
Event: 8.650 Executing VM operation: G1CollectForAllocation (G1 Evacuation Pause) done
Event: 8.668 Executing VM operation: HandshakeAllThreads (Deoptimize)
Event: 8.668 Executing VM operation: HandshakeAllThreads (Deoptimize) done
Event: 8.773 Executing VM operation: HandshakeAllThreads (Deoptimize)
Event: 8.773 Executing VM operation: HandshakeAllThreads (Deoptimize) done
Event: 8.845 Executing VM operation: HandshakeAllThreads (Deoptimize)
Event: 8.845 Executing VM operation: HandshakeAllThreads (Deoptimize) done
Event: 9.150 Executing VM operation: ICBufferFull
Event: 9.150 Executing VM operation: ICBufferFull done
Event: 9.222 Executing VM operation: HandshakeAllThreads (Deoptimize)
Event: 9.222 Executing VM operation: HandshakeAllThreads (Deoptimize) done

Events (20 events):
Event: 8.245 Thread 0x000001a90577f820 flushing nmethod 0x000001a970a42a90
Event: 8.245 Thread 0x000001a90577f820 flushing nmethod 0x000001a970a4b010
Event: 8.245 Thread 0x000001a90577f820 flushing nmethod 0x000001a970a33710
Event: 8.245 Thread 0x000001a90577f820 flushing nmethod 0x000001a970a1f890
Event: 8.245 Thread 0x000001a90577f820 flushing nmethod 0x000001a97867fd10
Event: 8.245 Thread 0x000001a90577f820 flushing nmethod 0x000001a978679210
Event: 8.245 Thread 0x000001a90577f820 flushing nmethod 0x000001a978615a90
Event: 8.245 Thread 0x000001a90577f820 flushing nmethod 0x000001a97862e090
Event: 8.245 Thread 0x000001a90577f820 flushing nmethod 0x000001a978625190
Event: 8.245 Thread 0x000001a90577f820 flushing nmethod 0x000001a9785c1390
Event: 8.245 Thread 0x000001a90577f820 flushing nmethod 0x000001a9785f9790
Event: 8.245 Thread 0x000001a90577f820 flushing nmethod 0x000001a9785d6810
Event: 8.245 Thread 0x000001a90577f820 flushing nmethod 0x000001a9785d3090
Event: 8.245 Thread 0x000001a90577f820 flushing nmethod 0x000001a978513610
Event: 8.245 Thread 0x000001a90577f820 flushing nmethod 0x000001a9785d9410
Event: 8.245 Thread 0x000001a90577f820 flushing nmethod 0x000001a978588710
Event: 8.245 Thread 0x000001a90577f820 flushing nmethod 0x000001a978591810
Event: 8.245 Thread 0x000001a90577f820 flushing nmethod 0x000001a9784f3290
Event: 8.245 Thread 0x000001a90577f820 flushing nmethod 0x000001a9784f9710
Event: 9.113 Thread 0x000001a94eac15c0 Thread added: 0x000001a94eac15c0


Dynamic libraries:
0x00007ff641d90000 - 0x00007ff641d9a000 	C:\Program Files\Android\Android Studio\jbr\bin\java.exe
0x00007ffb5fcb0000 - 0x00007ffb5fec7000 	C:\WINDOWS\SYSTEM32\ntdll.dll
0x00007ffb5f4b0000 - 0x00007ffb5f574000 	C:\WINDOWS\System32\KERNEL32.DLL
0x00007ffb5ce20000 - 0x00007ffb5d1f1000 	C:\WINDOWS\System32\KERNELBASE.dll
0x00007ffb5d3d0000 - 0x00007ffb5d4e1000 	C:\WINDOWS\System32\ucrtbase.dll
0x00007ffad90e0000 - 0x00007ffad90fb000 	C:\Program Files\Android\Android Studio\jbr\bin\VCRUNTIME140.dll
0x00007ffb4f640000 - 0x00007ffb4f658000 	C:\Program Files\Android\Android Studio\jbr\bin\jli.dll
0x00007ffb5e5f0000 - 0x00007ffb5e7a1000 	C:\WINDOWS\System32\USER32.dll
0x00007ffb5d3a0000 - 0x00007ffb5d3c6000 	C:\WINDOWS\System32\win32u.dll
0x00007ffb5f8c0000 - 0x00007ffb5f8e9000 	C:\WINDOWS\System32\GDI32.dll
0x00007ffb5d200000 - 0x00007ffb5d31b000 	C:\WINDOWS\System32\gdi32full.dll
0x00007ffb5d7a0000 - 0x00007ffb5d83a000 	C:\WINDOWS\System32\msvcp_win.dll
0x00007ffb42550000 - 0x00007ffb427e2000 	C:\WINDOWS\WinSxS\amd64_microsoft.windows.common-controls_6595b64144ccf1df_6.0.22621.4830_none_270fe7d773858e80\COMCTL32.dll
0x00007ffb5dc10000 - 0x00007ffb5dcb7000 	C:\WINDOWS\System32\msvcrt.dll
0x00007ffb5f880000 - 0x00007ffb5f8b1000 	C:\WINDOWS\System32\IMM32.DLL
0x00007ffae2ae0000 - 0x00007ffae2aec000 	C:\Program Files\Android\Android Studio\jbr\bin\vcruntime140_1.dll
0x00007ffafd530000 - 0x00007ffafd5bd000 	C:\Program Files\Android\Android Studio\jbr\bin\msvcp140.dll
0x00007ffaa3800000 - 0x00007ffaa447d000 	C:\Program Files\Android\Android Studio\jbr\bin\server\jvm.dll
0x00007ffb5d980000 - 0x00007ffb5da31000 	C:\WINDOWS\System32\ADVAPI32.dll
0x00007ffb5f7b0000 - 0x00007ffb5f857000 	C:\WINDOWS\System32\sechost.dll
0x00007ffb5cdf0000 - 0x00007ffb5ce18000 	C:\WINDOWS\System32\bcrypt.dll
0x00007ffb5f690000 - 0x00007ffb5f7a4000 	C:\WINDOWS\System32\RPCRT4.dll
0x00007ffb5e910000 - 0x00007ffb5e981000 	C:\WINDOWS\System32\WS2_32.dll
0x00007ffb5bca0000 - 0x00007ffb5bced000 	C:\WINDOWS\SYSTEM32\POWRPROF.dll
0x00007ffb54790000 - 0x00007ffb5479a000 	C:\WINDOWS\SYSTEM32\VERSION.dll
0x00007ffb54ba0000 - 0x00007ffb54bd4000 	C:\WINDOWS\SYSTEM32\WINMM.dll
0x00007ffb5bc80000 - 0x00007ffb5bc93000 	C:\WINDOWS\SYSTEM32\UMPDC.dll
0x00007ffb5bf30000 - 0x00007ffb5bf48000 	C:\WINDOWS\SYSTEM32\kernel.appcore.dll
0x00007ffad90d0000 - 0x00007ffad90da000 	C:\Program Files\Android\Android Studio\jbr\bin\jimage.dll
0x00007ffb5a200000 - 0x00007ffb5a432000 	C:\WINDOWS\SYSTEM32\DBGHELP.DLL
0x00007ffb5e990000 - 0x00007ffb5ed20000 	C:\WINDOWS\System32\combase.dll
0x00007ffb5ed20000 - 0x00007ffb5edf7000 	C:\WINDOWS\System32\OLEAUT32.dll
0x00007ffb46ac0000 - 0x00007ffb46af2000 	C:\WINDOWS\SYSTEM32\dbgcore.DLL
0x00007ffb5d320000 - 0x00007ffb5d39b000 	C:\WINDOWS\System32\bcryptPrimitives.dll
0x00007ffb540e0000 - 0x00007ffb540ee000 	C:\Program Files\Android\Android Studio\jbr\bin\instrument.dll
0x00007ffad9000000 - 0x00007ffad901f000 	C:\Program Files\Android\Android Studio\jbr\bin\java.dll
0x00007ffad8fc0000 - 0x00007ffad8fd8000 	C:\Program Files\Android\Android Studio\jbr\bin\zip.dll
0x00007ffb5dd60000 - 0x00007ffb5e5e8000 	C:\WINDOWS\System32\SHELL32.dll
0x00007ffb5d660000 - 0x00007ffb5d79f000 	C:\WINDOWS\System32\wintypes.dll
0x00007ffb5ad60000 - 0x00007ffb5b66d000 	C:\WINDOWS\SYSTEM32\windows.storage.dll
0x00007ffb5da40000 - 0x00007ffb5db4a000 	C:\WINDOWS\System32\SHCORE.dll
0x00007ffb5db60000 - 0x00007ffb5dbbe000 	C:\WINDOWS\System32\shlwapi.dll
0x00007ffb5cd20000 - 0x00007ffb5cd4b000 	C:\WINDOWS\SYSTEM32\profapi.dll
0x00007ffad8e60000 - 0x00007ffad8e70000 	C:\Program Files\Android\Android Studio\jbr\bin\net.dll
0x00007ffb55ef0000 - 0x00007ffb5601c000 	C:\WINDOWS\SYSTEM32\WINHTTP.dll
0x00007ffb5c3a0000 - 0x00007ffb5c40a000 	C:\WINDOWS\system32\mswsock.dll
0x00007ffaa3650000 - 0x00007ffaa3666000 	C:\Program Files\Android\Android Studio\jbr\bin\nio.dll
0x00007ffae1710000 - 0x00007ffae1720000 	C:\Program Files\Android\Android Studio\jbr\bin\verify.dll
0x00007ffade6a0000 - 0x00007ffade6c7000 	C:\Users\DELL\.gradle\native\c067742578af261105cb4f569cf0c3c89f3d7b1fecec35dd04571415982c5e48\windows-amd64\native-platform.dll
0x00007ffafced0000 - 0x00007ffafd014000 	C:\Users\DELL\.gradle\native\100fb08df4bc3b14c8652ba06237920a3bd2aa13389f12d3474272988ae205f9\windows-amd64\native-platform-file-events.dll
0x00007ffad99c0000 - 0x00007ffad99c9000 	C:\Program Files\Android\Android Studio\jbr\bin\management.dll
0x00007ffad99b0000 - 0x00007ffad99bb000 	C:\Program Files\Android\Android Studio\jbr\bin\management_ext.dll
0x00007ffb5db50000 - 0x00007ffb5db58000 	C:\WINDOWS\System32\PSAPI.DLL
0x00007ffb5c5f0000 - 0x00007ffb5c60b000 	C:\WINDOWS\SYSTEM32\CRYPTSP.dll
0x00007ffb5be90000 - 0x00007ffb5bec7000 	C:\WINDOWS\system32\rsaenh.dll
0x00007ffb5c490000 - 0x00007ffb5c4b8000 	C:\WINDOWS\SYSTEM32\USERENV.dll
0x00007ffb5c610000 - 0x00007ffb5c61c000 	C:\WINDOWS\SYSTEM32\CRYPTBASE.dll
0x00007ffb5b940000 - 0x00007ffb5b96d000 	C:\WINDOWS\SYSTEM32\IPHLPAPI.DLL
0x00007ffb5f440000 - 0x00007ffb5f449000 	C:\WINDOWS\System32\NSI.dll
0x00007ffad99d0000 - 0x00007ffad99d9000 	C:\Program Files\Android\Android Studio\jbr\bin\extnet.dll
0x00007ffb54be0000 - 0x00007ffb54be8000 	C:\WINDOWS\system32\wshunix.dll

dbghelp: loaded successfully - version: 4.0.5 - missing functions: none
symbol engine: initialized successfully - sym options: 0x614 - pdb path: .;C:\Program Files\Android\Android Studio\jbr\bin;C:\WINDOWS\SYSTEM32;C:\WINDOWS\WinSxS\amd64_microsoft.windows.common-controls_6595b64144ccf1df_6.0.22621.4830_none_270fe7d773858e80;C:\Program Files\Android\Android Studio\jbr\bin\server;C:\Users\DELL\.gradle\native\c067742578af261105cb4f569cf0c3c89f3d7b1fecec35dd04571415982c5e48\windows-amd64;C:\Users\DELL\.gradle\native\100fb08df4bc3b14c8652ba06237920a3bd2aa13389f12d3474272988ae205f9\windows-amd64

VM Arguments:
jvm_args: --add-opens=java.base/java.util=ALL-UNNAMED --add-opens=java.base/java.lang=ALL-UNNAMED --add-opens=java.base/java.lang.invoke=ALL-UNNAMED --add-opens=java.prefs/java.util.prefs=ALL-UNNAMED --add-exports=jdk.compiler/com.sun.tools.javac.api=ALL-UNNAMED --add-exports=jdk.compiler/com.sun.tools.javac.util=ALL-UNNAMED --add-opens=java.base/java.nio.charset=ALL-UNNAMED --add-opens=java.base/java.net=ALL-UNNAMED --add-opens=java.base/java.util.concurrent.atomic=ALL-UNNAMED -Xmx2048m -Dfile.encoding=UTF-8 -Duser.country=GB -Duser.language=en -Duser.variant -javaagent:C:\Users\DELL\.gradle\wrapper\dists\gradle-8.9-bin\90cnw93cvbtalezasaz0blq0a\gradle-8.9\lib\agents\gradle-instrumentation-agent-8.9.jar 
java_command: org.gradle.launcher.daemon.bootstrap.GradleDaemon 8.9
java_class_path (initial): C:\Users\DELL\.gradle\wrapper\dists\gradle-8.9-bin\90cnw93cvbtalezasaz0blq0a\gradle-8.9\lib\gradle-daemon-main-8.9.jar
Launcher Type: SUN_STANDARD

[Global flags]
     intx CICompilerCount                          = 4                                         {product} {ergonomic}
     uint ConcGCThreads                            = 2                                         {product} {ergonomic}
     uint G1ConcRefinementThreads                  = 8                                         {product} {ergonomic}
   size_t G1HeapRegionSize                         = 1048576                                   {product} {ergonomic}
    uintx GCDrainStackTargetSize                   = 64                                        {product} {ergonomic}
   size_t InitialHeapSize                          = 130023424                                 {product} {ergonomic}
   size_t MarkStackSize                            = 4194304                                   {product} {ergonomic}
   size_t MaxHeapSize                              = 2147483648                                {product} {command line}
   size_t MaxNewSize                               = 1287651328                                {product} {ergonomic}
   size_t MinHeapDeltaBytes                        = 1048576                                   {product} {ergonomic}
   size_t MinHeapSize                              = 8388608                                   {product} {ergonomic}
    uintx NonNMethodCodeHeapSize                   = 5839372                                {pd product} {ergonomic}
    uintx NonProfiledCodeHeapSize                  = 122909434                              {pd product} {ergonomic}
    uintx ProfiledCodeHeapSize                     = 122909434                              {pd product} {ergonomic}
    uintx ReservedCodeCacheSize                    = 251658240                              {pd product} {ergonomic}
     bool SegmentedCodeCache                       = true                                      {product} {ergonomic}
   size_t SoftMaxHeapSize                          = 2147483648                             {manageable} {ergonomic}
     bool UseCompressedOops                        = true                           {product lp64_product} {ergonomic}
     bool UseG1GC                                  = true                                      {product} {ergonomic}
     bool UseLargePagesIndividualAllocation        = false                                  {pd product} {ergonomic}

Logging:
Log output configuration:
 #0: stdout all=warning uptime,level,tags foldmultilines=false
 #1: stderr all=off uptime,level,tags foldmultilines=false

Environment Variables:
PATH=C:\Program Files\Microsoft MPI\Bin\;C:\Program Files\Python39\Scripts\;C:\Program Files\Python39\;C:\Windows\system32;C:\Windows;C:\Windows\System32\Wbem;C:\Windows\System32\WindowsPowerShell\v1.0\;C:\Windows\System32\OpenSSH\;C:\Program Files\NVIDIA Corporation\NVIDIA NvDLISR;C:\Program Files\dotnet\;C:\WINDOWS\system32;C:\WINDOWS;C:\WINDOWS\System32\Wbem;C:\WINDOWS\System32\WindowsPowerShell\v1.0\;C:\WINDOWS\System32\OpenSSH\;C:\Program Files\Git\cmd;C:\Program Files (x86)\Microsoft SQL Server\130\Tools\Binn\;C:\Program Files\Microsoft SQL Server\130\Tools\Binn\;C:\Program Files (x86)\Microsoft SQL Server\130\DTS\Binn\;C:\Program Files\Microsoft SQL Server\130\DTS\Binn\;C:\Program Files\Microsoft SQL Server\Client SDK\ODBC\130\Tools\Binn\;C:\Program Files (x86)\Microsoft SQL Server\160\DTS\Binn\;C:\Program Files\Azure Data Studio\bin;C:\Program Files\Microsoft SQL Server\Client SDK\ODBC\170\Tools\Binn\;C:\Program Files (x86)\Microsoft SQL Server\150\Tools\Binn\;C:\Program Files\Microsoft SQL Server\150\Tools\Binn\;C:\Program Files\Microsoft SQL Server\150\DTS\Binn\;C:\Program Files (x86)\Microsoft SQL Server\160\Tools\Binn\;C:\Program Files\Microsoft SQL Server\160\Tools\Binn\;C:\Program Files\Microsoft SQL Server\160\DTS\Binn\;C:\Program Files\nodejs\;C:\Users\DELL\AppData\Local\Microsoft\WindowsApps;C:\Program Files\Microsoft VS Code\bin;C:\Users\DELL\.dotnet\tools;C:\Program Files\Azure Data Studio\bin;C:\Users\DELL\AppData\Local\GitHubDesktop\bin;C:\Program Files\JetBrains\PyCharm Community Edition 2024.3.1.1\bin;;C:\Users\DELL\AppData\Roaming\npm;C:\flutter\bin;
USERNAME=DELL
OS=Windows_NT
PROCESSOR_IDENTIFIER=Intel64 Family 6 Model 140 Stepping 1, GenuineIntel
TMP=C:\Users\DELL\AppData\Local\Temp
TEMP=C:\Users\DELL\AppData\Local\Temp




Periodic native trim disabled

JNI global refs:
JNI global refs: 26, weak refs: 3

JNI global refs memory usage: 835, weak refs: 833

Process memory usage:
Resident Set Size: 369852K (4% of 8104744K total physical memory with 857808K free physical memory)

OOME stack traces (most recent first):
Classloader memory used:
Loader org.gradle.internal.classloader.VisitableURLClassLoader                         : 35365K
Loader bootstrap                                                                       : 23006K
Loader org.gradle.initialization.MixInLegacyTypesClassLoader                           : 9519K
Loader org.gradle.internal.classloader.VisitableURLClassLoader                         : 929K
Loader org.gradle.internal.classloader.VisitableURLClassLoader$InstrumentingVisitableURLClassLoader: 693K
Loader jdk.internal.loader.ClassLoaders$PlatformClassLoader                            : 508K
Loader jdk.internal.reflect.DelegatingClassLoader                                      : 264K
Loader jdk.internal.loader.ClassLoaders$AppClassLoader                                 : 230K
Loader org.gradle.groovy.scripts.internal.DefaultScriptCompilationHandler$ScriptClassLoader: 89912B
Loader org.codehaus.groovy.runtime.callsite.CallSiteClassLoader                        : 48768B

Classes loaded by more than one classloader:
Class org.gradle.api.GradleException                                                  : loaded 3 times (x 79B)
Class Program                                                                         : loaded 3 times (x 69B)
Class org.gradle.api.internal.classpath.ManifestUtil                                  : loaded 2 times (x 68B)
Class org.jetbrains.plugins.gradle.model.GradleExtensions                             : loaded 2 times (x 67B)
Class org.jetbrains.plugins.gradle.model.AnnotationProcessingModel                    : loaded 2 times (x 67B)
Class org.gradle.internal.operations.MultipleBuildOperationFailures                   : loaded 2 times (x 92B)
Class org.jetbrains.kotlin.idea.gradleTooling.model.noarg.NoArgModel                  : loaded 2 times (x 67B)
Class org.gradle.internal.classloader.DefaultClassLoaderFactory                       : loaded 2 times (x 79B)
Class kotlin.collections.AbstractList$Companion                                       : loaded 2 times (x 68B)
Class org.gradle.internal.classloader.ClassLoaderVisitor                              : loaded 2 times (x 73B)
Class org.gradle.api.internal.classpath.EffectiveClassPath                            : loaded 2 times (x 87B)
Class org.gradle.tooling.internal.gradle.DefaultProjectIdentifier                     : loaded 2 times (x 83B)
Class org.jetbrains.kotlin.idea.gradleTooling.model.allopen.AllOpenModel              : loaded 2 times (x 67B)
Class org.gradle.api.internal.DefaultClassPathProvider                                : loaded 2 times (x 73B)
Class [Lorg.gradle.api.internal.ClassPathProvider;                                    : loaded 2 times (x 66B)
Class org.gradle.api.internal.ClassPathProvider                                       : loaded 2 times (x 67B)
Class org.gradle.internal.service.UnknownServiceException                             : loaded 2 times (x 80B)
Class org.jetbrains.kotlin.idea.gradleTooling.KotlinDslScriptAdditionalTask           : loaded 2 times (x 67B)
Class org.gradle.internal.classpath.TransformedClassPath                              : loaded 2 times (x 93B)
Class kotlin.enums.EnumEntriesList                                                    : loaded 2 times (x 220B)
Class org.gradle.internal.classloader.ClassLoaderHierarchy                            : loaded 2 times (x 67B)
Class org.jetbrains.kotlin.idea.gradleTooling.KotlinSourceSetContainer                : loaded 2 times (x 67B)
Class org.gradle.internal.service.ServiceLocator                                      : loaded 2 times (x 67B)
Class org.jetbrains.kotlin.android.synthetic.idea.AndroidExtensionsGradleModel        : loaded 2 times (x 67B)
Class org.gradle.tooling.model.UnsupportedMethodException                             : loaded 2 times (x 79B)
Class org.gradle.internal.InternalTransformer                                         : loaded 2 times (x 67B)
Class org.gradle.internal.time.DefaultTimer                                           : loaded 2 times (x 77B)
Class org.gradle.internal.classloader.ClasspathUtil$1                                 : loaded 2 times (x 73B)
Class org.gradle.api.internal.classpath.DefaultModuleRegistry$DefaultModule           : loaded 2 times (x 83B)
Class org.jetbrains.kotlin.idea.gradleTooling.model.lombok.LombokModel                : loaded 2 times (x 67B)
Class org.gradle.internal.time.DefaultCountdownTimer                                  : loaded 2 times (x 85B)
Class org.gradle.tooling.internal.gradle.DefaultBuildIdentifier                       : loaded 2 times (x 76B)
Class kotlin.Function                                                                 : loaded 2 times (x 67B)
Class org.gradle.api.internal.classpath.Module                                        : loaded 2 times (x 67B)
Class org.gradle.api.internal.classpath.UnknownModuleException                        : loaded 2 times (x 79B)
Class com.intellij.openapi.externalSystem.model.project.dependencies.ProjectDependencies: loaded 2 times (x 67B)
Class org.gradle.tooling.internal.gradle.GradleProjectIdentity                        : loaded 2 times (x 67B)
Class org.gradle.api.internal.DefaultClassPathRegistry                                : loaded 2 times (x 73B)
Class org.gradle.api.internal.ClassPathRegistry                                       : loaded 2 times (x 67B)
Class org.gradle.internal.classpath.DefaultClassPath$ImmutableUniqueList              : loaded 2 times (x 196B)
Class org.jetbrains.plugins.gradle.model.IntelliJSettings                             : loaded 2 times (x 67B)
Class Settings_gradle$1                                                               : loaded 2 times (x 71B)
Class org.gradle.internal.classpath.ClassPath                                         : loaded 2 times (x 67B)
Class org.gradle.api.UncheckedIOException                                             : loaded 2 times (x 79B)
Class org.jetbrains.kotlin.idea.gradleTooling.KotlinGradleModel                       : loaded 2 times (x 67B)
Class org.gradle.tooling.model.Model                                                  : loaded 2 times (x 67B)
Class kotlin.UninitializedPropertyAccessException                                     : loaded 2 times (x 79B)
Class org.jetbrains.plugins.gradle.model.IntelliJProjectSettings                      : loaded 2 times (x 67B)
Class org.jetbrains.kotlin.idea.gradleTooling.model.annotation.AnnotationBasedPluginModel: loaded 2 times (x 67B)
Class org.gradle.internal.installation.GradleInstallation$1                           : loaded 2 times (x 72B)
Class org.gradle.api.internal.classpath.ModuleRegistry                                : loaded 2 times (x 67B)
Class org.jetbrains.plugins.gradle.model.VersionCatalogsModel                         : loaded 2 times (x 67B)
Class sync_studio_tooling4270_9qyh1nr5n8wgwzutnnviip9ym                               : loaded 2 times (x 176B)
Class org.gradle.api.internal.classpath.DefaultModuleRegistry                         : loaded 2 times (x 80B)
Class org.gradle.internal.time.MonotonicClock                                         : loaded 2 times (x 74B)
Class org.gradle.internal.service.ServiceLookupException                              : loaded 2 times (x 79B)
Class org.gradle.internal.classloader.ClassLoaderFactory                              : loaded 2 times (x 67B)
Class org.gradle.internal.service.CachingServiceLocator                               : loaded 2 times (x 79B)
Class org.jetbrains.plugins.gradle.model.RepositoryModels                             : loaded 2 times (x 67B)
Class org.gradle.internal.time.TimeSource                                             : loaded 2 times (x 67B)
Class org.gradle.tooling.internal.gradle.GradleBuildIdentity                          : loaded 2 times (x 67B)
Class kotlin.enums.EnumEntries                                                        : loaded 2 times (x 67B)
Class org.gradle.internal.exceptions.ResolutionProvider                               : loaded 2 times (x 67B)
Class org.gradle.tooling.model.ProjectIdentifier                                      : loaded 2 times (x 67B)
Class org.gradle.internal.classloader.ClasspathUtil                                   : loaded 2 times (x 68B)
Class org.gradle.internal.time.TimeSource$1                                           : loaded 2 times (x 74B)
Class kotlin.jvm.internal.DefaultConstructorMarker                                    : loaded 2 times (x 68B)
Class org.gradle.api.specs.Spec                                                       : loaded 2 times (x 67B)
Class org.gradle.internal.time.Clock                                                  : loaded 2 times (x 67B)
Class org.jetbrains.plugins.gradle.model.jar.JarTaskManifestConfiguration             : loaded 2 times (x 67B)
Class kotlin.collections.AbstractList                                                 : loaded 2 times (x 194B)
Class kotlin.collections.AbstractCollection                                           : loaded 2 times (x 114B)
Class org.gradle.internal.classloader.VisitableURLClassLoader$InstrumentingVisitableURLClassLoader: loaded 2 times (x 120B)
Class org.gradle.internal.classloader.VisitableURLClassLoader$Spec                    : loaded 2 times (x 71B)
Class org.gradle.internal.classpath.DefaultClassPath                                  : loaded 2 times (x 87B)
Class org.gradle.internal.classloader.ClassLoaderSpec                                 : loaded 2 times (x 68B)
Class Settings_gradle$1$1                                                             : loaded 2 times (x 71B)
Class org.gradle.internal.classloader.VisitableURLClassLoader                         : loaded 2 times (x 114B)
Class Settings_gradle                                                                 : loaded 2 times (x 125B)
Class org.gradle.internal.Cast                                                        : loaded 2 times (x 68B)
Class org.gradle.api.Action                                                           : loaded 2 times (x 67B)
Class kotlin.jvm.functions.Function1                                                  : loaded 2 times (x 67B)
Class org.gradle.internal.agents.InstrumentingClassLoader                             : loaded 2 times (x 67B)
Class org.gradle.internal.classpath.DefaultClassPath$ImmutableUniqueList$Builder      : loaded 2 times (x 72B)
Class ijInit2_9hn902at7yp0gx89jp2aigspk                                               : loaded 2 times (x 176B)
Class org.jetbrains.kotlin.idea.gradleTooling.model.samWithReceiver.SamWithReceiverModel: loaded 2 times (x 67B)
Class org.gradle.internal.classloader.FilteringClassLoader                            : loaded 2 times (x 102B)
Class org.gradle.internal.exceptions.NonGradleCauseExceptionsHolder                   : loaded 2 times (x 67B)
Class org.jetbrains.kotlin.idea.gradleTooling.model.assignment.AssignmentModel        : loaded 2 times (x 67B)
Class kotlin.enums.EnumEntriesKt                                                      : loaded 2 times (x 68B)
Class org.gradle.internal.IoActions                                                   : loaded 2 times (x 68B)
Class org.gradle.internal.classloader.SystemClassLoaderSpec                           : loaded 2 times (x 68B)
Class org.gradle.internal.exceptions.MultiCauseException                              : loaded 2 times (x 67B)
Class org.gradle.internal.time.CountdownTimer                                         : loaded 2 times (x 67B)
Class kotlin.jvm.internal.Intrinsics                                                  : loaded 2 times (x 68B)
Class org.jetbrains.kotlin.idea.gradleTooling.model.parcelize.ParcelizeGradleModel    : loaded 2 times (x 67B)
Class org.gradle.tooling.model.ProjectModel                                           : loaded 2 times (x 67B)
Class kotlin.KotlinNullPointerException                                               : loaded 2 times (x 80B)
Class org.jetbrains.plugins.gradle.model.tests.ExternalTestsModel                     : loaded 2 times (x 67B)
Class org.gradle.internal.exceptions.DefaultMultiCauseException                       : loaded 2 times (x 92B)
Class org.gradle.internal.time.Time                                                   : loaded 2 times (x 68B)
Class org.jetbrains.plugins.gradle.model.DependencyAccessorsModel                     : loaded 2 times (x 67B)
Class org.jetbrains.kotlin.idea.gradleTooling.KotlinMPPGradleModel                    : loaded 2 times (x 67B)
Class org.gradle.tooling.model.BuildIdentifier                                        : loaded 2 times (x 67B)
Class org.jetbrains.kotlin.idea.gradleTooling.PrepareKotlinIdeImportTaskModel         : loaded 2 times (x 67B)
Class org.gradle.internal.time.Timer                                                  : loaded 2 times (x 67B)
Class kotlin.jvm.internal.markers.KMappedMarker                                       : loaded 2 times (x 67B)
Class org.gradle.internal.installation.CurrentGradleInstallationLocator               : loaded 2 times (x 68B)
Class org.gradle.internal.service.DefaultServiceLocator                               : loaded 2 times (x 80B)
Class org.gradle.util.GradleVersion                                                   : loaded 2 times (x 80B)
Class org.gradle.internal.installation.CurrentGradleInstallation                      : loaded 2 times (x 70B)
Class org.gradle.util.internal.GUtil                                                  : loaded 2 times (x 68B)
Class org.gradle.internal.installation.GradleInstallation                             : loaded 2 times (x 72B)

---------------  S Y S T E M  ---------------

OS:
 Windows 11 , 64 bit Build 22621 (10.0.22621.4974)
OS uptime: 0 days 1:47 hours

CPU: total 8 (initial active 8) (4 cores per cpu, 2 threads per core) family 6 model 140 stepping 1 microcode 0xba, cx8, cmov, fxsr, ht, mmx, 3dnowpref, sse, sse2, sse3, ssse3, sse4.1, sse4.2, popcnt, lzcnt, tsc, tscinvbit, avx, avx2, aes, erms, clmul, bmi1, bmi2, adx, avx512f, avx512dq, avx512cd, avx512bw, avx512vl, sha, fma, vzeroupper, avx512_vpopcntdq, avx512_vpclmulqdq, avx512_vaes, avx512_vnni, clflush, clflushopt, clwb, avx512_vbmi2, avx512_vbmi, rdtscp, rdpid, fsrm, gfni, avx512_bitalg, f16c, pku, cet_ibt, cet_ss, avx512_ifma
Processor Information for all 8 processors :
  Max Mhz: 2419, Current Mhz: 2419, Mhz Limit: 2419

Memory: 4k page, system-wide physical 7914M (838M free)
TotalPageFile size 19982M (AvailPageFile size 10M)
current process WorkingSet (physical memory assigned to process): 363M, peak: 367M
current process commit charge ("private bytes"): 406M, peak: 408M

vm_info: OpenJDK 64-Bit Server VM (21.0.3+-12282718-b509.11) for windows-amd64 JRE (21.0.3+-12282718-b509.11), built on 2024-08-27T17:34:15Z by "builder" with MS VC++ 16.10 / 16.11 (VS2019)

END.
